[0.834s] Invoking command in '/home/ros_workspace/drone/src/republisher': PYTHONPATH=/home/ros_workspace/drone/build/republisher/prefix_override:/usr/lib/python3/dist-packages/colcon_core/task/python/colcon_distutils_commands:/home/ros_workspace/drone/install/republisher/lib/python3.10/site-packages:${PYTHONPATH} /usr/bin/python3 -W ignore:setup.py install is deprecated -W ignore:easy_install command is deprecated setup.py egg_info --egg-base ../../build/republisher build --build-base /home/ros_workspace/drone/build/republisher/build install --record /home/ros_workspace/drone/build/republisher/install.log --single-version-externally-managed install_data
[1.139s] running egg_info
[1.140s] writing ../../build/republisher/republisher.egg-info/PKG-INFO
[1.142s] writing dependency_links to ../../build/republisher/republisher.egg-info/dependency_links.txt
[1.142s] writing entry points to ../../build/republisher/republisher.egg-info/entry_points.txt
[1.142s] writing requirements to ../../build/republisher/republisher.egg-info/requires.txt
[1.142s] writing top-level names to ../../build/republisher/republisher.egg-info/top_level.txt
[1.145s] reading manifest file '../../build/republisher/republisher.egg-info/SOURCES.txt'
[1.149s] writing manifest file '../../build/republisher/republisher.egg-info/SOURCES.txt'
[1.150s] running build
[1.151s] running build_py
[1.152s] running install
[1.154s] running install_lib
[1.154s] running install_data
[1.155s] running install_egg_info
[1.156s] removing '/home/ros_workspace/drone/install/republisher/lib/python3.10/site-packages/republisher-0.0.0-py3.10.egg-info' (and everything under it)
[1.161s] Copying ../../build/republisher/republisher.egg-info to /home/ros_workspace/drone/install/republisher/lib/python3.10/site-packages/republisher-0.0.0-py3.10.egg-info
[1.161s] running install_scripts
[1.212s] Installing republisher_node script to /home/ros_workspace/drone/install/republisher/lib/republisher
[1.212s] writing list of installed files to '/home/ros_workspace/drone/build/republisher/install.log'
[1.446s] Invoked command in '/home/ros_workspace/drone/src/republisher' returned '0': PYTHONPATH=/home/ros_workspace/drone/build/republisher/prefix_override:/usr/lib/python3/dist-packages/colcon_core/task/python/colcon_distutils_commands:/home/ros_workspace/drone/install/republisher/lib/python3.10/site-packages:${PYTHONPATH} /usr/bin/python3 -W ignore:setup.py install is deprecated -W ignore:easy_install command is deprecated setup.py egg_info --egg-base ../../build/republisher build --build-base /home/ros_workspace/drone/build/republisher/build install --record /home/ros_workspace/drone/build/republisher/install.log --single-version-externally-managed install_data
