running egg_info
creating ../../build/republisher/republisher.egg-info
writing ../../build/republisher/republisher.egg-info/PKG-INFO
writing dependency_links to ../../build/republisher/republisher.egg-info/dependency_links.txt
writing entry points to ../../build/republisher/republisher.egg-info/entry_points.txt
writing requirements to ../../build/republisher/republisher.egg-info/requires.txt
writing top-level names to ../../build/republisher/republisher.egg-info/top_level.txt
writing manifest file '../../build/republisher/republisher.egg-info/SOURCES.txt'
reading manifest file '../../build/republisher/republisher.egg-info/SOURCES.txt'
writing manifest file '../../build/republisher/republisher.egg-info/SOURCES.txt'
running build
running build_py
creating /home/ros_workspace/drone/build/republisher/build
creating /home/ros_workspace/drone/build/republisher/build/lib
creating /home/ros_workspace/drone/build/republisher/build/lib/republisher
copying republisher/republisher_node.py -> /home/ros_workspace/drone/build/republisher/build/lib/republisher
copying republisher/__init__.py -> /home/ros_workspace/drone/build/republisher/build/lib/republisher
running install
running install_lib
creating /home/ros_workspace/drone/install/republisher/lib/python3.10/site-packages/republisher
copying /home/ros_workspace/drone/build/republisher/build/lib/republisher/republisher_node.py -> /home/ros_workspace/drone/install/republisher/lib/python3.10/site-packages/republisher
copying /home/ros_workspace/drone/build/republisher/build/lib/republisher/__init__.py -> /home/ros_workspace/drone/install/republisher/lib/python3.10/site-packages/republisher
byte-compiling /home/ros_workspace/drone/install/republisher/lib/python3.10/site-packages/republisher/republisher_node.py to republisher_node.cpython-310.pyc
byte-compiling /home/ros_workspace/drone/install/republisher/lib/python3.10/site-packages/republisher/__init__.py to __init__.cpython-310.pyc
running install_data
creating /home/ros_workspace/drone/install/republisher/share/ament_index
creating /home/ros_workspace/drone/install/republisher/share/ament_index/resource_index
creating /home/ros_workspace/drone/install/republisher/share/ament_index/resource_index/packages
copying resource/republisher -> /home/ros_workspace/drone/install/republisher/share/ament_index/resource_index/packages
copying package.xml -> /home/ros_workspace/drone/install/republisher/share/republisher
running install_egg_info
Copying ../../build/republisher/republisher.egg-info to /home/ros_workspace/drone/install/republisher/lib/python3.10/site-packages/republisher-0.0.0-py3.10.egg-info
running install_scripts
Installing republisher_node script to /home/ros_workspace/drone/install/republisher/lib/republisher
writing list of installed files to '/home/ros_workspace/drone/build/republisher/install.log'
