[0.599s] Invoking command in '/home/ros_workspace/drone/src/republisher': PYTHONPATH=/home/ros_workspace/drone/build/republisher/prefix_override:/usr/lib/python3/dist-packages/colcon_core/task/python/colcon_distutils_commands:/home/ros_workspace/drone/install/republisher/lib/python3.10/site-packages:${PYTHONPATH} /usr/bin/python3 -W ignore:setup.py install is deprecated -W ignore:easy_install command is deprecated setup.py egg_info --egg-base ../../build/republisher build --build-base /home/ros_workspace/drone/build/republisher/build install --record /home/ros_workspace/drone/build/republisher/install.log --single-version-externally-managed install_data
[0.843s] running egg_info
[0.843s] creating ../../build/republisher/republisher.egg-info
[0.843s] writing ../../build/republisher/republisher.egg-info/PKG-INFO
[0.844s] writing dependency_links to ../../build/republisher/republisher.egg-info/dependency_links.txt
[0.844s] writing entry points to ../../build/republisher/republisher.egg-info/entry_points.txt
[0.844s] writing requirements to ../../build/republisher/republisher.egg-info/requires.txt
[0.844s] writing top-level names to ../../build/republisher/republisher.egg-info/top_level.txt
[0.844s] writing manifest file '../../build/republisher/republisher.egg-info/SOURCES.txt'
[0.845s] reading manifest file '../../build/republisher/republisher.egg-info/SOURCES.txt'
[0.846s] writing manifest file '../../build/republisher/republisher.egg-info/SOURCES.txt'
[0.846s] running build
[0.846s] running build_py
[0.847s] creating /home/ros_workspace/drone/build/republisher/build
[0.847s] creating /home/ros_workspace/drone/build/republisher/build/lib
[0.847s] creating /home/ros_workspace/drone/build/republisher/build/lib/republisher
[0.847s] copying republisher/republisher_node.py -> /home/ros_workspace/drone/build/republisher/build/lib/republisher
[0.866s] copying republisher/__init__.py -> /home/ros_workspace/drone/build/republisher/build/lib/republisher
[0.866s] running install
[0.866s] running install_lib
[0.867s] creating /home/ros_workspace/drone/install/republisher/lib/python3.10/site-packages/republisher
[0.867s] copying /home/ros_workspace/drone/build/republisher/build/lib/republisher/republisher_node.py -> /home/ros_workspace/drone/install/republisher/lib/python3.10/site-packages/republisher
[0.867s] copying /home/ros_workspace/drone/build/republisher/build/lib/republisher/__init__.py -> /home/ros_workspace/drone/install/republisher/lib/python3.10/site-packages/republisher
[0.867s] byte-compiling /home/ros_workspace/drone/install/republisher/lib/python3.10/site-packages/republisher/republisher_node.py to republisher_node.cpython-310.pyc
[0.868s] byte-compiling /home/ros_workspace/drone/install/republisher/lib/python3.10/site-packages/republisher/__init__.py to __init__.cpython-310.pyc
[0.868s] running install_data
[0.868s] creating /home/ros_workspace/drone/install/republisher/share/ament_index
[0.869s] creating /home/ros_workspace/drone/install/republisher/share/ament_index/resource_index
[0.869s] creating /home/ros_workspace/drone/install/republisher/share/ament_index/resource_index/packages
[0.869s] copying resource/republisher -> /home/ros_workspace/drone/install/republisher/share/ament_index/resource_index/packages
[0.869s] copying package.xml -> /home/ros_workspace/drone/install/republisher/share/republisher
[0.869s] running install_egg_info
[0.870s] Copying ../../build/republisher/republisher.egg-info to /home/ros_workspace/drone/install/republisher/lib/python3.10/site-packages/republisher-0.0.0-py3.10.egg-info
[0.871s] running install_scripts
[0.893s] Installing republisher_node script to /home/ros_workspace/drone/install/republisher/lib/republisher
[0.893s] writing list of installed files to '/home/ros_workspace/drone/build/republisher/install.log'
[0.924s] Invoked command in '/home/ros_workspace/drone/src/republisher' returned '0': PYTHONPATH=/home/ros_workspace/drone/build/republisher/prefix_override:/usr/lib/python3/dist-packages/colcon_core/task/python/colcon_distutils_commands:/home/ros_workspace/drone/install/republisher/lib/python3.10/site-packages:${PYTHONPATH} /usr/bin/python3 -W ignore:setup.py install is deprecated -W ignore:easy_install command is deprecated setup.py egg_info --egg-base ../../build/republisher build --build-base /home/ros_workspace/drone/build/republisher/build install --record /home/ros_workspace/drone/build/republisher/install.log --single-version-externally-managed install_data
