[0.116s] DEBUG:colcon:Command line arguments: ['/usr/bin/colcon', 'build', '--cmake-args', '-DCMAKE_BUILD_TYPE=Release']
[0.116s] DEBUG:colcon:Parsed command line arguments: Namespace(log_base=None, log_level=None, verb_name='build', build_base='build', install_base='install', merge_install=False, symlink_install=False, test_result_base=None, continue_on_error=False, executor='parallel', parallel_workers=16, event_handlers=None, ignore_user_meta=False, metas=['./colcon.meta'], base_paths=['.'], packages_ignore=None, packages_ignore_regex=None, paths=None, packages_up_to=None, packages_up_to_regex=None, packages_above=None, packages_above_and_dependencies=None, packages_above_depth=None, packages_select_by_dep=None, packages_skip_by_dep=None, packages_skip_up_to=None, packages_select_build_failed=False, packages_skip_build_finished=False, packages_select_test_failures=False, packages_skip_test_passed=False, packages_select=None, packages_skip=None, packages_select_regex=None, packages_skip_regex=None, packages_start=None, packages_end=None, cmake_args=['-DCMAKE_BUILD_TYPE=Release'], cmake_target=None, cmake_target_skip_unavailable=False, cmake_clean_cache=False, cmake_clean_first=False, cmake_force_configure=False, ament_cmake_args=None, catkin_cmake_args=None, catkin_skip_building_tests=False, mixin_files=None, mixin=None, verb_parser=<colcon_mixin.mixin.mixin_argument.MixinArgumentDecorator object at 0x7d12f77030a0>, verb_extension=<colcon_core.verb.build.BuildVerb object at 0x7d12f78380a0>, main=<bound method BuildVerb.main of <colcon_core.verb.build.BuildVerb object at 0x7d12f78380a0>>, mixin_verb=('build',))
[0.267s] Level 1:colcon.colcon_core.package_discovery:discover_packages(colcon_meta) check parameters
[0.267s] INFO:colcon.colcon_metadata.package_discovery.colcon_meta:Using configuration from '/root/.colcon/metadata/default/Gazebo.meta'
[0.268s] INFO:colcon.colcon_metadata.package_discovery.colcon_meta:Using configuration from '/root/.colcon/metadata/default/fastdds.meta'
[0.268s] INFO:colcon.colcon_metadata.package_discovery.colcon_meta:Using configuration from '/root/.colcon/metadata/default/fastrtps.meta'
[0.268s] Level 1:colcon.colcon_core.package_discovery:discover_packages(recursive) check parameters
[0.268s] Level 1:colcon.colcon_core.package_discovery:discover_packages(ignore) check parameters
[0.268s] Level 1:colcon.colcon_core.package_discovery:discover_packages(path) check parameters
[0.268s] Level 1:colcon.colcon_core.package_discovery:discover_packages(colcon_meta) discover
[0.268s] Level 1:colcon.colcon_core.package_discovery:discover_packages(recursive) discover
[0.268s] INFO:colcon.colcon_core.package_discovery:Crawling recursively for packages in '/home/ros_workspace/LI-SLAM'
[0.269s] Level 1:colcon.colcon_core.package_identification:_identify(.) by extensions ['ignore', 'ignore_ament_install']
[0.269s] Level 1:colcon.colcon_core.package_identification:_identify(.) by extension 'ignore'
[0.269s] Level 1:colcon.colcon_core.package_identification:_identify(.) by extension 'ignore_ament_install'
[0.269s] Level 1:colcon.colcon_core.package_identification:_identify(.) by extensions ['colcon_pkg']
[0.269s] Level 1:colcon.colcon_core.package_identification:_identify(.) by extension 'colcon_pkg'
[0.269s] Level 1:colcon.colcon_core.package_identification:_identify(.) by extensions ['colcon_meta']
[0.269s] Level 1:colcon.colcon_core.package_identification:_identify(.) by extension 'colcon_meta'
[0.269s] Level 1:colcon.colcon_core.package_identification:_identify(.) by extensions ['ros']
[0.269s] Level 1:colcon.colcon_core.package_identification:_identify(.) by extension 'ros'
[0.291s] Level 1:colcon.colcon_core.package_identification:_identify(.) by extensions ['cmake', 'python']
[0.291s] Level 1:colcon.colcon_core.package_identification:_identify(.) by extension 'cmake'
[0.291s] Level 1:colcon.colcon_core.package_identification:_identify(.) by extension 'python'
[0.292s] Level 1:colcon.colcon_core.package_identification:_identify(.) by extensions ['python_setup_py']
[0.292s] Level 1:colcon.colcon_core.package_identification:_identify(.) by extension 'python_setup_py'
[0.292s] Level 1:colcon.colcon_core.package_identification:_identify(build) by extensions ['ignore', 'ignore_ament_install']
[0.292s] Level 1:colcon.colcon_core.package_identification:_identify(build) by extension 'ignore'
[0.292s] Level 1:colcon.colcon_core.package_identification:_identify(build) ignored
[0.292s] Level 1:colcon.colcon_core.package_identification:_identify(install) by extensions ['ignore', 'ignore_ament_install']
[0.292s] Level 1:colcon.colcon_core.package_identification:_identify(install) by extension 'ignore'
[0.292s] Level 1:colcon.colcon_core.package_identification:_identify(install) ignored
[0.292s] Level 1:colcon.colcon_core.package_identification:_identify(log) by extensions ['ignore', 'ignore_ament_install']
[0.292s] Level 1:colcon.colcon_core.package_identification:_identify(log) by extension 'ignore'
[0.292s] Level 1:colcon.colcon_core.package_identification:_identify(log) ignored
[0.292s] Level 1:colcon.colcon_core.package_identification:_identify(src) by extensions ['ignore', 'ignore_ament_install']
[0.292s] Level 1:colcon.colcon_core.package_identification:_identify(src) by extension 'ignore'
[0.292s] Level 1:colcon.colcon_core.package_identification:_identify(src) by extension 'ignore_ament_install'
[0.293s] Level 1:colcon.colcon_core.package_identification:_identify(src) by extensions ['colcon_pkg']
[0.293s] Level 1:colcon.colcon_core.package_identification:_identify(src) by extension 'colcon_pkg'
[0.293s] Level 1:colcon.colcon_core.package_identification:_identify(src) by extensions ['colcon_meta']
[0.293s] Level 1:colcon.colcon_core.package_identification:_identify(src) by extension 'colcon_meta'
[0.293s] Level 1:colcon.colcon_core.package_identification:_identify(src) by extensions ['ros']
[0.293s] Level 1:colcon.colcon_core.package_identification:_identify(src) by extension 'ros'
[0.293s] Level 1:colcon.colcon_core.package_identification:_identify(src) by extensions ['cmake', 'python']
[0.293s] Level 1:colcon.colcon_core.package_identification:_identify(src) by extension 'cmake'
[0.293s] Level 1:colcon.colcon_core.package_identification:_identify(src) by extension 'python'
[0.293s] Level 1:colcon.colcon_core.package_identification:_identify(src) by extensions ['python_setup_py']
[0.293s] Level 1:colcon.colcon_core.package_identification:_identify(src) by extension 'python_setup_py'
[0.293s] Level 1:colcon.colcon_core.package_identification:_identify(src/li_slam_ros2) by extensions ['ignore', 'ignore_ament_install']
[0.293s] Level 1:colcon.colcon_core.package_identification:_identify(src/li_slam_ros2) by extension 'ignore'
[0.293s] Level 1:colcon.colcon_core.package_identification:_identify(src/li_slam_ros2) by extension 'ignore_ament_install'
[0.293s] Level 1:colcon.colcon_core.package_identification:_identify(src/li_slam_ros2) by extensions ['colcon_pkg']
[0.293s] Level 1:colcon.colcon_core.package_identification:_identify(src/li_slam_ros2) by extension 'colcon_pkg'
[0.293s] Level 1:colcon.colcon_core.package_identification:_identify(src/li_slam_ros2) by extensions ['colcon_meta']
[0.293s] Level 1:colcon.colcon_core.package_identification:_identify(src/li_slam_ros2) by extension 'colcon_meta'
[0.293s] Level 1:colcon.colcon_core.package_identification:_identify(src/li_slam_ros2) by extensions ['ros']
[0.293s] Level 1:colcon.colcon_core.package_identification:_identify(src/li_slam_ros2) by extension 'ros'
[0.293s] Level 1:colcon.colcon_core.package_identification:_identify(src/li_slam_ros2) by extensions ['cmake', 'python']
[0.293s] Level 1:colcon.colcon_core.package_identification:_identify(src/li_slam_ros2) by extension 'cmake'
[0.293s] Level 1:colcon.colcon_core.package_identification:_identify(src/li_slam_ros2) by extension 'python'
[0.293s] Level 1:colcon.colcon_core.package_identification:_identify(src/li_slam_ros2) by extensions ['python_setup_py']
[0.294s] Level 1:colcon.colcon_core.package_identification:_identify(src/li_slam_ros2) by extension 'python_setup_py'
[0.294s] Level 1:colcon.colcon_core.package_identification:_identify(src/li_slam_ros2/Thirdparty) by extensions ['ignore', 'ignore_ament_install']
[0.294s] Level 1:colcon.colcon_core.package_identification:_identify(src/li_slam_ros2/Thirdparty) by extension 'ignore'
[0.294s] Level 1:colcon.colcon_core.package_identification:_identify(src/li_slam_ros2/Thirdparty) by extension 'ignore_ament_install'
[0.294s] Level 1:colcon.colcon_core.package_identification:_identify(src/li_slam_ros2/Thirdparty) by extensions ['colcon_pkg']
[0.294s] Level 1:colcon.colcon_core.package_identification:_identify(src/li_slam_ros2/Thirdparty) by extension 'colcon_pkg'
[0.294s] Level 1:colcon.colcon_core.package_identification:_identify(src/li_slam_ros2/Thirdparty) by extensions ['colcon_meta']
[0.294s] Level 1:colcon.colcon_core.package_identification:_identify(src/li_slam_ros2/Thirdparty) by extension 'colcon_meta'
[0.294s] Level 1:colcon.colcon_core.package_identification:_identify(src/li_slam_ros2/Thirdparty) by extensions ['ros']
[0.294s] Level 1:colcon.colcon_core.package_identification:_identify(src/li_slam_ros2/Thirdparty) by extension 'ros'
[0.294s] Level 1:colcon.colcon_core.package_identification:_identify(src/li_slam_ros2/Thirdparty) by extensions ['cmake', 'python']
[0.294s] Level 1:colcon.colcon_core.package_identification:_identify(src/li_slam_ros2/Thirdparty) by extension 'cmake'
[0.294s] Level 1:colcon.colcon_core.package_identification:_identify(src/li_slam_ros2/Thirdparty) by extension 'python'
[0.294s] Level 1:colcon.colcon_core.package_identification:_identify(src/li_slam_ros2/Thirdparty) by extensions ['python_setup_py']
[0.294s] Level 1:colcon.colcon_core.package_identification:_identify(src/li_slam_ros2/Thirdparty) by extension 'python_setup_py'
[0.294s] Level 1:colcon.colcon_core.package_identification:_identify(src/li_slam_ros2/Thirdparty/ndt_omp_ros2) by extensions ['ignore', 'ignore_ament_install']
[0.294s] Level 1:colcon.colcon_core.package_identification:_identify(src/li_slam_ros2/Thirdparty/ndt_omp_ros2) by extension 'ignore'
[0.294s] Level 1:colcon.colcon_core.package_identification:_identify(src/li_slam_ros2/Thirdparty/ndt_omp_ros2) by extension 'ignore_ament_install'
[0.294s] Level 1:colcon.colcon_core.package_identification:_identify(src/li_slam_ros2/Thirdparty/ndt_omp_ros2) by extensions ['colcon_pkg']
[0.294s] Level 1:colcon.colcon_core.package_identification:_identify(src/li_slam_ros2/Thirdparty/ndt_omp_ros2) by extension 'colcon_pkg'
[0.294s] Level 1:colcon.colcon_core.package_identification:_identify(src/li_slam_ros2/Thirdparty/ndt_omp_ros2) by extensions ['colcon_meta']
[0.295s] Level 1:colcon.colcon_core.package_identification:_identify(src/li_slam_ros2/Thirdparty/ndt_omp_ros2) by extension 'colcon_meta'
[0.295s] Level 1:colcon.colcon_core.package_identification:_identify(src/li_slam_ros2/Thirdparty/ndt_omp_ros2) by extensions ['ros']
[0.295s] Level 1:colcon.colcon_core.package_identification:_identify(src/li_slam_ros2/Thirdparty/ndt_omp_ros2) by extension 'ros'
[0.297s] DEBUG:colcon.colcon_core.package_identification:Package 'src/li_slam_ros2/Thirdparty/ndt_omp_ros2' with type 'ros.ament_cmake' and name 'ndt_omp_ros2'
[0.297s] Level 1:colcon.colcon_core.package_identification:_identify(src/li_slam_ros2/graph_based_slam) by extensions ['ignore', 'ignore_ament_install']
[0.297s] Level 1:colcon.colcon_core.package_identification:_identify(src/li_slam_ros2/graph_based_slam) by extension 'ignore'
[0.297s] Level 1:colcon.colcon_core.package_identification:_identify(src/li_slam_ros2/graph_based_slam) by extension 'ignore_ament_install'
[0.297s] Level 1:colcon.colcon_core.package_identification:_identify(src/li_slam_ros2/graph_based_slam) by extensions ['colcon_pkg']
[0.297s] Level 1:colcon.colcon_core.package_identification:_identify(src/li_slam_ros2/graph_based_slam) by extension 'colcon_pkg'
[0.297s] Level 1:colcon.colcon_core.package_identification:_identify(src/li_slam_ros2/graph_based_slam) by extensions ['colcon_meta']
[0.297s] Level 1:colcon.colcon_core.package_identification:_identify(src/li_slam_ros2/graph_based_slam) by extension 'colcon_meta'
[0.297s] Level 1:colcon.colcon_core.package_identification:_identify(src/li_slam_ros2/graph_based_slam) by extensions ['ros']
[0.297s] Level 1:colcon.colcon_core.package_identification:_identify(src/li_slam_ros2/graph_based_slam) by extension 'ros'
[0.299s] DEBUG:colcon.colcon_core.package_identification:Package 'src/li_slam_ros2/graph_based_slam' with type 'ros.ament_cmake' and name 'graph_based_slam'
[0.299s] Level 1:colcon.colcon_core.package_identification:_identify(src/li_slam_ros2/lidarslam_msgs) by extensions ['ignore', 'ignore_ament_install']
[0.299s] Level 1:colcon.colcon_core.package_identification:_identify(src/li_slam_ros2/lidarslam_msgs) by extension 'ignore'
[0.299s] Level 1:colcon.colcon_core.package_identification:_identify(src/li_slam_ros2/lidarslam_msgs) by extension 'ignore_ament_install'
[0.299s] Level 1:colcon.colcon_core.package_identification:_identify(src/li_slam_ros2/lidarslam_msgs) by extensions ['colcon_pkg']
[0.299s] Level 1:colcon.colcon_core.package_identification:_identify(src/li_slam_ros2/lidarslam_msgs) by extension 'colcon_pkg'
[0.299s] Level 1:colcon.colcon_core.package_identification:_identify(src/li_slam_ros2/lidarslam_msgs) by extensions ['colcon_meta']
[0.299s] Level 1:colcon.colcon_core.package_identification:_identify(src/li_slam_ros2/lidarslam_msgs) by extension 'colcon_meta'
[0.299s] Level 1:colcon.colcon_core.package_identification:_identify(src/li_slam_ros2/lidarslam_msgs) by extensions ['ros']
[0.299s] Level 1:colcon.colcon_core.package_identification:_identify(src/li_slam_ros2/lidarslam_msgs) by extension 'ros'
[0.300s] DEBUG:colcon.colcon_core.package_identification:Package 'src/li_slam_ros2/lidarslam_msgs' with type 'ros.ament_cmake' and name 'lidarslam_msgs'
[0.300s] Level 1:colcon.colcon_core.package_identification:_identify(src/li_slam_ros2/scanmatcher) by extensions ['ignore', 'ignore_ament_install']
[0.300s] Level 1:colcon.colcon_core.package_identification:_identify(src/li_slam_ros2/scanmatcher) by extension 'ignore'
[0.300s] Level 1:colcon.colcon_core.package_identification:_identify(src/li_slam_ros2/scanmatcher) by extension 'ignore_ament_install'
[0.300s] Level 1:colcon.colcon_core.package_identification:_identify(src/li_slam_ros2/scanmatcher) by extensions ['colcon_pkg']
[0.300s] Level 1:colcon.colcon_core.package_identification:_identify(src/li_slam_ros2/scanmatcher) by extension 'colcon_pkg'
[0.300s] Level 1:colcon.colcon_core.package_identification:_identify(src/li_slam_ros2/scanmatcher) by extensions ['colcon_meta']
[0.300s] Level 1:colcon.colcon_core.package_identification:_identify(src/li_slam_ros2/scanmatcher) by extension 'colcon_meta'
[0.300s] Level 1:colcon.colcon_core.package_identification:_identify(src/li_slam_ros2/scanmatcher) by extensions ['ros']
[0.300s] Level 1:colcon.colcon_core.package_identification:_identify(src/li_slam_ros2/scanmatcher) by extension 'ros'
[0.302s] DEBUG:colcon.colcon_core.package_identification:Package 'src/li_slam_ros2/scanmatcher' with type 'ros.ament_cmake' and name 'scanmatcher'
[0.302s] Level 1:colcon.colcon_core.package_discovery:discover_packages(recursive) using defaults
[0.302s] Level 1:colcon.colcon_core.package_discovery:discover_packages(ignore) discover
[0.302s] Level 1:colcon.colcon_core.package_discovery:discover_packages(ignore) using defaults
[0.302s] Level 1:colcon.colcon_core.package_discovery:discover_packages(path) discover
[0.302s] Level 1:colcon.colcon_core.package_discovery:discover_packages(path) using defaults
[0.331s] Level 5:colcon.colcon_core.verb:set package 'lidarslam_msgs' build argument 'cmake_args' from command line to '['-DCMAKE_BUILD_TYPE=Release']'
[0.331s] Level 5:colcon.colcon_core.verb:set package 'lidarslam_msgs' build argument 'cmake_target' from command line to 'None'
[0.331s] Level 5:colcon.colcon_core.verb:set package 'lidarslam_msgs' build argument 'cmake_target_skip_unavailable' from command line to 'False'
[0.331s] Level 5:colcon.colcon_core.verb:set package 'lidarslam_msgs' build argument 'cmake_clean_cache' from command line to 'False'
[0.331s] Level 5:colcon.colcon_core.verb:set package 'lidarslam_msgs' build argument 'cmake_clean_first' from command line to 'False'
[0.331s] Level 5:colcon.colcon_core.verb:set package 'lidarslam_msgs' build argument 'cmake_force_configure' from command line to 'False'
[0.332s] Level 5:colcon.colcon_core.verb:set package 'lidarslam_msgs' build argument 'ament_cmake_args' from command line to 'None'
[0.332s] Level 5:colcon.colcon_core.verb:set package 'lidarslam_msgs' build argument 'catkin_cmake_args' from command line to 'None'
[0.332s] Level 5:colcon.colcon_core.verb:set package 'lidarslam_msgs' build argument 'catkin_skip_building_tests' from command line to 'False'
[0.332s] DEBUG:colcon.colcon_core.verb:Building package 'lidarslam_msgs' with the following arguments: {'ament_cmake_args': None, 'build_base': '/home/ros_workspace/LI-SLAM/build/lidarslam_msgs', 'catkin_cmake_args': None, 'catkin_skip_building_tests': False, 'cmake_args': ['-DCMAKE_BUILD_TYPE=Release'], 'cmake_clean_cache': False, 'cmake_clean_first': False, 'cmake_force_configure': False, 'cmake_target': None, 'cmake_target_skip_unavailable': False, 'install_base': '/home/ros_workspace/LI-SLAM/install/lidarslam_msgs', 'merge_install': False, 'path': '/home/ros_workspace/LI-SLAM/src/li_slam_ros2/lidarslam_msgs', 'symlink_install': False, 'test_result_base': None}
[0.332s] Level 5:colcon.colcon_core.verb:set package 'ndt_omp_ros2' build argument 'cmake_args' from command line to '['-DCMAKE_BUILD_TYPE=Release']'
[0.332s] Level 5:colcon.colcon_core.verb:set package 'ndt_omp_ros2' build argument 'cmake_target' from command line to 'None'
[0.332s] Level 5:colcon.colcon_core.verb:set package 'ndt_omp_ros2' build argument 'cmake_target_skip_unavailable' from command line to 'False'
[0.332s] Level 5:colcon.colcon_core.verb:set package 'ndt_omp_ros2' build argument 'cmake_clean_cache' from command line to 'False'
[0.332s] Level 5:colcon.colcon_core.verb:set package 'ndt_omp_ros2' build argument 'cmake_clean_first' from command line to 'False'
[0.332s] Level 5:colcon.colcon_core.verb:set package 'ndt_omp_ros2' build argument 'cmake_force_configure' from command line to 'False'
[0.332s] Level 5:colcon.colcon_core.verb:set package 'ndt_omp_ros2' build argument 'ament_cmake_args' from command line to 'None'
[0.332s] Level 5:colcon.colcon_core.verb:set package 'ndt_omp_ros2' build argument 'catkin_cmake_args' from command line to 'None'
[0.332s] Level 5:colcon.colcon_core.verb:set package 'ndt_omp_ros2' build argument 'catkin_skip_building_tests' from command line to 'False'
[0.332s] DEBUG:colcon.colcon_core.verb:Building package 'ndt_omp_ros2' with the following arguments: {'ament_cmake_args': None, 'build_base': '/home/ros_workspace/LI-SLAM/build/ndt_omp_ros2', 'catkin_cmake_args': None, 'catkin_skip_building_tests': False, 'cmake_args': ['-DCMAKE_BUILD_TYPE=Release'], 'cmake_clean_cache': False, 'cmake_clean_first': False, 'cmake_force_configure': False, 'cmake_target': None, 'cmake_target_skip_unavailable': False, 'install_base': '/home/ros_workspace/LI-SLAM/install/ndt_omp_ros2', 'merge_install': False, 'path': '/home/ros_workspace/LI-SLAM/src/li_slam_ros2/Thirdparty/ndt_omp_ros2', 'symlink_install': False, 'test_result_base': None}
[0.333s] Level 5:colcon.colcon_core.verb:set package 'graph_based_slam' build argument 'cmake_args' from command line to '['-DCMAKE_BUILD_TYPE=Release']'
[0.333s] Level 5:colcon.colcon_core.verb:set package 'graph_based_slam' build argument 'cmake_target' from command line to 'None'
[0.333s] Level 5:colcon.colcon_core.verb:set package 'graph_based_slam' build argument 'cmake_target_skip_unavailable' from command line to 'False'
[0.333s] Level 5:colcon.colcon_core.verb:set package 'graph_based_slam' build argument 'cmake_clean_cache' from command line to 'False'
[0.333s] Level 5:colcon.colcon_core.verb:set package 'graph_based_slam' build argument 'cmake_clean_first' from command line to 'False'
[0.333s] Level 5:colcon.colcon_core.verb:set package 'graph_based_slam' build argument 'cmake_force_configure' from command line to 'False'
[0.333s] Level 5:colcon.colcon_core.verb:set package 'graph_based_slam' build argument 'ament_cmake_args' from command line to 'None'
[0.333s] Level 5:colcon.colcon_core.verb:set package 'graph_based_slam' build argument 'catkin_cmake_args' from command line to 'None'
[0.333s] Level 5:colcon.colcon_core.verb:set package 'graph_based_slam' build argument 'catkin_skip_building_tests' from command line to 'False'
[0.333s] DEBUG:colcon.colcon_core.verb:Building package 'graph_based_slam' with the following arguments: {'ament_cmake_args': None, 'build_base': '/home/ros_workspace/LI-SLAM/build/graph_based_slam', 'catkin_cmake_args': None, 'catkin_skip_building_tests': False, 'cmake_args': ['-DCMAKE_BUILD_TYPE=Release'], 'cmake_clean_cache': False, 'cmake_clean_first': False, 'cmake_force_configure': False, 'cmake_target': None, 'cmake_target_skip_unavailable': False, 'install_base': '/home/ros_workspace/LI-SLAM/install/graph_based_slam', 'merge_install': False, 'path': '/home/ros_workspace/LI-SLAM/src/li_slam_ros2/graph_based_slam', 'symlink_install': False, 'test_result_base': None}
[0.333s] Level 5:colcon.colcon_core.verb:set package 'scanmatcher' build argument 'cmake_args' from command line to '['-DCMAKE_BUILD_TYPE=Release']'
[0.333s] Level 5:colcon.colcon_core.verb:set package 'scanmatcher' build argument 'cmake_target' from command line to 'None'
[0.333s] Level 5:colcon.colcon_core.verb:set package 'scanmatcher' build argument 'cmake_target_skip_unavailable' from command line to 'False'
[0.333s] Level 5:colcon.colcon_core.verb:set package 'scanmatcher' build argument 'cmake_clean_cache' from command line to 'False'
[0.333s] Level 5:colcon.colcon_core.verb:set package 'scanmatcher' build argument 'cmake_clean_first' from command line to 'False'
[0.333s] Level 5:colcon.colcon_core.verb:set package 'scanmatcher' build argument 'cmake_force_configure' from command line to 'False'
[0.333s] Level 5:colcon.colcon_core.verb:set package 'scanmatcher' build argument 'ament_cmake_args' from command line to 'None'
[0.333s] Level 5:colcon.colcon_core.verb:set package 'scanmatcher' build argument 'catkin_cmake_args' from command line to 'None'
[0.333s] Level 5:colcon.colcon_core.verb:set package 'scanmatcher' build argument 'catkin_skip_building_tests' from command line to 'False'
[0.333s] DEBUG:colcon.colcon_core.verb:Building package 'scanmatcher' with the following arguments: {'ament_cmake_args': None, 'build_base': '/home/ros_workspace/LI-SLAM/build/scanmatcher', 'catkin_cmake_args': None, 'catkin_skip_building_tests': False, 'cmake_args': ['-DCMAKE_BUILD_TYPE=Release'], 'cmake_clean_cache': False, 'cmake_clean_first': False, 'cmake_force_configure': False, 'cmake_target': None, 'cmake_target_skip_unavailable': False, 'install_base': '/home/ros_workspace/LI-SLAM/install/scanmatcher', 'merge_install': False, 'path': '/home/ros_workspace/LI-SLAM/src/li_slam_ros2/scanmatcher', 'symlink_install': False, 'test_result_base': None}
[0.334s] INFO:colcon.colcon_core.executor:Executing jobs using 'parallel' executor
[0.335s] DEBUG:colcon.colcon_parallel_executor.executor.parallel:run_until_complete
[0.336s] INFO:colcon.colcon_ros.task.ament_cmake.build:Building ROS package in '/home/ros_workspace/LI-SLAM/src/li_slam_ros2/lidarslam_msgs' with build type 'ament_cmake'
[0.336s] INFO:colcon.colcon_cmake.task.cmake.build:Building CMake package in '/home/ros_workspace/LI-SLAM/src/li_slam_ros2/lidarslam_msgs'
[0.338s] INFO:colcon.colcon_core.plugin_system:Skipping extension 'colcon_core.shell.bat': Not used on non-Windows systems
[0.338s] INFO:colcon.colcon_core.shell:Skip shell extension 'powershell' for command environment: Not usable outside of PowerShell
[0.338s] DEBUG:colcon.colcon_core.shell:Skip shell extension 'dsv' for command environment
[0.343s] INFO:colcon.colcon_ros.task.ament_cmake.build:Building ROS package in '/home/ros_workspace/LI-SLAM/src/li_slam_ros2/Thirdparty/ndt_omp_ros2' with build type 'ament_cmake'
[0.343s] INFO:colcon.colcon_cmake.task.cmake.build:Building CMake package in '/home/ros_workspace/LI-SLAM/src/li_slam_ros2/Thirdparty/ndt_omp_ros2'
[0.343s] INFO:colcon.colcon_core.shell:Skip shell extension 'powershell' for command environment: Not usable outside of PowerShell
[0.343s] DEBUG:colcon.colcon_core.shell:Skip shell extension 'dsv' for command environment
[0.353s] DEBUG:colcon.colcon_core.event_handler.log_command:Invoking command in '/home/ros_workspace/LI-SLAM/build/lidarslam_msgs': CMAKE_PREFIX_PATH=/opt/ros/humble /usr/bin/cmake --build /home/ros_workspace/LI-SLAM/build/lidarslam_msgs -- -j16 -l16
[0.359s] DEBUG:colcon.colcon_core.event_handler.log_command:Invoking command in '/home/ros_workspace/LI-SLAM/build/ndt_omp_ros2': CMAKE_PREFIX_PATH=/opt/ros/humble /usr/bin/cmake --build /home/ros_workspace/LI-SLAM/build/ndt_omp_ros2 -- -j16 -l16
[0.508s] DEBUG:colcon.colcon_core.event_handler.log_command:Invoked command in '/home/ros_workspace/LI-SLAM/build/ndt_omp_ros2' returned '0': CMAKE_PREFIX_PATH=/opt/ros/humble /usr/bin/cmake --build /home/ros_workspace/LI-SLAM/build/ndt_omp_ros2 -- -j16 -l16
[0.519s] DEBUG:colcon.colcon_core.event_handler.log_command:Invoking command in '/home/ros_workspace/LI-SLAM/build/ndt_omp_ros2': CMAKE_PREFIX_PATH=/opt/ros/humble /usr/bin/cmake --install /home/ros_workspace/LI-SLAM/build/ndt_omp_ros2
[0.531s] Level 1:colcon.colcon_core.environment:create_environment_scripts_only(ndt_omp_ros2)
[0.534s] DEBUG:colcon.colcon_core.event_handler.log_command:Invoked command in '/home/ros_workspace/LI-SLAM/build/ndt_omp_ros2' returned '0': CMAKE_PREFIX_PATH=/opt/ros/humble /usr/bin/cmake --install /home/ros_workspace/LI-SLAM/build/ndt_omp_ros2
[0.536s] Level 1:colcon.colcon_core.environment:checking '/home/ros_workspace/LI-SLAM/install/ndt_omp_ros2' for CMake module files
[0.536s] Level 1:colcon.colcon_core.environment:checking '/home/ros_workspace/LI-SLAM/install/ndt_omp_ros2' for CMake config files
[0.536s] Level 1:colcon.colcon_core.shell:create_environment_hook('ndt_omp_ros2', 'cmake_prefix_path')
[0.537s] INFO:colcon.colcon_core.shell:Creating environment hook '/home/ros_workspace/LI-SLAM/install/ndt_omp_ros2/share/ndt_omp_ros2/hook/cmake_prefix_path.ps1'
[0.537s] INFO:colcon.colcon_core.shell:Creating environment descriptor '/home/ros_workspace/LI-SLAM/install/ndt_omp_ros2/share/ndt_omp_ros2/hook/cmake_prefix_path.dsv'
[0.538s] INFO:colcon.colcon_core.shell:Creating environment hook '/home/ros_workspace/LI-SLAM/install/ndt_omp_ros2/share/ndt_omp_ros2/hook/cmake_prefix_path.sh'
[0.538s] Level 1:colcon.colcon_core.environment:checking '/home/ros_workspace/LI-SLAM/install/ndt_omp_ros2/lib'
[0.539s] Level 1:colcon.colcon_core.environment:checking '/home/ros_workspace/LI-SLAM/install/ndt_omp_ros2/bin'
[0.539s] Level 1:colcon.colcon_core.shell:create_environment_hook('ndt_omp_ros2', 'path')
[0.539s] INFO:colcon.colcon_core.shell:Creating environment hook '/home/ros_workspace/LI-SLAM/install/ndt_omp_ros2/share/ndt_omp_ros2/hook/path.ps1'
[0.539s] INFO:colcon.colcon_core.shell:Creating environment descriptor '/home/ros_workspace/LI-SLAM/install/ndt_omp_ros2/share/ndt_omp_ros2/hook/path.dsv'
[0.540s] INFO:colcon.colcon_core.shell:Creating environment hook '/home/ros_workspace/LI-SLAM/install/ndt_omp_ros2/share/ndt_omp_ros2/hook/path.sh'
[0.540s] Level 1:colcon.colcon_core.environment:checking '/home/ros_workspace/LI-SLAM/install/ndt_omp_ros2/lib/pkgconfig/ndt_omp_ros2.pc'
[0.541s] Level 1:colcon.colcon_core.environment:checking '/home/ros_workspace/LI-SLAM/install/ndt_omp_ros2/lib/python3.10/site-packages'
[0.541s] Level 1:colcon.colcon_core.environment:checking '/home/ros_workspace/LI-SLAM/install/ndt_omp_ros2/bin'
[0.542s] Level 1:colcon.colcon_core.shell:create_environment_hook('ndt_omp_ros2', 'pythonscriptspath')
[0.542s] INFO:colcon.colcon_core.shell:Creating environment hook '/home/ros_workspace/LI-SLAM/install/ndt_omp_ros2/share/ndt_omp_ros2/hook/pythonscriptspath.ps1'
[0.543s] INFO:colcon.colcon_core.shell:Creating environment descriptor '/home/ros_workspace/LI-SLAM/install/ndt_omp_ros2/share/ndt_omp_ros2/hook/pythonscriptspath.dsv'
[0.543s] INFO:colcon.colcon_core.shell:Creating environment hook '/home/ros_workspace/LI-SLAM/install/ndt_omp_ros2/share/ndt_omp_ros2/hook/pythonscriptspath.sh'
[0.544s] INFO:colcon.colcon_core.shell:Creating package script '/home/ros_workspace/LI-SLAM/install/ndt_omp_ros2/share/ndt_omp_ros2/package.ps1'
[0.545s] INFO:colcon.colcon_core.shell:Creating package descriptor '/home/ros_workspace/LI-SLAM/install/ndt_omp_ros2/share/ndt_omp_ros2/package.dsv'
[0.545s] INFO:colcon.colcon_core.shell:Creating package script '/home/ros_workspace/LI-SLAM/install/ndt_omp_ros2/share/ndt_omp_ros2/package.sh'
[0.546s] INFO:colcon.colcon_core.shell:Creating package script '/home/ros_workspace/LI-SLAM/install/ndt_omp_ros2/share/ndt_omp_ros2/package.bash'
[0.547s] INFO:colcon.colcon_core.shell:Creating package script '/home/ros_workspace/LI-SLAM/install/ndt_omp_ros2/share/ndt_omp_ros2/package.zsh'
[0.548s] Level 1:colcon.colcon_core.environment:create_file_with_runtime_dependencies(/home/ros_workspace/LI-SLAM/install/ndt_omp_ros2/share/colcon-core/packages/ndt_omp_ros2)
[0.549s] Level 1:colcon.colcon_core.environment:create_environment_scripts_only(ndt_omp_ros2)
[0.549s] Level 1:colcon.colcon_core.environment:checking '/home/ros_workspace/LI-SLAM/install/ndt_omp_ros2' for CMake module files
[0.550s] Level 1:colcon.colcon_core.environment:checking '/home/ros_workspace/LI-SLAM/install/ndt_omp_ros2' for CMake config files
[0.550s] Level 1:colcon.colcon_core.shell:create_environment_hook('ndt_omp_ros2', 'cmake_prefix_path')
[0.550s] INFO:colcon.colcon_core.shell:Creating environment hook '/home/ros_workspace/LI-SLAM/install/ndt_omp_ros2/share/ndt_omp_ros2/hook/cmake_prefix_path.ps1'
[0.551s] INFO:colcon.colcon_core.shell:Creating environment descriptor '/home/ros_workspace/LI-SLAM/install/ndt_omp_ros2/share/ndt_omp_ros2/hook/cmake_prefix_path.dsv'
[0.551s] INFO:colcon.colcon_core.shell:Creating environment hook '/home/ros_workspace/LI-SLAM/install/ndt_omp_ros2/share/ndt_omp_ros2/hook/cmake_prefix_path.sh'
[0.551s] Level 1:colcon.colcon_core.environment:checking '/home/ros_workspace/LI-SLAM/install/ndt_omp_ros2/lib'
[0.552s] Level 1:colcon.colcon_core.environment:checking '/home/ros_workspace/LI-SLAM/install/ndt_omp_ros2/bin'
[0.552s] Level 1:colcon.colcon_core.shell:create_environment_hook('ndt_omp_ros2', 'path')
[0.552s] INFO:colcon.colcon_core.shell:Creating environment hook '/home/ros_workspace/LI-SLAM/install/ndt_omp_ros2/share/ndt_omp_ros2/hook/path.ps1'
[0.552s] INFO:colcon.colcon_core.shell:Creating environment descriptor '/home/ros_workspace/LI-SLAM/install/ndt_omp_ros2/share/ndt_omp_ros2/hook/path.dsv'
[0.553s] INFO:colcon.colcon_core.shell:Creating environment hook '/home/ros_workspace/LI-SLAM/install/ndt_omp_ros2/share/ndt_omp_ros2/hook/path.sh'
[0.553s] Level 1:colcon.colcon_core.environment:checking '/home/ros_workspace/LI-SLAM/install/ndt_omp_ros2/lib/pkgconfig/ndt_omp_ros2.pc'
[0.553s] Level 1:colcon.colcon_core.environment:checking '/home/ros_workspace/LI-SLAM/install/ndt_omp_ros2/lib/python3.10/site-packages'
[0.554s] Level 1:colcon.colcon_core.environment:checking '/home/ros_workspace/LI-SLAM/install/ndt_omp_ros2/bin'
[0.554s] Level 1:colcon.colcon_core.shell:create_environment_hook('ndt_omp_ros2', 'pythonscriptspath')
[0.554s] INFO:colcon.colcon_core.shell:Creating environment hook '/home/ros_workspace/LI-SLAM/install/ndt_omp_ros2/share/ndt_omp_ros2/hook/pythonscriptspath.ps1'
[0.554s] INFO:colcon.colcon_core.shell:Creating environment descriptor '/home/ros_workspace/LI-SLAM/install/ndt_omp_ros2/share/ndt_omp_ros2/hook/pythonscriptspath.dsv'
[0.554s] INFO:colcon.colcon_core.shell:Creating environment hook '/home/ros_workspace/LI-SLAM/install/ndt_omp_ros2/share/ndt_omp_ros2/hook/pythonscriptspath.sh'
[0.555s] INFO:colcon.colcon_core.shell:Creating package script '/home/ros_workspace/LI-SLAM/install/ndt_omp_ros2/share/ndt_omp_ros2/package.ps1'
[0.556s] INFO:colcon.colcon_core.shell:Creating package descriptor '/home/ros_workspace/LI-SLAM/install/ndt_omp_ros2/share/ndt_omp_ros2/package.dsv'
[0.556s] INFO:colcon.colcon_core.shell:Creating package script '/home/ros_workspace/LI-SLAM/install/ndt_omp_ros2/share/ndt_omp_ros2/package.sh'
[0.556s] INFO:colcon.colcon_core.shell:Creating package script '/home/ros_workspace/LI-SLAM/install/ndt_omp_ros2/share/ndt_omp_ros2/package.bash'
[0.587s] INFO:colcon.colcon_core.shell:Creating package script '/home/ros_workspace/LI-SLAM/install/ndt_omp_ros2/share/ndt_omp_ros2/package.zsh'
[0.588s] Level 1:colcon.colcon_core.environment:create_file_with_runtime_dependencies(/home/ros_workspace/LI-SLAM/install/ndt_omp_ros2/share/colcon-core/packages/ndt_omp_ros2)
[0.721s] DEBUG:colcon.colcon_core.event_handler.log_command:Invoked command in '/home/ros_workspace/LI-SLAM/build/lidarslam_msgs' returned '0': CMAKE_PREFIX_PATH=/opt/ros/humble /usr/bin/cmake --build /home/ros_workspace/LI-SLAM/build/lidarslam_msgs -- -j16 -l16
[0.722s] DEBUG:colcon.colcon_core.event_handler.log_command:Invoking command in '/home/ros_workspace/LI-SLAM/build/lidarslam_msgs': CMAKE_PREFIX_PATH=/opt/ros/humble /usr/bin/cmake --install /home/ros_workspace/LI-SLAM/build/lidarslam_msgs
[0.794s] Level 1:colcon.colcon_core.environment:create_environment_scripts_only(lidarslam_msgs)
[0.795s] DEBUG:colcon.colcon_core.event_handler.log_command:Invoked command in '/home/ros_workspace/LI-SLAM/build/lidarslam_msgs' returned '0': CMAKE_PREFIX_PATH=/opt/ros/humble /usr/bin/cmake --install /home/ros_workspace/LI-SLAM/build/lidarslam_msgs
[0.795s] Level 1:colcon.colcon_core.environment:checking '/home/ros_workspace/LI-SLAM/install/lidarslam_msgs' for CMake module files
[0.797s] Level 1:colcon.colcon_core.environment:checking '/home/ros_workspace/LI-SLAM/install/lidarslam_msgs' for CMake config files
[0.798s] Level 1:colcon.colcon_core.shell:create_environment_hook('lidarslam_msgs', 'cmake_prefix_path')
[0.798s] INFO:colcon.colcon_core.shell:Creating environment hook '/home/ros_workspace/LI-SLAM/install/lidarslam_msgs/share/lidarslam_msgs/hook/cmake_prefix_path.ps1'
[0.799s] INFO:colcon.colcon_core.shell:Creating environment descriptor '/home/ros_workspace/LI-SLAM/install/lidarslam_msgs/share/lidarslam_msgs/hook/cmake_prefix_path.dsv'
[0.800s] INFO:colcon.colcon_core.shell:Creating environment hook '/home/ros_workspace/LI-SLAM/install/lidarslam_msgs/share/lidarslam_msgs/hook/cmake_prefix_path.sh'
[0.801s] Level 1:colcon.colcon_core.environment:checking '/home/ros_workspace/LI-SLAM/install/lidarslam_msgs/lib'
[0.801s] Level 1:colcon.colcon_core.shell:create_environment_hook('lidarslam_msgs', 'ld_library_path_lib')
[0.801s] INFO:colcon.colcon_core.shell:Creating environment hook '/home/ros_workspace/LI-SLAM/install/lidarslam_msgs/share/lidarslam_msgs/hook/ld_library_path_lib.ps1'
[0.802s] INFO:colcon.colcon_core.shell:Creating environment descriptor '/home/ros_workspace/LI-SLAM/install/lidarslam_msgs/share/lidarslam_msgs/hook/ld_library_path_lib.dsv'
[0.802s] INFO:colcon.colcon_core.shell:Creating environment hook '/home/ros_workspace/LI-SLAM/install/lidarslam_msgs/share/lidarslam_msgs/hook/ld_library_path_lib.sh'
[0.803s] Level 1:colcon.colcon_core.environment:checking '/home/ros_workspace/LI-SLAM/install/lidarslam_msgs/bin'
[0.803s] Level 1:colcon.colcon_core.environment:checking '/home/ros_workspace/LI-SLAM/install/lidarslam_msgs/lib/pkgconfig/lidarslam_msgs.pc'
[0.804s] Level 1:colcon.colcon_core.environment:checking '/home/ros_workspace/LI-SLAM/install/lidarslam_msgs/lib/python3.10/site-packages'
[0.804s] Level 1:colcon.colcon_core.environment:checking '/home/ros_workspace/LI-SLAM/install/lidarslam_msgs/bin'
[0.805s] INFO:colcon.colcon_core.shell:Creating package script '/home/ros_workspace/LI-SLAM/install/lidarslam_msgs/share/lidarslam_msgs/package.ps1'
[0.806s] INFO:colcon.colcon_core.shell:Creating package descriptor '/home/ros_workspace/LI-SLAM/install/lidarslam_msgs/share/lidarslam_msgs/package.dsv'
[0.807s] INFO:colcon.colcon_core.shell:Creating package script '/home/ros_workspace/LI-SLAM/install/lidarslam_msgs/share/lidarslam_msgs/package.sh'
[0.807s] INFO:colcon.colcon_core.shell:Creating package script '/home/ros_workspace/LI-SLAM/install/lidarslam_msgs/share/lidarslam_msgs/package.bash'
[0.808s] INFO:colcon.colcon_core.shell:Creating package script '/home/ros_workspace/LI-SLAM/install/lidarslam_msgs/share/lidarslam_msgs/package.zsh'
[0.809s] Level 1:colcon.colcon_core.environment:create_file_with_runtime_dependencies(/home/ros_workspace/LI-SLAM/install/lidarslam_msgs/share/colcon-core/packages/lidarslam_msgs)
[0.810s] Level 1:colcon.colcon_core.environment:create_environment_scripts_only(lidarslam_msgs)
[0.810s] Level 1:colcon.colcon_core.environment:checking '/home/ros_workspace/LI-SLAM/install/lidarslam_msgs' for CMake module files
[0.811s] Level 1:colcon.colcon_core.environment:checking '/home/ros_workspace/LI-SLAM/install/lidarslam_msgs' for CMake config files
[0.812s] Level 1:colcon.colcon_core.shell:create_environment_hook('lidarslam_msgs', 'cmake_prefix_path')
[0.812s] INFO:colcon.colcon_core.shell:Creating environment hook '/home/ros_workspace/LI-SLAM/install/lidarslam_msgs/share/lidarslam_msgs/hook/cmake_prefix_path.ps1'
[0.813s] INFO:colcon.colcon_core.shell:Creating environment descriptor '/home/ros_workspace/LI-SLAM/install/lidarslam_msgs/share/lidarslam_msgs/hook/cmake_prefix_path.dsv'
[0.814s] INFO:colcon.colcon_core.shell:Creating environment hook '/home/ros_workspace/LI-SLAM/install/lidarslam_msgs/share/lidarslam_msgs/hook/cmake_prefix_path.sh'
[0.815s] Level 1:colcon.colcon_core.environment:checking '/home/ros_workspace/LI-SLAM/install/lidarslam_msgs/lib'
[0.815s] Level 1:colcon.colcon_core.shell:create_environment_hook('lidarslam_msgs', 'ld_library_path_lib')
[0.815s] INFO:colcon.colcon_core.shell:Creating environment hook '/home/ros_workspace/LI-SLAM/install/lidarslam_msgs/share/lidarslam_msgs/hook/ld_library_path_lib.ps1'
[0.816s] INFO:colcon.colcon_core.shell:Creating environment descriptor '/home/ros_workspace/LI-SLAM/install/lidarslam_msgs/share/lidarslam_msgs/hook/ld_library_path_lib.dsv'
[0.817s] INFO:colcon.colcon_core.shell:Creating environment hook '/home/ros_workspace/LI-SLAM/install/lidarslam_msgs/share/lidarslam_msgs/hook/ld_library_path_lib.sh'
[0.817s] Level 1:colcon.colcon_core.environment:checking '/home/ros_workspace/LI-SLAM/install/lidarslam_msgs/bin'
[0.817s] Level 1:colcon.colcon_core.environment:checking '/home/ros_workspace/LI-SLAM/install/lidarslam_msgs/lib/pkgconfig/lidarslam_msgs.pc'
[0.818s] Level 1:colcon.colcon_core.environment:checking '/home/ros_workspace/LI-SLAM/install/lidarslam_msgs/lib/python3.10/site-packages'
[0.818s] Level 1:colcon.colcon_core.environment:checking '/home/ros_workspace/LI-SLAM/install/lidarslam_msgs/bin'
[0.819s] INFO:colcon.colcon_core.shell:Creating package script '/home/ros_workspace/LI-SLAM/install/lidarslam_msgs/share/lidarslam_msgs/package.ps1'
[0.820s] INFO:colcon.colcon_core.shell:Creating package descriptor '/home/ros_workspace/LI-SLAM/install/lidarslam_msgs/share/lidarslam_msgs/package.dsv'
[0.827s] INFO:colcon.colcon_core.shell:Creating package script '/home/ros_workspace/LI-SLAM/install/lidarslam_msgs/share/lidarslam_msgs/package.sh'
[0.828s] INFO:colcon.colcon_core.shell:Creating package script '/home/ros_workspace/LI-SLAM/install/lidarslam_msgs/share/lidarslam_msgs/package.bash'
[0.829s] INFO:colcon.colcon_core.shell:Creating package script '/home/ros_workspace/LI-SLAM/install/lidarslam_msgs/share/lidarslam_msgs/package.zsh'
[0.830s] Level 1:colcon.colcon_core.environment:create_file_with_runtime_dependencies(/home/ros_workspace/LI-SLAM/install/lidarslam_msgs/share/colcon-core/packages/lidarslam_msgs)
[0.830s] INFO:colcon.colcon_ros.task.ament_cmake.build:Building ROS package in '/home/ros_workspace/LI-SLAM/src/li_slam_ros2/graph_based_slam' with build type 'ament_cmake'
[0.831s] INFO:colcon.colcon_cmake.task.cmake.build:Building CMake package in '/home/ros_workspace/LI-SLAM/src/li_slam_ros2/graph_based_slam'
[0.831s] INFO:colcon.colcon_core.shell:Skip shell extension 'powershell' for command environment: Not usable outside of PowerShell
[0.831s] DEBUG:colcon.colcon_core.shell:Skip shell extension 'dsv' for command environment
[0.837s] INFO:colcon.colcon_ros.task.ament_cmake.build:Building ROS package in '/home/ros_workspace/LI-SLAM/src/li_slam_ros2/scanmatcher' with build type 'ament_cmake'
[0.837s] INFO:colcon.colcon_cmake.task.cmake.build:Building CMake package in '/home/ros_workspace/LI-SLAM/src/li_slam_ros2/scanmatcher'
[0.838s] INFO:colcon.colcon_core.shell:Skip shell extension 'powershell' for command environment: Not usable outside of PowerShell
[0.838s] DEBUG:colcon.colcon_core.shell:Skip shell extension 'dsv' for command environment
[0.851s] DEBUG:colcon.colcon_core.event_handler.log_command:Invoking command in '/home/ros_workspace/LI-SLAM/build/graph_based_slam': AMENT_PREFIX_PATH=/home/ros_workspace/LI-SLAM/install/ndt_omp_ros2:/home/ros_workspace/LI-SLAM/install/lidarslam_msgs:${AMENT_PREFIX_PATH} CMAKE_PREFIX_PATH=/home/ros_workspace/LI-SLAM/install/ndt_omp_ros2:/home/ros_workspace/LI-SLAM/install/lidarslam_msgs:/opt/ros/humble LD_LIBRARY_PATH=/home/ros_workspace/LI-SLAM/install/lidarslam_msgs/lib:${LD_LIBRARY_PATH} PATH=/home/ros_workspace/LI-SLAM/install/ndt_omp_ros2/bin:${PATH} PYTHONPATH=/home/ros_workspace/LI-SLAM/install/lidarslam_msgs/local/lib/python3.10/dist-packages:${PYTHONPATH} /usr/bin/cmake --build /home/ros_workspace/LI-SLAM/build/graph_based_slam -- -j16 -l16
[0.857s] DEBUG:colcon.colcon_core.event_handler.log_command:Invoking command in '/home/ros_workspace/LI-SLAM/build/scanmatcher': AMENT_PREFIX_PATH=/home/ros_workspace/LI-SLAM/install/ndt_omp_ros2:/home/ros_workspace/LI-SLAM/install/lidarslam_msgs:${AMENT_PREFIX_PATH} CMAKE_PREFIX_PATH=/home/ros_workspace/LI-SLAM/install/ndt_omp_ros2:/home/ros_workspace/LI-SLAM/install/lidarslam_msgs:/opt/ros/humble LD_LIBRARY_PATH=/home/ros_workspace/LI-SLAM/install/lidarslam_msgs/lib:${LD_LIBRARY_PATH} PATH=/home/ros_workspace/LI-SLAM/install/ndt_omp_ros2/bin:${PATH} PYTHONPATH=/home/ros_workspace/LI-SLAM/install/lidarslam_msgs/local/lib/python3.10/dist-packages:${PYTHONPATH} /usr/bin/cmake --build /home/ros_workspace/LI-SLAM/build/scanmatcher -- -j16 -l16
[1.021s] DEBUG:colcon.colcon_core.event_handler.log_command:Invoked command in '/home/ros_workspace/LI-SLAM/build/graph_based_slam' returned '0': AMENT_PREFIX_PATH=/home/ros_workspace/LI-SLAM/install/ndt_omp_ros2:/home/ros_workspace/LI-SLAM/install/lidarslam_msgs:${AMENT_PREFIX_PATH} CMAKE_PREFIX_PATH=/home/ros_workspace/LI-SLAM/install/ndt_omp_ros2:/home/ros_workspace/LI-SLAM/install/lidarslam_msgs:/opt/ros/humble LD_LIBRARY_PATH=/home/ros_workspace/LI-SLAM/install/lidarslam_msgs/lib:${LD_LIBRARY_PATH} PATH=/home/ros_workspace/LI-SLAM/install/ndt_omp_ros2/bin:${PATH} PYTHONPATH=/home/ros_workspace/LI-SLAM/install/lidarslam_msgs/local/lib/python3.10/dist-packages:${PYTHONPATH} /usr/bin/cmake --build /home/ros_workspace/LI-SLAM/build/graph_based_slam -- -j16 -l16
[1.022s] DEBUG:colcon.colcon_core.event_handler.log_command:Invoking command in '/home/ros_workspace/LI-SLAM/build/graph_based_slam': AMENT_PREFIX_PATH=/home/ros_workspace/LI-SLAM/install/ndt_omp_ros2:/home/ros_workspace/LI-SLAM/install/lidarslam_msgs:${AMENT_PREFIX_PATH} CMAKE_PREFIX_PATH=/home/ros_workspace/LI-SLAM/install/ndt_omp_ros2:/home/ros_workspace/LI-SLAM/install/lidarslam_msgs:/opt/ros/humble LD_LIBRARY_PATH=/home/ros_workspace/LI-SLAM/install/lidarslam_msgs/lib:${LD_LIBRARY_PATH} PATH=/home/ros_workspace/LI-SLAM/install/ndt_omp_ros2/bin:${PATH} PYTHONPATH=/home/ros_workspace/LI-SLAM/install/lidarslam_msgs/local/lib/python3.10/dist-packages:${PYTHONPATH} /usr/bin/cmake --install /home/ros_workspace/LI-SLAM/build/graph_based_slam
[1.036s] Level 1:colcon.colcon_core.environment:create_environment_scripts_only(graph_based_slam)
[1.036s] Level 1:colcon.colcon_core.environment:checking '/home/ros_workspace/LI-SLAM/install/graph_based_slam' for CMake module files
[1.036s] DEBUG:colcon.colcon_core.event_handler.log_command:Invoked command in '/home/ros_workspace/LI-SLAM/build/graph_based_slam' returned '0': AMENT_PREFIX_PATH=/home/ros_workspace/LI-SLAM/install/ndt_omp_ros2:/home/ros_workspace/LI-SLAM/install/lidarslam_msgs:${AMENT_PREFIX_PATH} CMAKE_PREFIX_PATH=/home/ros_workspace/LI-SLAM/install/ndt_omp_ros2:/home/ros_workspace/LI-SLAM/install/lidarslam_msgs:/opt/ros/humble LD_LIBRARY_PATH=/home/ros_workspace/LI-SLAM/install/lidarslam_msgs/lib:${LD_LIBRARY_PATH} PATH=/home/ros_workspace/LI-SLAM/install/ndt_omp_ros2/bin:${PATH} PYTHONPATH=/home/ros_workspace/LI-SLAM/install/lidarslam_msgs/local/lib/python3.10/dist-packages:${PYTHONPATH} /usr/bin/cmake --install /home/ros_workspace/LI-SLAM/build/graph_based_slam
[1.037s] Level 1:colcon.colcon_core.environment:checking '/home/ros_workspace/LI-SLAM/install/graph_based_slam' for CMake config files
[1.037s] Level 1:colcon.colcon_core.shell:create_environment_hook('graph_based_slam', 'cmake_prefix_path')
[1.037s] INFO:colcon.colcon_core.shell:Creating environment hook '/home/ros_workspace/LI-SLAM/install/graph_based_slam/share/graph_based_slam/hook/cmake_prefix_path.ps1'
[1.038s] INFO:colcon.colcon_core.shell:Creating environment descriptor '/home/ros_workspace/LI-SLAM/install/graph_based_slam/share/graph_based_slam/hook/cmake_prefix_path.dsv'
[1.038s] INFO:colcon.colcon_core.shell:Creating environment hook '/home/ros_workspace/LI-SLAM/install/graph_based_slam/share/graph_based_slam/hook/cmake_prefix_path.sh'
[1.039s] Level 1:colcon.colcon_core.environment:checking '/home/ros_workspace/LI-SLAM/install/graph_based_slam/lib'
[1.039s] Level 1:colcon.colcon_core.shell:create_environment_hook('graph_based_slam', 'ld_library_path_lib')
[1.039s] INFO:colcon.colcon_core.shell:Creating environment hook '/home/ros_workspace/LI-SLAM/install/graph_based_slam/share/graph_based_slam/hook/ld_library_path_lib.ps1'
[1.039s] INFO:colcon.colcon_core.shell:Creating environment descriptor '/home/ros_workspace/LI-SLAM/install/graph_based_slam/share/graph_based_slam/hook/ld_library_path_lib.dsv'
[1.040s] INFO:colcon.colcon_core.shell:Creating environment hook '/home/ros_workspace/LI-SLAM/install/graph_based_slam/share/graph_based_slam/hook/ld_library_path_lib.sh'
[1.040s] Level 1:colcon.colcon_core.environment:checking '/home/ros_workspace/LI-SLAM/install/graph_based_slam/bin'
[1.040s] Level 1:colcon.colcon_core.environment:checking '/home/ros_workspace/LI-SLAM/install/graph_based_slam/lib/pkgconfig/graph_based_slam.pc'
[1.040s] Level 1:colcon.colcon_core.environment:checking '/home/ros_workspace/LI-SLAM/install/graph_based_slam/lib/python3.10/site-packages'
[1.041s] Level 1:colcon.colcon_core.environment:checking '/home/ros_workspace/LI-SLAM/install/graph_based_slam/bin'
[1.041s] INFO:colcon.colcon_core.shell:Creating package script '/home/ros_workspace/LI-SLAM/install/graph_based_slam/share/graph_based_slam/package.ps1'
[1.041s] INFO:colcon.colcon_core.shell:Creating package descriptor '/home/ros_workspace/LI-SLAM/install/graph_based_slam/share/graph_based_slam/package.dsv'
[1.042s] INFO:colcon.colcon_core.shell:Creating package script '/home/ros_workspace/LI-SLAM/install/graph_based_slam/share/graph_based_slam/package.sh'
[1.042s] INFO:colcon.colcon_core.shell:Creating package script '/home/ros_workspace/LI-SLAM/install/graph_based_slam/share/graph_based_slam/package.bash'
[1.042s] INFO:colcon.colcon_core.shell:Creating package script '/home/ros_workspace/LI-SLAM/install/graph_based_slam/share/graph_based_slam/package.zsh'
[1.043s] Level 1:colcon.colcon_core.environment:create_file_with_runtime_dependencies(/home/ros_workspace/LI-SLAM/install/graph_based_slam/share/colcon-core/packages/graph_based_slam)
[1.043s] Level 1:colcon.colcon_core.environment:create_environment_scripts_only(graph_based_slam)
[1.044s] Level 1:colcon.colcon_core.environment:checking '/home/ros_workspace/LI-SLAM/install/graph_based_slam' for CMake module files
[1.044s] Level 1:colcon.colcon_core.environment:checking '/home/ros_workspace/LI-SLAM/install/graph_based_slam' for CMake config files
[1.045s] Level 1:colcon.colcon_core.shell:create_environment_hook('graph_based_slam', 'cmake_prefix_path')
[1.045s] INFO:colcon.colcon_core.shell:Creating environment hook '/home/ros_workspace/LI-SLAM/install/graph_based_slam/share/graph_based_slam/hook/cmake_prefix_path.ps1'
[1.045s] INFO:colcon.colcon_core.shell:Creating environment descriptor '/home/ros_workspace/LI-SLAM/install/graph_based_slam/share/graph_based_slam/hook/cmake_prefix_path.dsv'
[1.046s] INFO:colcon.colcon_core.shell:Creating environment hook '/home/ros_workspace/LI-SLAM/install/graph_based_slam/share/graph_based_slam/hook/cmake_prefix_path.sh'
[1.046s] Level 1:colcon.colcon_core.environment:checking '/home/ros_workspace/LI-SLAM/install/graph_based_slam/lib'
[1.046s] Level 1:colcon.colcon_core.shell:create_environment_hook('graph_based_slam', 'ld_library_path_lib')
[1.047s] INFO:colcon.colcon_core.shell:Creating environment hook '/home/ros_workspace/LI-SLAM/install/graph_based_slam/share/graph_based_slam/hook/ld_library_path_lib.ps1'
[1.047s] INFO:colcon.colcon_core.shell:Creating environment descriptor '/home/ros_workspace/LI-SLAM/install/graph_based_slam/share/graph_based_slam/hook/ld_library_path_lib.dsv'
[1.047s] INFO:colcon.colcon_core.shell:Creating environment hook '/home/ros_workspace/LI-SLAM/install/graph_based_slam/share/graph_based_slam/hook/ld_library_path_lib.sh'
[1.048s] Level 1:colcon.colcon_core.environment:checking '/home/ros_workspace/LI-SLAM/install/graph_based_slam/bin'
[1.048s] Level 1:colcon.colcon_core.environment:checking '/home/ros_workspace/LI-SLAM/install/graph_based_slam/lib/pkgconfig/graph_based_slam.pc'
[1.049s] Level 1:colcon.colcon_core.environment:checking '/home/ros_workspace/LI-SLAM/install/graph_based_slam/lib/python3.10/site-packages'
[1.049s] Level 1:colcon.colcon_core.environment:checking '/home/ros_workspace/LI-SLAM/install/graph_based_slam/bin'
[1.049s] INFO:colcon.colcon_core.shell:Creating package script '/home/ros_workspace/LI-SLAM/install/graph_based_slam/share/graph_based_slam/package.ps1'
[1.050s] INFO:colcon.colcon_core.shell:Creating package descriptor '/home/ros_workspace/LI-SLAM/install/graph_based_slam/share/graph_based_slam/package.dsv'
[1.050s] INFO:colcon.colcon_core.shell:Creating package script '/home/ros_workspace/LI-SLAM/install/graph_based_slam/share/graph_based_slam/package.sh'
[1.051s] INFO:colcon.colcon_core.shell:Creating package script '/home/ros_workspace/LI-SLAM/install/graph_based_slam/share/graph_based_slam/package.bash'
[1.051s] INFO:colcon.colcon_core.shell:Creating package script '/home/ros_workspace/LI-SLAM/install/graph_based_slam/share/graph_based_slam/package.zsh'
[1.051s] Level 1:colcon.colcon_core.environment:create_file_with_runtime_dependencies(/home/ros_workspace/LI-SLAM/install/graph_based_slam/share/colcon-core/packages/graph_based_slam)
[3.517s] DEBUG:colcon.colcon_core.event_handler.log_command:Invoked command in '/home/ros_workspace/LI-SLAM/build/scanmatcher' returned '2': AMENT_PREFIX_PATH=/home/ros_workspace/LI-SLAM/install/ndt_omp_ros2:/home/ros_workspace/LI-SLAM/install/lidarslam_msgs:${AMENT_PREFIX_PATH} CMAKE_PREFIX_PATH=/home/ros_workspace/LI-SLAM/install/ndt_omp_ros2:/home/ros_workspace/LI-SLAM/install/lidarslam_msgs:/opt/ros/humble LD_LIBRARY_PATH=/home/ros_workspace/LI-SLAM/install/lidarslam_msgs/lib:${LD_LIBRARY_PATH} PATH=/home/ros_workspace/LI-SLAM/install/ndt_omp_ros2/bin:${PATH} PYTHONPATH=/home/ros_workspace/LI-SLAM/install/lidarslam_msgs/local/lib/python3.10/dist-packages:${PYTHONPATH} /usr/bin/cmake --build /home/ros_workspace/LI-SLAM/build/scanmatcher -- -j16 -l16
[3.518s] Level 1:colcon.colcon_core.environment:create_environment_scripts_only(scanmatcher)
[3.518s] Level 1:colcon.colcon_core.environment:checking '/home/ros_workspace/LI-SLAM/install/scanmatcher' for CMake module files
[3.518s] Level 1:colcon.colcon_core.environment:checking '/home/ros_workspace/LI-SLAM/install/scanmatcher' for CMake config files
[3.519s] Level 1:colcon.colcon_core.environment:checking '/home/ros_workspace/LI-SLAM/install/scanmatcher/bin'
[3.519s] Level 1:colcon.colcon_core.environment:checking '/home/ros_workspace/LI-SLAM/install/scanmatcher/lib/pkgconfig/scanmatcher.pc'
[3.519s] Level 1:colcon.colcon_core.environment:checking '/home/ros_workspace/LI-SLAM/install/scanmatcher/lib/python3.10/site-packages'
[3.519s] Level 1:colcon.colcon_core.environment:checking '/home/ros_workspace/LI-SLAM/install/scanmatcher/bin'
[3.519s] INFO:colcon.colcon_core.shell:Creating package script '/home/ros_workspace/LI-SLAM/install/scanmatcher/share/scanmatcher/package.ps1'
[3.520s] INFO:colcon.colcon_core.shell:Creating package descriptor '/home/ros_workspace/LI-SLAM/install/scanmatcher/share/scanmatcher/package.dsv'
[3.520s] INFO:colcon.colcon_core.shell:Creating package script '/home/ros_workspace/LI-SLAM/install/scanmatcher/share/scanmatcher/package.sh'
[3.521s] INFO:colcon.colcon_core.shell:Creating package script '/home/ros_workspace/LI-SLAM/install/scanmatcher/share/scanmatcher/package.bash'
[3.521s] INFO:colcon.colcon_core.shell:Creating package script '/home/ros_workspace/LI-SLAM/install/scanmatcher/share/scanmatcher/package.zsh'
[3.521s] Level 1:colcon.colcon_core.environment:create_file_with_runtime_dependencies(/home/ros_workspace/LI-SLAM/install/scanmatcher/share/colcon-core/packages/scanmatcher)
[3.532s] DEBUG:colcon.colcon_parallel_executor.executor.parallel:closing loop
[3.532s] DEBUG:colcon.colcon_parallel_executor.executor.parallel:loop closed
[3.532s] DEBUG:colcon.colcon_parallel_executor.executor.parallel:run_until_complete finished with '2'
[3.532s] DEBUG:colcon.colcon_core.event_reactor:joining thread
[3.538s] INFO:colcon.colcon_core.plugin_system:Skipping extension 'colcon_notification.desktop_notification.notify_send': Could not find 'notify-send'
[3.538s] INFO:colcon.colcon_core.plugin_system:Skipping extension 'colcon_notification.desktop_notification.terminal_notifier': Not used on non-Darwin systems
[3.538s] INFO:colcon.colcon_core.plugin_system:Skipping extension 'colcon_notification.desktop_notification.win32': Not used on non-Windows systems
[3.538s] INFO:colcon.colcon_notification.desktop_notification:Sending desktop notification using 'notify2'
[3.542s] DEBUG:colcon.colcon_notification.desktop_notification.notify2:Failed to initialize notify2: org.freedesktop.DBus.Error.Spawn.ExecFailed: /usr/bin/dbus-launch terminated abnormally without any error message
[3.543s] DEBUG:colcon.colcon_core.event_reactor:joined thread
[3.544s] INFO:colcon.colcon_core.shell:Creating prefix script '/home/ros_workspace/LI-SLAM/install/local_setup.ps1'
[3.546s] INFO:colcon.colcon_core.shell:Creating prefix util module '/home/ros_workspace/LI-SLAM/install/_local_setup_util_ps1.py'
[3.549s] INFO:colcon.colcon_core.shell:Creating prefix chain script '/home/ros_workspace/LI-SLAM/install/setup.ps1'
[3.551s] INFO:colcon.colcon_core.shell:Creating prefix script '/home/ros_workspace/LI-SLAM/install/local_setup.sh'
[3.552s] INFO:colcon.colcon_core.shell:Creating prefix util module '/home/ros_workspace/LI-SLAM/install/_local_setup_util_sh.py'
[3.553s] INFO:colcon.colcon_core.shell:Creating prefix chain script '/home/ros_workspace/LI-SLAM/install/setup.sh'
[3.555s] INFO:colcon.colcon_core.shell:Creating prefix script '/home/ros_workspace/LI-SLAM/install/local_setup.bash'
[3.555s] INFO:colcon.colcon_core.shell:Creating prefix chain script '/home/ros_workspace/LI-SLAM/install/setup.bash'
[3.558s] INFO:colcon.colcon_core.shell:Creating prefix script '/home/ros_workspace/LI-SLAM/install/local_setup.zsh'
[3.559s] INFO:colcon.colcon_core.shell:Creating prefix chain script '/home/ros_workspace/LI-SLAM/install/setup.zsh'
