[3.683s] Invoking command in '/home/ros_workspace/drone/src/republisher': PYTHONPATH=/home/ros_workspace/drone/build/republisher/prefix_override:/usr/lib/python3/dist-packages/colcon_core/task/python/colcon_distutils_commands:/home/ros_workspace/drone/install/republisher/lib/python3.10/site-packages:${PYTHONPATH} /usr/bin/python3 -W ignore:setup.py install is deprecated -W ignore:easy_install command is deprecated setup.py egg_info --egg-base ../../build/republisher build --build-base /home/ros_workspace/drone/build/republisher/build install --record /home/ros_workspace/drone/build/republisher/install.log --single-version-externally-managed install_data
[3.969s] running egg_info
[3.970s] writing ../../build/republisher/republisher.egg-info/PKG-INFO
[3.970s] writing dependency_links to ../../build/republisher/republisher.egg-info/dependency_links.txt
[3.970s] writing entry points to ../../build/republisher/republisher.egg-info/entry_points.txt
[3.970s] writing requirements to ../../build/republisher/republisher.egg-info/requires.txt
[3.970s] writing top-level names to ../../build/republisher/republisher.egg-info/top_level.txt
[3.973s] reading manifest file '../../build/republisher/republisher.egg-info/SOURCES.txt'
[3.983s] writing manifest file '../../build/republisher/republisher.egg-info/SOURCES.txt'
[3.984s] running build
[3.984s] running build_py
[3.984s] running install
[3.984s] running install_lib
[3.986s] running install_data
[3.986s] running install_egg_info
[3.988s] removing '/home/ros_workspace/drone/install/republisher/lib/python3.10/site-packages/republisher-0.0.0-py3.10.egg-info' (and everything under it)
[3.989s] Copying ../../build/republisher/republisher.egg-info to /home/ros_workspace/drone/install/republisher/lib/python3.10/site-packages/republisher-0.0.0-py3.10.egg-info
[3.997s] running install_scripts
[4.024s] Installing republisher_node script to /home/ros_workspace/drone/install/republisher/lib/republisher
[4.024s] writing list of installed files to '/home/ros_workspace/drone/build/republisher/install.log'
[4.079s] Invoked command in '/home/ros_workspace/drone/src/republisher' returned '0': PYTHONPATH=/home/ros_workspace/drone/build/republisher/prefix_override:/usr/lib/python3/dist-packages/colcon_core/task/python/colcon_distutils_commands:/home/ros_workspace/drone/install/republisher/lib/python3.10/site-packages:${PYTHONPATH} /usr/bin/python3 -W ignore:setup.py install is deprecated -W ignore:easy_install command is deprecated setup.py egg_info --egg-base ../../build/republisher build --build-base /home/ros_workspace/drone/build/republisher/build install --record /home/ros_workspace/drone/build/republisher/install.log --single-version-externally-managed install_data
