[0.087s] Invoking command in '/home/ros_workspace/drone/build/px4_ros_com': AMENT_PREFIX_PATH=/home/ros_workspace/drone/install/px4_msgs CMAKE_PREFIX_PATH=/home/ros_workspace/drone/install/px4_msgs LD_LIBRARY_PATH=/home/ros_workspace/drone/install/px4_msgs/lib PYTHONPATH=/home/ros_workspace/drone/install/px4_msgs/local/lib/python3.10/dist-packages /usr/bin/cmake --build /home/ros_workspace/drone/build/px4_ros_com -- -j16 -l16
[1.193s] [  0%] Built target ament_cmake_python_copy_px4_ros_com
[1.428s] running egg_info
[1.429s] writing px4_ros_com.egg-info/PKG-INFO
[1.429s] writing dependency_links to px4_ros_com.egg-info/dependency_links.txt
[1.429s] writing top-level names to px4_ros_com.egg-info/top_level.txt
[1.432s] reading manifest file 'px4_ros_com.egg-info/SOURCES.txt'
[1.439s] writing manifest file 'px4_ros_com.egg-info/SOURCES.txt'
[1.472s] [  0%] Built target ament_cmake_python_build_px4_ros_com_egg
[1.784s] [ 16%] Built target frame_transforms
[1.800s] [ 50%] Built target offboard_control_srv
[1.800s] [ 50%] Built target debug_vect_advertiser
[1.800s] [ 66%] Built target vehicle_gps_position_listener
[1.802s] [ 83%] Built target sensor_combined_listener
[1.804s] [100%] Built target offboard_control
[1.820s] Invoked command in '/home/ros_workspace/drone/build/px4_ros_com' returned '0': AMENT_PREFIX_PATH=/home/ros_workspace/drone/install/px4_msgs CMAKE_PREFIX_PATH=/home/ros_workspace/drone/install/px4_msgs LD_LIBRARY_PATH=/home/ros_workspace/drone/install/px4_msgs/lib PYTHONPATH=/home/ros_workspace/drone/install/px4_msgs/local/lib/python3.10/dist-packages /usr/bin/cmake --build /home/ros_workspace/drone/build/px4_ros_com -- -j16 -l16
[1.824s] Invoking command in '/home/ros_workspace/drone/build/px4_ros_com': AMENT_PREFIX_PATH=/home/ros_workspace/drone/install/px4_msgs CMAKE_PREFIX_PATH=/home/ros_workspace/drone/install/px4_msgs LD_LIBRARY_PATH=/home/ros_workspace/drone/install/px4_msgs/lib PYTHONPATH=/home/ros_workspace/drone/install/px4_msgs/local/lib/python3.10/dist-packages /usr/bin/cmake --install /home/ros_workspace/drone/build/px4_ros_com
[1.833s] -- Install configuration: ""
[1.875s] -- Up-to-date: /home/ros_workspace/drone/install/px4_ros_com/lib/px4_ros_com/sensor_combined_listener
[1.979s] -- Up-to-date: /home/ros_workspace/drone/install/px4_ros_com/lib/px4_ros_com/vehicle_gps_position_listener
[1.986s] -- Up-to-date: /home/ros_workspace/drone/install/px4_ros_com/lib/px4_ros_com/debug_vect_advertiser
[2.095s] -- Up-to-date: /home/ros_workspace/drone/install/px4_ros_com/lib/px4_ros_com/offboard_control
[2.186s] -- Up-to-date: /home/ros_workspace/drone/install/px4_ros_com/lib/px4_ros_com/offboard_control_srv
[2.186s] -- Up-to-date: /home/ros_workspace/drone/install/px4_ros_com/share/px4_ros_com/environment/library_path.sh
[2.186s] -- Up-to-date: /home/ros_workspace/drone/install/px4_ros_com/share/px4_ros_com/environment/library_path.dsv
[2.187s] -- Up-to-date: /home/ros_workspace/drone/install/px4_ros_com/include/px4_ros_com
[2.187s] -- Up-to-date: /home/ros_workspace/drone/install/px4_ros_com/include/px4_ros_com/frame_transforms.h
[2.221s] -- Up-to-date: /home/ros_workspace/drone/install/px4_ros_com/lib/libframe_transforms.so
[2.222s] -- Up-to-date: /home/ros_workspace/drone/install/px4_ros_com/share/px4_ros_com//launch
[2.222s] -- Up-to-date: /home/ros_workspace/drone/install/px4_ros_com/share/px4_ros_com//launch/offboard_control_launch.yaml
[2.223s] -- Up-to-date: /home/ros_workspace/drone/install/px4_ros_com/share/px4_ros_com//launch/sensor_combined_listener.launch.py
[2.223s] -- Up-to-date: /home/ros_workspace/drone/install/px4_ros_com/share/px4_ros_com//test
[2.223s] -- Up-to-date: /home/ros_workspace/drone/install/px4_ros_com/share/px4_ros_com//test/pipeline_io_test.py
[2.223s] -- Up-to-date: /home/ros_workspace/drone/install/px4_ros_com/share/px4_ros_com//test/__init__.py
[2.224s] -- Up-to-date: /home/ros_workspace/drone/install/px4_ros_com/share/px4_ros_com//test/test_input.py
[2.224s] -- Up-to-date: /home/ros_workspace/drone/install/px4_ros_com/share/px4_ros_com//test/test_output.py
[2.224s] -- Up-to-date: /home/ros_workspace/drone/install/px4_ros_com/share/px4_ros_com/environment/pythonpath.sh
[2.224s] -- Up-to-date: /home/ros_workspace/drone/install/px4_ros_com/share/px4_ros_com/environment/pythonpath.dsv
[2.225s] -- Up-to-date: /home/ros_workspace/drone/install/px4_ros_com/local/lib/python3.10/dist-packages/px4_ros_com-0.1.0-py3.10.egg-info
[2.225s] -- Installing: /home/ros_workspace/drone/install/px4_ros_com/local/lib/python3.10/dist-packages/px4_ros_com-0.1.0-py3.10.egg-info/PKG-INFO
[2.225s] -- Installing: /home/ros_workspace/drone/install/px4_ros_com/local/lib/python3.10/dist-packages/px4_ros_com-0.1.0-py3.10.egg-info/SOURCES.txt
[2.226s] -- Installing: /home/ros_workspace/drone/install/px4_ros_com/local/lib/python3.10/dist-packages/px4_ros_com-0.1.0-py3.10.egg-info/dependency_links.txt
[2.226s] -- Installing: /home/ros_workspace/drone/install/px4_ros_com/local/lib/python3.10/dist-packages/px4_ros_com-0.1.0-py3.10.egg-info/top_level.txt
[2.226s] -- Up-to-date: /home/ros_workspace/drone/install/px4_ros_com/local/lib/python3.10/dist-packages/px4_ros_com
[2.226s] -- Up-to-date: /home/ros_workspace/drone/install/px4_ros_com/local/lib/python3.10/dist-packages/px4_ros_com/module_to_import.py
[2.227s] -- Up-to-date: /home/ros_workspace/drone/install/px4_ros_com/local/lib/python3.10/dist-packages/px4_ros_com/__init__.py
[2.342s] Listing '/home/ros_workspace/drone/install/px4_ros_com/local/lib/python3.10/dist-packages/px4_ros_com'...
[2.346s] -- Installing: /home/ros_workspace/drone/install/px4_ros_com/lib/px4_ros_com/offboard_control.py
[2.347s] -- Up-to-date: /home/ros_workspace/drone/install/px4_ros_com/share/ament_index/resource_index/package_run_dependencies/px4_ros_com
[2.347s] -- Up-to-date: /home/ros_workspace/drone/install/px4_ros_com/share/ament_index/resource_index/parent_prefix_path/px4_ros_com
[2.347s] -- Up-to-date: /home/ros_workspace/drone/install/px4_ros_com/share/px4_ros_com/environment/ament_prefix_path.sh
[2.348s] -- Up-to-date: /home/ros_workspace/drone/install/px4_ros_com/share/px4_ros_com/environment/ament_prefix_path.dsv
[2.348s] -- Up-to-date: /home/ros_workspace/drone/install/px4_ros_com/share/px4_ros_com/environment/path.sh
[2.348s] -- Up-to-date: /home/ros_workspace/drone/install/px4_ros_com/share/px4_ros_com/environment/path.dsv
[2.348s] -- Up-to-date: /home/ros_workspace/drone/install/px4_ros_com/share/px4_ros_com/local_setup.bash
[2.348s] -- Up-to-date: /home/ros_workspace/drone/install/px4_ros_com/share/px4_ros_com/local_setup.sh
[2.349s] -- Up-to-date: /home/ros_workspace/drone/install/px4_ros_com/share/px4_ros_com/local_setup.zsh
[2.349s] -- Up-to-date: /home/ros_workspace/drone/install/px4_ros_com/share/px4_ros_com/local_setup.dsv
[2.349s] -- Installing: /home/ros_workspace/drone/install/px4_ros_com/share/px4_ros_com/package.dsv
[2.395s] -- Up-to-date: /home/ros_workspace/drone/install/px4_ros_com/share/ament_index/resource_index/packages/px4_ros_com
[2.395s] -- Up-to-date: /home/ros_workspace/drone/install/px4_ros_com/share/px4_ros_com/cmake/export_frame_transformsExport.cmake
[2.396s] -- Up-to-date: /home/ros_workspace/drone/install/px4_ros_com/share/px4_ros_com/cmake/export_frame_transformsExport-noconfig.cmake
[2.396s] -- Up-to-date: /home/ros_workspace/drone/install/px4_ros_com/share/px4_ros_com/cmake/ament_cmake_export_dependencies-extras.cmake
[2.396s] -- Up-to-date: /home/ros_workspace/drone/install/px4_ros_com/share/px4_ros_com/cmake/ament_cmake_export_targets-extras.cmake
[2.396s] -- Up-to-date: /home/ros_workspace/drone/install/px4_ros_com/share/px4_ros_com/cmake/ament_cmake_export_include_directories-extras.cmake
[2.397s] -- Up-to-date: /home/ros_workspace/drone/install/px4_ros_com/share/px4_ros_com/cmake/ament_cmake_export_libraries-extras.cmake
[2.397s] -- Up-to-date: /home/ros_workspace/drone/install/px4_ros_com/share/px4_ros_com/cmake/px4_ros_comConfig.cmake
[2.397s] -- Up-to-date: /home/ros_workspace/drone/install/px4_ros_com/share/px4_ros_com/cmake/px4_ros_comConfig-version.cmake
[2.397s] -- Up-to-date: /home/ros_workspace/drone/install/px4_ros_com/share/px4_ros_com/package.xml
[2.401s] Invoked command in '/home/ros_workspace/drone/build/px4_ros_com' returned '0': AMENT_PREFIX_PATH=/home/ros_workspace/drone/install/px4_msgs CMAKE_PREFIX_PATH=/home/ros_workspace/drone/install/px4_msgs LD_LIBRARY_PATH=/home/ros_workspace/drone/install/px4_msgs/lib PYTHONPATH=/home/ros_workspace/drone/install/px4_msgs/local/lib/python3.10/dist-packages /usr/bin/cmake --install /home/ros_workspace/drone/build/px4_ros_com
