[3.661s] Invoking command in '/home/ros_workspace/drone/src/republisher': PYTHONPATH=/home/ros_workspace/drone/build/republisher/prefix_override:/usr/lib/python3/dist-packages/colcon_core/task/python/colcon_distutils_commands:/home/ros_workspace/drone/install/republisher/lib/python3.10/site-packages:${PYTHONPATH} /usr/bin/python3 -W ignore:setup.py install is deprecated -W ignore:easy_install command is deprecated setup.py egg_info --egg-base ../../build/republisher build --build-base /home/ros_workspace/drone/build/republisher/build install --record /home/ros_workspace/drone/build/republisher/install.log --single-version-externally-managed install_data
[4.006s] running egg_info
[4.007s] writing ../../build/republisher/republisher.egg-info/PKG-INFO
[4.007s] writing dependency_links to ../../build/republisher/republisher.egg-info/dependency_links.txt
[4.008s] writing entry points to ../../build/republisher/republisher.egg-info/entry_points.txt
[4.008s] writing requirements to ../../build/republisher/republisher.egg-info/requires.txt
[4.008s] writing top-level names to ../../build/republisher/republisher.egg-info/top_level.txt
[4.010s] reading manifest file '../../build/republisher/republisher.egg-info/SOURCES.txt'
[4.081s] writing manifest file '../../build/republisher/republisher.egg-info/SOURCES.txt'
[4.081s] running build
[4.081s] running build_py
[4.081s] running install
[4.081s] running install_lib
[4.083s] running install_data
[4.083s] running install_egg_info
[4.085s] removing '/home/ros_workspace/drone/install/republisher/lib/python3.10/site-packages/republisher-0.0.0-py3.10.egg-info' (and everything under it)
[4.086s] Copying ../../build/republisher/republisher.egg-info to /home/ros_workspace/drone/install/republisher/lib/python3.10/site-packages/republisher-0.0.0-py3.10.egg-info
[4.093s] running install_scripts
[4.117s] Installing republisher_node script to /home/ros_workspace/drone/install/republisher/lib/republisher
[4.117s] writing list of installed files to '/home/ros_workspace/drone/build/republisher/install.log'
[4.159s] Invoked command in '/home/ros_workspace/drone/src/republisher' returned '0': PYTHONPATH=/home/ros_workspace/drone/build/republisher/prefix_override:/usr/lib/python3/dist-packages/colcon_core/task/python/colcon_distutils_commands:/home/ros_workspace/drone/install/republisher/lib/python3.10/site-packages:${PYTHONPATH} /usr/bin/python3 -W ignore:setup.py install is deprecated -W ignore:easy_install command is deprecated setup.py egg_info --egg-base ../../build/republisher build --build-base /home/ros_workspace/drone/build/republisher/build install --record /home/ros_workspace/drone/build/republisher/install.log --single-version-externally-managed install_data
