[0.060s] Invoking command in '/home/ros_workspace/LI-SLAM/build/ndt_omp_ros2': CMAKE_PREFIX_PATH=/opt/ros/humble /usr/bin/cmake /home/ros_workspace/LI-SLAM/src/li_slam_ros2/Thirdparty/ndt_omp_ros2 -DCMAKE_BUILD_TYPE=Release -DCMAKE_INSTALL_PREFIX=/home/ros_workspace/LI-SLAM/install/ndt_omp_ros2
[2.218s] -- The C compiler identification is GNU 11.4.0
[3.007s] -- The CXX compiler identification is GNU 11.4.0
[3.053s] -- Detecting C compiler ABI info
[3.382s] -- Detecting C compiler ABI info - done
[3.398s] -- Check for working C compiler: /usr/bin/cc - skipped
[3.399s] -- Detecting C compile features
[3.423s] -- Detecting C compile features - done
[3.430s] -- Detecting CXX compiler ABI info
[3.576s] -- Detecting CXX compiler ABI info - done
[3.594s] -- Check for working CXX compiler: /usr/bin/c++ - skipped
[3.595s] -- Detecting CXX compile features
[3.596s] -- Detecting CXX compile features - done
[3.674s] -- Found ament_cmake: 1.3.12 (/opt/ros/humble/share/ament_cmake/cmake)
[4.019s] -- Found Python3: /usr/bin/python3 (found version "3.10.12") found components: Interpreter 
[4.352s] -- Found rclcpp: 16.0.15 (/opt/ros/humble/share/rclcpp/cmake)
[4.689s] -- Found rosidl_generator_c: 3.1.7 (/opt/ros/humble/share/rosidl_generator_c/cmake)
[4.741s] -- Found rosidl_adapter: 3.1.7 (/opt/ros/humble/share/rosidl_adapter/cmake)
[4.783s] -- Found rosidl_generator_cpp: 3.1.7 (/opt/ros/humble/share/rosidl_generator_cpp/cmake)
[4.856s] -- Using all available rosidl_typesupport_c: rosidl_typesupport_fastrtps_c;rosidl_typesupport_introspection_c
[4.922s] -- Using all available rosidl_typesupport_cpp: rosidl_typesupport_fastrtps_cpp;rosidl_typesupport_introspection_cpp
[5.199s] -- Found rmw_implementation_cmake: 6.1.2 (/opt/ros/humble/share/rmw_implementation_cmake/cmake)
[5.233s] -- Found rmw_fastrtps_cpp: 6.2.9 (/opt/ros/humble/share/rmw_fastrtps_cpp/cmake)
[6.925s] -- Found OpenSSL: /usr/lib/x86_64-linux-gnu/libcrypto.so (found version "3.0.2")  
[7.010s] -- Found FastRTPS: /opt/ros/humble/include  
[7.088s] -- Using RMW implementation 'rmw_fastrtps_cpp' as default
[7.201s] -- Looking for pthread.h
[7.513s] -- Looking for pthread.h - found
[7.514s] -- Performing Test CMAKE_HAVE_LIBC_PTHREAD
[7.646s] -- Performing Test CMAKE_HAVE_LIBC_PTHREAD - Success
[7.648s] -- Found Threads: TRUE  
[7.959s] -- Checking for module 'eigen3'
[8.006s] --   Found eigen3, version 3.4.0
[8.150s] -- Found Eigen: /usr/include/eigen3 (Required is at least version "3.1") 
[8.150s] -- Eigen found (include: /usr/include/eigen3, version: 3.4.0)
[8.432s] -- Found Boost: /usr/lib/x86_64-linux-gnu/cmake/Boost-1.74.0/BoostConfig.cmake (found suitable version "1.74.0", minimum required is "1.65.0") found components: system filesystem date_time iostreams serialization 
[8.569s] -- Checking for module 'flann'
[8.649s] --   Found flann, version 1.9.1
[8.719s] -- Found FLANN: /usr/lib/x86_64-linux-gnu/libflann_cpp.so  
[8.719s] -- FLANN found (include: /usr/include, lib: /usr/lib/x86_64-linux-gnu/libflann_cpp.so)
[8.890s] -- Found GLEW: /usr/lib/x86_64-linux-gnu/libGLEW.so  
[8.934s] -- Found OpenGL: /usr/lib/x86_64-linux-gnu/libOpenGL.so  found components: OpenGL GLX 
[10.728s] -- Found MPI_C: /usr/lib/x86_64-linux-gnu/libmpi.so (found version "3.1") 
[10.729s] -- Found MPI: TRUE (found version "3.1") found components: C 
[10.959s] -- Found JsonCpp: /usr/lib/x86_64-linux-gnu/libjsoncpp.so (found suitable version "1.9.5", minimum required is "0.7.0") 
[11.172s] -- Found ZLIB: /usr/lib/x86_64-linux-gnu/libz.so (found version "1.2.11") 
[11.413s] -- Found PNG: /usr/lib/x86_64-linux-gnu/libpng.so (found version "1.6.37") 
[12.496s] -- Found Eigen3: /usr/include/eigen3 (found version "3.4.0") 
[13.307s] -- Found X11: /usr/include   
[13.356s] -- Looking for XOpenDisplay in /usr/lib/x86_64-linux-gnu/libX11.so;/usr/lib/x86_64-linux-gnu/libXext.so
[13.462s] -- Looking for XOpenDisplay in /usr/lib/x86_64-linux-gnu/libX11.so;/usr/lib/x86_64-linux-gnu/libXext.so - found
[13.463s] -- Looking for gethostbyname
[13.545s] -- Looking for gethostbyname - found
[13.545s] -- Looking for connect
[13.638s] -- Looking for connect - found
[13.638s] -- Looking for remove
[13.724s] -- Looking for remove - found
[13.724s] -- Looking for shmat
[13.807s] -- Looking for shmat - found
[13.807s] -- Looking for IceConnectionNumber in ICE
[13.930s] -- Looking for IceConnectionNumber in ICE - found
[14.491s] -- Found EXPAT: /usr/lib/x86_64-linux-gnu/libexpat.so (found version "2.4.7") 
[14.634s] -- Found double-conversion: /usr/lib/x86_64-linux-gnu/libdouble-conversion.so  
[14.772s] -- Found LZ4: /usr/lib/x86_64-linux-gnu/liblz4.so (found version "1.9.3") 
[14.818s] -- Found LZMA: /usr/lib/x86_64-linux-gnu/liblzma.so (found version "5.2.5") 
[16.462s] -- Found JPEG: /usr/lib/x86_64-linux-gnu/libjpeg.so (found version "80") 
[16.517s] -- Found TIFF: /usr/lib/x86_64-linux-gnu/libtiff.so (found version "4.3.0")  
[16.534s] -- Found Freetype: /usr/lib/x86_64-linux-gnu/libfreetype.so (found version "2.11.1") 
[16.565s] -- Found utf8cpp: /usr/include/utf8cpp  
[16.876s] -- Checking for module 'libusb-1.0'
[16.915s] --   Found libusb-1.0, version 1.0.25
[16.994s] -- Found libusb: /usr/lib/x86_64-linux-gnu/libusb-1.0.so  
[16.997s] -- Found OpenNI: /usr/lib/libOpenNI.so;libusb::libusb (found version "1.5.4.0") 
[16.997s] -- OpenNI found (version: 1.5.4.0, include: /usr/include/ni, lib: /usr/lib/libOpenNI.so;libusb::libusb)
[17.099s] -- Found OpenNI2: /usr/lib/x86_64-linux-gnu/libOpenNI2.so;libusb::libusb (found version "2.2.0.33") 
[17.099s] [0m** WARNING ** io features related to pcap will be disabled[0m
[17.099s] -- OpenNI2 found (version: 2.2.0.33, include: /usr/include/openni2, lib: /usr/lib/x86_64-linux-gnu/libOpenNI2.so;libusb::libusb)
[17.285s] -- Eigen found (include: /usr/include/eigen3, version: 3.4.0)
[17.296s] -- OpenNI found (version: 1.5.4.0, include: /usr/include/ni, lib: /usr/lib/libOpenNI.so;libusb::libusb)
[17.305s] -- OpenNI2 found (version: 2.2.0.33, include: /usr/include/openni2, lib: /usr/lib/x86_64-linux-gnu/libOpenNI2.so;libusb::libusb)
[17.516s] -- Found Qhull version 8.0.2
[17.702s] -- OpenNI found (version: 1.5.4.0, include: /usr/include/ni, lib: /usr/lib/libOpenNI.so;libusb::libusb)
[17.887s] -- looking for PCL_COMMON
[17.888s] -- Found PCL_COMMON: /usr/lib/x86_64-linux-gnu/libpcl_common.so  
[17.889s] -- looking for PCL_KDTREE
[17.890s] -- Found PCL_KDTREE: /usr/lib/x86_64-linux-gnu/libpcl_kdtree.so  
[17.890s] -- looking for PCL_OCTREE
[17.891s] -- Found PCL_OCTREE: /usr/lib/x86_64-linux-gnu/libpcl_octree.so  
[17.891s] -- looking for PCL_SEARCH
[17.892s] -- Found PCL_SEARCH: /usr/lib/x86_64-linux-gnu/libpcl_search.so  
[17.892s] -- looking for PCL_SAMPLE_CONSENSUS
[17.893s] -- Found PCL_SAMPLE_CONSENSUS: /usr/lib/x86_64-linux-gnu/libpcl_sample_consensus.so  
[17.893s] -- looking for PCL_FILTERS
[17.894s] -- Found PCL_FILTERS: /usr/lib/x86_64-linux-gnu/libpcl_filters.so  
[17.894s] -- looking for PCL_2D
[17.895s] -- Found PCL_2D: /usr/include/pcl-1.12  
[17.895s] -- looking for PCL_GEOMETRY
[17.895s] -- Found PCL_GEOMETRY: /usr/include/pcl-1.12  
[17.895s] -- looking for PCL_IO
[17.896s] -- Found PCL_IO: /usr/lib/x86_64-linux-gnu/libpcl_io.so  
[17.897s] -- looking for PCL_FEATURES
[17.898s] -- Found PCL_FEATURES: /usr/lib/x86_64-linux-gnu/libpcl_features.so  
[17.898s] -- looking for PCL_ML
[17.899s] -- Found PCL_ML: /usr/lib/x86_64-linux-gnu/libpcl_ml.so  
[17.899s] -- looking for PCL_SEGMENTATION
[17.900s] -- Found PCL_SEGMENTATION: /usr/lib/x86_64-linux-gnu/libpcl_segmentation.so  
[17.900s] -- looking for PCL_VISUALIZATION
[17.901s] -- Found PCL_VISUALIZATION: /usr/lib/x86_64-linux-gnu/libpcl_visualization.so  
[17.901s] -- looking for PCL_SURFACE
[17.902s] -- Found PCL_SURFACE: /usr/lib/x86_64-linux-gnu/libpcl_surface.so  
[17.902s] -- looking for PCL_REGISTRATION
[17.903s] -- Found PCL_REGISTRATION: /usr/lib/x86_64-linux-gnu/libpcl_registration.so  
[17.903s] -- looking for PCL_KEYPOINTS
[17.904s] -- Found PCL_KEYPOINTS: /usr/lib/x86_64-linux-gnu/libpcl_keypoints.so  
[17.904s] -- looking for PCL_TRACKING
[17.905s] -- Found PCL_TRACKING: /usr/lib/x86_64-linux-gnu/libpcl_tracking.so  
[17.905s] -- looking for PCL_RECOGNITION
[17.906s] -- Found PCL_RECOGNITION: /usr/lib/x86_64-linux-gnu/libpcl_recognition.so  
[17.906s] -- looking for PCL_STEREO
[17.907s] -- Found PCL_STEREO: /usr/lib/x86_64-linux-gnu/libpcl_stereo.so  
[17.907s] -- looking for PCL_APPS
[17.908s] -- Found PCL_APPS: /usr/lib/x86_64-linux-gnu/libpcl_apps.so  
[17.908s] -- looking for PCL_IN_HAND_SCANNER
[17.909s] -- Found PCL_IN_HAND_SCANNER: /usr/include/pcl-1.12  
[17.909s] -- looking for PCL_MODELER
[17.909s] -- Found PCL_MODELER: /usr/include/pcl-1.12  
[17.909s] -- looking for PCL_POINT_CLOUD_EDITOR
[17.938s] -- Found PCL_POINT_CLOUD_EDITOR: /usr/include/pcl-1.12  
[17.938s] -- looking for PCL_OUTOFCORE
[17.940s] -- Found PCL_OUTOFCORE: /usr/lib/x86_64-linux-gnu/libpcl_outofcore.so  
[17.940s] -- looking for PCL_PEOPLE
[17.941s] -- Found PCL_PEOPLE: /usr/lib/x86_64-linux-gnu/libpcl_people.so  
[17.942s] -- Found PCL: pcl_common;pcl_kdtree;pcl_octree;pcl_search;pcl_sample_consensus;pcl_filters;pcl_io;pcl_features;pcl_ml;pcl_segmentation;pcl_visualization;pcl_surface;pcl_registration;pcl_keypoints;pcl_tracking;pcl_recognition;pcl_stereo;pcl_apps;pcl_outofcore;pcl_people;Boost::system;Boost::filesystem;Boost::date_time;Boost::iostreams;Boost::serialization;/usr/lib/libOpenNI.so;libusb::libusb;/usr/lib/x86_64-linux-gnu/libOpenNI2.so;libusb::libusb;VTK::ChartsCore;VTK::CommonColor;VTK::CommonComputationalGeometry;VTK::CommonCore;VTK::CommonDataModel;VTK::CommonExecutionModel;VTK::CommonMath;VTK::CommonMisc;VTK::CommonTransforms;VTK::FiltersCore;VTK::FiltersExtraction;VTK::FiltersGeneral;VTK::FiltersGeometry;VTK::FiltersModeling;VTK::FiltersSources;VTK::ImagingCore;VTK::ImagingSources;VTK::InteractionImage;VTK::InteractionStyle;VTK::InteractionWidgets;VTK::IOCore;VTK::IOGeometry;VTK::IOImage;VTK::IOLegacy;VTK::IOPLY;VTK::RenderingAnnotation;VTK::RenderingCore;VTK::RenderingContext2D;VTK::RenderingLOD;VTK::RenderingFreeType;VTK::ViewsCore;VTK::ViewsContext2D;VTK::RenderingOpenGL2;VTK::GUISupportQt;FLANN::FLANN;QHULL::QHULL (Required is at least version "1.12") 
[17.942s] -- PCL_INCLUDE_DIRS:/usr/include/pcl-1.12/usr/include/eigen3/usr/include/usr/include/ni/usr/include/openni2
[17.942s] -- PCL_LIBRARY_DIRS:/usr/lib/x86_64-linux-gnu
[17.942s] -- PCL_DEFINITIONS:-DDISABLE_PCAP
[18.375s] -- Found OpenMP_C: -fopenmp (found version "4.5") 
[18.504s] -- Found OpenMP_CXX: -fopenmp (found version "4.5") 
[18.504s] -- Found OpenMP: TRUE (found version "4.5")  
[18.606s] -- Configuring done
[18.699s] -- Generating done
[18.711s] -- Build files have been written to: /home/ros_workspace/LI-SLAM/build/ndt_omp_ros2
[18.729s] Invoked command in '/home/ros_workspace/LI-SLAM/build/ndt_omp_ros2' returned '0': CMAKE_PREFIX_PATH=/opt/ros/humble /usr/bin/cmake /home/ros_workspace/LI-SLAM/src/li_slam_ros2/Thirdparty/ndt_omp_ros2 -DCMAKE_BUILD_TYPE=Release -DCMAKE_INSTALL_PREFIX=/home/ros_workspace/LI-SLAM/install/ndt_omp_ros2
[18.731s] Invoking command in '/home/ros_workspace/LI-SLAM/build/ndt_omp_ros2': CMAKE_PREFIX_PATH=/opt/ros/humble /usr/bin/cmake --build /home/ros_workspace/LI-SLAM/build/ndt_omp_ros2 -- -j16 -l16
[18.812s] [ 16%] [32mBuilding CXX object CMakeFiles/ndt_omp.dir/src/pclomp/voxel_grid_covariance_omp.cpp.o[0m
[18.812s] [ 33%] [32mBuilding CXX object CMakeFiles/ndt_omp.dir/src/pclomp/ndt_omp.cpp.o[0m
[18.812s] [ 50%] [32mBuilding CXX object CMakeFiles/ndt_omp.dir/src/pclomp/gicp_omp.cpp.o[0m
[36.160s] [ 66%] [32m[1mLinking CXX static library libndt_omp.a[0m
[38.451s] [ 66%] Built target ndt_omp
[38.490s] [ 83%] [32mBuilding CXX object CMakeFiles/align.dir/apps/align.cpp.o[0m
[65.897s] [100%] [32m[1mLinking CXX executable align[0m
[68.727s] [100%] Built target align
[68.748s] Invoked command in '/home/ros_workspace/LI-SLAM/build/ndt_omp_ros2' returned '0': CMAKE_PREFIX_PATH=/opt/ros/humble /usr/bin/cmake --build /home/ros_workspace/LI-SLAM/build/ndt_omp_ros2 -- -j16 -l16
[68.751s] Invoking command in '/home/ros_workspace/LI-SLAM/build/ndt_omp_ros2': CMAKE_PREFIX_PATH=/opt/ros/humble /usr/bin/cmake --install /home/ros_workspace/LI-SLAM/build/ndt_omp_ros2
[68.765s] -- Install configuration: "RELEASE"
[68.765s] -- Installing: /home/ros_workspace/LI-SLAM/install/ndt_omp_ros2/lib/ndt_omp_ros2/align
[68.767s] -- Set runtime path of "/home/ros_workspace/LI-SLAM/install/ndt_omp_ros2/lib/ndt_omp_ros2/align" to ""
[68.767s] -- Installing: /home/ros_workspace/LI-SLAM/install/ndt_omp_ros2/bin/align
[68.768s] -- Set runtime path of "/home/ros_workspace/LI-SLAM/install/ndt_omp_ros2/bin/align" to ""
[68.768s] -- Installing: /home/ros_workspace/LI-SLAM/install/ndt_omp_ros2/include
[68.769s] -- Installing: /home/ros_workspace/LI-SLAM/install/ndt_omp_ros2/include/pclomp
[68.769s] -- Installing: /home/ros_workspace/LI-SLAM/install/ndt_omp_ros2/include/pclomp/ndt_omp_impl.hpp
[68.769s] -- Installing: /home/ros_workspace/LI-SLAM/install/ndt_omp_ros2/include/pclomp/voxel_grid_covariance_omp.h
[68.769s] -- Installing: /home/ros_workspace/LI-SLAM/install/ndt_omp_ros2/include/pclomp/gicp_omp_impl.hpp
[68.769s] -- Installing: /home/ros_workspace/LI-SLAM/install/ndt_omp_ros2/include/pclomp/voxel_grid_covariance_omp_impl.hpp
[68.769s] -- Installing: /home/ros_workspace/LI-SLAM/install/ndt_omp_ros2/include/pclomp/gicp_omp.h
[68.770s] -- Installing: /home/ros_workspace/LI-SLAM/install/ndt_omp_ros2/include/pclomp/ndt_omp.h
[68.770s] -- Installing: /home/ros_workspace/LI-SLAM/install/ndt_omp_ros2/share/ament_index/resource_index/package_run_dependencies/ndt_omp_ros2
[68.770s] -- Installing: /home/ros_workspace/LI-SLAM/install/ndt_omp_ros2/share/ament_index/resource_index/parent_prefix_path/ndt_omp_ros2
[68.770s] -- Installing: /home/ros_workspace/LI-SLAM/install/ndt_omp_ros2/share/ndt_omp_ros2/environment/ament_prefix_path.sh
[68.770s] -- Installing: /home/ros_workspace/LI-SLAM/install/ndt_omp_ros2/share/ndt_omp_ros2/environment/ament_prefix_path.dsv
[68.771s] -- Installing: /home/ros_workspace/LI-SLAM/install/ndt_omp_ros2/share/ndt_omp_ros2/environment/path.sh
[68.771s] -- Installing: /home/ros_workspace/LI-SLAM/install/ndt_omp_ros2/share/ndt_omp_ros2/environment/path.dsv
[68.771s] -- Installing: /home/ros_workspace/LI-SLAM/install/ndt_omp_ros2/share/ndt_omp_ros2/local_setup.bash
[68.771s] -- Installing: /home/ros_workspace/LI-SLAM/install/ndt_omp_ros2/share/ndt_omp_ros2/local_setup.sh
[68.771s] -- Installing: /home/ros_workspace/LI-SLAM/install/ndt_omp_ros2/share/ndt_omp_ros2/local_setup.zsh
[68.772s] -- Installing: /home/ros_workspace/LI-SLAM/install/ndt_omp_ros2/share/ndt_omp_ros2/local_setup.dsv
[68.772s] -- Installing: /home/ros_workspace/LI-SLAM/install/ndt_omp_ros2/share/ndt_omp_ros2/package.dsv
[68.772s] -- Installing: /home/ros_workspace/LI-SLAM/install/ndt_omp_ros2/share/ament_index/resource_index/packages/ndt_omp_ros2
[68.772s] -- Installing: /home/ros_workspace/LI-SLAM/install/ndt_omp_ros2/share/ndt_omp_ros2/cmake/ament_cmake_export_dependencies-extras.cmake
[68.772s] -- Installing: /home/ros_workspace/LI-SLAM/install/ndt_omp_ros2/share/ndt_omp_ros2/cmake/ament_cmake_export_include_directories-extras.cmake
[68.773s] -- Installing: /home/ros_workspace/LI-SLAM/install/ndt_omp_ros2/share/ndt_omp_ros2/cmake/ndt_omp_ros2Config.cmake
[68.773s] -- Installing: /home/ros_workspace/LI-SLAM/install/ndt_omp_ros2/share/ndt_omp_ros2/cmake/ndt_omp_ros2Config-version.cmake
[68.773s] -- Installing: /home/ros_workspace/LI-SLAM/install/ndt_omp_ros2/share/ndt_omp_ros2/package.xml
[68.776s] Invoked command in '/home/ros_workspace/LI-SLAM/build/ndt_omp_ros2' returned '0': CMAKE_PREFIX_PATH=/opt/ros/humble /usr/bin/cmake --install /home/ros_workspace/LI-SLAM/build/ndt_omp_ros2
