[0.017s] Invoking command in '/home/ros_workspace/LI-SLAM/build/graph_based_slam': AMENT_PREFIX_PATH=/home/ros_workspace/LI-SLAM/install/ndt_omp_ros2:/home/ros_workspace/LI-SLAM/install/lidarslam_msgs:${AMENT_PREFIX_PATH} CMAKE_PREFIX_PATH=/home/ros_workspace/LI-SLAM/install/ndt_omp_ros2:/home/ros_workspace/LI-SLAM/install/lidarslam_msgs:/opt/ros/humble LD_LIBRARY_PATH=/home/ros_workspace/LI-SLAM/install/lidarslam_msgs/lib:${LD_LIBRARY_PATH} PATH=/home/ros_workspace/LI-SLAM/install/ndt_omp_ros2/bin:${PATH} PYTHONPATH=/home/ros_workspace/LI-SLAM/install/lidarslam_msgs/local/lib/python3.10/dist-packages:${PYTHONPATH} /usr/bin/cmake --build /home/ros_workspace/LI-SLAM/build/graph_based_slam -- -j16 -l16
[0.111s] [ 50%] Built target graph_based_slam_component
[0.161s] [100%] Built target graph_based_slam_node
[0.176s] Invoked command in '/home/ros_workspace/LI-SLAM/build/graph_based_slam' returned '0': AMENT_PREFIX_PATH=/home/ros_workspace/LI-SLAM/install/ndt_omp_ros2:/home/ros_workspace/LI-SLAM/install/lidarslam_msgs:${AMENT_PREFIX_PATH} CMAKE_PREFIX_PATH=/home/ros_workspace/LI-SLAM/install/ndt_omp_ros2:/home/ros_workspace/LI-SLAM/install/lidarslam_msgs:/opt/ros/humble LD_LIBRARY_PATH=/home/ros_workspace/LI-SLAM/install/lidarslam_msgs/lib:${LD_LIBRARY_PATH} PATH=/home/ros_workspace/LI-SLAM/install/ndt_omp_ros2/bin:${PATH} PYTHONPATH=/home/ros_workspace/LI-SLAM/install/lidarslam_msgs/local/lib/python3.10/dist-packages:${PYTHONPATH} /usr/bin/cmake --build /home/ros_workspace/LI-SLAM/build/graph_based_slam -- -j16 -l16
[0.178s] Invoking command in '/home/ros_workspace/LI-SLAM/build/graph_based_slam': AMENT_PREFIX_PATH=/home/ros_workspace/LI-SLAM/install/ndt_omp_ros2:/home/ros_workspace/LI-SLAM/install/lidarslam_msgs:${AMENT_PREFIX_PATH} CMAKE_PREFIX_PATH=/home/ros_workspace/LI-SLAM/install/ndt_omp_ros2:/home/ros_workspace/LI-SLAM/install/lidarslam_msgs:/opt/ros/humble LD_LIBRARY_PATH=/home/ros_workspace/LI-SLAM/install/lidarslam_msgs/lib:${LD_LIBRARY_PATH} PATH=/home/ros_workspace/LI-SLAM/install/ndt_omp_ros2/bin:${PATH} PYTHONPATH=/home/ros_workspace/LI-SLAM/install/lidarslam_msgs/local/lib/python3.10/dist-packages:${PYTHONPATH} /usr/bin/cmake --install /home/ros_workspace/LI-SLAM/build/graph_based_slam
[0.187s] -- Install configuration: "Release"
[0.188s] -- Up-to-date: /home/ros_workspace/LI-SLAM/install/graph_based_slam/share/graph_based_slam/environment/library_path.sh
[0.188s] -- Up-to-date: /home/ros_workspace/LI-SLAM/install/graph_based_slam/share/graph_based_slam/environment/library_path.dsv
[0.188s] -- Up-to-date: /home/ros_workspace/LI-SLAM/install/graph_based_slam/include
[0.188s] -- Up-to-date: /home/ros_workspace/LI-SLAM/install/graph_based_slam/include/graph_based_slam
[0.188s] -- Up-to-date: /home/ros_workspace/LI-SLAM/install/graph_based_slam/include/graph_based_slam/graph_based_slam_component.h
[0.188s] -- Up-to-date: /home/ros_workspace/LI-SLAM/install/graph_based_slam/share/graph_based_slam/launch
[0.188s] -- Up-to-date: /home/ros_workspace/LI-SLAM/install/graph_based_slam/share/graph_based_slam/launch/graphbasedslam.launch.py
[0.189s] -- Up-to-date: /home/ros_workspace/LI-SLAM/install/graph_based_slam/share/graph_based_slam/param
[0.189s] -- Up-to-date: /home/ros_workspace/LI-SLAM/install/graph_based_slam/share/graph_based_slam/param/graphbasedslam.yaml
[0.189s] -- Up-to-date: /home/ros_workspace/LI-SLAM/install/graph_based_slam/lib/libgraph_based_slam_component.so
[0.189s] -- Up-to-date: /home/ros_workspace/LI-SLAM/install/graph_based_slam/lib/graph_based_slam/graph_based_slam_node
[0.189s] -- Up-to-date: /home/ros_workspace/LI-SLAM/install/graph_based_slam/share/ament_index/resource_index/package_run_dependencies/graph_based_slam
[0.189s] -- Up-to-date: /home/ros_workspace/LI-SLAM/install/graph_based_slam/share/ament_index/resource_index/parent_prefix_path/graph_based_slam
[0.189s] -- Up-to-date: /home/ros_workspace/LI-SLAM/install/graph_based_slam/share/graph_based_slam/environment/ament_prefix_path.sh
[0.190s] -- Up-to-date: /home/ros_workspace/LI-SLAM/install/graph_based_slam/share/graph_based_slam/environment/ament_prefix_path.dsv
[0.190s] -- Up-to-date: /home/ros_workspace/LI-SLAM/install/graph_based_slam/share/graph_based_slam/environment/path.sh
[0.190s] -- Up-to-date: /home/ros_workspace/LI-SLAM/install/graph_based_slam/share/graph_based_slam/environment/path.dsv
[0.190s] -- Up-to-date: /home/ros_workspace/LI-SLAM/install/graph_based_slam/share/graph_based_slam/local_setup.bash
[0.190s] -- Up-to-date: /home/ros_workspace/LI-SLAM/install/graph_based_slam/share/graph_based_slam/local_setup.sh
[0.190s] -- Up-to-date: /home/ros_workspace/LI-SLAM/install/graph_based_slam/share/graph_based_slam/local_setup.zsh
[0.190s] -- Up-to-date: /home/ros_workspace/LI-SLAM/install/graph_based_slam/share/graph_based_slam/local_setup.dsv
[0.190s] -- Installing: /home/ros_workspace/LI-SLAM/install/graph_based_slam/share/graph_based_slam/package.dsv
[0.190s] -- Up-to-date: /home/ros_workspace/LI-SLAM/install/graph_based_slam/share/ament_index/resource_index/packages/graph_based_slam
[0.191s] -- Up-to-date: /home/ros_workspace/LI-SLAM/install/graph_based_slam/share/ament_index/resource_index/rclcpp_components/graph_based_slam
[0.191s] -- Up-to-date: /home/ros_workspace/LI-SLAM/install/graph_based_slam/share/graph_based_slam/cmake/ament_cmake_export_libraries-extras.cmake
[0.191s] -- Up-to-date: /home/ros_workspace/LI-SLAM/install/graph_based_slam/share/graph_based_slam/cmake/ament_cmake_export_include_directories-extras.cmake
[0.191s] -- Up-to-date: /home/ros_workspace/LI-SLAM/install/graph_based_slam/share/graph_based_slam/cmake/graph_based_slamConfig.cmake
[0.191s] -- Up-to-date: /home/ros_workspace/LI-SLAM/install/graph_based_slam/share/graph_based_slam/cmake/graph_based_slamConfig-version.cmake
[0.191s] -- Up-to-date: /home/ros_workspace/LI-SLAM/install/graph_based_slam/share/graph_based_slam/package.xml
[0.193s] Invoked command in '/home/ros_workspace/LI-SLAM/build/graph_based_slam' returned '0': AMENT_PREFIX_PATH=/home/ros_workspace/LI-SLAM/install/ndt_omp_ros2:/home/ros_workspace/LI-SLAM/install/lidarslam_msgs:${AMENT_PREFIX_PATH} CMAKE_PREFIX_PATH=/home/ros_workspace/LI-SLAM/install/ndt_omp_ros2:/home/ros_workspace/LI-SLAM/install/lidarslam_msgs:/opt/ros/humble LD_LIBRARY_PATH=/home/ros_workspace/LI-SLAM/install/lidarslam_msgs/lib:${LD_LIBRARY_PATH} PATH=/home/ros_workspace/LI-SLAM/install/ndt_omp_ros2/bin:${PATH} PYTHONPATH=/home/ros_workspace/LI-SLAM/install/lidarslam_msgs/local/lib/python3.10/dist-packages:${PYTHONPATH} /usr/bin/cmake --install /home/ros_workspace/LI-SLAM/build/graph_based_slam
