[0.613s] DEBUG:colcon:Command line arguments: ['/usr/bin/colcon', 'build']
[0.613s] DEBUG:colcon:Parsed command line arguments: Namespace(log_base=None, log_level=None, verb_name='build', build_base='build', install_base='install', merge_install=False, symlink_install=False, test_result_base=None, continue_on_error=False, executor='parallel', parallel_workers=16, event_handlers=None, ignore_user_meta=False, metas=['./colcon.meta'], base_paths=['.'], packages_ignore=None, packages_ignore_regex=None, paths=None, packages_up_to=None, packages_up_to_regex=None, packages_above=None, packages_above_and_dependencies=None, packages_above_depth=None, packages_select_by_dep=None, packages_skip_by_dep=None, packages_skip_up_to=None, packages_select_build_failed=False, packages_skip_build_finished=False, packages_select_test_failures=False, packages_skip_test_passed=False, packages_select=None, packages_skip=None, packages_select_regex=None, packages_skip_regex=None, packages_start=None, packages_end=None, cmake_args=None, cmake_target=None, cmake_target_skip_unavailable=False, cmake_clean_cache=False, cmake_clean_first=False, cmake_force_configure=False, ament_cmake_args=None, catkin_cmake_args=None, catkin_skip_building_tests=False, mixin_files=None, mixin=None, verb_parser=<colcon_mixin.mixin.mixin_argument.MixinArgumentDecorator object at 0x774d7857c1c0>, verb_extension=<colcon_core.verb.build.BuildVerb object at 0x774d7854fbb0>, main=<bound method BuildVerb.main of <colcon_core.verb.build.BuildVerb object at 0x774d7854fbb0>>, mixin_verb=('build',))
[2.606s] Level 1:colcon.colcon_core.package_discovery:discover_packages(colcon_meta) check parameters
[2.630s] INFO:colcon.colcon_metadata.package_discovery.colcon_meta:Using configuration from '/root/.colcon/metadata/default/Gazebo.meta'
[2.631s] INFO:colcon.colcon_metadata.package_discovery.colcon_meta:Using configuration from '/root/.colcon/metadata/default/fastdds.meta'
[2.632s] INFO:colcon.colcon_metadata.package_discovery.colcon_meta:Using configuration from '/root/.colcon/metadata/default/fastrtps.meta'
[2.633s] Level 1:colcon.colcon_core.package_discovery:discover_packages(recursive) check parameters
[2.633s] Level 1:colcon.colcon_core.package_discovery:discover_packages(ignore) check parameters
[2.633s] Level 1:colcon.colcon_core.package_discovery:discover_packages(path) check parameters
[2.633s] Level 1:colcon.colcon_core.package_discovery:discover_packages(colcon_meta) discover
[2.633s] Level 1:colcon.colcon_core.package_discovery:discover_packages(recursive) discover
[2.633s] INFO:colcon.colcon_core.package_discovery:Crawling recursively for packages in '/home/ros_workspace/drone'
[2.633s] Level 1:colcon.colcon_core.package_identification:_identify(.) by extensions ['ignore', 'ignore_ament_install']
[2.633s] Level 1:colcon.colcon_core.package_identification:_identify(.) by extension 'ignore'
[2.633s] Level 1:colcon.colcon_core.package_identification:_identify(.) by extension 'ignore_ament_install'
[2.633s] Level 1:colcon.colcon_core.package_identification:_identify(.) by extensions ['colcon_pkg']
[2.634s] Level 1:colcon.colcon_core.package_identification:_identify(.) by extension 'colcon_pkg'
[2.634s] Level 1:colcon.colcon_core.package_identification:_identify(.) by extensions ['colcon_meta']
[2.634s] Level 1:colcon.colcon_core.package_identification:_identify(.) by extension 'colcon_meta'
[2.634s] Level 1:colcon.colcon_core.package_identification:_identify(.) by extensions ['ros']
[2.634s] Level 1:colcon.colcon_core.package_identification:_identify(.) by extension 'ros'
[2.767s] Level 1:colcon.colcon_core.package_identification:_identify(.) by extensions ['cmake', 'python']
[2.767s] Level 1:colcon.colcon_core.package_identification:_identify(.) by extension 'cmake'
[2.767s] Level 1:colcon.colcon_core.package_identification:_identify(.) by extension 'python'
[2.768s] Level 1:colcon.colcon_core.package_identification:_identify(.) by extensions ['python_setup_py']
[2.768s] Level 1:colcon.colcon_core.package_identification:_identify(.) by extension 'python_setup_py'
[2.768s] Level 1:colcon.colcon_core.package_identification:_identify(build) by extensions ['ignore', 'ignore_ament_install']
[2.768s] Level 1:colcon.colcon_core.package_identification:_identify(build) by extension 'ignore'
[2.768s] Level 1:colcon.colcon_core.package_identification:_identify(build) ignored
[2.768s] Level 1:colcon.colcon_core.package_identification:_identify(install) by extensions ['ignore', 'ignore_ament_install']
[2.769s] Level 1:colcon.colcon_core.package_identification:_identify(install) by extension 'ignore'
[2.769s] Level 1:colcon.colcon_core.package_identification:_identify(install) ignored
[2.769s] Level 1:colcon.colcon_core.package_identification:_identify(log) by extensions ['ignore', 'ignore_ament_install']
[2.769s] Level 1:colcon.colcon_core.package_identification:_identify(log) by extension 'ignore'
[2.769s] Level 1:colcon.colcon_core.package_identification:_identify(log) ignored
[2.769s] Level 1:colcon.colcon_core.package_identification:_identify(src) by extensions ['ignore', 'ignore_ament_install']
[2.770s] Level 1:colcon.colcon_core.package_identification:_identify(src) by extension 'ignore'
[2.770s] Level 1:colcon.colcon_core.package_identification:_identify(src) by extension 'ignore_ament_install'
[2.770s] Level 1:colcon.colcon_core.package_identification:_identify(src) by extensions ['colcon_pkg']
[2.770s] Level 1:colcon.colcon_core.package_identification:_identify(src) by extension 'colcon_pkg'
[2.770s] Level 1:colcon.colcon_core.package_identification:_identify(src) by extensions ['colcon_meta']
[2.770s] Level 1:colcon.colcon_core.package_identification:_identify(src) by extension 'colcon_meta'
[2.770s] Level 1:colcon.colcon_core.package_identification:_identify(src) by extensions ['ros']
[2.770s] Level 1:colcon.colcon_core.package_identification:_identify(src) by extension 'ros'
[2.770s] Level 1:colcon.colcon_core.package_identification:_identify(src) by extensions ['cmake', 'python']
[2.770s] Level 1:colcon.colcon_core.package_identification:_identify(src) by extension 'cmake'
[2.770s] Level 1:colcon.colcon_core.package_identification:_identify(src) by extension 'python'
[2.771s] Level 1:colcon.colcon_core.package_identification:_identify(src) by extensions ['python_setup_py']
[2.771s] Level 1:colcon.colcon_core.package_identification:_identify(src) by extension 'python_setup_py'
[2.771s] Level 1:colcon.colcon_core.package_identification:_identify(src/px4_msgs) by extensions ['ignore', 'ignore_ament_install']
[2.771s] Level 1:colcon.colcon_core.package_identification:_identify(src/px4_msgs) by extension 'ignore'
[2.771s] Level 1:colcon.colcon_core.package_identification:_identify(src/px4_msgs) by extension 'ignore_ament_install'
[2.771s] Level 1:colcon.colcon_core.package_identification:_identify(src/px4_msgs) by extensions ['colcon_pkg']
[2.771s] Level 1:colcon.colcon_core.package_identification:_identify(src/px4_msgs) by extension 'colcon_pkg'
[2.771s] Level 1:colcon.colcon_core.package_identification:_identify(src/px4_msgs) by extensions ['colcon_meta']
[2.771s] Level 1:colcon.colcon_core.package_identification:_identify(src/px4_msgs) by extension 'colcon_meta'
[2.771s] Level 1:colcon.colcon_core.package_identification:_identify(src/px4_msgs) by extensions ['ros']
[2.772s] Level 1:colcon.colcon_core.package_identification:_identify(src/px4_msgs) by extension 'ros'
[2.791s] DEBUG:colcon.colcon_core.package_identification:Package 'src/px4_msgs' with type 'ros.ament_cmake' and name 'px4_msgs'
[2.792s] Level 1:colcon.colcon_core.package_identification:_identify(src/px4_ros_com) by extensions ['ignore', 'ignore_ament_install']
[2.792s] Level 1:colcon.colcon_core.package_identification:_identify(src/px4_ros_com) by extension 'ignore'
[2.792s] Level 1:colcon.colcon_core.package_identification:_identify(src/px4_ros_com) by extension 'ignore_ament_install'
[2.792s] Level 1:colcon.colcon_core.package_identification:_identify(src/px4_ros_com) by extensions ['colcon_pkg']
[2.792s] Level 1:colcon.colcon_core.package_identification:_identify(src/px4_ros_com) by extension 'colcon_pkg'
[2.792s] Level 1:colcon.colcon_core.package_identification:_identify(src/px4_ros_com) by extensions ['colcon_meta']
[2.792s] Level 1:colcon.colcon_core.package_identification:_identify(src/px4_ros_com) by extension 'colcon_meta'
[2.792s] Level 1:colcon.colcon_core.package_identification:_identify(src/px4_ros_com) by extensions ['ros']
[2.792s] Level 1:colcon.colcon_core.package_identification:_identify(src/px4_ros_com) by extension 'ros'
[2.795s] DEBUG:colcon.colcon_core.package_identification:Package 'src/px4_ros_com' with type 'ros.ament_cmake' and name 'px4_ros_com'
[2.795s] Level 1:colcon.colcon_core.package_identification:_identify(src/republisher) by extensions ['ignore', 'ignore_ament_install']
[2.795s] Level 1:colcon.colcon_core.package_identification:_identify(src/republisher) by extension 'ignore'
[2.795s] Level 1:colcon.colcon_core.package_identification:_identify(src/republisher) by extension 'ignore_ament_install'
[2.795s] Level 1:colcon.colcon_core.package_identification:_identify(src/republisher) by extensions ['colcon_pkg']
[2.795s] Level 1:colcon.colcon_core.package_identification:_identify(src/republisher) by extension 'colcon_pkg'
[2.795s] Level 1:colcon.colcon_core.package_identification:_identify(src/republisher) by extensions ['colcon_meta']
[2.795s] Level 1:colcon.colcon_core.package_identification:_identify(src/republisher) by extension 'colcon_meta'
[2.795s] Level 1:colcon.colcon_core.package_identification:_identify(src/republisher) by extensions ['ros']
[2.795s] Level 1:colcon.colcon_core.package_identification:_identify(src/republisher) by extension 'ros'
[2.805s] DEBUG:colcon.colcon_core.package_identification:Package 'src/republisher' with type 'ros.ament_python' and name 'republisher'
[2.805s] Level 1:colcon.colcon_core.package_discovery:discover_packages(recursive) using defaults
[2.805s] Level 1:colcon.colcon_core.package_discovery:discover_packages(ignore) discover
[2.805s] Level 1:colcon.colcon_core.package_discovery:discover_packages(ignore) using defaults
[2.805s] Level 1:colcon.colcon_core.package_discovery:discover_packages(path) discover
[2.805s] Level 1:colcon.colcon_core.package_discovery:discover_packages(path) using defaults
[2.975s] Level 5:colcon.colcon_core.verb:set package 'px4_msgs' build argument 'cmake_args' from command line to 'None'
[2.975s] Level 5:colcon.colcon_core.verb:set package 'px4_msgs' build argument 'cmake_target' from command line to 'None'
[2.975s] Level 5:colcon.colcon_core.verb:set package 'px4_msgs' build argument 'cmake_target_skip_unavailable' from command line to 'False'
[2.975s] Level 5:colcon.colcon_core.verb:set package 'px4_msgs' build argument 'cmake_clean_cache' from command line to 'False'
[2.975s] Level 5:colcon.colcon_core.verb:set package 'px4_msgs' build argument 'cmake_clean_first' from command line to 'False'
[2.975s] Level 5:colcon.colcon_core.verb:set package 'px4_msgs' build argument 'cmake_force_configure' from command line to 'False'
[2.975s] Level 5:colcon.colcon_core.verb:set package 'px4_msgs' build argument 'ament_cmake_args' from command line to 'None'
[2.975s] Level 5:colcon.colcon_core.verb:set package 'px4_msgs' build argument 'catkin_cmake_args' from command line to 'None'
[2.976s] Level 5:colcon.colcon_core.verb:set package 'px4_msgs' build argument 'catkin_skip_building_tests' from command line to 'False'
[2.976s] DEBUG:colcon.colcon_core.verb:Building package 'px4_msgs' with the following arguments: {'ament_cmake_args': None, 'build_base': '/home/ros_workspace/drone/build/px4_msgs', 'catkin_cmake_args': None, 'catkin_skip_building_tests': False, 'cmake_args': None, 'cmake_clean_cache': False, 'cmake_clean_first': False, 'cmake_force_configure': False, 'cmake_target': None, 'cmake_target_skip_unavailable': False, 'install_base': '/home/ros_workspace/drone/install/px4_msgs', 'merge_install': False, 'path': '/home/ros_workspace/drone/src/px4_msgs', 'symlink_install': False, 'test_result_base': None}
[2.976s] Level 5:colcon.colcon_core.verb:set package 'republisher' build argument 'cmake_args' from command line to 'None'
[2.976s] Level 5:colcon.colcon_core.verb:set package 'republisher' build argument 'cmake_target' from command line to 'None'
[2.976s] Level 5:colcon.colcon_core.verb:set package 'republisher' build argument 'cmake_target_skip_unavailable' from command line to 'False'
[2.976s] Level 5:colcon.colcon_core.verb:set package 'republisher' build argument 'cmake_clean_cache' from command line to 'False'
[2.976s] Level 5:colcon.colcon_core.verb:set package 'republisher' build argument 'cmake_clean_first' from command line to 'False'
[2.977s] Level 5:colcon.colcon_core.verb:set package 'republisher' build argument 'cmake_force_configure' from command line to 'False'
[2.977s] Level 5:colcon.colcon_core.verb:set package 'republisher' build argument 'ament_cmake_args' from command line to 'None'
[2.977s] Level 5:colcon.colcon_core.verb:set package 'republisher' build argument 'catkin_cmake_args' from command line to 'None'
[2.977s] Level 5:colcon.colcon_core.verb:set package 'republisher' build argument 'catkin_skip_building_tests' from command line to 'False'
[2.977s] DEBUG:colcon.colcon_core.verb:Building package 'republisher' with the following arguments: {'ament_cmake_args': None, 'build_base': '/home/ros_workspace/drone/build/republisher', 'catkin_cmake_args': None, 'catkin_skip_building_tests': False, 'cmake_args': None, 'cmake_clean_cache': False, 'cmake_clean_first': False, 'cmake_force_configure': False, 'cmake_target': None, 'cmake_target_skip_unavailable': False, 'install_base': '/home/ros_workspace/drone/install/republisher', 'merge_install': False, 'path': '/home/ros_workspace/drone/src/republisher', 'symlink_install': False, 'test_result_base': None}
[2.977s] Level 5:colcon.colcon_core.verb:set package 'px4_ros_com' build argument 'cmake_args' from command line to 'None'
[2.977s] Level 5:colcon.colcon_core.verb:set package 'px4_ros_com' build argument 'cmake_target' from command line to 'None'
[2.977s] Level 5:colcon.colcon_core.verb:set package 'px4_ros_com' build argument 'cmake_target_skip_unavailable' from command line to 'False'
[2.977s] Level 5:colcon.colcon_core.verb:set package 'px4_ros_com' build argument 'cmake_clean_cache' from command line to 'False'
[2.977s] Level 5:colcon.colcon_core.verb:set package 'px4_ros_com' build argument 'cmake_clean_first' from command line to 'False'
[2.978s] Level 5:colcon.colcon_core.verb:set package 'px4_ros_com' build argument 'cmake_force_configure' from command line to 'False'
[2.978s] Level 5:colcon.colcon_core.verb:set package 'px4_ros_com' build argument 'ament_cmake_args' from command line to 'None'
[2.978s] Level 5:colcon.colcon_core.verb:set package 'px4_ros_com' build argument 'catkin_cmake_args' from command line to 'None'
[2.978s] Level 5:colcon.colcon_core.verb:set package 'px4_ros_com' build argument 'catkin_skip_building_tests' from command line to 'False'
[2.978s] DEBUG:colcon.colcon_core.verb:Building package 'px4_ros_com' with the following arguments: {'ament_cmake_args': None, 'build_base': '/home/ros_workspace/drone/build/px4_ros_com', 'catkin_cmake_args': None, 'catkin_skip_building_tests': False, 'cmake_args': None, 'cmake_clean_cache': False, 'cmake_clean_first': False, 'cmake_force_configure': False, 'cmake_target': None, 'cmake_target_skip_unavailable': False, 'install_base': '/home/ros_workspace/drone/install/px4_ros_com', 'merge_install': False, 'path': '/home/ros_workspace/drone/src/px4_ros_com', 'symlink_install': False, 'test_result_base': None}
[2.978s] INFO:colcon.colcon_core.executor:Executing jobs using 'parallel' executor
[2.979s] DEBUG:colcon.colcon_parallel_executor.executor.parallel:run_until_complete
[2.980s] INFO:colcon.colcon_ros.task.ament_cmake.build:Building ROS package in '/home/ros_workspace/drone/src/px4_msgs' with build type 'ament_cmake'
[2.980s] INFO:colcon.colcon_cmake.task.cmake.build:Building CMake package in '/home/ros_workspace/drone/src/px4_msgs'
[3.000s] INFO:colcon.colcon_core.plugin_system:Skipping extension 'colcon_core.shell.bat': Not used on non-Windows systems
[3.000s] INFO:colcon.colcon_core.shell:Skip shell extension 'powershell' for command environment: Not usable outside of PowerShell
[3.000s] DEBUG:colcon.colcon_core.shell:Skip shell extension 'dsv' for command environment
[3.018s] INFO:colcon.colcon_ros.task.ament_python.build:Building ROS package in '/home/ros_workspace/drone/src/republisher' with build type 'ament_python'
[3.018s] Level 1:colcon.colcon_core.shell:create_environment_hook('republisher', 'ament_prefix_path')
[3.018s] INFO:colcon.colcon_core.shell:Creating environment hook '/home/ros_workspace/drone/install/republisher/share/republisher/hook/ament_prefix_path.ps1'
[3.019s] INFO:colcon.colcon_core.shell:Creating environment descriptor '/home/ros_workspace/drone/install/republisher/share/republisher/hook/ament_prefix_path.dsv'
[3.020s] INFO:colcon.colcon_core.shell:Creating environment hook '/home/ros_workspace/drone/install/republisher/share/republisher/hook/ament_prefix_path.sh'
[3.021s] INFO:colcon.colcon_core.shell:Skip shell extension 'powershell' for command environment: Not usable outside of PowerShell
[3.021s] DEBUG:colcon.colcon_core.shell:Skip shell extension 'dsv' for command environment
[3.056s] DEBUG:colcon.colcon_core.event_handler.log_command:Invoking command in '/home/ros_workspace/drone/build/px4_msgs': CMAKE_PREFIX_PATH=${CMAKE_PREFIX_PATH}:/home/ros_workspace/drone/install/republisher:/opt/ros/humble /usr/bin/cmake --build /home/ros_workspace/drone/build/px4_msgs -- -j16 -l16
[3.331s] INFO:colcon.colcon_core.task.python.build:Building Python package in '/home/ros_workspace/drone/src/republisher'
[3.332s] INFO:colcon.colcon_core.shell:Skip shell extension 'powershell' for command environment: Not usable outside of PowerShell
[3.332s] DEBUG:colcon.colcon_core.shell:Skip shell extension 'dsv' for command environment
[5.936s] DEBUG:colcon.colcon_core.event_handler.log_command:Invoking command in '/home/ros_workspace/drone/src/republisher': PYTHONPATH=/home/ros_workspace/drone/build/republisher/prefix_override:/usr/lib/python3/dist-packages/colcon_core/task/python/colcon_distutils_commands:/home/ros_workspace/drone/install/republisher/lib/python3.10/site-packages:${PYTHONPATH} /usr/bin/python3 -W ignore:setup.py install is deprecated -W ignore:easy_install command is deprecated setup.py egg_info --egg-base ../../build/republisher build --build-base /home/ros_workspace/drone/build/republisher/build install --record /home/ros_workspace/drone/build/republisher/install.log --single-version-externally-managed install_data
[6.225s] DEBUG:colcon.colcon_core.event_handler.log_command:Invoked command in '/home/ros_workspace/drone/src/republisher' returned '0': PYTHONPATH=/home/ros_workspace/drone/build/republisher/prefix_override:/usr/lib/python3/dist-packages/colcon_core/task/python/colcon_distutils_commands:/home/ros_workspace/drone/install/republisher/lib/python3.10/site-packages:${PYTHONPATH} /usr/bin/python3 -W ignore:setup.py install is deprecated -W ignore:easy_install command is deprecated setup.py egg_info --egg-base ../../build/republisher build --build-base /home/ros_workspace/drone/build/republisher/build install --record /home/ros_workspace/drone/build/republisher/install.log --single-version-externally-managed install_data
[6.406s] Level 1:colcon.colcon_core.environment:checking '/home/ros_workspace/drone/install/republisher' for CMake module files
[6.407s] Level 1:colcon.colcon_core.environment:checking '/home/ros_workspace/drone/install/republisher' for CMake config files
[6.408s] Level 1:colcon.colcon_core.environment:checking '/home/ros_workspace/drone/install/republisher/lib'
[6.408s] Level 1:colcon.colcon_core.environment:checking '/home/ros_workspace/drone/install/republisher/bin'
[6.408s] Level 1:colcon.colcon_core.environment:checking '/home/ros_workspace/drone/install/republisher/lib/pkgconfig/republisher.pc'
[6.409s] Level 1:colcon.colcon_core.environment:checking '/home/ros_workspace/drone/install/republisher/lib/python3.10/site-packages'
[6.409s] Level 1:colcon.colcon_core.shell:create_environment_hook('republisher', 'pythonpath')
[6.409s] INFO:colcon.colcon_core.shell:Creating environment hook '/home/ros_workspace/drone/install/republisher/share/republisher/hook/pythonpath.ps1'
[6.410s] INFO:colcon.colcon_core.shell:Creating environment descriptor '/home/ros_workspace/drone/install/republisher/share/republisher/hook/pythonpath.dsv'
[6.411s] INFO:colcon.colcon_core.shell:Creating environment hook '/home/ros_workspace/drone/install/republisher/share/republisher/hook/pythonpath.sh'
[6.412s] Level 1:colcon.colcon_core.environment:checking '/home/ros_workspace/drone/install/republisher/bin'
[6.412s] Level 1:colcon.colcon_core.environment:create_environment_scripts_only(republisher)
[6.413s] INFO:colcon.colcon_core.shell:Creating package script '/home/ros_workspace/drone/install/republisher/share/republisher/package.ps1'
[6.437s] INFO:colcon.colcon_core.shell:Creating package descriptor '/home/ros_workspace/drone/install/republisher/share/republisher/package.dsv'
[6.448s] INFO:colcon.colcon_core.shell:Creating package script '/home/ros_workspace/drone/install/republisher/share/republisher/package.sh'
[6.450s] INFO:colcon.colcon_core.shell:Creating package script '/home/ros_workspace/drone/install/republisher/share/republisher/package.bash'
[6.463s] INFO:colcon.colcon_core.shell:Creating package script '/home/ros_workspace/drone/install/republisher/share/republisher/package.zsh'
[6.495s] Level 1:colcon.colcon_core.environment:create_file_with_runtime_dependencies(/home/ros_workspace/drone/install/republisher/share/colcon-core/packages/republisher)
[7.401s] DEBUG:colcon.colcon_core.event_handler.log_command:Invoked command in '/home/ros_workspace/drone/build/px4_msgs' returned '0': CMAKE_PREFIX_PATH=${CMAKE_PREFIX_PATH}:/home/ros_workspace/drone/install/republisher:/opt/ros/humble /usr/bin/cmake --build /home/ros_workspace/drone/build/px4_msgs -- -j16 -l16
[7.424s] DEBUG:colcon.colcon_core.event_handler.log_command:Invoking command in '/home/ros_workspace/drone/build/px4_msgs': CMAKE_PREFIX_PATH=${CMAKE_PREFIX_PATH}:/home/ros_workspace/drone/install/republisher:/opt/ros/humble /usr/bin/cmake --install /home/ros_workspace/drone/build/px4_msgs
[8.075s] Level 1:colcon.colcon_core.environment:create_environment_scripts_only(px4_msgs)
[8.076s] DEBUG:colcon.colcon_core.event_handler.log_command:Invoked command in '/home/ros_workspace/drone/build/px4_msgs' returned '0': CMAKE_PREFIX_PATH=${CMAKE_PREFIX_PATH}:/home/ros_workspace/drone/install/republisher:/opt/ros/humble /usr/bin/cmake --install /home/ros_workspace/drone/build/px4_msgs
[8.076s] Level 1:colcon.colcon_core.environment:checking '/home/ros_workspace/drone/install/px4_msgs' for CMake module files
[8.078s] Level 1:colcon.colcon_core.environment:checking '/home/ros_workspace/drone/install/px4_msgs' for CMake config files
[8.079s] Level 1:colcon.colcon_core.shell:create_environment_hook('px4_msgs', 'cmake_prefix_path')
[8.079s] INFO:colcon.colcon_core.shell:Creating environment hook '/home/ros_workspace/drone/install/px4_msgs/share/px4_msgs/hook/cmake_prefix_path.ps1'
[8.080s] INFO:colcon.colcon_core.shell:Creating environment descriptor '/home/ros_workspace/drone/install/px4_msgs/share/px4_msgs/hook/cmake_prefix_path.dsv'
[8.081s] INFO:colcon.colcon_core.shell:Creating environment hook '/home/ros_workspace/drone/install/px4_msgs/share/px4_msgs/hook/cmake_prefix_path.sh'
[8.082s] Level 1:colcon.colcon_core.environment:checking '/home/ros_workspace/drone/install/px4_msgs/lib'
[8.082s] Level 1:colcon.colcon_core.shell:create_environment_hook('px4_msgs', 'ld_library_path_lib')
[8.082s] INFO:colcon.colcon_core.shell:Creating environment hook '/home/ros_workspace/drone/install/px4_msgs/share/px4_msgs/hook/ld_library_path_lib.ps1'
[8.083s] INFO:colcon.colcon_core.shell:Creating environment descriptor '/home/ros_workspace/drone/install/px4_msgs/share/px4_msgs/hook/ld_library_path_lib.dsv'
[8.084s] INFO:colcon.colcon_core.shell:Creating environment hook '/home/ros_workspace/drone/install/px4_msgs/share/px4_msgs/hook/ld_library_path_lib.sh'
[8.084s] Level 1:colcon.colcon_core.environment:checking '/home/ros_workspace/drone/install/px4_msgs/bin'
[8.084s] Level 1:colcon.colcon_core.environment:checking '/home/ros_workspace/drone/install/px4_msgs/lib/pkgconfig/px4_msgs.pc'
[8.085s] Level 1:colcon.colcon_core.environment:checking '/home/ros_workspace/drone/install/px4_msgs/lib/python3.10/site-packages'
[8.085s] Level 1:colcon.colcon_core.environment:checking '/home/ros_workspace/drone/install/px4_msgs/bin'
[8.086s] INFO:colcon.colcon_core.shell:Creating package script '/home/ros_workspace/drone/install/px4_msgs/share/px4_msgs/package.ps1'
[8.087s] INFO:colcon.colcon_core.shell:Creating package descriptor '/home/ros_workspace/drone/install/px4_msgs/share/px4_msgs/package.dsv'
[8.088s] INFO:colcon.colcon_core.shell:Creating package script '/home/ros_workspace/drone/install/px4_msgs/share/px4_msgs/package.sh'
[8.088s] INFO:colcon.colcon_core.shell:Creating package script '/home/ros_workspace/drone/install/px4_msgs/share/px4_msgs/package.bash'
[8.089s] INFO:colcon.colcon_core.shell:Creating package script '/home/ros_workspace/drone/install/px4_msgs/share/px4_msgs/package.zsh'
[8.090s] Level 1:colcon.colcon_core.environment:create_file_with_runtime_dependencies(/home/ros_workspace/drone/install/px4_msgs/share/colcon-core/packages/px4_msgs)
[8.091s] Level 1:colcon.colcon_core.environment:create_environment_scripts_only(px4_msgs)
[8.091s] Level 1:colcon.colcon_core.environment:checking '/home/ros_workspace/drone/install/px4_msgs' for CMake module files
[8.093s] Level 1:colcon.colcon_core.environment:checking '/home/ros_workspace/drone/install/px4_msgs' for CMake config files
[8.094s] Level 1:colcon.colcon_core.shell:create_environment_hook('px4_msgs', 'cmake_prefix_path')
[8.094s] INFO:colcon.colcon_core.shell:Creating environment hook '/home/ros_workspace/drone/install/px4_msgs/share/px4_msgs/hook/cmake_prefix_path.ps1'
[8.095s] INFO:colcon.colcon_core.shell:Creating environment descriptor '/home/ros_workspace/drone/install/px4_msgs/share/px4_msgs/hook/cmake_prefix_path.dsv'
[8.095s] INFO:colcon.colcon_core.shell:Creating environment hook '/home/ros_workspace/drone/install/px4_msgs/share/px4_msgs/hook/cmake_prefix_path.sh'
[8.096s] Level 1:colcon.colcon_core.environment:checking '/home/ros_workspace/drone/install/px4_msgs/lib'
[8.097s] Level 1:colcon.colcon_core.shell:create_environment_hook('px4_msgs', 'ld_library_path_lib')
[8.097s] INFO:colcon.colcon_core.shell:Creating environment hook '/home/ros_workspace/drone/install/px4_msgs/share/px4_msgs/hook/ld_library_path_lib.ps1'
[8.098s] INFO:colcon.colcon_core.shell:Creating environment descriptor '/home/ros_workspace/drone/install/px4_msgs/share/px4_msgs/hook/ld_library_path_lib.dsv'
[8.098s] INFO:colcon.colcon_core.shell:Creating environment hook '/home/ros_workspace/drone/install/px4_msgs/share/px4_msgs/hook/ld_library_path_lib.sh'
[8.099s] Level 1:colcon.colcon_core.environment:checking '/home/ros_workspace/drone/install/px4_msgs/bin'
[8.099s] Level 1:colcon.colcon_core.environment:checking '/home/ros_workspace/drone/install/px4_msgs/lib/pkgconfig/px4_msgs.pc'
[8.100s] Level 1:colcon.colcon_core.environment:checking '/home/ros_workspace/drone/install/px4_msgs/lib/python3.10/site-packages'
[8.100s] Level 1:colcon.colcon_core.environment:checking '/home/ros_workspace/drone/install/px4_msgs/bin'
[8.101s] INFO:colcon.colcon_core.shell:Creating package script '/home/ros_workspace/drone/install/px4_msgs/share/px4_msgs/package.ps1'
[8.102s] INFO:colcon.colcon_core.shell:Creating package descriptor '/home/ros_workspace/drone/install/px4_msgs/share/px4_msgs/package.dsv'
[8.103s] INFO:colcon.colcon_core.shell:Creating package script '/home/ros_workspace/drone/install/px4_msgs/share/px4_msgs/package.sh'
[8.104s] INFO:colcon.colcon_core.shell:Creating package script '/home/ros_workspace/drone/install/px4_msgs/share/px4_msgs/package.bash'
[8.105s] INFO:colcon.colcon_core.shell:Creating package script '/home/ros_workspace/drone/install/px4_msgs/share/px4_msgs/package.zsh'
[8.105s] Level 1:colcon.colcon_core.environment:create_file_with_runtime_dependencies(/home/ros_workspace/drone/install/px4_msgs/share/colcon-core/packages/px4_msgs)
[8.106s] INFO:colcon.colcon_ros.task.ament_cmake.build:Building ROS package in '/home/ros_workspace/drone/src/px4_ros_com' with build type 'ament_cmake'
[8.106s] INFO:colcon.colcon_cmake.task.cmake.build:Building CMake package in '/home/ros_workspace/drone/src/px4_ros_com'
[8.107s] INFO:colcon.colcon_core.shell:Skip shell extension 'powershell' for command environment: Not usable outside of PowerShell
[8.107s] DEBUG:colcon.colcon_core.shell:Skip shell extension 'dsv' for command environment
[8.156s] DEBUG:colcon.colcon_core.event_handler.log_command:Invoking command in '/home/ros_workspace/drone/build/px4_ros_com': CMAKE_PREFIX_PATH=/home/ros_workspace/drone/install/px4_msgs:/home/ros_workspace/drone/install/px4_ros_com:/home/ros_workspace/LI-SLAM/install/scanmatcher:/home/ros_workspace/LI-SLAM/install/graph_based_slam:/home/ros_workspace/LI-SLAM/install/ndt_omp_ros2:/home/ros_workspace/LI-SLAM/install/lidarslam_msgs:/home/ros_workspace/drone/install/republisher:/opt/ros/humble LD_LIBRARY_PATH=/home/ros_workspace/drone/install/px4_msgs/lib:/home/ros_workspace/drone/install/px4_ros_com/lib:/home/ros_workspace/LI-SLAM/install/scanmatcher/lib:/home/ros_workspace/LI-SLAM/install/graph_based_slam/lib:/home/ros_workspace/LI-SLAM/install/lidarslam_msgs/lib:/opt/ros/humble/opt/rviz_ogre_vendor/lib:/opt/ros/humble/lib/x86_64-linux-gnu:/opt/ros/humble/lib /usr/bin/cmake --build /home/ros_workspace/drone/build/px4_ros_com -- -j16 -l16
[8.719s] DEBUG:colcon.colcon_core.event_handler.log_command:Invoked command in '/home/ros_workspace/drone/build/px4_ros_com' returned '0': CMAKE_PREFIX_PATH=/home/ros_workspace/drone/install/px4_msgs:/home/ros_workspace/drone/install/px4_ros_com:/home/ros_workspace/LI-SLAM/install/scanmatcher:/home/ros_workspace/LI-SLAM/install/graph_based_slam:/home/ros_workspace/LI-SLAM/install/ndt_omp_ros2:/home/ros_workspace/LI-SLAM/install/lidarslam_msgs:/home/ros_workspace/drone/install/republisher:/opt/ros/humble LD_LIBRARY_PATH=/home/ros_workspace/drone/install/px4_msgs/lib:/home/ros_workspace/drone/install/px4_ros_com/lib:/home/ros_workspace/LI-SLAM/install/scanmatcher/lib:/home/ros_workspace/LI-SLAM/install/graph_based_slam/lib:/home/ros_workspace/LI-SLAM/install/lidarslam_msgs/lib:/opt/ros/humble/opt/rviz_ogre_vendor/lib:/opt/ros/humble/lib/x86_64-linux-gnu:/opt/ros/humble/lib /usr/bin/cmake --build /home/ros_workspace/drone/build/px4_ros_com -- -j16 -l16
[8.722s] DEBUG:colcon.colcon_core.event_handler.log_command:Invoking command in '/home/ros_workspace/drone/build/px4_ros_com': CMAKE_PREFIX_PATH=/home/ros_workspace/drone/install/px4_msgs:/home/ros_workspace/drone/install/px4_ros_com:/home/ros_workspace/LI-SLAM/install/scanmatcher:/home/ros_workspace/LI-SLAM/install/graph_based_slam:/home/ros_workspace/LI-SLAM/install/ndt_omp_ros2:/home/ros_workspace/LI-SLAM/install/lidarslam_msgs:/home/ros_workspace/drone/install/republisher:/opt/ros/humble LD_LIBRARY_PATH=/home/ros_workspace/drone/install/px4_msgs/lib:/home/ros_workspace/drone/install/px4_ros_com/lib:/home/ros_workspace/LI-SLAM/install/scanmatcher/lib:/home/ros_workspace/LI-SLAM/install/graph_based_slam/lib:/home/ros_workspace/LI-SLAM/install/lidarslam_msgs/lib:/opt/ros/humble/opt/rviz_ogre_vendor/lib:/opt/ros/humble/lib/x86_64-linux-gnu:/opt/ros/humble/lib /usr/bin/cmake --install /home/ros_workspace/drone/build/px4_ros_com
[9.084s] Level 1:colcon.colcon_core.environment:create_environment_scripts_only(px4_ros_com)
[9.084s] Level 1:colcon.colcon_core.environment:checking '/home/ros_workspace/drone/install/px4_ros_com' for CMake module files
[9.085s] DEBUG:colcon.colcon_core.event_handler.log_command:Invoked command in '/home/ros_workspace/drone/build/px4_ros_com' returned '0': CMAKE_PREFIX_PATH=/home/ros_workspace/drone/install/px4_msgs:/home/ros_workspace/drone/install/px4_ros_com:/home/ros_workspace/LI-SLAM/install/scanmatcher:/home/ros_workspace/LI-SLAM/install/graph_based_slam:/home/ros_workspace/LI-SLAM/install/ndt_omp_ros2:/home/ros_workspace/LI-SLAM/install/lidarslam_msgs:/home/ros_workspace/drone/install/republisher:/opt/ros/humble LD_LIBRARY_PATH=/home/ros_workspace/drone/install/px4_msgs/lib:/home/ros_workspace/drone/install/px4_ros_com/lib:/home/ros_workspace/LI-SLAM/install/scanmatcher/lib:/home/ros_workspace/LI-SLAM/install/graph_based_slam/lib:/home/ros_workspace/LI-SLAM/install/lidarslam_msgs/lib:/opt/ros/humble/opt/rviz_ogre_vendor/lib:/opt/ros/humble/lib/x86_64-linux-gnu:/opt/ros/humble/lib /usr/bin/cmake --install /home/ros_workspace/drone/build/px4_ros_com
[9.086s] Level 1:colcon.colcon_core.environment:checking '/home/ros_workspace/drone/install/px4_ros_com' for CMake config files
[9.086s] Level 1:colcon.colcon_core.shell:create_environment_hook('px4_ros_com', 'cmake_prefix_path')
[9.086s] INFO:colcon.colcon_core.shell:Creating environment hook '/home/ros_workspace/drone/install/px4_ros_com/share/px4_ros_com/hook/cmake_prefix_path.ps1'
[9.087s] INFO:colcon.colcon_core.shell:Creating environment descriptor '/home/ros_workspace/drone/install/px4_ros_com/share/px4_ros_com/hook/cmake_prefix_path.dsv'
[9.087s] INFO:colcon.colcon_core.shell:Creating environment hook '/home/ros_workspace/drone/install/px4_ros_com/share/px4_ros_com/hook/cmake_prefix_path.sh'
[9.088s] Level 1:colcon.colcon_core.environment:checking '/home/ros_workspace/drone/install/px4_ros_com/lib'
[9.088s] Level 1:colcon.colcon_core.shell:create_environment_hook('px4_ros_com', 'ld_library_path_lib')
[9.088s] INFO:colcon.colcon_core.shell:Creating environment hook '/home/ros_workspace/drone/install/px4_ros_com/share/px4_ros_com/hook/ld_library_path_lib.ps1'
[9.088s] INFO:colcon.colcon_core.shell:Creating environment descriptor '/home/ros_workspace/drone/install/px4_ros_com/share/px4_ros_com/hook/ld_library_path_lib.dsv'
[9.089s] INFO:colcon.colcon_core.shell:Creating environment hook '/home/ros_workspace/drone/install/px4_ros_com/share/px4_ros_com/hook/ld_library_path_lib.sh'
[9.089s] Level 1:colcon.colcon_core.environment:checking '/home/ros_workspace/drone/install/px4_ros_com/bin'
[9.089s] Level 1:colcon.colcon_core.environment:checking '/home/ros_workspace/drone/install/px4_ros_com/lib/pkgconfig/px4_ros_com.pc'
[9.089s] Level 1:colcon.colcon_core.environment:checking '/home/ros_workspace/drone/install/px4_ros_com/lib/python3.10/site-packages'
[9.090s] Level 1:colcon.colcon_core.environment:checking '/home/ros_workspace/drone/install/px4_ros_com/bin'
[9.090s] INFO:colcon.colcon_core.shell:Creating package script '/home/ros_workspace/drone/install/px4_ros_com/share/px4_ros_com/package.ps1'
[9.090s] INFO:colcon.colcon_core.shell:Creating package descriptor '/home/ros_workspace/drone/install/px4_ros_com/share/px4_ros_com/package.dsv'
[9.091s] INFO:colcon.colcon_core.shell:Creating package script '/home/ros_workspace/drone/install/px4_ros_com/share/px4_ros_com/package.sh'
[9.091s] INFO:colcon.colcon_core.shell:Creating package script '/home/ros_workspace/drone/install/px4_ros_com/share/px4_ros_com/package.bash'
[9.092s] INFO:colcon.colcon_core.shell:Creating package script '/home/ros_workspace/drone/install/px4_ros_com/share/px4_ros_com/package.zsh'
[9.092s] Level 1:colcon.colcon_core.environment:create_file_with_runtime_dependencies(/home/ros_workspace/drone/install/px4_ros_com/share/colcon-core/packages/px4_ros_com)
[9.092s] Level 1:colcon.colcon_core.environment:create_environment_scripts_only(px4_ros_com)
[9.093s] Level 1:colcon.colcon_core.environment:checking '/home/ros_workspace/drone/install/px4_ros_com' for CMake module files
[9.093s] Level 1:colcon.colcon_core.environment:checking '/home/ros_workspace/drone/install/px4_ros_com' for CMake config files
[9.094s] Level 1:colcon.colcon_core.shell:create_environment_hook('px4_ros_com', 'cmake_prefix_path')
[9.094s] INFO:colcon.colcon_core.shell:Creating environment hook '/home/ros_workspace/drone/install/px4_ros_com/share/px4_ros_com/hook/cmake_prefix_path.ps1'
[9.094s] INFO:colcon.colcon_core.shell:Creating environment descriptor '/home/ros_workspace/drone/install/px4_ros_com/share/px4_ros_com/hook/cmake_prefix_path.dsv'
[9.094s] INFO:colcon.colcon_core.shell:Creating environment hook '/home/ros_workspace/drone/install/px4_ros_com/share/px4_ros_com/hook/cmake_prefix_path.sh'
[9.095s] Level 1:colcon.colcon_core.environment:checking '/home/ros_workspace/drone/install/px4_ros_com/lib'
[9.095s] Level 1:colcon.colcon_core.shell:create_environment_hook('px4_ros_com', 'ld_library_path_lib')
[9.095s] INFO:colcon.colcon_core.shell:Creating environment hook '/home/ros_workspace/drone/install/px4_ros_com/share/px4_ros_com/hook/ld_library_path_lib.ps1'
[9.096s] INFO:colcon.colcon_core.shell:Creating environment descriptor '/home/ros_workspace/drone/install/px4_ros_com/share/px4_ros_com/hook/ld_library_path_lib.dsv'
[9.096s] INFO:colcon.colcon_core.shell:Creating environment hook '/home/ros_workspace/drone/install/px4_ros_com/share/px4_ros_com/hook/ld_library_path_lib.sh'
[9.096s] Level 1:colcon.colcon_core.environment:checking '/home/ros_workspace/drone/install/px4_ros_com/bin'
[9.097s] Level 1:colcon.colcon_core.environment:checking '/home/ros_workspace/drone/install/px4_ros_com/lib/pkgconfig/px4_ros_com.pc'
[9.097s] Level 1:colcon.colcon_core.environment:checking '/home/ros_workspace/drone/install/px4_ros_com/lib/python3.10/site-packages'
[9.097s] Level 1:colcon.colcon_core.environment:checking '/home/ros_workspace/drone/install/px4_ros_com/bin'
[9.097s] INFO:colcon.colcon_core.shell:Creating package script '/home/ros_workspace/drone/install/px4_ros_com/share/px4_ros_com/package.ps1'
[9.098s] INFO:colcon.colcon_core.shell:Creating package descriptor '/home/ros_workspace/drone/install/px4_ros_com/share/px4_ros_com/package.dsv'
[9.098s] INFO:colcon.colcon_core.shell:Creating package script '/home/ros_workspace/drone/install/px4_ros_com/share/px4_ros_com/package.sh'
[9.099s] INFO:colcon.colcon_core.shell:Creating package script '/home/ros_workspace/drone/install/px4_ros_com/share/px4_ros_com/package.bash'
[9.099s] INFO:colcon.colcon_core.shell:Creating package script '/home/ros_workspace/drone/install/px4_ros_com/share/px4_ros_com/package.zsh'
[9.100s] Level 1:colcon.colcon_core.environment:create_file_with_runtime_dependencies(/home/ros_workspace/drone/install/px4_ros_com/share/colcon-core/packages/px4_ros_com)
[9.100s] DEBUG:colcon.colcon_parallel_executor.executor.parallel:closing loop
[9.100s] DEBUG:colcon.colcon_parallel_executor.executor.parallel:loop closed
[9.100s] DEBUG:colcon.colcon_parallel_executor.executor.parallel:run_until_complete finished with '0'
[9.100s] DEBUG:colcon.colcon_core.event_reactor:joining thread
[9.162s] INFO:colcon.colcon_core.plugin_system:Skipping extension 'colcon_notification.desktop_notification.notify_send': Could not find 'notify-send'
[9.163s] INFO:colcon.colcon_core.plugin_system:Skipping extension 'colcon_notification.desktop_notification.terminal_notifier': Not used on non-Darwin systems
[9.163s] INFO:colcon.colcon_core.plugin_system:Skipping extension 'colcon_notification.desktop_notification.win32': Not used on non-Windows systems
[9.163s] INFO:colcon.colcon_notification.desktop_notification:Sending desktop notification using 'notify2'
[9.169s] DEBUG:colcon.colcon_notification.desktop_notification.notify2:Failed to initialize notify2: org.freedesktop.DBus.Error.Spawn.ExecFailed: /usr/bin/dbus-launch terminated abnormally without any error message
[9.170s] DEBUG:colcon.colcon_core.event_reactor:joined thread
[9.171s] INFO:colcon.colcon_core.shell:Creating prefix script '/home/ros_workspace/drone/install/local_setup.ps1'
[9.184s] INFO:colcon.colcon_core.shell:Creating prefix util module '/home/ros_workspace/drone/install/_local_setup_util_ps1.py'
[9.227s] INFO:colcon.colcon_core.shell:Creating prefix chain script '/home/ros_workspace/drone/install/setup.ps1'
[9.231s] INFO:colcon.colcon_core.shell:Creating prefix script '/home/ros_workspace/drone/install/local_setup.sh'
[9.233s] INFO:colcon.colcon_core.shell:Creating prefix util module '/home/ros_workspace/drone/install/_local_setup_util_sh.py'
[9.234s] INFO:colcon.colcon_core.shell:Creating prefix chain script '/home/ros_workspace/drone/install/setup.sh'
[9.237s] INFO:colcon.colcon_core.shell:Creating prefix script '/home/ros_workspace/drone/install/local_setup.bash'
[9.238s] INFO:colcon.colcon_core.shell:Creating prefix chain script '/home/ros_workspace/drone/install/setup.bash'
[9.241s] INFO:colcon.colcon_core.shell:Creating prefix script '/home/ros_workspace/drone/install/local_setup.zsh'
[9.243s] INFO:colcon.colcon_core.shell:Creating prefix chain script '/home/ros_workspace/drone/install/setup.zsh'
