[4.107s] Invoking command in '/home/ros_workspace/drone/src/republisher': PYTHONPATH=/home/ros_workspace/drone/build/republisher/prefix_override:/usr/lib/python3/dist-packages/colcon_core/task/python/colcon_distutils_commands:/home/ros_workspace/drone/install/republisher/lib/python3.10/site-packages:${PYTHONPATH} /usr/bin/python3 -W ignore:setup.py install is deprecated -W ignore:easy_install command is deprecated setup.py egg_info --egg-base ../../build/republisher build --build-base /home/ros_workspace/drone/build/republisher/build install --record /home/ros_workspace/drone/build/republisher/install.log --single-version-externally-managed install_data
[4.327s] running egg_info
[4.328s] writing ../../build/republisher/republisher.egg-info/PKG-INFO
[4.343s] writing dependency_links to ../../build/republisher/republisher.egg-info/dependency_links.txt
[4.360s] writing entry points to ../../build/republisher/republisher.egg-info/entry_points.txt
[4.360s] writing requirements to ../../build/republisher/republisher.egg-info/requires.txt
[4.361s] writing top-level names to ../../build/republisher/republisher.egg-info/top_level.txt
[4.362s] reading manifest file '../../build/republisher/republisher.egg-info/SOURCES.txt'
[4.456s] writing manifest file '../../build/republisher/republisher.egg-info/SOURCES.txt'
[4.456s] running build
[4.456s] running build_py
[4.456s] running install
[4.456s] running install_lib
[4.457s] running install_data
[4.458s] running install_egg_info
[4.459s] removing '/home/ros_workspace/drone/install/republisher/lib/python3.10/site-packages/republisher-0.0.0-py3.10.egg-info' (and everything under it)
[4.460s] Copying ../../build/republisher/republisher.egg-info to /home/ros_workspace/drone/install/republisher/lib/python3.10/site-packages/republisher-0.0.0-py3.10.egg-info
[4.484s] running install_scripts
[4.504s] Installing republisher_node script to /home/ros_workspace/drone/install/republisher/lib/republisher
[4.504s] writing list of installed files to '/home/ros_workspace/drone/build/republisher/install.log'
[4.529s] Invoked command in '/home/ros_workspace/drone/src/republisher' returned '0': PYTHONPATH=/home/ros_workspace/drone/build/republisher/prefix_override:/usr/lib/python3/dist-packages/colcon_core/task/python/colcon_distutils_commands:/home/ros_workspace/drone/install/republisher/lib/python3.10/site-packages:${PYTHONPATH} /usr/bin/python3 -W ignore:setup.py install is deprecated -W ignore:easy_install command is deprecated setup.py egg_info --egg-base ../../build/republisher build --build-base /home/ros_workspace/drone/build/republisher/build install --record /home/ros_workspace/drone/build/republisher/install.log --single-version-externally-managed install_data
