[0.017s] Invoking command in '/home/ros_workspace/drone/build/px4_ros_com': CMAKE_PREFIX_PATH=/home/ros_workspace/drone/install/px4_msgs:/home/ros_workspace/drone/install/px4_ros_com:/home/ros_workspace/drone/install/republisher:/opt/ros/humble LD_LIBRARY_PATH=/home/ros_workspace/drone/install/px4_msgs/lib:/home/ros_workspace/drone/install/px4_ros_com/lib:/opt/ros/humble/opt/rviz_ogre_vendor/lib:/opt/ros/humble/lib/x86_64-linux-gnu:/opt/ros/humble/lib /usr/bin/cmake --build /home/ros_workspace/drone/build/px4_ros_com -- -j16 -l16
[0.129s] [ 16%] Built target frame_transforms
[0.132s] [ 33%] Built target offboard_control
[0.135s] [ 50%] Built target offboard_control_srv
[0.137s] [ 50%] Built target ament_cmake_python_copy_px4_ros_com
[0.139s] [ 83%] Built target vehicle_gps_position_listener
[0.140s] [ 83%] Built target debug_vect_advertiser
[0.140s] [100%] Built target sensor_combined_listener
[0.383s] running egg_info
[0.383s] writing px4_ros_com.egg-info/PKG-INFO
[0.383s] writing dependency_links to px4_ros_com.egg-info/dependency_links.txt
[0.383s] writing top-level names to px4_ros_com.egg-info/top_level.txt
[0.385s] reading manifest file 'px4_ros_com.egg-info/SOURCES.txt'
[0.386s] writing manifest file 'px4_ros_com.egg-info/SOURCES.txt'
[0.419s] [100%] Built target ament_cmake_python_build_px4_ros_com_egg
[0.443s] Invoked command in '/home/ros_workspace/drone/build/px4_ros_com' returned '0': CMAKE_PREFIX_PATH=/home/ros_workspace/drone/install/px4_msgs:/home/ros_workspace/drone/install/px4_ros_com:/home/ros_workspace/drone/install/republisher:/opt/ros/humble LD_LIBRARY_PATH=/home/ros_workspace/drone/install/px4_msgs/lib:/home/ros_workspace/drone/install/px4_ros_com/lib:/opt/ros/humble/opt/rviz_ogre_vendor/lib:/opt/ros/humble/lib/x86_64-linux-gnu:/opt/ros/humble/lib /usr/bin/cmake --build /home/ros_workspace/drone/build/px4_ros_com -- -j16 -l16
[0.445s] Invoking command in '/home/ros_workspace/drone/build/px4_ros_com': CMAKE_PREFIX_PATH=/home/ros_workspace/drone/install/px4_msgs:/home/ros_workspace/drone/install/px4_ros_com:/home/ros_workspace/drone/install/republisher:/opt/ros/humble LD_LIBRARY_PATH=/home/ros_workspace/drone/install/px4_msgs/lib:/home/ros_workspace/drone/install/px4_ros_com/lib:/opt/ros/humble/opt/rviz_ogre_vendor/lib:/opt/ros/humble/lib/x86_64-linux-gnu:/opt/ros/humble/lib /usr/bin/cmake --install /home/ros_workspace/drone/build/px4_ros_com
[0.454s] -- Install configuration: ""
[0.454s] -- Up-to-date: /home/ros_workspace/drone/install/px4_ros_com/lib/px4_ros_com/sensor_combined_listener
[0.454s] -- Up-to-date: /home/ros_workspace/drone/install/px4_ros_com/lib/px4_ros_com/vehicle_gps_position_listener
[0.455s] -- Up-to-date: /home/ros_workspace/drone/install/px4_ros_com/lib/px4_ros_com/debug_vect_advertiser
[0.455s] -- Up-to-date: /home/ros_workspace/drone/install/px4_ros_com/lib/px4_ros_com/offboard_control
[0.456s] -- Up-to-date: /home/ros_workspace/drone/install/px4_ros_com/lib/px4_ros_com/offboard_control_srv
[0.456s] -- Up-to-date: /home/ros_workspace/drone/install/px4_ros_com/share/px4_ros_com/environment/library_path.sh
[0.456s] -- Up-to-date: /home/ros_workspace/drone/install/px4_ros_com/share/px4_ros_com/environment/library_path.dsv
[0.456s] -- Up-to-date: /home/ros_workspace/drone/install/px4_ros_com/include/px4_ros_com
[0.456s] -- Up-to-date: /home/ros_workspace/drone/install/px4_ros_com/include/px4_ros_com/frame_transforms.h
[0.457s] -- Up-to-date: /home/ros_workspace/drone/install/px4_ros_com/lib/libframe_transforms.so
[0.457s] -- Up-to-date: /home/ros_workspace/drone/install/px4_ros_com/share/px4_ros_com//launch
[0.457s] -- Up-to-date: /home/ros_workspace/drone/install/px4_ros_com/share/px4_ros_com//launch/offboard_control_launch.yaml
[0.457s] -- Up-to-date: /home/ros_workspace/drone/install/px4_ros_com/share/px4_ros_com//launch/sensor_combined_listener.launch.py
[0.458s] -- Up-to-date: /home/ros_workspace/drone/install/px4_ros_com/share/px4_ros_com//test
[0.458s] -- Up-to-date: /home/ros_workspace/drone/install/px4_ros_com/share/px4_ros_com//test/pipeline_io_test.py
[0.458s] -- Up-to-date: /home/ros_workspace/drone/install/px4_ros_com/share/px4_ros_com//test/__init__.py
[0.458s] -- Up-to-date: /home/ros_workspace/drone/install/px4_ros_com/share/px4_ros_com//test/test_input.py
[0.458s] -- Up-to-date: /home/ros_workspace/drone/install/px4_ros_com/share/px4_ros_com//test/test_output.py
[0.458s] -- Up-to-date: /home/ros_workspace/drone/install/px4_ros_com/share/px4_ros_com/environment/pythonpath.sh
[0.459s] -- Up-to-date: /home/ros_workspace/drone/install/px4_ros_com/share/px4_ros_com/environment/pythonpath.dsv
[0.459s] -- Up-to-date: /home/ros_workspace/drone/install/px4_ros_com/local/lib/python3.10/dist-packages/px4_ros_com-0.1.0-py3.10.egg-info
[0.459s] -- Installing: /home/ros_workspace/drone/install/px4_ros_com/local/lib/python3.10/dist-packages/px4_ros_com-0.1.0-py3.10.egg-info/PKG-INFO
[0.459s] -- Installing: /home/ros_workspace/drone/install/px4_ros_com/local/lib/python3.10/dist-packages/px4_ros_com-0.1.0-py3.10.egg-info/SOURCES.txt
[0.459s] -- Installing: /home/ros_workspace/drone/install/px4_ros_com/local/lib/python3.10/dist-packages/px4_ros_com-0.1.0-py3.10.egg-info/dependency_links.txt
[0.459s] -- Installing: /home/ros_workspace/drone/install/px4_ros_com/local/lib/python3.10/dist-packages/px4_ros_com-0.1.0-py3.10.egg-info/top_level.txt
[0.459s] -- Up-to-date: /home/ros_workspace/drone/install/px4_ros_com/local/lib/python3.10/dist-packages/px4_ros_com
[0.460s] -- Up-to-date: /home/ros_workspace/drone/install/px4_ros_com/local/lib/python3.10/dist-packages/px4_ros_com/module_to_import.py
[0.460s] -- Up-to-date: /home/ros_workspace/drone/install/px4_ros_com/local/lib/python3.10/dist-packages/px4_ros_com/__init__.py
[0.505s] Listing '/home/ros_workspace/drone/install/px4_ros_com/local/lib/python3.10/dist-packages/px4_ros_com'...
[0.510s] -- Up-to-date: /home/ros_workspace/drone/install/px4_ros_com/lib/px4_ros_com/offboard_control.py
[0.510s] -- Up-to-date: /home/ros_workspace/drone/install/px4_ros_com/share/ament_index/resource_index/package_run_dependencies/px4_ros_com
[0.510s] -- Up-to-date: /home/ros_workspace/drone/install/px4_ros_com/share/ament_index/resource_index/parent_prefix_path/px4_ros_com
[0.511s] -- Up-to-date: /home/ros_workspace/drone/install/px4_ros_com/share/px4_ros_com/environment/ament_prefix_path.sh
[0.511s] -- Up-to-date: /home/ros_workspace/drone/install/px4_ros_com/share/px4_ros_com/environment/ament_prefix_path.dsv
[0.511s] -- Up-to-date: /home/ros_workspace/drone/install/px4_ros_com/share/px4_ros_com/environment/path.sh
[0.511s] -- Up-to-date: /home/ros_workspace/drone/install/px4_ros_com/share/px4_ros_com/environment/path.dsv
[0.512s] -- Up-to-date: /home/ros_workspace/drone/install/px4_ros_com/share/px4_ros_com/local_setup.bash
[0.512s] -- Up-to-date: /home/ros_workspace/drone/install/px4_ros_com/share/px4_ros_com/local_setup.sh
[0.512s] -- Up-to-date: /home/ros_workspace/drone/install/px4_ros_com/share/px4_ros_com/local_setup.zsh
[0.512s] -- Up-to-date: /home/ros_workspace/drone/install/px4_ros_com/share/px4_ros_com/local_setup.dsv
[0.512s] -- Installing: /home/ros_workspace/drone/install/px4_ros_com/share/px4_ros_com/package.dsv
[0.513s] -- Up-to-date: /home/ros_workspace/drone/install/px4_ros_com/share/ament_index/resource_index/packages/px4_ros_com
[0.513s] -- Up-to-date: /home/ros_workspace/drone/install/px4_ros_com/share/px4_ros_com/cmake/export_frame_transformsExport.cmake
[0.513s] -- Up-to-date: /home/ros_workspace/drone/install/px4_ros_com/share/px4_ros_com/cmake/export_frame_transformsExport-noconfig.cmake
[0.513s] -- Up-to-date: /home/ros_workspace/drone/install/px4_ros_com/share/px4_ros_com/cmake/ament_cmake_export_dependencies-extras.cmake
[0.513s] -- Up-to-date: /home/ros_workspace/drone/install/px4_ros_com/share/px4_ros_com/cmake/ament_cmake_export_targets-extras.cmake
[0.513s] -- Up-to-date: /home/ros_workspace/drone/install/px4_ros_com/share/px4_ros_com/cmake/ament_cmake_export_include_directories-extras.cmake
[0.514s] -- Up-to-date: /home/ros_workspace/drone/install/px4_ros_com/share/px4_ros_com/cmake/ament_cmake_export_libraries-extras.cmake
[0.514s] -- Up-to-date: /home/ros_workspace/drone/install/px4_ros_com/share/px4_ros_com/cmake/px4_ros_comConfig.cmake
[0.514s] -- Up-to-date: /home/ros_workspace/drone/install/px4_ros_com/share/px4_ros_com/cmake/px4_ros_comConfig-version.cmake
[0.514s] -- Up-to-date: /home/ros_workspace/drone/install/px4_ros_com/share/px4_ros_com/package.xml
[0.517s] Invoked command in '/home/ros_workspace/drone/build/px4_ros_com' returned '0': CMAKE_PREFIX_PATH=/home/ros_workspace/drone/install/px4_msgs:/home/ros_workspace/drone/install/px4_ros_com:/home/ros_workspace/drone/install/republisher:/opt/ros/humble LD_LIBRARY_PATH=/home/ros_workspace/drone/install/px4_msgs/lib:/home/ros_workspace/drone/install/px4_ros_com/lib:/opt/ros/humble/opt/rviz_ogre_vendor/lib:/opt/ros/humble/lib/x86_64-linux-gnu:/opt/ros/humble/lib /usr/bin/cmake --install /home/ros_workspace/drone/build/px4_ros_com
