[0.128s] DEBUG:colcon:Command line arguments: ['/usr/bin/colcon', 'build', '--cmake-args', '-DCMAKE_BUILD_TYPE=Release']
[0.128s] DEBUG:colcon:Parsed command line arguments: Namespace(log_base=None, log_level=None, verb_name='build', build_base='build', install_base='install', merge_install=False, symlink_install=False, test_result_base=None, continue_on_error=False, executor='parallel', parallel_workers=16, event_handlers=None, ignore_user_meta=False, metas=['./colcon.meta'], base_paths=['.'], packages_ignore=None, packages_ignore_regex=None, paths=None, packages_up_to=None, packages_up_to_regex=None, packages_above=None, packages_above_and_dependencies=None, packages_above_depth=None, packages_select_by_dep=None, packages_skip_by_dep=None, packages_skip_up_to=None, packages_select_build_failed=False, packages_skip_build_finished=False, packages_select_test_failures=False, packages_skip_test_passed=False, packages_select=None, packages_skip=None, packages_select_regex=None, packages_skip_regex=None, packages_start=None, packages_end=None, cmake_args=['-DCMAKE_BUILD_TYPE=Release'], cmake_target=None, cmake_target_skip_unavailable=False, cmake_clean_cache=False, cmake_clean_first=False, cmake_force_configure=False, ament_cmake_args=None, catkin_cmake_args=None, catkin_skip_building_tests=False, mixin_files=None, mixin=None, verb_parser=<colcon_mixin.mixin.mixin_argument.MixinArgumentDecorator object at 0x72056d8af0a0>, verb_extension=<colcon_core.verb.build.BuildVerb object at 0x72056d9e40a0>, main=<bound method BuildVerb.main of <colcon_core.verb.build.BuildVerb object at 0x72056d9e40a0>>, mixin_verb=('build',))
[0.285s] Level 1:colcon.colcon_core.package_discovery:discover_packages(colcon_meta) check parameters
[0.286s] INFO:colcon.colcon_metadata.package_discovery.colcon_meta:Using configuration from '/root/.colcon/metadata/default/Gazebo.meta'
[0.286s] INFO:colcon.colcon_metadata.package_discovery.colcon_meta:Using configuration from '/root/.colcon/metadata/default/fastdds.meta'
[0.287s] INFO:colcon.colcon_metadata.package_discovery.colcon_meta:Using configuration from '/root/.colcon/metadata/default/fastrtps.meta'
[0.287s] Level 1:colcon.colcon_core.package_discovery:discover_packages(recursive) check parameters
[0.287s] Level 1:colcon.colcon_core.package_discovery:discover_packages(ignore) check parameters
[0.287s] Level 1:colcon.colcon_core.package_discovery:discover_packages(path) check parameters
[0.287s] Level 1:colcon.colcon_core.package_discovery:discover_packages(colcon_meta) discover
[0.287s] Level 1:colcon.colcon_core.package_discovery:discover_packages(recursive) discover
[0.287s] INFO:colcon.colcon_core.package_discovery:Crawling recursively for packages in '/home/ros_workspace/LI-SLAM'
[0.287s] Level 1:colcon.colcon_core.package_identification:_identify(.) by extensions ['ignore', 'ignore_ament_install']
[0.287s] Level 1:colcon.colcon_core.package_identification:_identify(.) by extension 'ignore'
[0.287s] Level 1:colcon.colcon_core.package_identification:_identify(.) by extension 'ignore_ament_install'
[0.287s] Level 1:colcon.colcon_core.package_identification:_identify(.) by extensions ['colcon_pkg']
[0.287s] Level 1:colcon.colcon_core.package_identification:_identify(.) by extension 'colcon_pkg'
[0.287s] Level 1:colcon.colcon_core.package_identification:_identify(.) by extensions ['colcon_meta']
[0.287s] Level 1:colcon.colcon_core.package_identification:_identify(.) by extension 'colcon_meta'
[0.287s] Level 1:colcon.colcon_core.package_identification:_identify(.) by extensions ['ros']
[0.287s] Level 1:colcon.colcon_core.package_identification:_identify(.) by extension 'ros'
[0.314s] Level 1:colcon.colcon_core.package_identification:_identify(.) by extensions ['cmake', 'python']
[0.314s] Level 1:colcon.colcon_core.package_identification:_identify(.) by extension 'cmake'
[0.314s] Level 1:colcon.colcon_core.package_identification:_identify(.) by extension 'python'
[0.315s] Level 1:colcon.colcon_core.package_identification:_identify(.) by extensions ['python_setup_py']
[0.315s] Level 1:colcon.colcon_core.package_identification:_identify(.) by extension 'python_setup_py'
[0.315s] Level 1:colcon.colcon_core.package_identification:_identify(build) by extensions ['ignore', 'ignore_ament_install']
[0.315s] Level 1:colcon.colcon_core.package_identification:_identify(build) by extension 'ignore'
[0.315s] Level 1:colcon.colcon_core.package_identification:_identify(build) ignored
[0.315s] Level 1:colcon.colcon_core.package_identification:_identify(install) by extensions ['ignore', 'ignore_ament_install']
[0.315s] Level 1:colcon.colcon_core.package_identification:_identify(install) by extension 'ignore'
[0.315s] Level 1:colcon.colcon_core.package_identification:_identify(install) ignored
[0.315s] Level 1:colcon.colcon_core.package_identification:_identify(log) by extensions ['ignore', 'ignore_ament_install']
[0.315s] Level 1:colcon.colcon_core.package_identification:_identify(log) by extension 'ignore'
[0.315s] Level 1:colcon.colcon_core.package_identification:_identify(log) ignored
[0.315s] Level 1:colcon.colcon_core.package_identification:_identify(src) by extensions ['ignore', 'ignore_ament_install']
[0.315s] Level 1:colcon.colcon_core.package_identification:_identify(src) by extension 'ignore'
[0.315s] Level 1:colcon.colcon_core.package_identification:_identify(src) by extension 'ignore_ament_install'
[0.315s] Level 1:colcon.colcon_core.package_identification:_identify(src) by extensions ['colcon_pkg']
[0.316s] Level 1:colcon.colcon_core.package_identification:_identify(src) by extension 'colcon_pkg'
[0.316s] Level 1:colcon.colcon_core.package_identification:_identify(src) by extensions ['colcon_meta']
[0.316s] Level 1:colcon.colcon_core.package_identification:_identify(src) by extension 'colcon_meta'
[0.316s] Level 1:colcon.colcon_core.package_identification:_identify(src) by extensions ['ros']
[0.316s] Level 1:colcon.colcon_core.package_identification:_identify(src) by extension 'ros'
[0.316s] Level 1:colcon.colcon_core.package_identification:_identify(src) by extensions ['cmake', 'python']
[0.316s] Level 1:colcon.colcon_core.package_identification:_identify(src) by extension 'cmake'
[0.316s] Level 1:colcon.colcon_core.package_identification:_identify(src) by extension 'python'
[0.316s] Level 1:colcon.colcon_core.package_identification:_identify(src) by extensions ['python_setup_py']
[0.316s] Level 1:colcon.colcon_core.package_identification:_identify(src) by extension 'python_setup_py'
[0.316s] Level 1:colcon.colcon_core.package_identification:_identify(src/li_slam_ros2) by extensions ['ignore', 'ignore_ament_install']
[0.316s] Level 1:colcon.colcon_core.package_identification:_identify(src/li_slam_ros2) by extension 'ignore'
[0.316s] Level 1:colcon.colcon_core.package_identification:_identify(src/li_slam_ros2) by extension 'ignore_ament_install'
[0.316s] Level 1:colcon.colcon_core.package_identification:_identify(src/li_slam_ros2) by extensions ['colcon_pkg']
[0.316s] Level 1:colcon.colcon_core.package_identification:_identify(src/li_slam_ros2) by extension 'colcon_pkg'
[0.316s] Level 1:colcon.colcon_core.package_identification:_identify(src/li_slam_ros2) by extensions ['colcon_meta']
[0.316s] Level 1:colcon.colcon_core.package_identification:_identify(src/li_slam_ros2) by extension 'colcon_meta'
[0.316s] Level 1:colcon.colcon_core.package_identification:_identify(src/li_slam_ros2) by extensions ['ros']
[0.316s] Level 1:colcon.colcon_core.package_identification:_identify(src/li_slam_ros2) by extension 'ros'
[0.316s] Level 1:colcon.colcon_core.package_identification:_identify(src/li_slam_ros2) by extensions ['cmake', 'python']
[0.316s] Level 1:colcon.colcon_core.package_identification:_identify(src/li_slam_ros2) by extension 'cmake'
[0.316s] Level 1:colcon.colcon_core.package_identification:_identify(src/li_slam_ros2) by extension 'python'
[0.316s] Level 1:colcon.colcon_core.package_identification:_identify(src/li_slam_ros2) by extensions ['python_setup_py']
[0.317s] Level 1:colcon.colcon_core.package_identification:_identify(src/li_slam_ros2) by extension 'python_setup_py'
[0.317s] Level 1:colcon.colcon_core.package_identification:_identify(src/li_slam_ros2/Thirdparty) by extensions ['ignore', 'ignore_ament_install']
[0.317s] Level 1:colcon.colcon_core.package_identification:_identify(src/li_slam_ros2/Thirdparty) by extension 'ignore'
[0.317s] Level 1:colcon.colcon_core.package_identification:_identify(src/li_slam_ros2/Thirdparty) by extension 'ignore_ament_install'
[0.317s] Level 1:colcon.colcon_core.package_identification:_identify(src/li_slam_ros2/Thirdparty) by extensions ['colcon_pkg']
[0.317s] Level 1:colcon.colcon_core.package_identification:_identify(src/li_slam_ros2/Thirdparty) by extension 'colcon_pkg'
[0.317s] Level 1:colcon.colcon_core.package_identification:_identify(src/li_slam_ros2/Thirdparty) by extensions ['colcon_meta']
[0.317s] Level 1:colcon.colcon_core.package_identification:_identify(src/li_slam_ros2/Thirdparty) by extension 'colcon_meta'
[0.317s] Level 1:colcon.colcon_core.package_identification:_identify(src/li_slam_ros2/Thirdparty) by extensions ['ros']
[0.317s] Level 1:colcon.colcon_core.package_identification:_identify(src/li_slam_ros2/Thirdparty) by extension 'ros'
[0.317s] Level 1:colcon.colcon_core.package_identification:_identify(src/li_slam_ros2/Thirdparty) by extensions ['cmake', 'python']
[0.317s] Level 1:colcon.colcon_core.package_identification:_identify(src/li_slam_ros2/Thirdparty) by extension 'cmake'
[0.317s] Level 1:colcon.colcon_core.package_identification:_identify(src/li_slam_ros2/Thirdparty) by extension 'python'
[0.317s] Level 1:colcon.colcon_core.package_identification:_identify(src/li_slam_ros2/Thirdparty) by extensions ['python_setup_py']
[0.317s] Level 1:colcon.colcon_core.package_identification:_identify(src/li_slam_ros2/Thirdparty) by extension 'python_setup_py'
[0.317s] Level 1:colcon.colcon_core.package_identification:_identify(src/li_slam_ros2/Thirdparty/ndt_omp_ros2) by extensions ['ignore', 'ignore_ament_install']
[0.317s] Level 1:colcon.colcon_core.package_identification:_identify(src/li_slam_ros2/Thirdparty/ndt_omp_ros2) by extension 'ignore'
[0.317s] Level 1:colcon.colcon_core.package_identification:_identify(src/li_slam_ros2/Thirdparty/ndt_omp_ros2) by extension 'ignore_ament_install'
[0.317s] Level 1:colcon.colcon_core.package_identification:_identify(src/li_slam_ros2/Thirdparty/ndt_omp_ros2) by extensions ['colcon_pkg']
[0.317s] Level 1:colcon.colcon_core.package_identification:_identify(src/li_slam_ros2/Thirdparty/ndt_omp_ros2) by extension 'colcon_pkg'
[0.317s] Level 1:colcon.colcon_core.package_identification:_identify(src/li_slam_ros2/Thirdparty/ndt_omp_ros2) by extensions ['colcon_meta']
[0.318s] Level 1:colcon.colcon_core.package_identification:_identify(src/li_slam_ros2/Thirdparty/ndt_omp_ros2) by extension 'colcon_meta'
[0.318s] Level 1:colcon.colcon_core.package_identification:_identify(src/li_slam_ros2/Thirdparty/ndt_omp_ros2) by extensions ['ros']
[0.318s] Level 1:colcon.colcon_core.package_identification:_identify(src/li_slam_ros2/Thirdparty/ndt_omp_ros2) by extension 'ros'
[0.320s] DEBUG:colcon.colcon_core.package_identification:Package 'src/li_slam_ros2/Thirdparty/ndt_omp_ros2' with type 'ros.ament_cmake' and name 'ndt_omp_ros2'
[0.320s] Level 1:colcon.colcon_core.package_identification:_identify(src/li_slam_ros2/graph_based_slam) by extensions ['ignore', 'ignore_ament_install']
[0.320s] Level 1:colcon.colcon_core.package_identification:_identify(src/li_slam_ros2/graph_based_slam) by extension 'ignore'
[0.320s] Level 1:colcon.colcon_core.package_identification:_identify(src/li_slam_ros2/graph_based_slam) by extension 'ignore_ament_install'
[0.320s] Level 1:colcon.colcon_core.package_identification:_identify(src/li_slam_ros2/graph_based_slam) by extensions ['colcon_pkg']
[0.321s] Level 1:colcon.colcon_core.package_identification:_identify(src/li_slam_ros2/graph_based_slam) by extension 'colcon_pkg'
[0.321s] Level 1:colcon.colcon_core.package_identification:_identify(src/li_slam_ros2/graph_based_slam) by extensions ['colcon_meta']
[0.321s] Level 1:colcon.colcon_core.package_identification:_identify(src/li_slam_ros2/graph_based_slam) by extension 'colcon_meta'
[0.321s] Level 1:colcon.colcon_core.package_identification:_identify(src/li_slam_ros2/graph_based_slam) by extensions ['ros']
[0.321s] Level 1:colcon.colcon_core.package_identification:_identify(src/li_slam_ros2/graph_based_slam) by extension 'ros'
[0.322s] DEBUG:colcon.colcon_core.package_identification:Package 'src/li_slam_ros2/graph_based_slam' with type 'ros.ament_cmake' and name 'graph_based_slam'
[0.322s] Level 1:colcon.colcon_core.package_identification:_identify(src/li_slam_ros2/lidarslam_msgs) by extensions ['ignore', 'ignore_ament_install']
[0.323s] Level 1:colcon.colcon_core.package_identification:_identify(src/li_slam_ros2/lidarslam_msgs) by extension 'ignore'
[0.323s] Level 1:colcon.colcon_core.package_identification:_identify(src/li_slam_ros2/lidarslam_msgs) by extension 'ignore_ament_install'
[0.323s] Level 1:colcon.colcon_core.package_identification:_identify(src/li_slam_ros2/lidarslam_msgs) by extensions ['colcon_pkg']
[0.323s] Level 1:colcon.colcon_core.package_identification:_identify(src/li_slam_ros2/lidarslam_msgs) by extension 'colcon_pkg'
[0.323s] Level 1:colcon.colcon_core.package_identification:_identify(src/li_slam_ros2/lidarslam_msgs) by extensions ['colcon_meta']
[0.323s] Level 1:colcon.colcon_core.package_identification:_identify(src/li_slam_ros2/lidarslam_msgs) by extension 'colcon_meta'
[0.323s] Level 1:colcon.colcon_core.package_identification:_identify(src/li_slam_ros2/lidarslam_msgs) by extensions ['ros']
[0.323s] Level 1:colcon.colcon_core.package_identification:_identify(src/li_slam_ros2/lidarslam_msgs) by extension 'ros'
[0.324s] DEBUG:colcon.colcon_core.package_identification:Package 'src/li_slam_ros2/lidarslam_msgs' with type 'ros.ament_cmake' and name 'lidarslam_msgs'
[0.324s] Level 1:colcon.colcon_core.package_identification:_identify(src/li_slam_ros2/scanmatcher) by extensions ['ignore', 'ignore_ament_install']
[0.324s] Level 1:colcon.colcon_core.package_identification:_identify(src/li_slam_ros2/scanmatcher) by extension 'ignore'
[0.324s] Level 1:colcon.colcon_core.package_identification:_identify(src/li_slam_ros2/scanmatcher) by extension 'ignore_ament_install'
[0.324s] Level 1:colcon.colcon_core.package_identification:_identify(src/li_slam_ros2/scanmatcher) by extensions ['colcon_pkg']
[0.324s] Level 1:colcon.colcon_core.package_identification:_identify(src/li_slam_ros2/scanmatcher) by extension 'colcon_pkg'
[0.324s] Level 1:colcon.colcon_core.package_identification:_identify(src/li_slam_ros2/scanmatcher) by extensions ['colcon_meta']
[0.324s] Level 1:colcon.colcon_core.package_identification:_identify(src/li_slam_ros2/scanmatcher) by extension 'colcon_meta'
[0.324s] Level 1:colcon.colcon_core.package_identification:_identify(src/li_slam_ros2/scanmatcher) by extensions ['ros']
[0.324s] Level 1:colcon.colcon_core.package_identification:_identify(src/li_slam_ros2/scanmatcher) by extension 'ros'
[0.326s] DEBUG:colcon.colcon_core.package_identification:Package 'src/li_slam_ros2/scanmatcher' with type 'ros.ament_cmake' and name 'scanmatcher'
[0.326s] Level 1:colcon.colcon_core.package_discovery:discover_packages(recursive) using defaults
[0.326s] Level 1:colcon.colcon_core.package_discovery:discover_packages(ignore) discover
[0.326s] Level 1:colcon.colcon_core.package_discovery:discover_packages(ignore) using defaults
[0.326s] Level 1:colcon.colcon_core.package_discovery:discover_packages(path) discover
[0.326s] Level 1:colcon.colcon_core.package_discovery:discover_packages(path) using defaults
[0.360s] Level 5:colcon.colcon_core.verb:set package 'lidarslam_msgs' build argument 'cmake_args' from command line to '['-DCMAKE_BUILD_TYPE=Release']'
[0.361s] Level 5:colcon.colcon_core.verb:set package 'lidarslam_msgs' build argument 'cmake_target' from command line to 'None'
[0.361s] Level 5:colcon.colcon_core.verb:set package 'lidarslam_msgs' build argument 'cmake_target_skip_unavailable' from command line to 'False'
[0.361s] Level 5:colcon.colcon_core.verb:set package 'lidarslam_msgs' build argument 'cmake_clean_cache' from command line to 'False'
[0.361s] Level 5:colcon.colcon_core.verb:set package 'lidarslam_msgs' build argument 'cmake_clean_first' from command line to 'False'
[0.361s] Level 5:colcon.colcon_core.verb:set package 'lidarslam_msgs' build argument 'cmake_force_configure' from command line to 'False'
[0.361s] Level 5:colcon.colcon_core.verb:set package 'lidarslam_msgs' build argument 'ament_cmake_args' from command line to 'None'
[0.361s] Level 5:colcon.colcon_core.verb:set package 'lidarslam_msgs' build argument 'catkin_cmake_args' from command line to 'None'
[0.361s] Level 5:colcon.colcon_core.verb:set package 'lidarslam_msgs' build argument 'catkin_skip_building_tests' from command line to 'False'
[0.361s] DEBUG:colcon.colcon_core.verb:Building package 'lidarslam_msgs' with the following arguments: {'ament_cmake_args': None, 'build_base': '/home/ros_workspace/LI-SLAM/build/lidarslam_msgs', 'catkin_cmake_args': None, 'catkin_skip_building_tests': False, 'cmake_args': ['-DCMAKE_BUILD_TYPE=Release'], 'cmake_clean_cache': False, 'cmake_clean_first': False, 'cmake_force_configure': False, 'cmake_target': None, 'cmake_target_skip_unavailable': False, 'install_base': '/home/ros_workspace/LI-SLAM/install/lidarslam_msgs', 'merge_install': False, 'path': '/home/ros_workspace/LI-SLAM/src/li_slam_ros2/lidarslam_msgs', 'symlink_install': False, 'test_result_base': None}
[0.362s] Level 5:colcon.colcon_core.verb:set package 'ndt_omp_ros2' build argument 'cmake_args' from command line to '['-DCMAKE_BUILD_TYPE=Release']'
[0.362s] Level 5:colcon.colcon_core.verb:set package 'ndt_omp_ros2' build argument 'cmake_target' from command line to 'None'
[0.362s] Level 5:colcon.colcon_core.verb:set package 'ndt_omp_ros2' build argument 'cmake_target_skip_unavailable' from command line to 'False'
[0.362s] Level 5:colcon.colcon_core.verb:set package 'ndt_omp_ros2' build argument 'cmake_clean_cache' from command line to 'False'
[0.362s] Level 5:colcon.colcon_core.verb:set package 'ndt_omp_ros2' build argument 'cmake_clean_first' from command line to 'False'
[0.362s] Level 5:colcon.colcon_core.verb:set package 'ndt_omp_ros2' build argument 'cmake_force_configure' from command line to 'False'
[0.362s] Level 5:colcon.colcon_core.verb:set package 'ndt_omp_ros2' build argument 'ament_cmake_args' from command line to 'None'
[0.362s] Level 5:colcon.colcon_core.verb:set package 'ndt_omp_ros2' build argument 'catkin_cmake_args' from command line to 'None'
[0.362s] Level 5:colcon.colcon_core.verb:set package 'ndt_omp_ros2' build argument 'catkin_skip_building_tests' from command line to 'False'
[0.362s] DEBUG:colcon.colcon_core.verb:Building package 'ndt_omp_ros2' with the following arguments: {'ament_cmake_args': None, 'build_base': '/home/ros_workspace/LI-SLAM/build/ndt_omp_ros2', 'catkin_cmake_args': None, 'catkin_skip_building_tests': False, 'cmake_args': ['-DCMAKE_BUILD_TYPE=Release'], 'cmake_clean_cache': False, 'cmake_clean_first': False, 'cmake_force_configure': False, 'cmake_target': None, 'cmake_target_skip_unavailable': False, 'install_base': '/home/ros_workspace/LI-SLAM/install/ndt_omp_ros2', 'merge_install': False, 'path': '/home/ros_workspace/LI-SLAM/src/li_slam_ros2/Thirdparty/ndt_omp_ros2', 'symlink_install': False, 'test_result_base': None}
[0.363s] Level 5:colcon.colcon_core.verb:set package 'graph_based_slam' build argument 'cmake_args' from command line to '['-DCMAKE_BUILD_TYPE=Release']'
[0.363s] Level 5:colcon.colcon_core.verb:set package 'graph_based_slam' build argument 'cmake_target' from command line to 'None'
[0.363s] Level 5:colcon.colcon_core.verb:set package 'graph_based_slam' build argument 'cmake_target_skip_unavailable' from command line to 'False'
[0.363s] Level 5:colcon.colcon_core.verb:set package 'graph_based_slam' build argument 'cmake_clean_cache' from command line to 'False'
[0.363s] Level 5:colcon.colcon_core.verb:set package 'graph_based_slam' build argument 'cmake_clean_first' from command line to 'False'
[0.363s] Level 5:colcon.colcon_core.verb:set package 'graph_based_slam' build argument 'cmake_force_configure' from command line to 'False'
[0.363s] Level 5:colcon.colcon_core.verb:set package 'graph_based_slam' build argument 'ament_cmake_args' from command line to 'None'
[0.363s] Level 5:colcon.colcon_core.verb:set package 'graph_based_slam' build argument 'catkin_cmake_args' from command line to 'None'
[0.363s] Level 5:colcon.colcon_core.verb:set package 'graph_based_slam' build argument 'catkin_skip_building_tests' from command line to 'False'
[0.363s] DEBUG:colcon.colcon_core.verb:Building package 'graph_based_slam' with the following arguments: {'ament_cmake_args': None, 'build_base': '/home/ros_workspace/LI-SLAM/build/graph_based_slam', 'catkin_cmake_args': None, 'catkin_skip_building_tests': False, 'cmake_args': ['-DCMAKE_BUILD_TYPE=Release'], 'cmake_clean_cache': False, 'cmake_clean_first': False, 'cmake_force_configure': False, 'cmake_target': None, 'cmake_target_skip_unavailable': False, 'install_base': '/home/ros_workspace/LI-SLAM/install/graph_based_slam', 'merge_install': False, 'path': '/home/ros_workspace/LI-SLAM/src/li_slam_ros2/graph_based_slam', 'symlink_install': False, 'test_result_base': None}
[0.363s] Level 5:colcon.colcon_core.verb:set package 'scanmatcher' build argument 'cmake_args' from command line to '['-DCMAKE_BUILD_TYPE=Release']'
[0.363s] Level 5:colcon.colcon_core.verb:set package 'scanmatcher' build argument 'cmake_target' from command line to 'None'
[0.363s] Level 5:colcon.colcon_core.verb:set package 'scanmatcher' build argument 'cmake_target_skip_unavailable' from command line to 'False'
[0.364s] Level 5:colcon.colcon_core.verb:set package 'scanmatcher' build argument 'cmake_clean_cache' from command line to 'False'
[0.364s] Level 5:colcon.colcon_core.verb:set package 'scanmatcher' build argument 'cmake_clean_first' from command line to 'False'
[0.364s] Level 5:colcon.colcon_core.verb:set package 'scanmatcher' build argument 'cmake_force_configure' from command line to 'False'
[0.364s] Level 5:colcon.colcon_core.verb:set package 'scanmatcher' build argument 'ament_cmake_args' from command line to 'None'
[0.364s] Level 5:colcon.colcon_core.verb:set package 'scanmatcher' build argument 'catkin_cmake_args' from command line to 'None'
[0.364s] Level 5:colcon.colcon_core.verb:set package 'scanmatcher' build argument 'catkin_skip_building_tests' from command line to 'False'
[0.364s] DEBUG:colcon.colcon_core.verb:Building package 'scanmatcher' with the following arguments: {'ament_cmake_args': None, 'build_base': '/home/ros_workspace/LI-SLAM/build/scanmatcher', 'catkin_cmake_args': None, 'catkin_skip_building_tests': False, 'cmake_args': ['-DCMAKE_BUILD_TYPE=Release'], 'cmake_clean_cache': False, 'cmake_clean_first': False, 'cmake_force_configure': False, 'cmake_target': None, 'cmake_target_skip_unavailable': False, 'install_base': '/home/ros_workspace/LI-SLAM/install/scanmatcher', 'merge_install': False, 'path': '/home/ros_workspace/LI-SLAM/src/li_slam_ros2/scanmatcher', 'symlink_install': False, 'test_result_base': None}
[0.364s] INFO:colcon.colcon_core.executor:Executing jobs using 'parallel' executor
[0.365s] DEBUG:colcon.colcon_parallel_executor.executor.parallel:run_until_complete
[0.365s] INFO:colcon.colcon_ros.task.ament_cmake.build:Building ROS package in '/home/ros_workspace/LI-SLAM/src/li_slam_ros2/lidarslam_msgs' with build type 'ament_cmake'
[0.365s] INFO:colcon.colcon_cmake.task.cmake.build:Building CMake package in '/home/ros_workspace/LI-SLAM/src/li_slam_ros2/lidarslam_msgs'
[0.368s] INFO:colcon.colcon_core.plugin_system:Skipping extension 'colcon_core.shell.bat': Not used on non-Windows systems
[0.368s] INFO:colcon.colcon_core.shell:Skip shell extension 'powershell' for command environment: Not usable outside of PowerShell
[0.368s] DEBUG:colcon.colcon_core.shell:Skip shell extension 'dsv' for command environment
[0.373s] INFO:colcon.colcon_ros.task.ament_cmake.build:Building ROS package in '/home/ros_workspace/LI-SLAM/src/li_slam_ros2/Thirdparty/ndt_omp_ros2' with build type 'ament_cmake'
[0.374s] INFO:colcon.colcon_cmake.task.cmake.build:Building CMake package in '/home/ros_workspace/LI-SLAM/src/li_slam_ros2/Thirdparty/ndt_omp_ros2'
[0.374s] INFO:colcon.colcon_core.shell:Skip shell extension 'powershell' for command environment: Not usable outside of PowerShell
[0.374s] DEBUG:colcon.colcon_core.shell:Skip shell extension 'dsv' for command environment
[0.381s] DEBUG:colcon.colcon_core.event_handler.log_command:Invoking command in '/home/ros_workspace/LI-SLAM/build/lidarslam_msgs': CMAKE_PREFIX_PATH=/opt/ros/humble /usr/bin/cmake --build /home/ros_workspace/LI-SLAM/build/lidarslam_msgs -- -j16 -l16
[0.391s] DEBUG:colcon.colcon_core.event_handler.log_command:Invoking command in '/home/ros_workspace/LI-SLAM/build/ndt_omp_ros2': CMAKE_PREFIX_PATH=/opt/ros/humble /usr/bin/cmake --build /home/ros_workspace/LI-SLAM/build/ndt_omp_ros2 -- -j16 -l16
[0.556s] DEBUG:colcon.colcon_core.event_handler.log_command:Invoked command in '/home/ros_workspace/LI-SLAM/build/ndt_omp_ros2' returned '0': CMAKE_PREFIX_PATH=/opt/ros/humble /usr/bin/cmake --build /home/ros_workspace/LI-SLAM/build/ndt_omp_ros2 -- -j16 -l16
[0.576s] DEBUG:colcon.colcon_core.event_handler.log_command:Invoking command in '/home/ros_workspace/LI-SLAM/build/ndt_omp_ros2': CMAKE_PREFIX_PATH=/opt/ros/humble /usr/bin/cmake --install /home/ros_workspace/LI-SLAM/build/ndt_omp_ros2
[0.591s] Level 1:colcon.colcon_core.environment:create_environment_scripts_only(ndt_omp_ros2)
[0.591s] DEBUG:colcon.colcon_core.event_handler.log_command:Invoked command in '/home/ros_workspace/LI-SLAM/build/ndt_omp_ros2' returned '0': CMAKE_PREFIX_PATH=/opt/ros/humble /usr/bin/cmake --install /home/ros_workspace/LI-SLAM/build/ndt_omp_ros2
[0.593s] Level 1:colcon.colcon_core.environment:checking '/home/ros_workspace/LI-SLAM/install/ndt_omp_ros2' for CMake module files
[0.594s] Level 1:colcon.colcon_core.environment:checking '/home/ros_workspace/LI-SLAM/install/ndt_omp_ros2' for CMake config files
[0.594s] Level 1:colcon.colcon_core.shell:create_environment_hook('ndt_omp_ros2', 'cmake_prefix_path')
[0.594s] INFO:colcon.colcon_core.shell:Creating environment hook '/home/ros_workspace/LI-SLAM/install/ndt_omp_ros2/share/ndt_omp_ros2/hook/cmake_prefix_path.ps1'
[0.595s] INFO:colcon.colcon_core.shell:Creating environment descriptor '/home/ros_workspace/LI-SLAM/install/ndt_omp_ros2/share/ndt_omp_ros2/hook/cmake_prefix_path.dsv'
[0.595s] INFO:colcon.colcon_core.shell:Creating environment hook '/home/ros_workspace/LI-SLAM/install/ndt_omp_ros2/share/ndt_omp_ros2/hook/cmake_prefix_path.sh'
[0.596s] Level 1:colcon.colcon_core.environment:checking '/home/ros_workspace/LI-SLAM/install/ndt_omp_ros2/lib'
[0.596s] Level 1:colcon.colcon_core.environment:checking '/home/ros_workspace/LI-SLAM/install/ndt_omp_ros2/bin'
[0.596s] Level 1:colcon.colcon_core.shell:create_environment_hook('ndt_omp_ros2', 'path')
[0.597s] INFO:colcon.colcon_core.shell:Creating environment hook '/home/ros_workspace/LI-SLAM/install/ndt_omp_ros2/share/ndt_omp_ros2/hook/path.ps1'
[0.597s] INFO:colcon.colcon_core.shell:Creating environment descriptor '/home/ros_workspace/LI-SLAM/install/ndt_omp_ros2/share/ndt_omp_ros2/hook/path.dsv'
[0.597s] INFO:colcon.colcon_core.shell:Creating environment hook '/home/ros_workspace/LI-SLAM/install/ndt_omp_ros2/share/ndt_omp_ros2/hook/path.sh'
[0.598s] Level 1:colcon.colcon_core.environment:checking '/home/ros_workspace/LI-SLAM/install/ndt_omp_ros2/lib/pkgconfig/ndt_omp_ros2.pc'
[0.599s] Level 1:colcon.colcon_core.environment:checking '/home/ros_workspace/LI-SLAM/install/ndt_omp_ros2/lib/python3.10/site-packages'
[0.599s] Level 1:colcon.colcon_core.environment:checking '/home/ros_workspace/LI-SLAM/install/ndt_omp_ros2/bin'
[0.599s] Level 1:colcon.colcon_core.shell:create_environment_hook('ndt_omp_ros2', 'pythonscriptspath')
[0.599s] INFO:colcon.colcon_core.shell:Creating environment hook '/home/ros_workspace/LI-SLAM/install/ndt_omp_ros2/share/ndt_omp_ros2/hook/pythonscriptspath.ps1'
[0.600s] INFO:colcon.colcon_core.shell:Creating environment descriptor '/home/ros_workspace/LI-SLAM/install/ndt_omp_ros2/share/ndt_omp_ros2/hook/pythonscriptspath.dsv'
[0.600s] INFO:colcon.colcon_core.shell:Creating environment hook '/home/ros_workspace/LI-SLAM/install/ndt_omp_ros2/share/ndt_omp_ros2/hook/pythonscriptspath.sh'
[0.601s] INFO:colcon.colcon_core.shell:Creating package script '/home/ros_workspace/LI-SLAM/install/ndt_omp_ros2/share/ndt_omp_ros2/package.ps1'
[0.602s] INFO:colcon.colcon_core.shell:Creating package descriptor '/home/ros_workspace/LI-SLAM/install/ndt_omp_ros2/share/ndt_omp_ros2/package.dsv'
[0.602s] INFO:colcon.colcon_core.shell:Creating package script '/home/ros_workspace/LI-SLAM/install/ndt_omp_ros2/share/ndt_omp_ros2/package.sh'
[0.603s] INFO:colcon.colcon_core.shell:Creating package script '/home/ros_workspace/LI-SLAM/install/ndt_omp_ros2/share/ndt_omp_ros2/package.bash'
[0.604s] INFO:colcon.colcon_core.shell:Creating package script '/home/ros_workspace/LI-SLAM/install/ndt_omp_ros2/share/ndt_omp_ros2/package.zsh'
[0.604s] Level 1:colcon.colcon_core.environment:create_file_with_runtime_dependencies(/home/ros_workspace/LI-SLAM/install/ndt_omp_ros2/share/colcon-core/packages/ndt_omp_ros2)
[0.605s] Level 1:colcon.colcon_core.environment:create_environment_scripts_only(ndt_omp_ros2)
[0.605s] Level 1:colcon.colcon_core.environment:checking '/home/ros_workspace/LI-SLAM/install/ndt_omp_ros2' for CMake module files
[0.606s] Level 1:colcon.colcon_core.environment:checking '/home/ros_workspace/LI-SLAM/install/ndt_omp_ros2' for CMake config files
[0.606s] Level 1:colcon.colcon_core.shell:create_environment_hook('ndt_omp_ros2', 'cmake_prefix_path')
[0.607s] INFO:colcon.colcon_core.shell:Creating environment hook '/home/ros_workspace/LI-SLAM/install/ndt_omp_ros2/share/ndt_omp_ros2/hook/cmake_prefix_path.ps1'
[0.607s] INFO:colcon.colcon_core.shell:Creating environment descriptor '/home/ros_workspace/LI-SLAM/install/ndt_omp_ros2/share/ndt_omp_ros2/hook/cmake_prefix_path.dsv'
[0.607s] INFO:colcon.colcon_core.shell:Creating environment hook '/home/ros_workspace/LI-SLAM/install/ndt_omp_ros2/share/ndt_omp_ros2/hook/cmake_prefix_path.sh'
[0.608s] Level 1:colcon.colcon_core.environment:checking '/home/ros_workspace/LI-SLAM/install/ndt_omp_ros2/lib'
[0.608s] Level 1:colcon.colcon_core.environment:checking '/home/ros_workspace/LI-SLAM/install/ndt_omp_ros2/bin'
[0.608s] Level 1:colcon.colcon_core.shell:create_environment_hook('ndt_omp_ros2', 'path')
[0.608s] INFO:colcon.colcon_core.shell:Creating environment hook '/home/ros_workspace/LI-SLAM/install/ndt_omp_ros2/share/ndt_omp_ros2/hook/path.ps1'
[0.609s] INFO:colcon.colcon_core.shell:Creating environment descriptor '/home/ros_workspace/LI-SLAM/install/ndt_omp_ros2/share/ndt_omp_ros2/hook/path.dsv'
[0.609s] INFO:colcon.colcon_core.shell:Creating environment hook '/home/ros_workspace/LI-SLAM/install/ndt_omp_ros2/share/ndt_omp_ros2/hook/path.sh'
[0.609s] Level 1:colcon.colcon_core.environment:checking '/home/ros_workspace/LI-SLAM/install/ndt_omp_ros2/lib/pkgconfig/ndt_omp_ros2.pc'
[0.609s] Level 1:colcon.colcon_core.environment:checking '/home/ros_workspace/LI-SLAM/install/ndt_omp_ros2/lib/python3.10/site-packages'
[0.610s] Level 1:colcon.colcon_core.environment:checking '/home/ros_workspace/LI-SLAM/install/ndt_omp_ros2/bin'
[0.610s] Level 1:colcon.colcon_core.shell:create_environment_hook('ndt_omp_ros2', 'pythonscriptspath')
[0.610s] INFO:colcon.colcon_core.shell:Creating environment hook '/home/ros_workspace/LI-SLAM/install/ndt_omp_ros2/share/ndt_omp_ros2/hook/pythonscriptspath.ps1'
[0.610s] INFO:colcon.colcon_core.shell:Creating environment descriptor '/home/ros_workspace/LI-SLAM/install/ndt_omp_ros2/share/ndt_omp_ros2/hook/pythonscriptspath.dsv'
[0.611s] INFO:colcon.colcon_core.shell:Creating environment hook '/home/ros_workspace/LI-SLAM/install/ndt_omp_ros2/share/ndt_omp_ros2/hook/pythonscriptspath.sh'
[0.611s] INFO:colcon.colcon_core.shell:Creating package script '/home/ros_workspace/LI-SLAM/install/ndt_omp_ros2/share/ndt_omp_ros2/package.ps1'
[0.612s] INFO:colcon.colcon_core.shell:Creating package descriptor '/home/ros_workspace/LI-SLAM/install/ndt_omp_ros2/share/ndt_omp_ros2/package.dsv'
[0.613s] INFO:colcon.colcon_core.shell:Creating package script '/home/ros_workspace/LI-SLAM/install/ndt_omp_ros2/share/ndt_omp_ros2/package.sh'
[0.613s] INFO:colcon.colcon_core.shell:Creating package script '/home/ros_workspace/LI-SLAM/install/ndt_omp_ros2/share/ndt_omp_ros2/package.bash'
[0.613s] INFO:colcon.colcon_core.shell:Creating package script '/home/ros_workspace/LI-SLAM/install/ndt_omp_ros2/share/ndt_omp_ros2/package.zsh'
[0.614s] Level 1:colcon.colcon_core.environment:create_file_with_runtime_dependencies(/home/ros_workspace/LI-SLAM/install/ndt_omp_ros2/share/colcon-core/packages/ndt_omp_ros2)
[0.749s] DEBUG:colcon.colcon_core.event_handler.log_command:Invoked command in '/home/ros_workspace/LI-SLAM/build/lidarslam_msgs' returned '0': CMAKE_PREFIX_PATH=/opt/ros/humble /usr/bin/cmake --build /home/ros_workspace/LI-SLAM/build/lidarslam_msgs -- -j16 -l16
[0.752s] DEBUG:colcon.colcon_core.event_handler.log_command:Invoking command in '/home/ros_workspace/LI-SLAM/build/lidarslam_msgs': CMAKE_PREFIX_PATH=/opt/ros/humble /usr/bin/cmake --install /home/ros_workspace/LI-SLAM/build/lidarslam_msgs
[0.816s] Level 1:colcon.colcon_core.environment:create_environment_scripts_only(lidarslam_msgs)
[0.816s] DEBUG:colcon.colcon_core.event_handler.log_command:Invoked command in '/home/ros_workspace/LI-SLAM/build/lidarslam_msgs' returned '0': CMAKE_PREFIX_PATH=/opt/ros/humble /usr/bin/cmake --install /home/ros_workspace/LI-SLAM/build/lidarslam_msgs
[0.817s] Level 1:colcon.colcon_core.environment:checking '/home/ros_workspace/LI-SLAM/install/lidarslam_msgs' for CMake module files
[0.818s] Level 1:colcon.colcon_core.environment:checking '/home/ros_workspace/LI-SLAM/install/lidarslam_msgs' for CMake config files
[0.819s] Level 1:colcon.colcon_core.shell:create_environment_hook('lidarslam_msgs', 'cmake_prefix_path')
[0.819s] INFO:colcon.colcon_core.shell:Creating environment hook '/home/ros_workspace/LI-SLAM/install/lidarslam_msgs/share/lidarslam_msgs/hook/cmake_prefix_path.ps1'
[0.820s] INFO:colcon.colcon_core.shell:Creating environment descriptor '/home/ros_workspace/LI-SLAM/install/lidarslam_msgs/share/lidarslam_msgs/hook/cmake_prefix_path.dsv'
[0.821s] INFO:colcon.colcon_core.shell:Creating environment hook '/home/ros_workspace/LI-SLAM/install/lidarslam_msgs/share/lidarslam_msgs/hook/cmake_prefix_path.sh'
[0.822s] Level 1:colcon.colcon_core.environment:checking '/home/ros_workspace/LI-SLAM/install/lidarslam_msgs/lib'
[0.822s] Level 1:colcon.colcon_core.shell:create_environment_hook('lidarslam_msgs', 'ld_library_path_lib')
[0.823s] INFO:colcon.colcon_core.shell:Creating environment hook '/home/ros_workspace/LI-SLAM/install/lidarslam_msgs/share/lidarslam_msgs/hook/ld_library_path_lib.ps1'
[0.823s] INFO:colcon.colcon_core.shell:Creating environment descriptor '/home/ros_workspace/LI-SLAM/install/lidarslam_msgs/share/lidarslam_msgs/hook/ld_library_path_lib.dsv'
[0.824s] INFO:colcon.colcon_core.shell:Creating environment hook '/home/ros_workspace/LI-SLAM/install/lidarslam_msgs/share/lidarslam_msgs/hook/ld_library_path_lib.sh'
[0.825s] Level 1:colcon.colcon_core.environment:checking '/home/ros_workspace/LI-SLAM/install/lidarslam_msgs/bin'
[0.825s] Level 1:colcon.colcon_core.environment:checking '/home/ros_workspace/LI-SLAM/install/lidarslam_msgs/lib/pkgconfig/lidarslam_msgs.pc'
[0.825s] Level 1:colcon.colcon_core.environment:checking '/home/ros_workspace/LI-SLAM/install/lidarslam_msgs/lib/python3.10/site-packages'
[0.826s] Level 1:colcon.colcon_core.environment:checking '/home/ros_workspace/LI-SLAM/install/lidarslam_msgs/bin'
[0.826s] INFO:colcon.colcon_core.shell:Creating package script '/home/ros_workspace/LI-SLAM/install/lidarslam_msgs/share/lidarslam_msgs/package.ps1'
[0.827s] INFO:colcon.colcon_core.shell:Creating package descriptor '/home/ros_workspace/LI-SLAM/install/lidarslam_msgs/share/lidarslam_msgs/package.dsv'
[0.828s] INFO:colcon.colcon_core.shell:Creating package script '/home/ros_workspace/LI-SLAM/install/lidarslam_msgs/share/lidarslam_msgs/package.sh'
[0.829s] INFO:colcon.colcon_core.shell:Creating package script '/home/ros_workspace/LI-SLAM/install/lidarslam_msgs/share/lidarslam_msgs/package.bash'
[0.830s] INFO:colcon.colcon_core.shell:Creating package script '/home/ros_workspace/LI-SLAM/install/lidarslam_msgs/share/lidarslam_msgs/package.zsh'
[0.830s] Level 1:colcon.colcon_core.environment:create_file_with_runtime_dependencies(/home/ros_workspace/LI-SLAM/install/lidarslam_msgs/share/colcon-core/packages/lidarslam_msgs)
[0.831s] Level 1:colcon.colcon_core.environment:create_environment_scripts_only(lidarslam_msgs)
[0.832s] Level 1:colcon.colcon_core.environment:checking '/home/ros_workspace/LI-SLAM/install/lidarslam_msgs' for CMake module files
[0.833s] Level 1:colcon.colcon_core.environment:checking '/home/ros_workspace/LI-SLAM/install/lidarslam_msgs' for CMake config files
[0.834s] Level 1:colcon.colcon_core.shell:create_environment_hook('lidarslam_msgs', 'cmake_prefix_path')
[0.834s] INFO:colcon.colcon_core.shell:Creating environment hook '/home/ros_workspace/LI-SLAM/install/lidarslam_msgs/share/lidarslam_msgs/hook/cmake_prefix_path.ps1'
[0.835s] INFO:colcon.colcon_core.shell:Creating environment descriptor '/home/ros_workspace/LI-SLAM/install/lidarslam_msgs/share/lidarslam_msgs/hook/cmake_prefix_path.dsv'
[0.836s] INFO:colcon.colcon_core.shell:Creating environment hook '/home/ros_workspace/LI-SLAM/install/lidarslam_msgs/share/lidarslam_msgs/hook/cmake_prefix_path.sh'
[0.862s] Level 1:colcon.colcon_core.environment:checking '/home/ros_workspace/LI-SLAM/install/lidarslam_msgs/lib'
[0.862s] Level 1:colcon.colcon_core.shell:create_environment_hook('lidarslam_msgs', 'ld_library_path_lib')
[0.862s] INFO:colcon.colcon_core.shell:Creating environment hook '/home/ros_workspace/LI-SLAM/install/lidarslam_msgs/share/lidarslam_msgs/hook/ld_library_path_lib.ps1'
[0.863s] INFO:colcon.colcon_core.shell:Creating environment descriptor '/home/ros_workspace/LI-SLAM/install/lidarslam_msgs/share/lidarslam_msgs/hook/ld_library_path_lib.dsv'
[0.864s] INFO:colcon.colcon_core.shell:Creating environment hook '/home/ros_workspace/LI-SLAM/install/lidarslam_msgs/share/lidarslam_msgs/hook/ld_library_path_lib.sh'
[0.864s] Level 1:colcon.colcon_core.environment:checking '/home/ros_workspace/LI-SLAM/install/lidarslam_msgs/bin'
[0.865s] Level 1:colcon.colcon_core.environment:checking '/home/ros_workspace/LI-SLAM/install/lidarslam_msgs/lib/pkgconfig/lidarslam_msgs.pc'
[0.865s] Level 1:colcon.colcon_core.environment:checking '/home/ros_workspace/LI-SLAM/install/lidarslam_msgs/lib/python3.10/site-packages'
[0.866s] Level 1:colcon.colcon_core.environment:checking '/home/ros_workspace/LI-SLAM/install/lidarslam_msgs/bin'
[0.867s] INFO:colcon.colcon_core.shell:Creating package script '/home/ros_workspace/LI-SLAM/install/lidarslam_msgs/share/lidarslam_msgs/package.ps1'
[0.868s] INFO:colcon.colcon_core.shell:Creating package descriptor '/home/ros_workspace/LI-SLAM/install/lidarslam_msgs/share/lidarslam_msgs/package.dsv'
[0.869s] INFO:colcon.colcon_core.shell:Creating package script '/home/ros_workspace/LI-SLAM/install/lidarslam_msgs/share/lidarslam_msgs/package.sh'
[0.870s] INFO:colcon.colcon_core.shell:Creating package script '/home/ros_workspace/LI-SLAM/install/lidarslam_msgs/share/lidarslam_msgs/package.bash'
[0.870s] INFO:colcon.colcon_core.shell:Creating package script '/home/ros_workspace/LI-SLAM/install/lidarslam_msgs/share/lidarslam_msgs/package.zsh'
[0.871s] Level 1:colcon.colcon_core.environment:create_file_with_runtime_dependencies(/home/ros_workspace/LI-SLAM/install/lidarslam_msgs/share/colcon-core/packages/lidarslam_msgs)
[0.872s] INFO:colcon.colcon_ros.task.ament_cmake.build:Building ROS package in '/home/ros_workspace/LI-SLAM/src/li_slam_ros2/graph_based_slam' with build type 'ament_cmake'
[0.872s] INFO:colcon.colcon_cmake.task.cmake.build:Building CMake package in '/home/ros_workspace/LI-SLAM/src/li_slam_ros2/graph_based_slam'
[0.872s] INFO:colcon.colcon_core.shell:Skip shell extension 'powershell' for command environment: Not usable outside of PowerShell
[0.872s] DEBUG:colcon.colcon_core.shell:Skip shell extension 'dsv' for command environment
[0.879s] INFO:colcon.colcon_ros.task.ament_cmake.build:Building ROS package in '/home/ros_workspace/LI-SLAM/src/li_slam_ros2/scanmatcher' with build type 'ament_cmake'
[0.879s] INFO:colcon.colcon_cmake.task.cmake.build:Building CMake package in '/home/ros_workspace/LI-SLAM/src/li_slam_ros2/scanmatcher'
[0.880s] INFO:colcon.colcon_core.shell:Skip shell extension 'powershell' for command environment: Not usable outside of PowerShell
[0.880s] DEBUG:colcon.colcon_core.shell:Skip shell extension 'dsv' for command environment
[0.893s] DEBUG:colcon.colcon_core.event_handler.log_command:Invoking command in '/home/ros_workspace/LI-SLAM/build/graph_based_slam': AMENT_PREFIX_PATH=/home/ros_workspace/LI-SLAM/install/ndt_omp_ros2:/home/ros_workspace/LI-SLAM/install/lidarslam_msgs:${AMENT_PREFIX_PATH} CMAKE_PREFIX_PATH=/home/ros_workspace/LI-SLAM/install/ndt_omp_ros2:/home/ros_workspace/LI-SLAM/install/lidarslam_msgs:/opt/ros/humble LD_LIBRARY_PATH=/home/ros_workspace/LI-SLAM/install/lidarslam_msgs/lib:${LD_LIBRARY_PATH} PATH=/home/ros_workspace/LI-SLAM/install/ndt_omp_ros2/bin:${PATH} PYTHONPATH=/home/ros_workspace/LI-SLAM/install/lidarslam_msgs/local/lib/python3.10/dist-packages:${PYTHONPATH} /usr/bin/cmake --build /home/ros_workspace/LI-SLAM/build/graph_based_slam -- -j16 -l16
[0.900s] DEBUG:colcon.colcon_core.event_handler.log_command:Invoking command in '/home/ros_workspace/LI-SLAM/build/scanmatcher': AMENT_PREFIX_PATH=/home/ros_workspace/LI-SLAM/install/ndt_omp_ros2:/home/ros_workspace/LI-SLAM/install/lidarslam_msgs:${AMENT_PREFIX_PATH} CMAKE_PREFIX_PATH=/home/ros_workspace/LI-SLAM/install/ndt_omp_ros2:/home/ros_workspace/LI-SLAM/install/lidarslam_msgs:/opt/ros/humble LD_LIBRARY_PATH=/home/ros_workspace/LI-SLAM/install/lidarslam_msgs/lib:${LD_LIBRARY_PATH} PATH=/home/ros_workspace/LI-SLAM/install/ndt_omp_ros2/bin:${PATH} PYTHONPATH=/home/ros_workspace/LI-SLAM/install/lidarslam_msgs/local/lib/python3.10/dist-packages:${PYTHONPATH} /usr/bin/cmake --build /home/ros_workspace/LI-SLAM/build/scanmatcher -- -j16 -l16
[1.053s] DEBUG:colcon.colcon_core.event_handler.log_command:Invoked command in '/home/ros_workspace/LI-SLAM/build/graph_based_slam' returned '0': AMENT_PREFIX_PATH=/home/ros_workspace/LI-SLAM/install/ndt_omp_ros2:/home/ros_workspace/LI-SLAM/install/lidarslam_msgs:${AMENT_PREFIX_PATH} CMAKE_PREFIX_PATH=/home/ros_workspace/LI-SLAM/install/ndt_omp_ros2:/home/ros_workspace/LI-SLAM/install/lidarslam_msgs:/opt/ros/humble LD_LIBRARY_PATH=/home/ros_workspace/LI-SLAM/install/lidarslam_msgs/lib:${LD_LIBRARY_PATH} PATH=/home/ros_workspace/LI-SLAM/install/ndt_omp_ros2/bin:${PATH} PYTHONPATH=/home/ros_workspace/LI-SLAM/install/lidarslam_msgs/local/lib/python3.10/dist-packages:${PYTHONPATH} /usr/bin/cmake --build /home/ros_workspace/LI-SLAM/build/graph_based_slam -- -j16 -l16
[1.054s] DEBUG:colcon.colcon_core.event_handler.log_command:Invoking command in '/home/ros_workspace/LI-SLAM/build/graph_based_slam': AMENT_PREFIX_PATH=/home/ros_workspace/LI-SLAM/install/ndt_omp_ros2:/home/ros_workspace/LI-SLAM/install/lidarslam_msgs:${AMENT_PREFIX_PATH} CMAKE_PREFIX_PATH=/home/ros_workspace/LI-SLAM/install/ndt_omp_ros2:/home/ros_workspace/LI-SLAM/install/lidarslam_msgs:/opt/ros/humble LD_LIBRARY_PATH=/home/ros_workspace/LI-SLAM/install/lidarslam_msgs/lib:${LD_LIBRARY_PATH} PATH=/home/ros_workspace/LI-SLAM/install/ndt_omp_ros2/bin:${PATH} PYTHONPATH=/home/ros_workspace/LI-SLAM/install/lidarslam_msgs/local/lib/python3.10/dist-packages:${PYTHONPATH} /usr/bin/cmake --install /home/ros_workspace/LI-SLAM/build/graph_based_slam
[1.078s] Level 1:colcon.colcon_core.environment:create_environment_scripts_only(graph_based_slam)
[1.078s] DEBUG:colcon.colcon_core.event_handler.log_command:Invoked command in '/home/ros_workspace/LI-SLAM/build/graph_based_slam' returned '0': AMENT_PREFIX_PATH=/home/ros_workspace/LI-SLAM/install/ndt_omp_ros2:/home/ros_workspace/LI-SLAM/install/lidarslam_msgs:${AMENT_PREFIX_PATH} CMAKE_PREFIX_PATH=/home/ros_workspace/LI-SLAM/install/ndt_omp_ros2:/home/ros_workspace/LI-SLAM/install/lidarslam_msgs:/opt/ros/humble LD_LIBRARY_PATH=/home/ros_workspace/LI-SLAM/install/lidarslam_msgs/lib:${LD_LIBRARY_PATH} PATH=/home/ros_workspace/LI-SLAM/install/ndt_omp_ros2/bin:${PATH} PYTHONPATH=/home/ros_workspace/LI-SLAM/install/lidarslam_msgs/local/lib/python3.10/dist-packages:${PYTHONPATH} /usr/bin/cmake --install /home/ros_workspace/LI-SLAM/build/graph_based_slam
[1.079s] Level 1:colcon.colcon_core.environment:checking '/home/ros_workspace/LI-SLAM/install/graph_based_slam' for CMake module files
[1.080s] Level 1:colcon.colcon_core.environment:checking '/home/ros_workspace/LI-SLAM/install/graph_based_slam' for CMake config files
[1.080s] Level 1:colcon.colcon_core.shell:create_environment_hook('graph_based_slam', 'cmake_prefix_path')
[1.081s] INFO:colcon.colcon_core.shell:Creating environment hook '/home/ros_workspace/LI-SLAM/install/graph_based_slam/share/graph_based_slam/hook/cmake_prefix_path.ps1'
[1.082s] INFO:colcon.colcon_core.shell:Creating environment descriptor '/home/ros_workspace/LI-SLAM/install/graph_based_slam/share/graph_based_slam/hook/cmake_prefix_path.dsv'
[1.082s] INFO:colcon.colcon_core.shell:Creating environment hook '/home/ros_workspace/LI-SLAM/install/graph_based_slam/share/graph_based_slam/hook/cmake_prefix_path.sh'
[1.083s] Level 1:colcon.colcon_core.environment:checking '/home/ros_workspace/LI-SLAM/install/graph_based_slam/lib'
[1.083s] Level 1:colcon.colcon_core.shell:create_environment_hook('graph_based_slam', 'ld_library_path_lib')
[1.083s] INFO:colcon.colcon_core.shell:Creating environment hook '/home/ros_workspace/LI-SLAM/install/graph_based_slam/share/graph_based_slam/hook/ld_library_path_lib.ps1'
[1.084s] INFO:colcon.colcon_core.shell:Creating environment descriptor '/home/ros_workspace/LI-SLAM/install/graph_based_slam/share/graph_based_slam/hook/ld_library_path_lib.dsv'
[1.085s] INFO:colcon.colcon_core.shell:Creating environment hook '/home/ros_workspace/LI-SLAM/install/graph_based_slam/share/graph_based_slam/hook/ld_library_path_lib.sh'
[1.085s] Level 1:colcon.colcon_core.environment:checking '/home/ros_workspace/LI-SLAM/install/graph_based_slam/bin'
[1.085s] Level 1:colcon.colcon_core.environment:checking '/home/ros_workspace/LI-SLAM/install/graph_based_slam/lib/pkgconfig/graph_based_slam.pc'
[1.086s] Level 1:colcon.colcon_core.environment:checking '/home/ros_workspace/LI-SLAM/install/graph_based_slam/lib/python3.10/site-packages'
[1.086s] Level 1:colcon.colcon_core.environment:checking '/home/ros_workspace/LI-SLAM/install/graph_based_slam/bin'
[1.087s] INFO:colcon.colcon_core.shell:Creating package script '/home/ros_workspace/LI-SLAM/install/graph_based_slam/share/graph_based_slam/package.ps1'
[1.088s] INFO:colcon.colcon_core.shell:Creating package descriptor '/home/ros_workspace/LI-SLAM/install/graph_based_slam/share/graph_based_slam/package.dsv'
[1.088s] INFO:colcon.colcon_core.shell:Creating package script '/home/ros_workspace/LI-SLAM/install/graph_based_slam/share/graph_based_slam/package.sh'
[1.089s] INFO:colcon.colcon_core.shell:Creating package script '/home/ros_workspace/LI-SLAM/install/graph_based_slam/share/graph_based_slam/package.bash'
[1.090s] INFO:colcon.colcon_core.shell:Creating package script '/home/ros_workspace/LI-SLAM/install/graph_based_slam/share/graph_based_slam/package.zsh'
[1.090s] Level 1:colcon.colcon_core.environment:create_file_with_runtime_dependencies(/home/ros_workspace/LI-SLAM/install/graph_based_slam/share/colcon-core/packages/graph_based_slam)
[1.091s] Level 1:colcon.colcon_core.environment:create_environment_scripts_only(graph_based_slam)
[1.092s] Level 1:colcon.colcon_core.environment:checking '/home/ros_workspace/LI-SLAM/install/graph_based_slam' for CMake module files
[1.093s] Level 1:colcon.colcon_core.environment:checking '/home/ros_workspace/LI-SLAM/install/graph_based_slam' for CMake config files
[1.093s] Level 1:colcon.colcon_core.shell:create_environment_hook('graph_based_slam', 'cmake_prefix_path')
[1.093s] INFO:colcon.colcon_core.shell:Creating environment hook '/home/ros_workspace/LI-SLAM/install/graph_based_slam/share/graph_based_slam/hook/cmake_prefix_path.ps1'
[1.094s] INFO:colcon.colcon_core.shell:Creating environment descriptor '/home/ros_workspace/LI-SLAM/install/graph_based_slam/share/graph_based_slam/hook/cmake_prefix_path.dsv'
[1.095s] INFO:colcon.colcon_core.shell:Creating environment hook '/home/ros_workspace/LI-SLAM/install/graph_based_slam/share/graph_based_slam/hook/cmake_prefix_path.sh'
[1.100s] Level 1:colcon.colcon_core.environment:checking '/home/ros_workspace/LI-SLAM/install/graph_based_slam/lib'
[1.101s] Level 1:colcon.colcon_core.shell:create_environment_hook('graph_based_slam', 'ld_library_path_lib')
[1.101s] INFO:colcon.colcon_core.shell:Creating environment hook '/home/ros_workspace/LI-SLAM/install/graph_based_slam/share/graph_based_slam/hook/ld_library_path_lib.ps1'
[1.101s] INFO:colcon.colcon_core.shell:Creating environment descriptor '/home/ros_workspace/LI-SLAM/install/graph_based_slam/share/graph_based_slam/hook/ld_library_path_lib.dsv'
[1.101s] INFO:colcon.colcon_core.shell:Creating environment hook '/home/ros_workspace/LI-SLAM/install/graph_based_slam/share/graph_based_slam/hook/ld_library_path_lib.sh'
[1.102s] Level 1:colcon.colcon_core.environment:checking '/home/ros_workspace/LI-SLAM/install/graph_based_slam/bin'
[1.102s] Level 1:colcon.colcon_core.environment:checking '/home/ros_workspace/LI-SLAM/install/graph_based_slam/lib/pkgconfig/graph_based_slam.pc'
[1.102s] Level 1:colcon.colcon_core.environment:checking '/home/ros_workspace/LI-SLAM/install/graph_based_slam/lib/python3.10/site-packages'
[1.102s] Level 1:colcon.colcon_core.environment:checking '/home/ros_workspace/LI-SLAM/install/graph_based_slam/bin'
[1.103s] INFO:colcon.colcon_core.shell:Creating package script '/home/ros_workspace/LI-SLAM/install/graph_based_slam/share/graph_based_slam/package.ps1'
[1.103s] INFO:colcon.colcon_core.shell:Creating package descriptor '/home/ros_workspace/LI-SLAM/install/graph_based_slam/share/graph_based_slam/package.dsv'
[1.104s] INFO:colcon.colcon_core.shell:Creating package script '/home/ros_workspace/LI-SLAM/install/graph_based_slam/share/graph_based_slam/package.sh'
[1.104s] INFO:colcon.colcon_core.shell:Creating package script '/home/ros_workspace/LI-SLAM/install/graph_based_slam/share/graph_based_slam/package.bash'
[1.104s] INFO:colcon.colcon_core.shell:Creating package script '/home/ros_workspace/LI-SLAM/install/graph_based_slam/share/graph_based_slam/package.zsh'
[1.105s] Level 1:colcon.colcon_core.environment:create_file_with_runtime_dependencies(/home/ros_workspace/LI-SLAM/install/graph_based_slam/share/colcon-core/packages/graph_based_slam)
[46.079s] DEBUG:colcon.colcon_core.event_handler.log_command:Invoked command in '/home/ros_workspace/LI-SLAM/build/scanmatcher' returned '0': AMENT_PREFIX_PATH=/home/ros_workspace/LI-SLAM/install/ndt_omp_ros2:/home/ros_workspace/LI-SLAM/install/lidarslam_msgs:${AMENT_PREFIX_PATH} CMAKE_PREFIX_PATH=/home/ros_workspace/LI-SLAM/install/ndt_omp_ros2:/home/ros_workspace/LI-SLAM/install/lidarslam_msgs:/opt/ros/humble LD_LIBRARY_PATH=/home/ros_workspace/LI-SLAM/install/lidarslam_msgs/lib:${LD_LIBRARY_PATH} PATH=/home/ros_workspace/LI-SLAM/install/ndt_omp_ros2/bin:${PATH} PYTHONPATH=/home/ros_workspace/LI-SLAM/install/lidarslam_msgs/local/lib/python3.10/dist-packages:${PYTHONPATH} /usr/bin/cmake --build /home/ros_workspace/LI-SLAM/build/scanmatcher -- -j16 -l16
[46.082s] DEBUG:colcon.colcon_core.event_handler.log_command:Invoking command in '/home/ros_workspace/LI-SLAM/build/scanmatcher': AMENT_PREFIX_PATH=/home/ros_workspace/LI-SLAM/install/ndt_omp_ros2:/home/ros_workspace/LI-SLAM/install/lidarslam_msgs:${AMENT_PREFIX_PATH} CMAKE_PREFIX_PATH=/home/ros_workspace/LI-SLAM/install/ndt_omp_ros2:/home/ros_workspace/LI-SLAM/install/lidarslam_msgs:/opt/ros/humble LD_LIBRARY_PATH=/home/ros_workspace/LI-SLAM/install/lidarslam_msgs/lib:${LD_LIBRARY_PATH} PATH=/home/ros_workspace/LI-SLAM/install/ndt_omp_ros2/bin:${PATH} PYTHONPATH=/home/ros_workspace/LI-SLAM/install/lidarslam_msgs/local/lib/python3.10/dist-packages:${PYTHONPATH} /usr/bin/cmake --install /home/ros_workspace/LI-SLAM/build/scanmatcher
[46.155s] Level 1:colcon.colcon_core.environment:create_environment_scripts_only(scanmatcher)
[46.155s] DEBUG:colcon.colcon_core.event_handler.log_command:Invoked command in '/home/ros_workspace/LI-SLAM/build/scanmatcher' returned '0': AMENT_PREFIX_PATH=/home/ros_workspace/LI-SLAM/install/ndt_omp_ros2:/home/ros_workspace/LI-SLAM/install/lidarslam_msgs:${AMENT_PREFIX_PATH} CMAKE_PREFIX_PATH=/home/ros_workspace/LI-SLAM/install/ndt_omp_ros2:/home/ros_workspace/LI-SLAM/install/lidarslam_msgs:/opt/ros/humble LD_LIBRARY_PATH=/home/ros_workspace/LI-SLAM/install/lidarslam_msgs/lib:${LD_LIBRARY_PATH} PATH=/home/ros_workspace/LI-SLAM/install/ndt_omp_ros2/bin:${PATH} PYTHONPATH=/home/ros_workspace/LI-SLAM/install/lidarslam_msgs/local/lib/python3.10/dist-packages:${PYTHONPATH} /usr/bin/cmake --install /home/ros_workspace/LI-SLAM/build/scanmatcher
[46.156s] Level 1:colcon.colcon_core.environment:checking '/home/ros_workspace/LI-SLAM/install/scanmatcher' for CMake module files
[46.157s] Level 1:colcon.colcon_core.environment:checking '/home/ros_workspace/LI-SLAM/install/scanmatcher' for CMake config files
[46.158s] Level 1:colcon.colcon_core.shell:create_environment_hook('scanmatcher', 'cmake_prefix_path')
[46.158s] INFO:colcon.colcon_core.shell:Creating environment hook '/home/ros_workspace/LI-SLAM/install/scanmatcher/share/scanmatcher/hook/cmake_prefix_path.ps1'
[46.159s] INFO:colcon.colcon_core.shell:Creating environment descriptor '/home/ros_workspace/LI-SLAM/install/scanmatcher/share/scanmatcher/hook/cmake_prefix_path.dsv'
[46.160s] INFO:colcon.colcon_core.shell:Creating environment hook '/home/ros_workspace/LI-SLAM/install/scanmatcher/share/scanmatcher/hook/cmake_prefix_path.sh'
[46.160s] Level 1:colcon.colcon_core.environment:checking '/home/ros_workspace/LI-SLAM/install/scanmatcher/lib'
[46.161s] Level 1:colcon.colcon_core.shell:create_environment_hook('scanmatcher', 'ld_library_path_lib')
[46.161s] INFO:colcon.colcon_core.shell:Creating environment hook '/home/ros_workspace/LI-SLAM/install/scanmatcher/share/scanmatcher/hook/ld_library_path_lib.ps1'
[46.162s] INFO:colcon.colcon_core.shell:Creating environment descriptor '/home/ros_workspace/LI-SLAM/install/scanmatcher/share/scanmatcher/hook/ld_library_path_lib.dsv'
[46.162s] INFO:colcon.colcon_core.shell:Creating environment hook '/home/ros_workspace/LI-SLAM/install/scanmatcher/share/scanmatcher/hook/ld_library_path_lib.sh'
[46.163s] Level 1:colcon.colcon_core.environment:checking '/home/ros_workspace/LI-SLAM/install/scanmatcher/bin'
[46.163s] Level 1:colcon.colcon_core.environment:checking '/home/ros_workspace/LI-SLAM/install/scanmatcher/lib/pkgconfig/scanmatcher.pc'
[46.164s] Level 1:colcon.colcon_core.environment:checking '/home/ros_workspace/LI-SLAM/install/scanmatcher/lib/python3.10/site-packages'
[46.164s] Level 1:colcon.colcon_core.environment:checking '/home/ros_workspace/LI-SLAM/install/scanmatcher/bin'
[46.165s] INFO:colcon.colcon_core.shell:Creating package script '/home/ros_workspace/LI-SLAM/install/scanmatcher/share/scanmatcher/package.ps1'
[46.166s] INFO:colcon.colcon_core.shell:Creating package descriptor '/home/ros_workspace/LI-SLAM/install/scanmatcher/share/scanmatcher/package.dsv'
[46.167s] INFO:colcon.colcon_core.shell:Creating package script '/home/ros_workspace/LI-SLAM/install/scanmatcher/share/scanmatcher/package.sh'
[46.167s] INFO:colcon.colcon_core.shell:Creating package script '/home/ros_workspace/LI-SLAM/install/scanmatcher/share/scanmatcher/package.bash'
[46.168s] INFO:colcon.colcon_core.shell:Creating package script '/home/ros_workspace/LI-SLAM/install/scanmatcher/share/scanmatcher/package.zsh'
[46.169s] Level 1:colcon.colcon_core.environment:create_file_with_runtime_dependencies(/home/ros_workspace/LI-SLAM/install/scanmatcher/share/colcon-core/packages/scanmatcher)
[46.170s] Level 1:colcon.colcon_core.environment:create_environment_scripts_only(scanmatcher)
[46.170s] Level 1:colcon.colcon_core.environment:checking '/home/ros_workspace/LI-SLAM/install/scanmatcher' for CMake module files
[46.171s] Level 1:colcon.colcon_core.environment:checking '/home/ros_workspace/LI-SLAM/install/scanmatcher' for CMake config files
[46.172s] Level 1:colcon.colcon_core.shell:create_environment_hook('scanmatcher', 'cmake_prefix_path')
[46.172s] INFO:colcon.colcon_core.shell:Creating environment hook '/home/ros_workspace/LI-SLAM/install/scanmatcher/share/scanmatcher/hook/cmake_prefix_path.ps1'
[46.173s] INFO:colcon.colcon_core.shell:Creating environment descriptor '/home/ros_workspace/LI-SLAM/install/scanmatcher/share/scanmatcher/hook/cmake_prefix_path.dsv'
[46.174s] INFO:colcon.colcon_core.shell:Creating environment hook '/home/ros_workspace/LI-SLAM/install/scanmatcher/share/scanmatcher/hook/cmake_prefix_path.sh'
[46.174s] Level 1:colcon.colcon_core.environment:checking '/home/ros_workspace/LI-SLAM/install/scanmatcher/lib'
[46.175s] Level 1:colcon.colcon_core.shell:create_environment_hook('scanmatcher', 'ld_library_path_lib')
[46.175s] INFO:colcon.colcon_core.shell:Creating environment hook '/home/ros_workspace/LI-SLAM/install/scanmatcher/share/scanmatcher/hook/ld_library_path_lib.ps1'
[46.176s] INFO:colcon.colcon_core.shell:Creating environment descriptor '/home/ros_workspace/LI-SLAM/install/scanmatcher/share/scanmatcher/hook/ld_library_path_lib.dsv'
[46.176s] INFO:colcon.colcon_core.shell:Creating environment hook '/home/ros_workspace/LI-SLAM/install/scanmatcher/share/scanmatcher/hook/ld_library_path_lib.sh'
[46.177s] Level 1:colcon.colcon_core.environment:checking '/home/ros_workspace/LI-SLAM/install/scanmatcher/bin'
[46.177s] Level 1:colcon.colcon_core.environment:checking '/home/ros_workspace/LI-SLAM/install/scanmatcher/lib/pkgconfig/scanmatcher.pc'
[46.177s] Level 1:colcon.colcon_core.environment:checking '/home/ros_workspace/LI-SLAM/install/scanmatcher/lib/python3.10/site-packages'
[46.178s] Level 1:colcon.colcon_core.environment:checking '/home/ros_workspace/LI-SLAM/install/scanmatcher/bin'
[46.178s] INFO:colcon.colcon_core.shell:Creating package script '/home/ros_workspace/LI-SLAM/install/scanmatcher/share/scanmatcher/package.ps1'
[46.179s] INFO:colcon.colcon_core.shell:Creating package descriptor '/home/ros_workspace/LI-SLAM/install/scanmatcher/share/scanmatcher/package.dsv'
[46.180s] INFO:colcon.colcon_core.shell:Creating package script '/home/ros_workspace/LI-SLAM/install/scanmatcher/share/scanmatcher/package.sh'
[46.181s] INFO:colcon.colcon_core.shell:Creating package script '/home/ros_workspace/LI-SLAM/install/scanmatcher/share/scanmatcher/package.bash'
[46.182s] INFO:colcon.colcon_core.shell:Creating package script '/home/ros_workspace/LI-SLAM/install/scanmatcher/share/scanmatcher/package.zsh'
[46.191s] Level 1:colcon.colcon_core.environment:create_file_with_runtime_dependencies(/home/ros_workspace/LI-SLAM/install/scanmatcher/share/colcon-core/packages/scanmatcher)
[46.191s] DEBUG:colcon.colcon_parallel_executor.executor.parallel:closing loop
[46.192s] DEBUG:colcon.colcon_parallel_executor.executor.parallel:loop closed
[46.192s] DEBUG:colcon.colcon_parallel_executor.executor.parallel:run_until_complete finished with '0'
[46.192s] DEBUG:colcon.colcon_core.event_reactor:joining thread
[46.200s] INFO:colcon.colcon_core.plugin_system:Skipping extension 'colcon_notification.desktop_notification.notify_send': Could not find 'notify-send'
[46.200s] INFO:colcon.colcon_core.plugin_system:Skipping extension 'colcon_notification.desktop_notification.terminal_notifier': Not used on non-Darwin systems
[46.201s] INFO:colcon.colcon_core.plugin_system:Skipping extension 'colcon_notification.desktop_notification.win32': Not used on non-Windows systems
[46.201s] INFO:colcon.colcon_notification.desktop_notification:Sending desktop notification using 'notify2'
[46.206s] DEBUG:colcon.colcon_notification.desktop_notification.notify2:Failed to initialize notify2: org.freedesktop.DBus.Error.Spawn.ExecFailed: /usr/bin/dbus-launch terminated abnormally without any error message
[46.207s] DEBUG:colcon.colcon_core.event_reactor:joined thread
[46.208s] INFO:colcon.colcon_core.shell:Creating prefix script '/home/ros_workspace/LI-SLAM/install/local_setup.ps1'
[46.210s] INFO:colcon.colcon_core.shell:Creating prefix util module '/home/ros_workspace/LI-SLAM/install/_local_setup_util_ps1.py'
[46.212s] INFO:colcon.colcon_core.shell:Creating prefix chain script '/home/ros_workspace/LI-SLAM/install/setup.ps1'
[46.216s] INFO:colcon.colcon_core.shell:Creating prefix script '/home/ros_workspace/LI-SLAM/install/local_setup.sh'
[46.217s] INFO:colcon.colcon_core.shell:Creating prefix util module '/home/ros_workspace/LI-SLAM/install/_local_setup_util_sh.py'
[46.217s] INFO:colcon.colcon_core.shell:Creating prefix chain script '/home/ros_workspace/LI-SLAM/install/setup.sh'
[46.219s] INFO:colcon.colcon_core.shell:Creating prefix script '/home/ros_workspace/LI-SLAM/install/local_setup.bash'
[46.220s] INFO:colcon.colcon_core.shell:Creating prefix chain script '/home/ros_workspace/LI-SLAM/install/setup.bash'
[46.221s] INFO:colcon.colcon_core.shell:Creating prefix script '/home/ros_workspace/LI-SLAM/install/local_setup.zsh'
[46.222s] INFO:colcon.colcon_core.shell:Creating prefix chain script '/home/ros_workspace/LI-SLAM/install/setup.zsh'
