[0.109s] DEBUG:colcon:Command line arguments: ['/usr/bin/colcon', 'build']
[0.109s] DEBUG:colcon:Parsed command line arguments: Namespace(log_base=None, log_level=None, verb_name='build', build_base='build', install_base='install', merge_install=False, symlink_install=False, test_result_base=None, continue_on_error=False, executor='parallel', parallel_workers=16, event_handlers=None, ignore_user_meta=False, metas=['./colcon.meta'], base_paths=['.'], packages_ignore=None, packages_ignore_regex=None, paths=None, packages_up_to=None, packages_up_to_regex=None, packages_above=None, packages_above_and_dependencies=None, packages_above_depth=None, packages_select_by_dep=None, packages_skip_by_dep=None, packages_skip_up_to=None, packages_select_build_failed=False, packages_skip_build_finished=False, packages_select_test_failures=False, packages_skip_test_passed=False, packages_select=None, packages_skip=None, packages_select_regex=None, packages_skip_regex=None, packages_start=None, packages_end=None, cmake_args=None, cmake_target=None, cmake_target_skip_unavailable=False, cmake_clean_cache=False, cmake_clean_first=False, cmake_force_configure=False, ament_cmake_args=None, catkin_cmake_args=None, catkin_skip_building_tests=False, mixin_files=None, mixin=None, verb_parser=<colcon_mixin.mixin.mixin_argument.MixinArgumentDecorator object at 0x7baf86683bb0>, verb_extension=<colcon_core.verb.build.BuildVerb object at 0x7baf866835e0>, main=<bound method BuildVerb.main of <colcon_core.verb.build.BuildVerb object at 0x7baf866835e0>>, mixin_verb=('build',))
[0.227s] Level 1:colcon.colcon_core.package_discovery:discover_packages(colcon_meta) check parameters
[0.227s] INFO:colcon.colcon_metadata.package_discovery.colcon_meta:Using configuration from '/root/.colcon/metadata/default/Gazebo.meta'
[0.228s] INFO:colcon.colcon_metadata.package_discovery.colcon_meta:Using configuration from '/root/.colcon/metadata/default/fastdds.meta'
[0.228s] INFO:colcon.colcon_metadata.package_discovery.colcon_meta:Using configuration from '/root/.colcon/metadata/default/fastrtps.meta'
[0.229s] Level 1:colcon.colcon_core.package_discovery:discover_packages(recursive) check parameters
[0.229s] Level 1:colcon.colcon_core.package_discovery:discover_packages(ignore) check parameters
[0.229s] Level 1:colcon.colcon_core.package_discovery:discover_packages(path) check parameters
[0.229s] Level 1:colcon.colcon_core.package_discovery:discover_packages(colcon_meta) discover
[0.229s] Level 1:colcon.colcon_core.package_discovery:discover_packages(recursive) discover
[0.229s] INFO:colcon.colcon_core.package_discovery:Crawling recursively for packages in '/home/ros_workspace/drone'
[0.229s] Level 1:colcon.colcon_core.package_identification:_identify(.) by extensions ['ignore', 'ignore_ament_install']
[0.229s] Level 1:colcon.colcon_core.package_identification:_identify(.) by extension 'ignore'
[0.229s] Level 1:colcon.colcon_core.package_identification:_identify(.) by extension 'ignore_ament_install'
[0.229s] Level 1:colcon.colcon_core.package_identification:_identify(.) by extensions ['colcon_pkg']
[0.229s] Level 1:colcon.colcon_core.package_identification:_identify(.) by extension 'colcon_pkg'
[0.229s] Level 1:colcon.colcon_core.package_identification:_identify(.) by extensions ['colcon_meta']
[0.229s] Level 1:colcon.colcon_core.package_identification:_identify(.) by extension 'colcon_meta'
[0.229s] Level 1:colcon.colcon_core.package_identification:_identify(.) by extensions ['ros']
[0.229s] Level 1:colcon.colcon_core.package_identification:_identify(.) by extension 'ros'
[0.254s] Level 1:colcon.colcon_core.package_identification:_identify(.) by extensions ['cmake', 'python']
[0.254s] Level 1:colcon.colcon_core.package_identification:_identify(.) by extension 'cmake'
[0.254s] Level 1:colcon.colcon_core.package_identification:_identify(.) by extension 'python'
[0.254s] Level 1:colcon.colcon_core.package_identification:_identify(.) by extensions ['python_setup_py']
[0.254s] Level 1:colcon.colcon_core.package_identification:_identify(.) by extension 'python_setup_py'
[0.254s] Level 1:colcon.colcon_core.package_identification:_identify(build) by extensions ['ignore', 'ignore_ament_install']
[0.254s] Level 1:colcon.colcon_core.package_identification:_identify(build) by extension 'ignore'
[0.254s] Level 1:colcon.colcon_core.package_identification:_identify(build) ignored
[0.255s] Level 1:colcon.colcon_core.package_identification:_identify(install) by extensions ['ignore', 'ignore_ament_install']
[0.255s] Level 1:colcon.colcon_core.package_identification:_identify(install) by extension 'ignore'
[0.255s] Level 1:colcon.colcon_core.package_identification:_identify(install) ignored
[0.255s] Level 1:colcon.colcon_core.package_identification:_identify(log) by extensions ['ignore', 'ignore_ament_install']
[0.255s] Level 1:colcon.colcon_core.package_identification:_identify(log) by extension 'ignore'
[0.255s] Level 1:colcon.colcon_core.package_identification:_identify(log) ignored
[0.255s] Level 1:colcon.colcon_core.package_identification:_identify(src) by extensions ['ignore', 'ignore_ament_install']
[0.255s] Level 1:colcon.colcon_core.package_identification:_identify(src) by extension 'ignore'
[0.255s] Level 1:colcon.colcon_core.package_identification:_identify(src) by extension 'ignore_ament_install'
[0.255s] Level 1:colcon.colcon_core.package_identification:_identify(src) by extensions ['colcon_pkg']
[0.255s] Level 1:colcon.colcon_core.package_identification:_identify(src) by extension 'colcon_pkg'
[0.255s] Level 1:colcon.colcon_core.package_identification:_identify(src) by extensions ['colcon_meta']
[0.255s] Level 1:colcon.colcon_core.package_identification:_identify(src) by extension 'colcon_meta'
[0.255s] Level 1:colcon.colcon_core.package_identification:_identify(src) by extensions ['ros']
[0.255s] Level 1:colcon.colcon_core.package_identification:_identify(src) by extension 'ros'
[0.256s] Level 1:colcon.colcon_core.package_identification:_identify(src) by extensions ['cmake', 'python']
[0.256s] Level 1:colcon.colcon_core.package_identification:_identify(src) by extension 'cmake'
[0.256s] Level 1:colcon.colcon_core.package_identification:_identify(src) by extension 'python'
[0.256s] Level 1:colcon.colcon_core.package_identification:_identify(src) by extensions ['python_setup_py']
[0.256s] Level 1:colcon.colcon_core.package_identification:_identify(src) by extension 'python_setup_py'
[0.256s] Level 1:colcon.colcon_core.package_identification:_identify(src/px4_msgs) by extensions ['ignore', 'ignore_ament_install']
[0.256s] Level 1:colcon.colcon_core.package_identification:_identify(src/px4_msgs) by extension 'ignore'
[0.256s] Level 1:colcon.colcon_core.package_identification:_identify(src/px4_msgs) by extension 'ignore_ament_install'
[0.256s] Level 1:colcon.colcon_core.package_identification:_identify(src/px4_msgs) by extensions ['colcon_pkg']
[0.256s] Level 1:colcon.colcon_core.package_identification:_identify(src/px4_msgs) by extension 'colcon_pkg'
[0.256s] Level 1:colcon.colcon_core.package_identification:_identify(src/px4_msgs) by extensions ['colcon_meta']
[0.256s] Level 1:colcon.colcon_core.package_identification:_identify(src/px4_msgs) by extension 'colcon_meta'
[0.256s] Level 1:colcon.colcon_core.package_identification:_identify(src/px4_msgs) by extensions ['ros']
[0.256s] Level 1:colcon.colcon_core.package_identification:_identify(src/px4_msgs) by extension 'ros'
[0.259s] DEBUG:colcon.colcon_core.package_identification:Package 'src/px4_msgs' with type 'ros.ament_cmake' and name 'px4_msgs'
[0.259s] Level 1:colcon.colcon_core.package_identification:_identify(src/px4_ros_com) by extensions ['ignore', 'ignore_ament_install']
[0.259s] Level 1:colcon.colcon_core.package_identification:_identify(src/px4_ros_com) by extension 'ignore'
[0.259s] Level 1:colcon.colcon_core.package_identification:_identify(src/px4_ros_com) by extension 'ignore_ament_install'
[0.259s] Level 1:colcon.colcon_core.package_identification:_identify(src/px4_ros_com) by extensions ['colcon_pkg']
[0.259s] Level 1:colcon.colcon_core.package_identification:_identify(src/px4_ros_com) by extension 'colcon_pkg'
[0.259s] Level 1:colcon.colcon_core.package_identification:_identify(src/px4_ros_com) by extensions ['colcon_meta']
[0.259s] Level 1:colcon.colcon_core.package_identification:_identify(src/px4_ros_com) by extension 'colcon_meta'
[0.259s] Level 1:colcon.colcon_core.package_identification:_identify(src/px4_ros_com) by extensions ['ros']
[0.259s] Level 1:colcon.colcon_core.package_identification:_identify(src/px4_ros_com) by extension 'ros'
[0.261s] DEBUG:colcon.colcon_core.package_identification:Package 'src/px4_ros_com' with type 'ros.ament_cmake' and name 'px4_ros_com'
[0.261s] Level 1:colcon.colcon_core.package_identification:_identify(src/republisher) by extensions ['ignore', 'ignore_ament_install']
[0.261s] Level 1:colcon.colcon_core.package_identification:_identify(src/republisher) by extension 'ignore'
[0.261s] Level 1:colcon.colcon_core.package_identification:_identify(src/republisher) by extension 'ignore_ament_install'
[0.261s] Level 1:colcon.colcon_core.package_identification:_identify(src/republisher) by extensions ['colcon_pkg']
[0.261s] Level 1:colcon.colcon_core.package_identification:_identify(src/republisher) by extension 'colcon_pkg'
[0.261s] Level 1:colcon.colcon_core.package_identification:_identify(src/republisher) by extensions ['colcon_meta']
[0.261s] Level 1:colcon.colcon_core.package_identification:_identify(src/republisher) by extension 'colcon_meta'
[0.261s] Level 1:colcon.colcon_core.package_identification:_identify(src/republisher) by extensions ['ros']
[0.261s] Level 1:colcon.colcon_core.package_identification:_identify(src/republisher) by extension 'ros'
[0.261s] DEBUG:colcon.colcon_core.package_identification:Package 'src/republisher' with type 'ros.ament_python' and name 'republisher'
[0.262s] Level 1:colcon.colcon_core.package_discovery:discover_packages(recursive) using defaults
[0.262s] Level 1:colcon.colcon_core.package_discovery:discover_packages(ignore) discover
[0.262s] Level 1:colcon.colcon_core.package_discovery:discover_packages(ignore) using defaults
[0.262s] Level 1:colcon.colcon_core.package_discovery:discover_packages(path) discover
[0.262s] Level 1:colcon.colcon_core.package_discovery:discover_packages(path) using defaults
[0.280s] Level 5:colcon.colcon_core.verb:set package 'px4_msgs' build argument 'cmake_args' from command line to 'None'
[0.280s] Level 5:colcon.colcon_core.verb:set package 'px4_msgs' build argument 'cmake_target' from command line to 'None'
[0.280s] Level 5:colcon.colcon_core.verb:set package 'px4_msgs' build argument 'cmake_target_skip_unavailable' from command line to 'False'
[0.280s] Level 5:colcon.colcon_core.verb:set package 'px4_msgs' build argument 'cmake_clean_cache' from command line to 'False'
[0.280s] Level 5:colcon.colcon_core.verb:set package 'px4_msgs' build argument 'cmake_clean_first' from command line to 'False'
[0.280s] Level 5:colcon.colcon_core.verb:set package 'px4_msgs' build argument 'cmake_force_configure' from command line to 'False'
[0.280s] Level 5:colcon.colcon_core.verb:set package 'px4_msgs' build argument 'ament_cmake_args' from command line to 'None'
[0.280s] Level 5:colcon.colcon_core.verb:set package 'px4_msgs' build argument 'catkin_cmake_args' from command line to 'None'
[0.281s] Level 5:colcon.colcon_core.verb:set package 'px4_msgs' build argument 'catkin_skip_building_tests' from command line to 'False'
[0.281s] DEBUG:colcon.colcon_core.verb:Building package 'px4_msgs' with the following arguments: {'ament_cmake_args': None, 'build_base': '/home/ros_workspace/drone/build/px4_msgs', 'catkin_cmake_args': None, 'catkin_skip_building_tests': False, 'cmake_args': None, 'cmake_clean_cache': False, 'cmake_clean_first': False, 'cmake_force_configure': False, 'cmake_target': None, 'cmake_target_skip_unavailable': False, 'install_base': '/home/ros_workspace/drone/install/px4_msgs', 'merge_install': False, 'path': '/home/ros_workspace/drone/src/px4_msgs', 'symlink_install': False, 'test_result_base': None}
[0.281s] Level 5:colcon.colcon_core.verb:set package 'republisher' build argument 'cmake_args' from command line to 'None'
[0.281s] Level 5:colcon.colcon_core.verb:set package 'republisher' build argument 'cmake_target' from command line to 'None'
[0.281s] Level 5:colcon.colcon_core.verb:set package 'republisher' build argument 'cmake_target_skip_unavailable' from command line to 'False'
[0.281s] Level 5:colcon.colcon_core.verb:set package 'republisher' build argument 'cmake_clean_cache' from command line to 'False'
[0.281s] Level 5:colcon.colcon_core.verb:set package 'republisher' build argument 'cmake_clean_first' from command line to 'False'
[0.281s] Level 5:colcon.colcon_core.verb:set package 'republisher' build argument 'cmake_force_configure' from command line to 'False'
[0.281s] Level 5:colcon.colcon_core.verb:set package 'republisher' build argument 'ament_cmake_args' from command line to 'None'
[0.281s] Level 5:colcon.colcon_core.verb:set package 'republisher' build argument 'catkin_cmake_args' from command line to 'None'
[0.281s] Level 5:colcon.colcon_core.verb:set package 'republisher' build argument 'catkin_skip_building_tests' from command line to 'False'
[0.281s] DEBUG:colcon.colcon_core.verb:Building package 'republisher' with the following arguments: {'ament_cmake_args': None, 'build_base': '/home/ros_workspace/drone/build/republisher', 'catkin_cmake_args': None, 'catkin_skip_building_tests': False, 'cmake_args': None, 'cmake_clean_cache': False, 'cmake_clean_first': False, 'cmake_force_configure': False, 'cmake_target': None, 'cmake_target_skip_unavailable': False, 'install_base': '/home/ros_workspace/drone/install/republisher', 'merge_install': False, 'path': '/home/ros_workspace/drone/src/republisher', 'symlink_install': False, 'test_result_base': None}
[0.282s] Level 5:colcon.colcon_core.verb:set package 'px4_ros_com' build argument 'cmake_args' from command line to 'None'
[0.282s] Level 5:colcon.colcon_core.verb:set package 'px4_ros_com' build argument 'cmake_target' from command line to 'None'
[0.282s] Level 5:colcon.colcon_core.verb:set package 'px4_ros_com' build argument 'cmake_target_skip_unavailable' from command line to 'False'
[0.282s] Level 5:colcon.colcon_core.verb:set package 'px4_ros_com' build argument 'cmake_clean_cache' from command line to 'False'
[0.282s] Level 5:colcon.colcon_core.verb:set package 'px4_ros_com' build argument 'cmake_clean_first' from command line to 'False'
[0.282s] Level 5:colcon.colcon_core.verb:set package 'px4_ros_com' build argument 'cmake_force_configure' from command line to 'False'
[0.282s] Level 5:colcon.colcon_core.verb:set package 'px4_ros_com' build argument 'ament_cmake_args' from command line to 'None'
[0.282s] Level 5:colcon.colcon_core.verb:set package 'px4_ros_com' build argument 'catkin_cmake_args' from command line to 'None'
[0.282s] Level 5:colcon.colcon_core.verb:set package 'px4_ros_com' build argument 'catkin_skip_building_tests' from command line to 'False'
[0.282s] DEBUG:colcon.colcon_core.verb:Building package 'px4_ros_com' with the following arguments: {'ament_cmake_args': None, 'build_base': '/home/ros_workspace/drone/build/px4_ros_com', 'catkin_cmake_args': None, 'catkin_skip_building_tests': False, 'cmake_args': None, 'cmake_clean_cache': False, 'cmake_clean_first': False, 'cmake_force_configure': False, 'cmake_target': None, 'cmake_target_skip_unavailable': False, 'install_base': '/home/ros_workspace/drone/install/px4_ros_com', 'merge_install': False, 'path': '/home/ros_workspace/drone/src/px4_ros_com', 'symlink_install': False, 'test_result_base': None}
[0.282s] INFO:colcon.colcon_core.executor:Executing jobs using 'parallel' executor
[0.283s] DEBUG:colcon.colcon_parallel_executor.executor.parallel:run_until_complete
[0.297s] INFO:colcon.colcon_ros.task.ament_cmake.build:Building ROS package in '/home/ros_workspace/drone/src/px4_msgs' with build type 'ament_cmake'
[0.298s] INFO:colcon.colcon_cmake.task.cmake.build:Building CMake package in '/home/ros_workspace/drone/src/px4_msgs'
[0.300s] INFO:colcon.colcon_core.plugin_system:Skipping extension 'colcon_core.shell.bat': Not used on non-Windows systems
[0.300s] INFO:colcon.colcon_core.shell:Skip shell extension 'powershell' for command environment: Not usable outside of PowerShell
[0.300s] DEBUG:colcon.colcon_core.shell:Skip shell extension 'dsv' for command environment
[0.303s] INFO:colcon.colcon_ros.task.ament_python.build:Building ROS package in '/home/ros_workspace/drone/src/republisher' with build type 'ament_python'
[0.303s] Level 1:colcon.colcon_core.shell:create_environment_hook('republisher', 'ament_prefix_path')
[0.303s] INFO:colcon.colcon_core.shell:Creating environment hook '/home/ros_workspace/drone/install/republisher/share/republisher/hook/ament_prefix_path.ps1'
[0.304s] INFO:colcon.colcon_core.shell:Creating environment descriptor '/home/ros_workspace/drone/install/republisher/share/republisher/hook/ament_prefix_path.dsv'
[0.304s] INFO:colcon.colcon_core.shell:Creating environment hook '/home/ros_workspace/drone/install/republisher/share/republisher/hook/ament_prefix_path.sh'
[0.305s] INFO:colcon.colcon_core.shell:Skip shell extension 'powershell' for command environment: Not usable outside of PowerShell
[0.305s] DEBUG:colcon.colcon_core.shell:Skip shell extension 'dsv' for command environment
[0.315s] DEBUG:colcon.colcon_core.event_handler.log_command:Invoking command in '/home/ros_workspace/drone/build/px4_msgs': /usr/bin/cmake --build /home/ros_workspace/drone/build/px4_msgs -- -j16 -l16
[0.510s] INFO:colcon.colcon_core.task.python.build:Building Python package in '/home/ros_workspace/drone/src/republisher'
[0.510s] INFO:colcon.colcon_core.shell:Skip shell extension 'powershell' for command environment: Not usable outside of PowerShell
[0.510s] DEBUG:colcon.colcon_core.shell:Skip shell extension 'dsv' for command environment
[0.847s] DEBUG:colcon.colcon_core.event_handler.log_command:Invoking command in '/home/ros_workspace/drone/src/republisher': PYTHONPATH=/home/ros_workspace/drone/build/republisher/prefix_override:/usr/lib/python3/dist-packages/colcon_core/task/python/colcon_distutils_commands:/home/ros_workspace/drone/install/republisher/lib/python3.10/site-packages: /usr/bin/python3 -W ignore:setup.py install is deprecated -W ignore:easy_install command is deprecated setup.py egg_info --egg-base ../../build/republisher build --build-base /home/ros_workspace/drone/build/republisher/build install --record /home/ros_workspace/drone/build/republisher/install.log --single-version-externally-managed install_data
[1.088s] DEBUG:colcon.colcon_core.event_handler.log_command:Invoked command in '/home/ros_workspace/drone/src/republisher' returned '0': PYTHONPATH=/home/ros_workspace/drone/build/republisher/prefix_override:/usr/lib/python3/dist-packages/colcon_core/task/python/colcon_distutils_commands:/home/ros_workspace/drone/install/republisher/lib/python3.10/site-packages: /usr/bin/python3 -W ignore:setup.py install is deprecated -W ignore:easy_install command is deprecated setup.py egg_info --egg-base ../../build/republisher build --build-base /home/ros_workspace/drone/build/republisher/build install --record /home/ros_workspace/drone/build/republisher/install.log --single-version-externally-managed install_data
[1.092s] Level 1:colcon.colcon_core.environment:checking '/home/ros_workspace/drone/install/republisher' for CMake module files
[1.093s] Level 1:colcon.colcon_core.environment:checking '/home/ros_workspace/drone/install/republisher' for CMake config files
[1.094s] Level 1:colcon.colcon_core.environment:checking '/home/ros_workspace/drone/install/republisher/lib'
[1.095s] Level 1:colcon.colcon_core.environment:checking '/home/ros_workspace/drone/install/republisher/bin'
[1.095s] Level 1:colcon.colcon_core.environment:checking '/home/ros_workspace/drone/install/republisher/lib/pkgconfig/republisher.pc'
[1.095s] Level 1:colcon.colcon_core.environment:checking '/home/ros_workspace/drone/install/republisher/lib/python3.10/site-packages'
[1.095s] Level 1:colcon.colcon_core.shell:create_environment_hook('republisher', 'pythonpath')
[1.096s] INFO:colcon.colcon_core.shell:Creating environment hook '/home/ros_workspace/drone/install/republisher/share/republisher/hook/pythonpath.ps1'
[1.096s] INFO:colcon.colcon_core.shell:Creating environment descriptor '/home/ros_workspace/drone/install/republisher/share/republisher/hook/pythonpath.dsv'
[1.097s] INFO:colcon.colcon_core.shell:Creating environment hook '/home/ros_workspace/drone/install/republisher/share/republisher/hook/pythonpath.sh'
[1.098s] Level 1:colcon.colcon_core.environment:checking '/home/ros_workspace/drone/install/republisher/bin'
[1.098s] Level 1:colcon.colcon_core.environment:create_environment_scripts_only(republisher)
[1.099s] INFO:colcon.colcon_core.shell:Creating package script '/home/ros_workspace/drone/install/republisher/share/republisher/package.ps1'
[1.100s] INFO:colcon.colcon_core.shell:Creating package descriptor '/home/ros_workspace/drone/install/republisher/share/republisher/package.dsv'
[1.101s] INFO:colcon.colcon_core.shell:Creating package script '/home/ros_workspace/drone/install/republisher/share/republisher/package.sh'
[1.102s] INFO:colcon.colcon_core.shell:Creating package script '/home/ros_workspace/drone/install/republisher/share/republisher/package.bash'
[1.104s] INFO:colcon.colcon_core.shell:Creating package script '/home/ros_workspace/drone/install/republisher/share/republisher/package.zsh'
[1.105s] Level 1:colcon.colcon_core.environment:create_file_with_runtime_dependencies(/home/ros_workspace/drone/install/republisher/share/colcon-core/packages/republisher)
[1.259s] DEBUG:colcon.colcon_core.event_handler.log_command:Invoked command in '/home/ros_workspace/drone/build/px4_msgs' returned '0': /usr/bin/cmake --build /home/ros_workspace/drone/build/px4_msgs -- -j16 -l16
[1.271s] DEBUG:colcon.colcon_core.event_handler.log_command:Invoking command in '/home/ros_workspace/drone/build/px4_msgs': /usr/bin/cmake --install /home/ros_workspace/drone/build/px4_msgs
[1.726s] Level 1:colcon.colcon_core.environment:create_environment_scripts_only(px4_msgs)
[1.726s] DEBUG:colcon.colcon_core.event_handler.log_command:Invoked command in '/home/ros_workspace/drone/build/px4_msgs' returned '0': /usr/bin/cmake --install /home/ros_workspace/drone/build/px4_msgs
[1.727s] Level 1:colcon.colcon_core.environment:checking '/home/ros_workspace/drone/install/px4_msgs' for CMake module files
[1.728s] Level 1:colcon.colcon_core.environment:checking '/home/ros_workspace/drone/install/px4_msgs' for CMake config files
[1.729s] Level 1:colcon.colcon_core.shell:create_environment_hook('px4_msgs', 'cmake_prefix_path')
[1.729s] INFO:colcon.colcon_core.shell:Creating environment hook '/home/ros_workspace/drone/install/px4_msgs/share/px4_msgs/hook/cmake_prefix_path.ps1'
[1.730s] INFO:colcon.colcon_core.shell:Creating environment descriptor '/home/ros_workspace/drone/install/px4_msgs/share/px4_msgs/hook/cmake_prefix_path.dsv'
[1.731s] INFO:colcon.colcon_core.shell:Creating environment hook '/home/ros_workspace/drone/install/px4_msgs/share/px4_msgs/hook/cmake_prefix_path.sh'
[1.732s] Level 1:colcon.colcon_core.environment:checking '/home/ros_workspace/drone/install/px4_msgs/lib'
[1.732s] Level 1:colcon.colcon_core.shell:create_environment_hook('px4_msgs', 'ld_library_path_lib')
[1.732s] INFO:colcon.colcon_core.shell:Creating environment hook '/home/ros_workspace/drone/install/px4_msgs/share/px4_msgs/hook/ld_library_path_lib.ps1'
[1.733s] INFO:colcon.colcon_core.shell:Creating environment descriptor '/home/ros_workspace/drone/install/px4_msgs/share/px4_msgs/hook/ld_library_path_lib.dsv'
[1.734s] INFO:colcon.colcon_core.shell:Creating environment hook '/home/ros_workspace/drone/install/px4_msgs/share/px4_msgs/hook/ld_library_path_lib.sh'
[1.734s] Level 1:colcon.colcon_core.environment:checking '/home/ros_workspace/drone/install/px4_msgs/bin'
[1.734s] Level 1:colcon.colcon_core.environment:checking '/home/ros_workspace/drone/install/px4_msgs/lib/pkgconfig/px4_msgs.pc'
[1.735s] Level 1:colcon.colcon_core.environment:checking '/home/ros_workspace/drone/install/px4_msgs/lib/python3.10/site-packages'
[1.735s] Level 1:colcon.colcon_core.environment:checking '/home/ros_workspace/drone/install/px4_msgs/bin'
[1.736s] INFO:colcon.colcon_core.shell:Creating package script '/home/ros_workspace/drone/install/px4_msgs/share/px4_msgs/package.ps1'
[1.737s] INFO:colcon.colcon_core.shell:Creating package descriptor '/home/ros_workspace/drone/install/px4_msgs/share/px4_msgs/package.dsv'
[1.737s] INFO:colcon.colcon_core.shell:Creating package script '/home/ros_workspace/drone/install/px4_msgs/share/px4_msgs/package.sh'
[1.738s] INFO:colcon.colcon_core.shell:Creating package script '/home/ros_workspace/drone/install/px4_msgs/share/px4_msgs/package.bash'
[1.739s] INFO:colcon.colcon_core.shell:Creating package script '/home/ros_workspace/drone/install/px4_msgs/share/px4_msgs/package.zsh'
[1.739s] Level 1:colcon.colcon_core.environment:create_file_with_runtime_dependencies(/home/ros_workspace/drone/install/px4_msgs/share/colcon-core/packages/px4_msgs)
[1.740s] Level 1:colcon.colcon_core.environment:create_environment_scripts_only(px4_msgs)
[1.741s] Level 1:colcon.colcon_core.environment:checking '/home/ros_workspace/drone/install/px4_msgs' for CMake module files
[1.742s] Level 1:colcon.colcon_core.environment:checking '/home/ros_workspace/drone/install/px4_msgs' for CMake config files
[1.743s] Level 1:colcon.colcon_core.shell:create_environment_hook('px4_msgs', 'cmake_prefix_path')
[1.743s] INFO:colcon.colcon_core.shell:Creating environment hook '/home/ros_workspace/drone/install/px4_msgs/share/px4_msgs/hook/cmake_prefix_path.ps1'
[1.744s] INFO:colcon.colcon_core.shell:Creating environment descriptor '/home/ros_workspace/drone/install/px4_msgs/share/px4_msgs/hook/cmake_prefix_path.dsv'
[1.745s] INFO:colcon.colcon_core.shell:Creating environment hook '/home/ros_workspace/drone/install/px4_msgs/share/px4_msgs/hook/cmake_prefix_path.sh'
[1.746s] Level 1:colcon.colcon_core.environment:checking '/home/ros_workspace/drone/install/px4_msgs/lib'
[1.746s] Level 1:colcon.colcon_core.shell:create_environment_hook('px4_msgs', 'ld_library_path_lib')
[1.746s] INFO:colcon.colcon_core.shell:Creating environment hook '/home/ros_workspace/drone/install/px4_msgs/share/px4_msgs/hook/ld_library_path_lib.ps1'
[1.747s] INFO:colcon.colcon_core.shell:Creating environment descriptor '/home/ros_workspace/drone/install/px4_msgs/share/px4_msgs/hook/ld_library_path_lib.dsv'
[1.747s] INFO:colcon.colcon_core.shell:Creating environment hook '/home/ros_workspace/drone/install/px4_msgs/share/px4_msgs/hook/ld_library_path_lib.sh'
[1.748s] Level 1:colcon.colcon_core.environment:checking '/home/ros_workspace/drone/install/px4_msgs/bin'
[1.748s] Level 1:colcon.colcon_core.environment:checking '/home/ros_workspace/drone/install/px4_msgs/lib/pkgconfig/px4_msgs.pc'
[1.749s] Level 1:colcon.colcon_core.environment:checking '/home/ros_workspace/drone/install/px4_msgs/lib/python3.10/site-packages'
[1.749s] Level 1:colcon.colcon_core.environment:checking '/home/ros_workspace/drone/install/px4_msgs/bin'
[1.750s] INFO:colcon.colcon_core.shell:Creating package script '/home/ros_workspace/drone/install/px4_msgs/share/px4_msgs/package.ps1'
[1.751s] INFO:colcon.colcon_core.shell:Creating package descriptor '/home/ros_workspace/drone/install/px4_msgs/share/px4_msgs/package.dsv'
[1.752s] INFO:colcon.colcon_core.shell:Creating package script '/home/ros_workspace/drone/install/px4_msgs/share/px4_msgs/package.sh'
[1.753s] INFO:colcon.colcon_core.shell:Creating package script '/home/ros_workspace/drone/install/px4_msgs/share/px4_msgs/package.bash'
[1.754s] INFO:colcon.colcon_core.shell:Creating package script '/home/ros_workspace/drone/install/px4_msgs/share/px4_msgs/package.zsh'
[1.754s] Level 1:colcon.colcon_core.environment:create_file_with_runtime_dependencies(/home/ros_workspace/drone/install/px4_msgs/share/colcon-core/packages/px4_msgs)
[1.755s] INFO:colcon.colcon_ros.task.ament_cmake.build:Building ROS package in '/home/ros_workspace/drone/src/px4_ros_com' with build type 'ament_cmake'
[1.756s] INFO:colcon.colcon_cmake.task.cmake.build:Building CMake package in '/home/ros_workspace/drone/src/px4_ros_com'
[1.756s] INFO:colcon.colcon_core.shell:Skip shell extension 'powershell' for command environment: Not usable outside of PowerShell
[1.756s] DEBUG:colcon.colcon_core.shell:Skip shell extension 'dsv' for command environment
[1.770s] DEBUG:colcon.colcon_core.event_handler.log_command:Invoking command in '/home/ros_workspace/drone/build/px4_ros_com': AMENT_PREFIX_PATH=/home/ros_workspace/drone/install/px4_msgs CMAKE_PREFIX_PATH=/home/ros_workspace/drone/install/px4_msgs LD_LIBRARY_PATH=/home/ros_workspace/drone/install/px4_msgs/lib PYTHONPATH=/home/ros_workspace/drone/install/px4_msgs/local/lib/python3.10/dist-packages /usr/bin/cmake --build /home/ros_workspace/drone/build/px4_ros_com -- -j16 -l16
[2.084s] DEBUG:colcon.colcon_core.event_handler.log_command:Invoked command in '/home/ros_workspace/drone/build/px4_ros_com' returned '0': AMENT_PREFIX_PATH=/home/ros_workspace/drone/install/px4_msgs CMAKE_PREFIX_PATH=/home/ros_workspace/drone/install/px4_msgs LD_LIBRARY_PATH=/home/ros_workspace/drone/install/px4_msgs/lib PYTHONPATH=/home/ros_workspace/drone/install/px4_msgs/local/lib/python3.10/dist-packages /usr/bin/cmake --build /home/ros_workspace/drone/build/px4_ros_com -- -j16 -l16
[2.086s] DEBUG:colcon.colcon_core.event_handler.log_command:Invoking command in '/home/ros_workspace/drone/build/px4_ros_com': AMENT_PREFIX_PATH=/home/ros_workspace/drone/install/px4_msgs CMAKE_PREFIX_PATH=/home/ros_workspace/drone/install/px4_msgs LD_LIBRARY_PATH=/home/ros_workspace/drone/install/px4_msgs/lib PYTHONPATH=/home/ros_workspace/drone/install/px4_msgs/local/lib/python3.10/dist-packages /usr/bin/cmake --install /home/ros_workspace/drone/build/px4_ros_com
[2.146s] Level 1:colcon.colcon_core.environment:create_environment_scripts_only(px4_ros_com)
[2.146s] Level 1:colcon.colcon_core.environment:checking '/home/ros_workspace/drone/install/px4_ros_com' for CMake module files
[2.147s] DEBUG:colcon.colcon_core.event_handler.log_command:Invoked command in '/home/ros_workspace/drone/build/px4_ros_com' returned '0': AMENT_PREFIX_PATH=/home/ros_workspace/drone/install/px4_msgs CMAKE_PREFIX_PATH=/home/ros_workspace/drone/install/px4_msgs LD_LIBRARY_PATH=/home/ros_workspace/drone/install/px4_msgs/lib PYTHONPATH=/home/ros_workspace/drone/install/px4_msgs/local/lib/python3.10/dist-packages /usr/bin/cmake --install /home/ros_workspace/drone/build/px4_ros_com
[2.147s] Level 1:colcon.colcon_core.environment:checking '/home/ros_workspace/drone/install/px4_ros_com' for CMake config files
[2.147s] Level 1:colcon.colcon_core.shell:create_environment_hook('px4_ros_com', 'cmake_prefix_path')
[2.148s] INFO:colcon.colcon_core.shell:Creating environment hook '/home/ros_workspace/drone/install/px4_ros_com/share/px4_ros_com/hook/cmake_prefix_path.ps1'
[2.148s] INFO:colcon.colcon_core.shell:Creating environment descriptor '/home/ros_workspace/drone/install/px4_ros_com/share/px4_ros_com/hook/cmake_prefix_path.dsv'
[2.148s] INFO:colcon.colcon_core.shell:Creating environment hook '/home/ros_workspace/drone/install/px4_ros_com/share/px4_ros_com/hook/cmake_prefix_path.sh'
[2.149s] Level 1:colcon.colcon_core.environment:checking '/home/ros_workspace/drone/install/px4_ros_com/lib'
[2.149s] Level 1:colcon.colcon_core.shell:create_environment_hook('px4_ros_com', 'ld_library_path_lib')
[2.149s] INFO:colcon.colcon_core.shell:Creating environment hook '/home/ros_workspace/drone/install/px4_ros_com/share/px4_ros_com/hook/ld_library_path_lib.ps1'
[2.150s] INFO:colcon.colcon_core.shell:Creating environment descriptor '/home/ros_workspace/drone/install/px4_ros_com/share/px4_ros_com/hook/ld_library_path_lib.dsv'
[2.150s] INFO:colcon.colcon_core.shell:Creating environment hook '/home/ros_workspace/drone/install/px4_ros_com/share/px4_ros_com/hook/ld_library_path_lib.sh'
[2.150s] Level 1:colcon.colcon_core.environment:checking '/home/ros_workspace/drone/install/px4_ros_com/bin'
[2.150s] Level 1:colcon.colcon_core.environment:checking '/home/ros_workspace/drone/install/px4_ros_com/lib/pkgconfig/px4_ros_com.pc'
[2.150s] Level 1:colcon.colcon_core.environment:checking '/home/ros_workspace/drone/install/px4_ros_com/lib/python3.10/site-packages'
[2.151s] Level 1:colcon.colcon_core.environment:checking '/home/ros_workspace/drone/install/px4_ros_com/bin'
[2.151s] INFO:colcon.colcon_core.shell:Creating package script '/home/ros_workspace/drone/install/px4_ros_com/share/px4_ros_com/package.ps1'
[2.151s] INFO:colcon.colcon_core.shell:Creating package descriptor '/home/ros_workspace/drone/install/px4_ros_com/share/px4_ros_com/package.dsv'
[2.152s] INFO:colcon.colcon_core.shell:Creating package script '/home/ros_workspace/drone/install/px4_ros_com/share/px4_ros_com/package.sh'
[2.152s] INFO:colcon.colcon_core.shell:Creating package script '/home/ros_workspace/drone/install/px4_ros_com/share/px4_ros_com/package.bash'
[2.152s] INFO:colcon.colcon_core.shell:Creating package script '/home/ros_workspace/drone/install/px4_ros_com/share/px4_ros_com/package.zsh'
[2.153s] Level 1:colcon.colcon_core.environment:create_file_with_runtime_dependencies(/home/ros_workspace/drone/install/px4_ros_com/share/colcon-core/packages/px4_ros_com)
[2.153s] Level 1:colcon.colcon_core.environment:create_environment_scripts_only(px4_ros_com)
[2.153s] Level 1:colcon.colcon_core.environment:checking '/home/ros_workspace/drone/install/px4_ros_com' for CMake module files
[2.154s] Level 1:colcon.colcon_core.environment:checking '/home/ros_workspace/drone/install/px4_ros_com' for CMake config files
[2.154s] Level 1:colcon.colcon_core.shell:create_environment_hook('px4_ros_com', 'cmake_prefix_path')
[2.154s] INFO:colcon.colcon_core.shell:Creating environment hook '/home/ros_workspace/drone/install/px4_ros_com/share/px4_ros_com/hook/cmake_prefix_path.ps1'
[2.155s] INFO:colcon.colcon_core.shell:Creating environment descriptor '/home/ros_workspace/drone/install/px4_ros_com/share/px4_ros_com/hook/cmake_prefix_path.dsv'
[2.155s] INFO:colcon.colcon_core.shell:Creating environment hook '/home/ros_workspace/drone/install/px4_ros_com/share/px4_ros_com/hook/cmake_prefix_path.sh'
[2.155s] Level 1:colcon.colcon_core.environment:checking '/home/ros_workspace/drone/install/px4_ros_com/lib'
[2.155s] Level 1:colcon.colcon_core.shell:create_environment_hook('px4_ros_com', 'ld_library_path_lib')
[2.156s] INFO:colcon.colcon_core.shell:Creating environment hook '/home/ros_workspace/drone/install/px4_ros_com/share/px4_ros_com/hook/ld_library_path_lib.ps1'
[2.156s] INFO:colcon.colcon_core.shell:Creating environment descriptor '/home/ros_workspace/drone/install/px4_ros_com/share/px4_ros_com/hook/ld_library_path_lib.dsv'
[2.156s] INFO:colcon.colcon_core.shell:Creating environment hook '/home/ros_workspace/drone/install/px4_ros_com/share/px4_ros_com/hook/ld_library_path_lib.sh'
[2.157s] Level 1:colcon.colcon_core.environment:checking '/home/ros_workspace/drone/install/px4_ros_com/bin'
[2.157s] Level 1:colcon.colcon_core.environment:checking '/home/ros_workspace/drone/install/px4_ros_com/lib/pkgconfig/px4_ros_com.pc'
[2.157s] Level 1:colcon.colcon_core.environment:checking '/home/ros_workspace/drone/install/px4_ros_com/lib/python3.10/site-packages'
[2.157s] Level 1:colcon.colcon_core.environment:checking '/home/ros_workspace/drone/install/px4_ros_com/bin'
[2.157s] INFO:colcon.colcon_core.shell:Creating package script '/home/ros_workspace/drone/install/px4_ros_com/share/px4_ros_com/package.ps1'
[2.158s] INFO:colcon.colcon_core.shell:Creating package descriptor '/home/ros_workspace/drone/install/px4_ros_com/share/px4_ros_com/package.dsv'
[2.158s] INFO:colcon.colcon_core.shell:Creating package script '/home/ros_workspace/drone/install/px4_ros_com/share/px4_ros_com/package.sh'
[2.159s] INFO:colcon.colcon_core.shell:Creating package script '/home/ros_workspace/drone/install/px4_ros_com/share/px4_ros_com/package.bash'
[2.159s] INFO:colcon.colcon_core.shell:Creating package script '/home/ros_workspace/drone/install/px4_ros_com/share/px4_ros_com/package.zsh'
[2.159s] Level 1:colcon.colcon_core.environment:create_file_with_runtime_dependencies(/home/ros_workspace/drone/install/px4_ros_com/share/colcon-core/packages/px4_ros_com)
[2.160s] DEBUG:colcon.colcon_parallel_executor.executor.parallel:closing loop
[2.160s] DEBUG:colcon.colcon_parallel_executor.executor.parallel:loop closed
[2.160s] DEBUG:colcon.colcon_parallel_executor.executor.parallel:run_until_complete finished with '0'
[2.160s] DEBUG:colcon.colcon_core.event_reactor:joining thread
[2.166s] INFO:colcon.colcon_core.plugin_system:Skipping extension 'colcon_notification.desktop_notification.notify_send': Could not find 'notify-send'
[2.166s] INFO:colcon.colcon_core.plugin_system:Skipping extension 'colcon_notification.desktop_notification.terminal_notifier': Not used on non-Darwin systems
[2.166s] INFO:colcon.colcon_core.plugin_system:Skipping extension 'colcon_notification.desktop_notification.win32': Not used on non-Windows systems
[2.166s] INFO:colcon.colcon_notification.desktop_notification:Sending desktop notification using 'notify2'
[2.171s] DEBUG:colcon.colcon_notification.desktop_notification.notify2:Failed to initialize notify2: org.freedesktop.DBus.Error.Spawn.ExecFailed: /usr/bin/dbus-launch terminated abnormally without any error message
[2.172s] DEBUG:colcon.colcon_core.event_reactor:joined thread
[2.172s] INFO:colcon.colcon_core.shell:Creating prefix script '/home/ros_workspace/drone/install/local_setup.ps1'
[2.174s] INFO:colcon.colcon_core.shell:Creating prefix util module '/home/ros_workspace/drone/install/_local_setup_util_ps1.py'
[2.175s] INFO:colcon.colcon_core.shell:Creating prefix chain script '/home/ros_workspace/drone/install/setup.ps1'
[2.176s] INFO:colcon.colcon_core.shell:Creating prefix script '/home/ros_workspace/drone/install/local_setup.sh'
[2.177s] INFO:colcon.colcon_core.shell:Creating prefix util module '/home/ros_workspace/drone/install/_local_setup_util_sh.py'
[2.177s] INFO:colcon.colcon_core.shell:Creating prefix chain script '/home/ros_workspace/drone/install/setup.sh'
[2.178s] INFO:colcon.colcon_core.shell:Creating prefix script '/home/ros_workspace/drone/install/local_setup.bash'
[2.178s] INFO:colcon.colcon_core.shell:Creating prefix chain script '/home/ros_workspace/drone/install/setup.bash'
[2.179s] INFO:colcon.colcon_core.shell:Creating prefix script '/home/ros_workspace/drone/install/local_setup.zsh'
[2.180s] INFO:colcon.colcon_core.shell:Creating prefix chain script '/home/ros_workspace/drone/install/setup.zsh'
