[1.976s] Invoking command in '/home/ros_workspace/drone/src/republisher': PYTHONPATH=/home/ros_workspace/drone/build/republisher/prefix_override:/usr/lib/python3/dist-packages/colcon_core/task/python/colcon_distutils_commands:/home/ros_workspace/drone/install/republisher/lib/python3.10/site-packages:${PYTHONPATH} /usr/bin/python3 -W ignore:setup.py install is deprecated -W ignore:easy_install command is deprecated setup.py egg_info --egg-base ../../build/republisher build --build-base /home/ros_workspace/drone/build/republisher/build install --record /home/ros_workspace/drone/build/republisher/install.log --single-version-externally-managed install_data
[2.191s] running egg_info
[2.191s] writing ../../build/republisher/republisher.egg-info/PKG-INFO
[2.191s] writing dependency_links to ../../build/republisher/republisher.egg-info/dependency_links.txt
[2.191s] writing entry points to ../../build/republisher/republisher.egg-info/entry_points.txt
[2.192s] writing requirements to ../../build/republisher/republisher.egg-info/requires.txt
[2.192s] writing top-level names to ../../build/republisher/republisher.egg-info/top_level.txt
[2.193s] reading manifest file '../../build/republisher/republisher.egg-info/SOURCES.txt'
[2.228s] writing manifest file '../../build/republisher/republisher.egg-info/SOURCES.txt'
[2.229s] running build
[2.229s] running build_py
[2.229s] copying republisher/republisher_node.py -> /home/ros_workspace/drone/build/republisher/build/lib/republisher
[2.229s] running install
[2.229s] running install_lib
[2.230s] copying /home/ros_workspace/drone/build/republisher/build/lib/republisher/republisher_node.py -> /home/ros_workspace/drone/install/republisher/lib/python3.10/site-packages/republisher
[2.231s] byte-compiling /home/ros_workspace/drone/install/republisher/lib/python3.10/site-packages/republisher/republisher_node.py to republisher_node.cpython-310.pyc
[2.231s] running install_data
[2.232s] running install_egg_info
[2.233s] removing '/home/ros_workspace/drone/install/republisher/lib/python3.10/site-packages/republisher-0.0.0-py3.10.egg-info' (and everything under it)
[2.246s] Copying ../../build/republisher/republisher.egg-info to /home/ros_workspace/drone/install/republisher/lib/python3.10/site-packages/republisher-0.0.0-py3.10.egg-info
[2.332s] running install_scripts
[2.351s] Installing republisher_node script to /home/ros_workspace/drone/install/republisher/lib/republisher
[2.352s] writing list of installed files to '/home/ros_workspace/drone/build/republisher/install.log'
[2.378s] Invoked command in '/home/ros_workspace/drone/src/republisher' returned '0': PYTHONPATH=/home/ros_workspace/drone/build/republisher/prefix_override:/usr/lib/python3/dist-packages/colcon_core/task/python/colcon_distutils_commands:/home/ros_workspace/drone/install/republisher/lib/python3.10/site-packages:${PYTHONPATH} /usr/bin/python3 -W ignore:setup.py install is deprecated -W ignore:easy_install command is deprecated setup.py egg_info --egg-base ../../build/republisher build --build-base /home/ros_workspace/drone/build/republisher/build install --record /home/ros_workspace/drone/build/republisher/install.log --single-version-externally-managed install_data
