-- Found ament_cmake: 1.3.12 (/opt/ros/humble/share/ament_cmake/cmake)
-- Found rclcpp: 16.0.15 (/opt/ros/humble/share/rclcpp/cmake)
-- Found rosidl_generator_c: 3.1.7 (/opt/ros/humble/share/rosidl_generator_c/cmake)
-- Found rosidl_adapter: 3.1.7 (/opt/ros/humble/share/rosidl_adapter/cmake)
-- Found rosidl_generator_cpp: 3.1.7 (/opt/ros/humble/share/rosidl_generator_cpp/cmake)
-- Using all available rosidl_typesupport_c: rosidl_typesupport_fastrtps_c;rosidl_typesupport_introspection_c
-- Using all available rosidl_typesupport_cpp: rosidl_typesupport_fastrtps_cpp;rosidl_typesupport_introspection_cpp
-- Found rmw_implementation_cmake: 6.1.2 (/opt/ros/humble/share/rmw_implementation_cmake/cmake)
-- Found rmw_fastrtps_cpp: 6.2.9 (/opt/ros/humble/share/rmw_fastrtps_cpp/cmake)
-- Using RMW implementation 'rmw_fastrtps_cpp' as default
-- Found rclcpp_components: 16.0.15 (/opt/ros/humble/share/rclcpp_components/cmake)
-- Found geometry_msgs: 4.9.0 (/opt/ros/humble/share/geometry_msgs/cmake)
-- Found sensor_msgs: 4.9.0 (/opt/ros/humble/share/sensor_msgs/cmake)
-- Found nav_msgs: 4.9.0 (/opt/ros/humble/share/nav_msgs/cmake)
-- Found tf2_ros: 0.25.16 (/opt/ros/humble/share/tf2_ros/cmake)
-- Found tf2_sensor_msgs: 0.25.16 (/opt/ros/humble/share/tf2_sensor_msgs/cmake)
-- Found tf2_geometry_msgs: 0.25.16 (/opt/ros/humble/share/tf2_geometry_msgs/cmake)
-- Ensuring Eigen3 include directory is part of orocos-kdl CMake target
-- Found tf2_eigen: 0.25.16 (/opt/ros/humble/share/tf2_eigen/cmake)
-- Found pcl_conversions: 2.4.5 (/opt/ros/humble/share/pcl_conversions/cmake)
-- Eigen found (include: /usr/include/eigen3, version: 3.4.0)
-- FLANN found (include: /usr/include, lib: /usr/lib/x86_64-linux-gnu/libflann_cpp.so)
-- OpenNI found (version: 1.5.4.0, include: /usr/include/ni, lib: /usr/lib/libOpenNI.so;libusb::libusb)
-- OpenNI2 found (version: 2.2.0.33, include: /usr/include/openni2, lib: /usr/lib/x86_64-linux-gnu/libOpenNI2.so;libusb::libusb)
-- Eigen found (include: /usr/include/eigen3, version: 3.4.0)
-- OpenNI found (version: 1.5.4.0, include: /usr/include/ni, lib: /usr/lib/libOpenNI.so;libusb::libusb)
-- OpenNI2 found (version: 2.2.0.33, include: /usr/include/openni2, lib: /usr/lib/x86_64-linux-gnu/libOpenNI2.so;libusb::libusb)
-- Found Qhull version 8.0.2
-- OpenNI found (version: 1.5.4.0, include: /usr/include/ni, lib: /usr/lib/libOpenNI.so;libusb::libusb)
-- Found lidarslam_msgs: 0.0.0 (/home/ros_workspace/LI-SLAM/install/lidarslam_msgs/share/lidarslam_msgs/cmake)
-- Found ndt_omp_ros2: 0.0.0 (/home/ros_workspace/LI-SLAM/install/ndt_omp_ros2/share/ndt_omp_ros2/cmake)
-- GTSAM include directory:  /usr/lib/cmake/GTSAM/../../../include
-- Found ament_lint_auto: 0.12.14 (/opt/ros/humble/share/ament_lint_auto/cmake)
-- Configuring done
-- Generating done
-- Build files have been written to: /home/ros_workspace/LI-SLAM/build/scanmatcher
[35m[1mConsolidate compiler generated dependencies of target scanmatcher_component[0m
[ 12%] [32mBuilding CXX object CMakeFiles/imu_preintegration.dir/src/imu_preintegration.cpp.o[0m
[ 25%] [32mBuilding CXX object CMakeFiles/image_projection.dir/src/image_projection.cpp.o[0m
[ 50%] Built target scanmatcher_component
[35m[1mConsolidate compiler generated dependencies of target scanmatcher_node[0m
[ 75%] Built target scanmatcher_node
[ 87%] [32m[1mLinking CXX executable image_projection[0m
[ 87%] Built target image_projection
[100%] [32m[1mLinking CXX executable imu_preintegration[0m
[100%] Built target imu_preintegration
-- Install configuration: "Release"
-- Installing: /home/ros_workspace/LI-SLAM/install/scanmatcher/share/scanmatcher/environment/library_path.sh
-- Installing: /home/ros_workspace/LI-SLAM/install/scanmatcher/share/scanmatcher/environment/library_path.dsv
-- Installing: /home/ros_workspace/LI-SLAM/install/scanmatcher/include
-- Installing: /home/ros_workspace/LI-SLAM/install/scanmatcher/include/scanmatcher
-- Installing: /home/ros_workspace/LI-SLAM/install/scanmatcher/include/scanmatcher/utility.h
-- Installing: /home/ros_workspace/LI-SLAM/install/scanmatcher/include/scanmatcher/scanmatcher_component.h
-- Installing: /home/ros_workspace/LI-SLAM/install/scanmatcher/share/scanmatcher/launch
-- Installing: /home/ros_workspace/LI-SLAM/install/scanmatcher/share/scanmatcher/launch/lio_bigloop.launch.py
-- Installing: /home/ros_workspace/LI-SLAM/install/scanmatcher/share/scanmatcher/launch/lio.launch.py
-- Installing: /home/ros_workspace/LI-SLAM/install/scanmatcher/share/scanmatcher/param
-- Installing: /home/ros_workspace/LI-SLAM/install/scanmatcher/share/scanmatcher/param/lio_bigloop.yaml
-- Installing: /home/ros_workspace/LI-SLAM/install/scanmatcher/share/scanmatcher/param/lio.yaml
-- Installing: /home/ros_workspace/LI-SLAM/install/scanmatcher/lib/libscanmatcher_component.so
-- Set runtime path of "/home/ros_workspace/LI-SLAM/install/scanmatcher/lib/libscanmatcher_component.so" to ""
-- Installing: /home/ros_workspace/LI-SLAM/install/scanmatcher/lib/scanmatcher/scanmatcher_node
-- Set runtime path of "/home/ros_workspace/LI-SLAM/install/scanmatcher/lib/scanmatcher/scanmatcher_node" to ""
-- Installing: /home/ros_workspace/LI-SLAM/install/scanmatcher/lib/scanmatcher/imu_preintegration
-- Set runtime path of "/home/ros_workspace/LI-SLAM/install/scanmatcher/lib/scanmatcher/imu_preintegration" to ""
-- Installing: /home/ros_workspace/LI-SLAM/install/scanmatcher/lib/scanmatcher/image_projection
-- Set runtime path of "/home/ros_workspace/LI-SLAM/install/scanmatcher/lib/scanmatcher/image_projection" to ""
-- Installing: /home/ros_workspace/LI-SLAM/install/scanmatcher/share/ament_index/resource_index/package_run_dependencies/scanmatcher
-- Installing: /home/ros_workspace/LI-SLAM/install/scanmatcher/share/ament_index/resource_index/parent_prefix_path/scanmatcher
-- Installing: /home/ros_workspace/LI-SLAM/install/scanmatcher/share/scanmatcher/environment/ament_prefix_path.sh
-- Installing: /home/ros_workspace/LI-SLAM/install/scanmatcher/share/scanmatcher/environment/ament_prefix_path.dsv
-- Installing: /home/ros_workspace/LI-SLAM/install/scanmatcher/share/scanmatcher/environment/path.sh
-- Installing: /home/ros_workspace/LI-SLAM/install/scanmatcher/share/scanmatcher/environment/path.dsv
-- Installing: /home/ros_workspace/LI-SLAM/install/scanmatcher/share/scanmatcher/local_setup.bash
-- Installing: /home/ros_workspace/LI-SLAM/install/scanmatcher/share/scanmatcher/local_setup.sh
-- Installing: /home/ros_workspace/LI-SLAM/install/scanmatcher/share/scanmatcher/local_setup.zsh
-- Installing: /home/ros_workspace/LI-SLAM/install/scanmatcher/share/scanmatcher/local_setup.dsv
-- Installing: /home/ros_workspace/LI-SLAM/install/scanmatcher/share/scanmatcher/package.dsv
-- Installing: /home/ros_workspace/LI-SLAM/install/scanmatcher/share/ament_index/resource_index/packages/scanmatcher
-- Installing: /home/ros_workspace/LI-SLAM/install/scanmatcher/share/ament_index/resource_index/rclcpp_components/scanmatcher
-- Installing: /home/ros_workspace/LI-SLAM/install/scanmatcher/share/scanmatcher/cmake/ament_cmake_export_libraries-extras.cmake
-- Installing: /home/ros_workspace/LI-SLAM/install/scanmatcher/share/scanmatcher/cmake/ament_cmake_export_include_directories-extras.cmake
-- Installing: /home/ros_workspace/LI-SLAM/install/scanmatcher/share/scanmatcher/cmake/scanmatcherConfig.cmake
-- Installing: /home/ros_workspace/LI-SLAM/install/scanmatcher/share/scanmatcher/cmake/scanmatcherConfig-version.cmake
-- Installing: /home/ros_workspace/LI-SLAM/install/scanmatcher/share/scanmatcher/package.xml
