[0.017s] Invoking command in '/home/ros_workspace/LI-SLAM/build/scanmatcher': AMENT_PREFIX_PATH=/home/ros_workspace/LI-SLAM/install/ndt_omp_ros2:/home/ros_workspace/LI-SLAM/install/lidarslam_msgs:${AMENT_PREFIX_PATH} CMAKE_PREFIX_PATH=/home/ros_workspace/LI-SLAM/install/ndt_omp_ros2:/home/ros_workspace/LI-SLAM/install/lidarslam_msgs:/opt/ros/humble LD_LIBRARY_PATH=/home/ros_workspace/LI-SLAM/install/lidarslam_msgs/lib:${LD_LIBRARY_PATH} PATH=/home/ros_workspace/LI-SLAM/install/ndt_omp_ros2/bin:${PATH} PYTHONPATH=/home/ros_workspace/LI-SLAM/install/lidarslam_msgs/local/lib/python3.10/dist-packages:${PYTHONPATH} /usr/bin/cmake --build /home/ros_workspace/LI-SLAM/build/scanmatcher -- -j16 -l16
[0.052s] -- Found ament_cmake: 1.3.12 (/opt/ros/humble/share/ament_cmake/cmake)
[0.191s] -- Found rclcpp: 16.0.15 (/opt/ros/humble/share/rclcpp/cmake)
[0.240s] -- Found rosidl_generator_c: 3.1.7 (/opt/ros/humble/share/rosidl_generator_c/cmake)
[0.242s] -- Found rosidl_adapter: 3.1.7 (/opt/ros/humble/share/rosidl_adapter/cmake)
[0.249s] -- Found rosidl_generator_cpp: 3.1.7 (/opt/ros/humble/share/rosidl_generator_cpp/cmake)
[0.259s] -- Using all available rosidl_typesupport_c: rosidl_typesupport_fastrtps_c;rosidl_typesupport_introspection_c
[0.272s] -- Using all available rosidl_typesupport_cpp: rosidl_typesupport_fastrtps_cpp;rosidl_typesupport_introspection_cpp
[0.308s] -- Found rmw_implementation_cmake: 6.1.2 (/opt/ros/humble/share/rmw_implementation_cmake/cmake)
[0.310s] -- Found rmw_fastrtps_cpp: 6.2.9 (/opt/ros/humble/share/rmw_fastrtps_cpp/cmake)
[0.476s] -- Using RMW implementation 'rmw_fastrtps_cpp' as default
[0.524s] -- Found rclcpp_components: 16.0.15 (/opt/ros/humble/share/rclcpp_components/cmake)
[0.543s] -- Found geometry_msgs: 4.9.0 (/opt/ros/humble/share/geometry_msgs/cmake)
[0.557s] -- Found sensor_msgs: 4.9.0 (/opt/ros/humble/share/sensor_msgs/cmake)
[0.576s] -- Found nav_msgs: 4.9.0 (/opt/ros/humble/share/nav_msgs/cmake)
[0.594s] -- Found tf2_ros: 0.25.16 (/opt/ros/humble/share/tf2_ros/cmake)
[0.664s] -- Found tf2_sensor_msgs: 0.25.16 (/opt/ros/humble/share/tf2_sensor_msgs/cmake)
[0.670s] -- Found tf2_geometry_msgs: 0.25.16 (/opt/ros/humble/share/tf2_geometry_msgs/cmake)
[0.676s] -- Ensuring Eigen3 include directory is part of orocos-kdl CMake target
[0.677s] -- Found tf2_eigen: 0.25.16 (/opt/ros/humble/share/tf2_eigen/cmake)
[0.680s] -- Found pcl_conversions: 2.4.5 (/opt/ros/humble/share/pcl_conversions/cmake)
[0.718s] -- Eigen found (include: /usr/include/eigen3, version: 3.4.0)
[0.764s] -- FLANN found (include: /usr/include, lib: /usr/lib/x86_64-linux-gnu/libflann_cpp.so)
[1.127s] -- OpenNI found (version: 1.5.4.0, include: /usr/include/ni, lib: /usr/lib/libOpenNI.so;libusb::libusb)
[1.137s] -- OpenNI2 found (version: 2.2.0.33, include: /usr/include/openni2, lib: /usr/lib/x86_64-linux-gnu/libOpenNI2.so;libusb::libusb)
[1.320s] -- Eigen found (include: /usr/include/eigen3, version: 3.4.0)
[1.329s] -- OpenNI found (version: 1.5.4.0, include: /usr/include/ni, lib: /usr/lib/libOpenNI.so;libusb::libusb)
[1.337s] -- OpenNI2 found (version: 2.2.0.33, include: /usr/include/openni2, lib: /usr/lib/x86_64-linux-gnu/libOpenNI2.so;libusb::libusb)
[1.509s] -- Found Qhull version 8.0.2
[1.683s] -- OpenNI found (version: 1.5.4.0, include: /usr/include/ni, lib: /usr/lib/libOpenNI.so;libusb::libusb)
[1.866s] -- Found lidarslam_msgs: 0.0.0 (/home/ros_workspace/LI-SLAM/install/lidarslam_msgs/share/lidarslam_msgs/cmake)
[1.887s] -- Found ndt_omp_ros2: 0.0.0 (/home/ros_workspace/LI-SLAM/install/ndt_omp_ros2/share/ndt_omp_ros2/cmake)
[1.889s] [33mCMake Warning (dev) at CMakeLists.txt:38 (find_package):
[1.889s]   Policy CMP0074 is not set: find_package uses <PackageName>_ROOT variables.
[1.889s]   Run "cmake --help-policy CMP0074" for policy details.  Use the cmake_policy
[1.889s]   command to set the policy and suppress this warning.
[1.889s] 
[1.890s]   CMake variable PCL_ROOT is set to:
[1.890s] 
[1.890s]     /usr
[1.890s] 
[1.890s]   For compatibility, CMake is ignoring the variable.
[1.890s] This warning is for project developers.  Use -Wno-dev to suppress it.
[1.890s] [0m
[1.920s] -- GTSAM include directory:  /usr/lib/cmake/GTSAM/../../../include
[1.927s] -- Found ament_lint_auto: 0.12.14 (/opt/ros/humble/share/ament_lint_auto/cmake)
[2.075s] -- Configuring done
[2.246s] -- Generating done
[2.291s] -- Build files have been written to: /home/ros_workspace/LI-SLAM/build/scanmatcher
[2.347s] [35m[1mConsolidate compiler generated dependencies of target scanmatcher_component[0m
[2.362s] [ 12%] [32mBuilding CXX object CMakeFiles/imu_preintegration.dir/src/imu_preintegration.cpp.o[0m
[2.362s] [ 25%] [32mBuilding CXX object CMakeFiles/image_projection.dir/src/image_projection.cpp.o[0m
[2.394s] [ 50%] Built target scanmatcher_component
[2.411s] [35m[1mConsolidate compiler generated dependencies of target scanmatcher_node[0m
[2.473s] [ 75%] Built target scanmatcher_node
[4.838s] In file included from [01m[K/home/ros_workspace/LI-SLAM/src/li_slam_ros2/scanmatcher/include/scanmatcher/utility.h:65[m[K,
[4.838s]                  from [01m[K/home/ros_workspace/LI-SLAM/src/li_slam_ros2/scanmatcher/src/image_projection.cpp:31[m[K:
[4.839s] [01m[K/opt/ros/humble/include/tf2_eigen/tf2_eigen/tf2_eigen.h:32:2:[m[K [01;35m[Kwarning: [m[K#warning This header is obsolete, please include tf2_eigen/tf2_eigen.hpp instead [[01;35m[K-Wcpp[m[K]
[4.839s]    32 | #[01;35m[Kwarning[m[K This header is obsolete, please include tf2_eigen/tf2_eigen.hpp instead
[4.839s]       |  [01;35m[K^~~~~~~[m[K
[4.850s] In file included from [01m[K/home/ros_workspace/LI-SLAM/src/li_slam_ros2/scanmatcher/include/scanmatcher/utility.h:66[m[K,
[4.851s]                  from [01m[K/home/ros_workspace/LI-SLAM/src/li_slam_ros2/scanmatcher/src/image_projection.cpp:31[m[K:
[4.851s] [01m[K/opt/ros/humble/include/tf2_geometry_msgs/tf2_geometry_msgs/tf2_geometry_msgs.h:35:2:[m[K [01;35m[Kwarning: [m[K#warning This header is obsolete, please include tf2_geometry_msgs/tf2_geometry_msgs.hpp instead [[01;35m[K-Wcpp[m[K]
[4.851s]    35 | #[01;35m[Kwarning[m[K This header is obsolete, please include tf2_geometry_msgs/tf2_geometry_msgs.hpp instead
[4.851s]       |  [01;35m[K^~~~~~~[m[K
[4.984s] In file included from [01m[K/home/ros_workspace/LI-SLAM/src/li_slam_ros2/scanmatcher/include/scanmatcher/utility.h:65[m[K,
[4.984s]                  from [01m[K/home/ros_workspace/LI-SLAM/src/li_slam_ros2/scanmatcher/src/imu_preintegration.cpp:31[m[K:
[4.984s] [01m[K/opt/ros/humble/include/tf2_eigen/tf2_eigen/tf2_eigen.h:32:2:[m[K [01;35m[Kwarning: [m[K#warning This header is obsolete, please include tf2_eigen/tf2_eigen.hpp instead [[01;35m[K-Wcpp[m[K]
[4.984s]    32 | #[01;35m[Kwarning[m[K This header is obsolete, please include tf2_eigen/tf2_eigen.hpp instead
[4.984s]       |  [01;35m[K^~~~~~~[m[K
[4.996s] In file included from [01m[K/home/ros_workspace/LI-SLAM/src/li_slam_ros2/scanmatcher/include/scanmatcher/utility.h:66[m[K,
[4.997s]                  from [01m[K/home/ros_workspace/LI-SLAM/src/li_slam_ros2/scanmatcher/src/imu_preintegration.cpp:31[m[K:
[4.997s] [01m[K/opt/ros/humble/include/tf2_geometry_msgs/tf2_geometry_msgs/tf2_geometry_msgs.h:35:2:[m[K [01;35m[Kwarning: [m[K#warning This header is obsolete, please include tf2_geometry_msgs/tf2_geometry_msgs.hpp instead [[01;35m[K-Wcpp[m[K]
[4.997s]    35 | #[01;35m[Kwarning[m[K This header is obsolete, please include tf2_geometry_msgs/tf2_geometry_msgs.hpp instead
[4.997s]       |  [01;35m[K^~~~~~~[m[K
[11.128s] [01m[K/home/ros_workspace/LI-SLAM/src/li_slam_ros2/scanmatcher/src/image_projection.cpp:189:65:[m[K [01;35m[Kwarning: [m[K‘[01m[Ksensor_msgs::msg::Imu_<std::allocator<void> >::ConstPtr[m[K’ is deprecated [[01;35m[K-Wdeprecated-declarations[m[K]
[11.128s]   189 |   void imuHandler(const sensor_msgs::msg::Imu::ConstPtr & imuMsg[01;35m[K)[m[K
[11.128s]       |                                                                 [01;35m[K^[m[K
[11.128s] In file included from [01m[K/opt/ros/humble/include/sensor_msgs/sensor_msgs/msg/imu.hpp:7[m[K,
[11.128s]                  from [01m[K/home/ros_workspace/LI-SLAM/src/li_slam_ros2/scanmatcher/include/scanmatcher/utility.h:39[m[K,
[11.129s]                  from [01m[K/home/ros_workspace/LI-SLAM/src/li_slam_ros2/scanmatcher/src/image_projection.cpp:31[m[K:
[11.129s] [01m[K/opt/ros/humble/include/sensor_msgs/sensor_msgs/msg/detail/imu__struct.hpp:182:5:[m[K [01;36m[Knote: [m[Kdeclared here
[11.129s]   182 |     [01;36m[KConstPtr[m[K;
[11.129s]       |     [01;36m[K^~~~~~~~[m[K
[11.129s] [01m[K/home/ros_workspace/LI-SLAM/src/li_slam_ros2/scanmatcher/src/image_projection.cpp:214:77:[m[K [01;35m[Kwarning: [m[K‘[01m[Knav_msgs::msg::Odometry_<std::allocator<void> >::ConstPtr[m[K’ is deprecated [[01;35m[K-Wdeprecated-declarations[m[K]
[11.129s]   214 |   void odometryHandler(const nav_msgs::msg::Odometry::ConstPtr & odometryMsg[01;35m[K)[m[K
[11.129s]       |                                                                             [01;35m[K^[m[K
[11.129s] In file included from [01m[K/opt/ros/humble/include/nav_msgs/nav_msgs/msg/odometry.hpp:7[m[K,
[11.130s]                  from [01m[K/home/ros_workspace/LI-SLAM/src/li_slam_ros2/scanmatcher/include/scanmatcher/utility.h:42[m[K,
[11.130s]                  from [01m[K/home/ros_workspace/LI-SLAM/src/li_slam_ros2/scanmatcher/src/image_projection.cpp:31[m[K:
[11.130s] [01m[K/opt/ros/humble/include/nav_msgs/nav_msgs/msg/detail/odometry__struct.hpp:146:5:[m[K [01;36m[Knote: [m[Kdeclared here
[11.130s]   146 |     [01;36m[KConstPtr[m[K;
[11.130s]       |     [01;36m[K^~~~~~~~[m[K
[11.130s] [01m[K/home/ros_workspace/LI-SLAM/src/li_slam_ros2/scanmatcher/src/image_projection.cpp:220:82:[m[K [01;35m[Kwarning: [m[K‘[01m[Ksensor_msgs::msg::PointCloud2_<std::allocator<void> >::ConstPtr[m[K’ is deprecated [[01;35m[K-Wdeprecated-declarations[m[K]
[11.130s]   220 |   void cloudHandler(const sensor_msgs::msg::PointCloud2::ConstPtr & laserCloudMsg[01;35m[K)[m[K
[11.131s]       |                                                                                  [01;35m[K^[m[K
[11.131s] In file included from [01m[K/opt/ros/humble/include/sensor_msgs/sensor_msgs/msg/point_cloud2.hpp:7[m[K,
[11.131s]                  from [01m[K/home/ros_workspace/LI-SLAM/src/li_slam_ros2/scanmatcher/include/scanmatcher/utility.h:40[m[K,
[11.131s]                  from [01m[K/home/ros_workspace/LI-SLAM/src/li_slam_ros2/scanmatcher/src/image_projection.cpp:31[m[K:
[11.131s] [01m[K/opt/ros/humble/include/sensor_msgs/sensor_msgs/msg/detail/point_cloud2__struct.hpp:194:5:[m[K [01;36m[Knote: [m[Kdeclared here
[11.131s]   194 |     [01;36m[KConstPtr[m[K;
[11.131s]       |     [01;36m[K^~~~~~~~[m[K
[11.131s] [01m[K/home/ros_workspace/LI-SLAM/src/li_slam_ros2/scanmatcher/src/image_projection.cpp:239:85:[m[K [01;35m[Kwarning: [m[K‘[01m[Ksensor_msgs::msg::PointCloud2_<std::allocator<void> >::ConstPtr[m[K’ is deprecated [[01;35m[K-Wdeprecated-declarations[m[K]
[11.132s]   239 |   bool cachePointCloud(const sensor_msgs::msg::PointCloud2::ConstPtr & laserCloudMsg[01;35m[K)[m[K
[11.132s]       |                                                                                     [01;35m[K^[m[K
[11.132s] In file included from [01m[K/opt/ros/humble/include/sensor_msgs/sensor_msgs/msg/point_cloud2.hpp:7[m[K,
[11.132s]                  from [01m[K/home/ros_workspace/LI-SLAM/src/li_slam_ros2/scanmatcher/include/scanmatcher/utility.h:40[m[K,
[11.132s]                  from [01m[K/home/ros_workspace/LI-SLAM/src/li_slam_ros2/scanmatcher/src/image_projection.cpp:31[m[K:
[11.132s] [01m[K/opt/ros/humble/include/sensor_msgs/sensor_msgs/msg/detail/point_cloud2__struct.hpp:194:5:[m[K [01;36m[Knote: [m[Kdeclared here
[11.132s]   194 |     [01;36m[KConstPtr[m[K;
[11.132s]       |     [01;36m[K^~~~~~~~[m[K
[11.133s] [01m[K/home/ros_workspace/LI-SLAM/src/li_slam_ros2/scanmatcher/src/image_projection.cpp:[m[K In constructor ‘[01m[KImageProjection::ImageProjection(const rclcpp::NodeOptions&)[m[K’:
[11.133s] [01m[K/home/ros_workspace/LI-SLAM/src/li_slam_ros2/scanmatcher/src/image_projection.cpp:127:60:[m[K [01;35m[Kwarning: [m[K‘[01m[Ksensor_msgs::msg::Imu_<std::allocator<void> >::ConstPtr[m[K’ is deprecated [[01;35m[K-Wdeprecated-declarations[m[K]
[11.133s]   127 |       [this](const sensor_msgs::msg::Imu::ConstPtr msg) -> [01;35m[Kvoid[m[K
[11.133s]       |                                                            [01;35m[K^~~~[m[K
[11.133s] In file included from [01m[K/opt/ros/humble/include/sensor_msgs/sensor_msgs/msg/imu.hpp:7[m[K,
[11.133s]                  from [01m[K/home/ros_workspace/LI-SLAM/src/li_slam_ros2/scanmatcher/include/scanmatcher/utility.h:39[m[K,
[11.133s]                  from [01m[K/home/ros_workspace/LI-SLAM/src/li_slam_ros2/scanmatcher/src/image_projection.cpp:31[m[K:
[11.133s] [01m[K/opt/ros/humble/include/sensor_msgs/sensor_msgs/msg/detail/imu__struct.hpp:182:5:[m[K [01;36m[Knote: [m[Kdeclared here
[11.134s]   182 |     [01;36m[KConstPtr[m[K;
[11.134s]       |     [01;36m[K^~~~~~~~[m[K
[11.137s] [01m[K/home/ros_workspace/LI-SLAM/src/li_slam_ros2/scanmatcher/src/image_projection.cpp:134:62:[m[K [01;35m[Kwarning: [m[K‘[01m[Knav_msgs::msg::Odometry_<std::allocator<void> >::ConstPtr[m[K’ is deprecated [[01;35m[K-Wdeprecated-declarations[m[K]
[11.137s]   134 |       [this](const nav_msgs::msg::Odometry::ConstPtr msg) -> [01;35m[Kvoid[m[K
[11.137s]       |                                                              [01;35m[K^~~~[m[K
[11.137s] In file included from [01m[K/opt/ros/humble/include/nav_msgs/nav_msgs/msg/odometry.hpp:7[m[K,
[11.137s]                  from [01m[K/home/ros_workspace/LI-SLAM/src/li_slam_ros2/scanmatcher/include/scanmatcher/utility.h:42[m[K,
[11.137s]                  from [01m[K/home/ros_workspace/LI-SLAM/src/li_slam_ros2/scanmatcher/src/image_projection.cpp:31[m[K:
[11.137s] [01m[K/opt/ros/humble/include/nav_msgs/nav_msgs/msg/detail/odometry__struct.hpp:146:5:[m[K [01;36m[Knote: [m[Kdeclared here
[11.137s]   146 |     [01;36m[KConstPtr[m[K;
[11.138s]       |     [01;36m[K^~~~~~~~[m[K
[11.140s] [01m[K/home/ros_workspace/LI-SLAM/src/li_slam_ros2/scanmatcher/src/image_projection.cpp:141:68:[m[K [01;35m[Kwarning: [m[K‘[01m[Ksensor_msgs::msg::PointCloud2_<std::allocator<void> >::ConstPtr[m[K’ is deprecated [[01;35m[K-Wdeprecated-declarations[m[K]
[11.140s]   141 |       [this](const sensor_msgs::msg::PointCloud2::ConstPtr msg) -> [01;35m[Kvoid[m[K
[11.140s]       |                                                                    [01;35m[K^~~~[m[K
[11.140s] In file included from [01m[K/opt/ros/humble/include/sensor_msgs/sensor_msgs/msg/point_cloud2.hpp:7[m[K,
[11.140s]                  from [01m[K/home/ros_workspace/LI-SLAM/src/li_slam_ros2/scanmatcher/include/scanmatcher/utility.h:40[m[K,
[11.140s]                  from [01m[K/home/ros_workspace/LI-SLAM/src/li_slam_ros2/scanmatcher/src/image_projection.cpp:31[m[K:
[11.140s] [01m[K/opt/ros/humble/include/sensor_msgs/sensor_msgs/msg/detail/point_cloud2__struct.hpp:194:5:[m[K [01;36m[Knote: [m[Kdeclared here
[11.140s]   194 |     [01;36m[KConstPtr[m[K;
[11.141s]       |     [01;36m[K^~~~~~~~[m[K
[17.552s] [01m[K/home/ros_workspace/LI-SLAM/src/li_slam_ros2/scanmatcher/src/imu_preintegration.cpp:196:73:[m[K [01;35m[Kwarning: [m[K‘[01m[Knav_msgs::msg::Odometry_<std::allocator<void> >::ConstPtr[m[K’ is deprecated [[01;35m[K-Wdeprecated-declarations[m[K]
[17.553s]   196 |   void odometryHandler(const nav_msgs::msg::Odometry::ConstPtr & odomMsg[01;35m[K)[m[K
[17.553s]       |                                                                         [01;35m[K^[m[K
[17.553s] In file included from [01m[K/opt/ros/humble/include/nav_msgs/nav_msgs/msg/odometry.hpp:7[m[K,
[17.553s]                  from [01m[K/home/ros_workspace/LI-SLAM/src/li_slam_ros2/scanmatcher/include/scanmatcher/utility.h:42[m[K,
[17.553s]                  from [01m[K/home/ros_workspace/LI-SLAM/src/li_slam_ros2/scanmatcher/src/imu_preintegration.cpp:31[m[K:
[17.553s] [01m[K/opt/ros/humble/include/nav_msgs/nav_msgs/msg/detail/odometry__struct.hpp:146:5:[m[K [01;36m[Knote: [m[Kdeclared here
[17.553s]   146 |     [01;36m[KConstPtr[m[K;
[17.554s]       |     [01;36m[K^~~~~~~~[m[K
[17.554s] [01m[K/home/ros_workspace/LI-SLAM/src/li_slam_ros2/scanmatcher/src/imu_preintegration.cpp:415:66:[m[K [01;35m[Kwarning: [m[K‘[01m[Ksensor_msgs::msg::Imu_<std::allocator<void> >::ConstPtr[m[K’ is deprecated [[01;35m[K-Wdeprecated-declarations[m[K]
[17.554s]   415 |   void imuHandler(const sensor_msgs::msg::Imu::ConstPtr & imu_raw[01;35m[K)[m[K
[17.554s]       |                                                                  [01;35m[K^[m[K
[17.554s] In file included from [01m[K/opt/ros/humble/include/sensor_msgs/sensor_msgs/msg/imu.hpp:7[m[K,
[17.554s]                  from [01m[K/home/ros_workspace/LI-SLAM/src/li_slam_ros2/scanmatcher/include/scanmatcher/utility.h:39[m[K,
[17.554s]                  from [01m[K/home/ros_workspace/LI-SLAM/src/li_slam_ros2/scanmatcher/src/imu_preintegration.cpp:31[m[K:
[17.554s] [01m[K/opt/ros/humble/include/sensor_msgs/sensor_msgs/msg/detail/imu__struct.hpp:182:5:[m[K [01;36m[Knote: [m[Kdeclared here
[17.554s]   182 |     [01;36m[KConstPtr[m[K;
[17.555s]       |     [01;36m[K^~~~~~~~[m[K
[17.555s] [01m[K/home/ros_workspace/LI-SLAM/src/li_slam_ros2/scanmatcher/src/imu_preintegration.cpp:[m[K In constructor ‘[01m[KIMUPreintegration::IMUPreintegration(const rclcpp::NodeOptions&)[m[K’:
[17.555s] [01m[K/home/ros_workspace/LI-SLAM/src/li_slam_ros2/scanmatcher/src/imu_preintegration.cpp:125:60:[m[K [01;35m[Kwarning: [m[K‘[01m[Ksensor_msgs::msg::Imu_<std::allocator<void> >::ConstPtr[m[K’ is deprecated [[01;35m[K-Wdeprecated-declarations[m[K]
[17.555s]   125 |       [this](const sensor_msgs::msg::Imu::ConstPtr msg) -> [01;35m[Kvoid[m[K
[17.555s]       |                                                            [01;35m[K^~~~[m[K
[17.555s] In file included from [01m[K/opt/ros/humble/include/sensor_msgs/sensor_msgs/msg/imu.hpp:7[m[K,
[17.555s]                  from [01m[K/home/ros_workspace/LI-SLAM/src/li_slam_ros2/scanmatcher/include/scanmatcher/utility.h:39[m[K,
[17.556s]                  from [01m[K/home/ros_workspace/LI-SLAM/src/li_slam_ros2/scanmatcher/src/imu_preintegration.cpp:31[m[K:
[17.556s] [01m[K/opt/ros/humble/include/sensor_msgs/sensor_msgs/msg/detail/imu__struct.hpp:182:5:[m[K [01;36m[Knote: [m[Kdeclared here
[17.556s]   182 |     [01;36m[KConstPtr[m[K;
[17.556s]       |     [01;36m[K^~~~~~~~[m[K
[17.558s] [01m[K/home/ros_workspace/LI-SLAM/src/li_slam_ros2/scanmatcher/src/imu_preintegration.cpp:130:62:[m[K [01;35m[Kwarning: [m[K‘[01m[Knav_msgs::msg::Odometry_<std::allocator<void> >::ConstPtr[m[K’ is deprecated [[01;35m[K-Wdeprecated-declarations[m[K]
[17.558s]   130 |       [this](const nav_msgs::msg::Odometry::ConstPtr msg) -> [01;35m[Kvoid[m[K
[17.558s]       |                                                              [01;35m[K^~~~[m[K
[17.558s] In file included from [01m[K/opt/ros/humble/include/nav_msgs/nav_msgs/msg/odometry.hpp:7[m[K,
[17.558s]                  from [01m[K/home/ros_workspace/LI-SLAM/src/li_slam_ros2/scanmatcher/include/scanmatcher/utility.h:42[m[K,
[17.559s]                  from [01m[K/home/ros_workspace/LI-SLAM/src/li_slam_ros2/scanmatcher/src/imu_preintegration.cpp:31[m[K:
[17.559s] [01m[K/opt/ros/humble/include/nav_msgs/nav_msgs/msg/detail/odometry__struct.hpp:146:5:[m[K [01;36m[Knote: [m[Kdeclared here
[17.559s]   146 |     [01;36m[KConstPtr[m[K;
[17.559s]       |     [01;36m[K^~~~~~~~[m[K
[44.711s] [ 87%] [32m[1mLinking CXX executable image_projection[0m
[45.740s] [ 87%] Built target image_projection
[55.954s] [100%] [32m[1mLinking CXX executable imu_preintegration[0m
[57.084s] [100%] Built target imu_preintegration
[57.102s] Invoked command in '/home/ros_workspace/LI-SLAM/build/scanmatcher' returned '0': AMENT_PREFIX_PATH=/home/ros_workspace/LI-SLAM/install/ndt_omp_ros2:/home/ros_workspace/LI-SLAM/install/lidarslam_msgs:${AMENT_PREFIX_PATH} CMAKE_PREFIX_PATH=/home/ros_workspace/LI-SLAM/install/ndt_omp_ros2:/home/ros_workspace/LI-SLAM/install/lidarslam_msgs:/opt/ros/humble LD_LIBRARY_PATH=/home/ros_workspace/LI-SLAM/install/lidarslam_msgs/lib:${LD_LIBRARY_PATH} PATH=/home/ros_workspace/LI-SLAM/install/ndt_omp_ros2/bin:${PATH} PYTHONPATH=/home/ros_workspace/LI-SLAM/install/lidarslam_msgs/local/lib/python3.10/dist-packages:${PYTHONPATH} /usr/bin/cmake --build /home/ros_workspace/LI-SLAM/build/scanmatcher -- -j16 -l16
[57.105s] Invoking command in '/home/ros_workspace/LI-SLAM/build/scanmatcher': AMENT_PREFIX_PATH=/home/ros_workspace/LI-SLAM/install/ndt_omp_ros2:/home/ros_workspace/LI-SLAM/install/lidarslam_msgs:${AMENT_PREFIX_PATH} CMAKE_PREFIX_PATH=/home/ros_workspace/LI-SLAM/install/ndt_omp_ros2:/home/ros_workspace/LI-SLAM/install/lidarslam_msgs:/opt/ros/humble LD_LIBRARY_PATH=/home/ros_workspace/LI-SLAM/install/lidarslam_msgs/lib:${LD_LIBRARY_PATH} PATH=/home/ros_workspace/LI-SLAM/install/ndt_omp_ros2/bin:${PATH} PYTHONPATH=/home/ros_workspace/LI-SLAM/install/lidarslam_msgs/local/lib/python3.10/dist-packages:${PYTHONPATH} /usr/bin/cmake --install /home/ros_workspace/LI-SLAM/build/scanmatcher
[57.120s] -- Install configuration: "Release"
[57.120s] -- Installing: /home/ros_workspace/LI-SLAM/install/scanmatcher/share/scanmatcher/environment/library_path.sh
[57.120s] -- Installing: /home/ros_workspace/LI-SLAM/install/scanmatcher/share/scanmatcher/environment/library_path.dsv
[57.121s] -- Installing: /home/ros_workspace/LI-SLAM/install/scanmatcher/include
[57.121s] -- Installing: /home/ros_workspace/LI-SLAM/install/scanmatcher/include/scanmatcher
[57.121s] -- Installing: /home/ros_workspace/LI-SLAM/install/scanmatcher/include/scanmatcher/utility.h
[57.121s] -- Installing: /home/ros_workspace/LI-SLAM/install/scanmatcher/include/scanmatcher/scanmatcher_component.h
[57.122s] -- Installing: /home/ros_workspace/LI-SLAM/install/scanmatcher/share/scanmatcher/launch
[57.122s] -- Installing: /home/ros_workspace/LI-SLAM/install/scanmatcher/share/scanmatcher/launch/lio_bigloop.launch.py
[57.138s] -- Installing: /home/ros_workspace/LI-SLAM/install/scanmatcher/share/scanmatcher/launch/lio.launch.py
[57.139s] -- Installing: /home/ros_workspace/LI-SLAM/install/scanmatcher/share/scanmatcher/param
[57.139s] -- Installing: /home/ros_workspace/LI-SLAM/install/scanmatcher/share/scanmatcher/param/lio_bigloop.yaml
[57.139s] -- Installing: /home/ros_workspace/LI-SLAM/install/scanmatcher/share/scanmatcher/param/lio.yaml
[57.140s] -- Installing: /home/ros_workspace/LI-SLAM/install/scanmatcher/lib/libscanmatcher_component.so
[57.226s] -- Set runtime path of "/home/ros_workspace/LI-SLAM/install/scanmatcher/lib/libscanmatcher_component.so" to ""
[57.226s] -- Installing: /home/ros_workspace/LI-SLAM/install/scanmatcher/lib/scanmatcher/scanmatcher_node
[57.238s] -- Set runtime path of "/home/ros_workspace/LI-SLAM/install/scanmatcher/lib/scanmatcher/scanmatcher_node" to ""
[57.238s] -- Installing: /home/ros_workspace/LI-SLAM/install/scanmatcher/lib/scanmatcher/imu_preintegration
[57.287s] -- Set runtime path of "/home/ros_workspace/LI-SLAM/install/scanmatcher/lib/scanmatcher/imu_preintegration" to ""
[57.287s] -- Installing: /home/ros_workspace/LI-SLAM/install/scanmatcher/lib/scanmatcher/image_projection
[57.331s] -- Set runtime path of "/home/ros_workspace/LI-SLAM/install/scanmatcher/lib/scanmatcher/image_projection" to ""
[57.331s] -- Installing: /home/ros_workspace/LI-SLAM/install/scanmatcher/share/ament_index/resource_index/package_run_dependencies/scanmatcher
[57.332s] -- Installing: /home/ros_workspace/LI-SLAM/install/scanmatcher/share/ament_index/resource_index/parent_prefix_path/scanmatcher
[57.332s] -- Installing: /home/ros_workspace/LI-SLAM/install/scanmatcher/share/scanmatcher/environment/ament_prefix_path.sh
[57.332s] -- Installing: /home/ros_workspace/LI-SLAM/install/scanmatcher/share/scanmatcher/environment/ament_prefix_path.dsv
[57.332s] -- Installing: /home/ros_workspace/LI-SLAM/install/scanmatcher/share/scanmatcher/environment/path.sh
[57.332s] -- Installing: /home/ros_workspace/LI-SLAM/install/scanmatcher/share/scanmatcher/environment/path.dsv
[57.333s] -- Installing: /home/ros_workspace/LI-SLAM/install/scanmatcher/share/scanmatcher/local_setup.bash
[57.333s] -- Installing: /home/ros_workspace/LI-SLAM/install/scanmatcher/share/scanmatcher/local_setup.sh
[57.333s] -- Installing: /home/ros_workspace/LI-SLAM/install/scanmatcher/share/scanmatcher/local_setup.zsh
[57.333s] -- Installing: /home/ros_workspace/LI-SLAM/install/scanmatcher/share/scanmatcher/local_setup.dsv
[57.333s] -- Installing: /home/ros_workspace/LI-SLAM/install/scanmatcher/share/scanmatcher/package.dsv
[57.334s] -- Installing: /home/ros_workspace/LI-SLAM/install/scanmatcher/share/ament_index/resource_index/packages/scanmatcher
[57.334s] -- Installing: /home/ros_workspace/LI-SLAM/install/scanmatcher/share/ament_index/resource_index/rclcpp_components/scanmatcher
[57.334s] -- Installing: /home/ros_workspace/LI-SLAM/install/scanmatcher/share/scanmatcher/cmake/ament_cmake_export_libraries-extras.cmake
[57.334s] -- Installing: /home/ros_workspace/LI-SLAM/install/scanmatcher/share/scanmatcher/cmake/ament_cmake_export_include_directories-extras.cmake
[57.334s] -- Installing: /home/ros_workspace/LI-SLAM/install/scanmatcher/share/scanmatcher/cmake/scanmatcherConfig.cmake
[57.334s] -- Installing: /home/ros_workspace/LI-SLAM/install/scanmatcher/share/scanmatcher/cmake/scanmatcherConfig-version.cmake
[57.335s] -- Installing: /home/ros_workspace/LI-SLAM/install/scanmatcher/share/scanmatcher/package.xml
[57.338s] Invoked command in '/home/ros_workspace/LI-SLAM/build/scanmatcher' returned '0': AMENT_PREFIX_PATH=/home/ros_workspace/LI-SLAM/install/ndt_omp_ros2:/home/ros_workspace/LI-SLAM/install/lidarslam_msgs:${AMENT_PREFIX_PATH} CMAKE_PREFIX_PATH=/home/ros_workspace/LI-SLAM/install/ndt_omp_ros2:/home/ros_workspace/LI-SLAM/install/lidarslam_msgs:/opt/ros/humble LD_LIBRARY_PATH=/home/ros_workspace/LI-SLAM/install/lidarslam_msgs/lib:${LD_LIBRARY_PATH} PATH=/home/ros_workspace/LI-SLAM/install/ndt_omp_ros2/bin:${PATH} PYTHONPATH=/home/ros_workspace/LI-SLAM/install/lidarslam_msgs/local/lib/python3.10/dist-packages:${PYTHONPATH} /usr/bin/cmake --install /home/ros_workspace/LI-SLAM/build/scanmatcher
