[0.788s] Invoking command in '/home/ros_workspace/drone/src/republisher': PYTHONPATH=/home/ros_workspace/drone/build/republisher/prefix_override:/usr/lib/python3/dist-packages/colcon_core/task/python/colcon_distutils_commands:/home/ros_workspace/drone/install/republisher/lib/python3.10/site-packages:${PYTHONPATH} /usr/bin/python3 -W ignore:setup.py install is deprecated -W ignore:easy_install command is deprecated setup.py egg_info --egg-base ../../build/republisher build --build-base /home/ros_workspace/drone/build/republisher/build install --record /home/ros_workspace/drone/build/republisher/install.log --single-version-externally-managed install_data
[1.168s] running egg_info
[1.169s] writing ../../build/republisher/republisher.egg-info/PKG-INFO
[1.169s] writing dependency_links to ../../build/republisher/republisher.egg-info/dependency_links.txt
[1.169s] writing entry points to ../../build/republisher/republisher.egg-info/entry_points.txt
[1.170s] writing requirements to ../../build/republisher/republisher.egg-info/requires.txt
[1.170s] writing top-level names to ../../build/republisher/republisher.egg-info/top_level.txt
[1.174s] reading manifest file '../../build/republisher/republisher.egg-info/SOURCES.txt'
[1.175s] writing manifest file '../../build/republisher/republisher.egg-info/SOURCES.txt'
[1.175s] running build
[1.175s] running build_py
[1.176s] running install
[1.177s] running install_lib
[1.179s] running install_data
[1.179s] running install_egg_info
[1.182s] removing '/home/ros_workspace/drone/install/republisher/lib/python3.10/site-packages/republisher-0.0.0-py3.10.egg-info' (and everything under it)
[1.183s] Copying ../../build/republisher/republisher.egg-info to /home/ros_workspace/drone/install/republisher/lib/python3.10/site-packages/republisher-0.0.0-py3.10.egg-info
[1.185s] running install_scripts
[1.230s] Installing republisher_node script to /home/ros_workspace/drone/install/republisher/lib/republisher
[1.230s] writing list of installed files to '/home/ros_workspace/drone/build/republisher/install.log'
[1.480s] Invoked command in '/home/ros_workspace/drone/src/republisher' returned '0': PYTHONPATH=/home/ros_workspace/drone/build/republisher/prefix_override:/usr/lib/python3/dist-packages/colcon_core/task/python/colcon_distutils_commands:/home/ros_workspace/drone/install/republisher/lib/python3.10/site-packages:${PYTHONPATH} /usr/bin/python3 -W ignore:setup.py install is deprecated -W ignore:easy_install command is deprecated setup.py egg_info --egg-base ../../build/republisher build --build-base /home/ros_workspace/drone/build/republisher/build install --record /home/ros_workspace/drone/build/republisher/install.log --single-version-externally-managed install_data
