[3.364s] Invoking command in '/home/ros_workspace/drone/src/republisher': PYTHONPATH=/home/ros_workspace/drone/build/republisher/prefix_override:/usr/lib/python3/dist-packages/colcon_core/task/python/colcon_distutils_commands:/home/ros_workspace/drone/install/republisher/lib/python3.10/site-packages:${PYTHONPATH} /usr/bin/python3 -W ignore:setup.py install is deprecated -W ignore:easy_install command is deprecated setup.py egg_info --egg-base ../../build/republisher build --build-base /home/ros_workspace/drone/build/republisher/build install --record /home/ros_workspace/drone/build/republisher/install.log --single-version-externally-managed install_data
[3.607s] running egg_info
[3.607s] writing ../../build/republisher/republisher.egg-info/PKG-INFO
[3.608s] writing dependency_links to ../../build/republisher/republisher.egg-info/dependency_links.txt
[3.608s] writing entry points to ../../build/republisher/republisher.egg-info/entry_points.txt
[3.608s] writing requirements to ../../build/republisher/republisher.egg-info/requires.txt
[3.608s] writing top-level names to ../../build/republisher/republisher.egg-info/top_level.txt
[3.610s] reading manifest file '../../build/republisher/republisher.egg-info/SOURCES.txt'
[3.661s] writing manifest file '../../build/republisher/republisher.egg-info/SOURCES.txt'
[3.661s] running build
[3.661s] running build_py
[3.661s] copying republisher/republisher_node.py -> /home/ros_workspace/drone/build/republisher/build/lib/republisher
[3.661s] running install
[3.661s] running install_lib
[3.662s] copying /home/ros_workspace/drone/build/republisher/build/lib/republisher/republisher_node.py -> /home/ros_workspace/drone/install/republisher/lib/python3.10/site-packages/republisher
[3.663s] byte-compiling /home/ros_workspace/drone/install/republisher/lib/python3.10/site-packages/republisher/republisher_node.py to republisher_node.cpython-310.pyc
[3.713s] running install_data
[3.713s] running install_egg_info
[3.715s] removing '/home/ros_workspace/drone/install/republisher/lib/python3.10/site-packages/republisher-0.0.0-py3.10.egg-info' (and everything under it)
[3.715s] Copying ../../build/republisher/republisher.egg-info to /home/ros_workspace/drone/install/republisher/lib/python3.10/site-packages/republisher-0.0.0-py3.10.egg-info
[3.743s] running install_scripts
[3.767s] Installing republisher_node script to /home/ros_workspace/drone/install/republisher/lib/republisher
[3.767s] writing list of installed files to '/home/ros_workspace/drone/build/republisher/install.log'
[3.805s] Invoked command in '/home/ros_workspace/drone/src/republisher' returned '0': PYTHONPATH=/home/ros_workspace/drone/build/republisher/prefix_override:/usr/lib/python3/dist-packages/colcon_core/task/python/colcon_distutils_commands:/home/ros_workspace/drone/install/republisher/lib/python3.10/site-packages:${PYTHONPATH} /usr/bin/python3 -W ignore:setup.py install is deprecated -W ignore:easy_install command is deprecated setup.py egg_info --egg-base ../../build/republisher build --build-base /home/ros_workspace/drone/build/republisher/build install --record /home/ros_workspace/drone/build/republisher/install.log --single-version-externally-managed install_data
