[0.017s] Invoking command in '/home/ros_workspace/LI-SLAM/build/ndt_omp_ros2': CMAKE_PREFIX_PATH=/opt/ros/humble /usr/bin/cmake --build /home/ros_workspace/LI-SLAM/build/ndt_omp_ros2 -- -j16 -l16
[0.121s] [ 66%] Built target ndt_omp
[0.167s] [100%] Built target align
[0.182s] Invoked command in '/home/ros_workspace/LI-SLAM/build/ndt_omp_ros2' returned '0': CMAKE_PREFIX_PATH=/opt/ros/humble /usr/bin/cmake --build /home/ros_workspace/LI-SLAM/build/ndt_omp_ros2 -- -j16 -l16
[0.202s] Invoking command in '/home/ros_workspace/LI-SLAM/build/ndt_omp_ros2': CMAKE_PREFIX_PATH=/opt/ros/humble /usr/bin/cmake --install /home/ros_workspace/LI-SLAM/build/ndt_omp_ros2
[0.211s] -- Install configuration: "RELEASE"
[0.211s] -- Up-to-date: /home/ros_workspace/LI-SLAM/install/ndt_omp_ros2/lib/ndt_omp_ros2/align
[0.211s] -- Up-to-date: /home/ros_workspace/LI-SLAM/install/ndt_omp_ros2/bin/align
[0.211s] -- Up-to-date: /home/ros_workspace/LI-SLAM/install/ndt_omp_ros2/include
[0.212s] -- Up-to-date: /home/ros_workspace/LI-SLAM/install/ndt_omp_ros2/include/pclomp
[0.212s] -- Up-to-date: /home/ros_workspace/LI-SLAM/install/ndt_omp_ros2/include/pclomp/ndt_omp_impl.hpp
[0.212s] -- Up-to-date: /home/ros_workspace/LI-SLAM/install/ndt_omp_ros2/include/pclomp/voxel_grid_covariance_omp.h
[0.212s] -- Up-to-date: /home/ros_workspace/LI-SLAM/install/ndt_omp_ros2/include/pclomp/gicp_omp_impl.hpp
[0.212s] -- Up-to-date: /home/ros_workspace/LI-SLAM/install/ndt_omp_ros2/include/pclomp/voxel_grid_covariance_omp_impl.hpp
[0.212s] -- Up-to-date: /home/ros_workspace/LI-SLAM/install/ndt_omp_ros2/include/pclomp/gicp_omp.h
[0.212s] -- Up-to-date: /home/ros_workspace/LI-SLAM/install/ndt_omp_ros2/include/pclomp/ndt_omp.h
[0.213s] -- Up-to-date: /home/ros_workspace/LI-SLAM/install/ndt_omp_ros2/share/ament_index/resource_index/package_run_dependencies/ndt_omp_ros2
[0.213s] -- Up-to-date: /home/ros_workspace/LI-SLAM/install/ndt_omp_ros2/share/ament_index/resource_index/parent_prefix_path/ndt_omp_ros2
[0.213s] -- Up-to-date: /home/ros_workspace/LI-SLAM/install/ndt_omp_ros2/share/ndt_omp_ros2/environment/ament_prefix_path.sh
[0.213s] -- Up-to-date: /home/ros_workspace/LI-SLAM/install/ndt_omp_ros2/share/ndt_omp_ros2/environment/ament_prefix_path.dsv
[0.213s] -- Up-to-date: /home/ros_workspace/LI-SLAM/install/ndt_omp_ros2/share/ndt_omp_ros2/environment/path.sh
[0.213s] -- Up-to-date: /home/ros_workspace/LI-SLAM/install/ndt_omp_ros2/share/ndt_omp_ros2/environment/path.dsv
[0.213s] -- Up-to-date: /home/ros_workspace/LI-SLAM/install/ndt_omp_ros2/share/ndt_omp_ros2/local_setup.bash
[0.214s] -- Up-to-date: /home/ros_workspace/LI-SLAM/install/ndt_omp_ros2/share/ndt_omp_ros2/local_setup.sh
[0.214s] -- Up-to-date: /home/ros_workspace/LI-SLAM/install/ndt_omp_ros2/share/ndt_omp_ros2/local_setup.zsh
[0.214s] -- Up-to-date: /home/ros_workspace/LI-SLAM/install/ndt_omp_ros2/share/ndt_omp_ros2/local_setup.dsv
[0.214s] -- Installing: /home/ros_workspace/LI-SLAM/install/ndt_omp_ros2/share/ndt_omp_ros2/package.dsv
[0.214s] -- Up-to-date: /home/ros_workspace/LI-SLAM/install/ndt_omp_ros2/share/ament_index/resource_index/packages/ndt_omp_ros2
[0.214s] -- Up-to-date: /home/ros_workspace/LI-SLAM/install/ndt_omp_ros2/share/ndt_omp_ros2/cmake/ament_cmake_export_dependencies-extras.cmake
[0.214s] -- Up-to-date: /home/ros_workspace/LI-SLAM/install/ndt_omp_ros2/share/ndt_omp_ros2/cmake/ament_cmake_export_include_directories-extras.cmake
[0.214s] -- Up-to-date: /home/ros_workspace/LI-SLAM/install/ndt_omp_ros2/share/ndt_omp_ros2/cmake/ndt_omp_ros2Config.cmake
[0.214s] -- Up-to-date: /home/ros_workspace/LI-SLAM/install/ndt_omp_ros2/share/ndt_omp_ros2/cmake/ndt_omp_ros2Config-version.cmake
[0.214s] -- Up-to-date: /home/ros_workspace/LI-SLAM/install/ndt_omp_ros2/share/ndt_omp_ros2/package.xml
[0.217s] Invoked command in '/home/ros_workspace/LI-SLAM/build/ndt_omp_ros2' returned '0': CMAKE_PREFIX_PATH=/opt/ros/humble /usr/bin/cmake --install /home/ros_workspace/LI-SLAM/build/ndt_omp_ros2
