[0.015s] Invoking command in '/home/ros_workspace/LI-SLAM/build/ndt_omp_ros2': CMAKE_PREFIX_PATH=${CMAKE_PREFIX_PATH}:/home/ros_workspace/drone/install/republisher:/opt/ros/humble /usr/bin/cmake --build /home/ros_workspace/LI-SLAM/build/ndt_omp_ros2 -- -j16 -l16
[0.118s] [ 66%] Built target ndt_omp
[0.169s] [100%] Built target align
[0.185s] Invoked command in '/home/ros_workspace/LI-SLAM/build/ndt_omp_ros2' returned '0': CMAKE_PREFIX_PATH=${CMAKE_PREFIX_PATH}:/home/ros_workspace/drone/install/republisher:/opt/ros/humble /usr/bin/cmake --build /home/ros_workspace/LI-SLAM/build/ndt_omp_ros2 -- -j16 -l16
[0.210s] Invoking command in '/home/ros_workspace/LI-SLAM/build/ndt_omp_ros2': CMAKE_PREFIX_PATH=${CMAKE_PREFIX_PATH}:/home/ros_workspace/drone/install/republisher:/opt/ros/humble /usr/bin/cmake --install /home/ros_workspace/LI-SLAM/build/ndt_omp_ros2
[0.225s] -- Install configuration: "RELEASE"
[0.226s] -- Up-to-date: /home/ros_workspace/LI-SLAM/install/ndt_omp_ros2/lib/ndt_omp_ros2/align
[0.226s] -- Up-to-date: /home/ros_workspace/LI-SLAM/install/ndt_omp_ros2/bin/align
[0.227s] -- Up-to-date: /home/ros_workspace/LI-SLAM/install/ndt_omp_ros2/include
[0.227s] -- Up-to-date: /home/ros_workspace/LI-SLAM/install/ndt_omp_ros2/include/pclomp
[0.227s] -- Up-to-date: /home/ros_workspace/LI-SLAM/install/ndt_omp_ros2/include/pclomp/ndt_omp_impl.hpp
[0.227s] -- Up-to-date: /home/ros_workspace/LI-SLAM/install/ndt_omp_ros2/include/pclomp/voxel_grid_covariance_omp.h
[0.228s] -- Up-to-date: /home/ros_workspace/LI-SLAM/install/ndt_omp_ros2/include/pclomp/gicp_omp_impl.hpp
[0.228s] -- Up-to-date: /home/ros_workspace/LI-SLAM/install/ndt_omp_ros2/include/pclomp/voxel_grid_covariance_omp_impl.hpp
[0.228s] -- Up-to-date: /home/ros_workspace/LI-SLAM/install/ndt_omp_ros2/include/pclomp/gicp_omp.h
[0.228s] -- Up-to-date: /home/ros_workspace/LI-SLAM/install/ndt_omp_ros2/include/pclomp/ndt_omp.h
[0.229s] -- Up-to-date: /home/ros_workspace/LI-SLAM/install/ndt_omp_ros2/share/ament_index/resource_index/package_run_dependencies/ndt_omp_ros2
[0.229s] -- Up-to-date: /home/ros_workspace/LI-SLAM/install/ndt_omp_ros2/share/ament_index/resource_index/parent_prefix_path/ndt_omp_ros2
[0.229s] -- Up-to-date: /home/ros_workspace/LI-SLAM/install/ndt_omp_ros2/share/ndt_omp_ros2/environment/ament_prefix_path.sh
[0.229s] -- Up-to-date: /home/ros_workspace/LI-SLAM/install/ndt_omp_ros2/share/ndt_omp_ros2/environment/ament_prefix_path.dsv
[0.229s] -- Up-to-date: /home/ros_workspace/LI-SLAM/install/ndt_omp_ros2/share/ndt_omp_ros2/environment/path.sh
[0.229s] -- Up-to-date: /home/ros_workspace/LI-SLAM/install/ndt_omp_ros2/share/ndt_omp_ros2/environment/path.dsv
[0.229s] -- Up-to-date: /home/ros_workspace/LI-SLAM/install/ndt_omp_ros2/share/ndt_omp_ros2/local_setup.bash
[0.230s] -- Up-to-date: /home/ros_workspace/LI-SLAM/install/ndt_omp_ros2/share/ndt_omp_ros2/local_setup.sh
[0.230s] -- Up-to-date: /home/ros_workspace/LI-SLAM/install/ndt_omp_ros2/share/ndt_omp_ros2/local_setup.zsh
[0.230s] -- Up-to-date: /home/ros_workspace/LI-SLAM/install/ndt_omp_ros2/share/ndt_omp_ros2/local_setup.dsv
[0.230s] -- Installing: /home/ros_workspace/LI-SLAM/install/ndt_omp_ros2/share/ndt_omp_ros2/package.dsv
[0.230s] -- Up-to-date: /home/ros_workspace/LI-SLAM/install/ndt_omp_ros2/share/ament_index/resource_index/packages/ndt_omp_ros2
[0.230s] -- Up-to-date: /home/ros_workspace/LI-SLAM/install/ndt_omp_ros2/share/ndt_omp_ros2/cmake/ament_cmake_export_dependencies-extras.cmake
[0.231s] -- Up-to-date: /home/ros_workspace/LI-SLAM/install/ndt_omp_ros2/share/ndt_omp_ros2/cmake/ament_cmake_export_include_directories-extras.cmake
[0.231s] -- Up-to-date: /home/ros_workspace/LI-SLAM/install/ndt_omp_ros2/share/ndt_omp_ros2/cmake/ndt_omp_ros2Config.cmake
[0.231s] -- Up-to-date: /home/ros_workspace/LI-SLAM/install/ndt_omp_ros2/share/ndt_omp_ros2/cmake/ndt_omp_ros2Config-version.cmake
[0.231s] -- Up-to-date: /home/ros_workspace/LI-SLAM/install/ndt_omp_ros2/share/ndt_omp_ros2/package.xml
[0.233s] Invoked command in '/home/ros_workspace/LI-SLAM/build/ndt_omp_ros2' returned '0': CMAKE_PREFIX_PATH=${CMAKE_PREFIX_PATH}:/home/ros_workspace/drone/install/republisher:/opt/ros/humble /usr/bin/cmake --install /home/ros_workspace/LI-SLAM/build/ndt_omp_ros2
