[0.057s] Invoking command in '/home/ros_workspace/drone/build/px4_ros_com': AMENT_PREFIX_PATH=/home/ros_workspace/drone/install/px4_msgs:${AMENT_PREFIX_PATH} CMAKE_PREFIX_PATH=/home/ros_workspace/drone/install/px4_msgs:/opt/ros/humble LD_LIBRARY_PATH=/home/ros_workspace/drone/install/px4_msgs/lib:${LD_LIBRARY_PATH} PYTHONPATH=/home/ros_workspace/drone/install/px4_msgs/local/lib/python3.10/dist-packages:${PYTHONPATH} /usr/bin/cmake --build /home/ros_workspace/drone/build/px4_ros_com -- -j16 -l16
[0.126s] -- Found ament_cmake: 1.3.12 (/opt/ros/humble/share/ament_cmake/cmake)
[0.283s] -- Found builtin_interfaces: 1.2.2 (/opt/ros/humble/share/builtin_interfaces/cmake)
[0.327s] -- Found rosidl_generator_c: 3.1.7 (/opt/ros/humble/share/rosidl_generator_c/cmake)
[0.330s] -- Found rosidl_adapter: 3.1.7 (/opt/ros/humble/share/rosidl_adapter/cmake)
[0.336s] -- Found rosidl_generator_cpp: 3.1.7 (/opt/ros/humble/share/rosidl_generator_cpp/cmake)
[0.347s] -- Using all available rosidl_typesupport_c: rosidl_typesupport_fastrtps_c;rosidl_typesupport_introspection_c
[0.360s] -- Using all available rosidl_typesupport_cpp: rosidl_typesupport_fastrtps_cpp;rosidl_typesupport_introspection_cpp
[0.373s] -- Found eigen3_cmake_module: 0.1.1 (/opt/ros/humble/share/eigen3_cmake_module/cmake)
[0.374s] -- Found geometry_msgs: 4.9.0 (/opt/ros/humble/share/geometry_msgs/cmake)
[0.404s] -- Found px4_msgs: 2.0.1 (/home/ros_workspace/drone/install/px4_msgs/share/px4_msgs/cmake)
[0.420s] -- Found rclcpp: 16.0.15 (/opt/ros/humble/share/rclcpp/cmake)
[0.449s] -- Found rmw_implementation_cmake: 6.1.2 (/opt/ros/humble/share/rmw_implementation_cmake/cmake)
[0.451s] -- Found rmw_fastrtps_cpp: 6.2.9 (/opt/ros/humble/share/rmw_fastrtps_cpp/cmake)
[0.614s] -- Using RMW implementation 'rmw_fastrtps_cpp' as default
[0.657s] -- Found sensor_msgs: 4.9.0 (/opt/ros/humble/share/sensor_msgs/cmake)
[0.690s] -- Found rclpy: 3.3.17 (/opt/ros/humble/share/rclpy/cmake)
[0.698s] -- Found ament_lint_auto: 0.12.14 (/opt/ros/humble/share/ament_lint_auto/cmake)
[0.803s] -- Added test 'copyright' to check source files copyright and LICENSE
[0.809s] -- Added test 'cppcheck' to perform static code analysis on C / C++ code
[0.809s] -- Configured cppcheck include dirs: /home/ros_workspace/drone/src/px4_ros_com/include;$<BUILD_INTERFACE:/home/ros_workspace/drone/src/px4_ros_com/include/px4_ros_com>
[0.810s] -- Configured cppcheck exclude dirs and/or files: 
[0.816s] -- Added test 'cpplint' to check C / C++ code against the Google style
[0.816s] -- Configured cpplint exclude dirs and/or files: 
[0.817s] -- Added test 'flake8' to check Python code syntax and style conventions
[0.819s] -- Added test 'lint_cmake' to check CMake code style
[0.820s] -- Added test 'pep257' to check Python code against some of the docstring style conventions in PEP 257
[0.826s] -- Added test 'uncrustify' to check C / C++ code style
[0.826s] -- Configured uncrustify additional arguments: 
[0.827s] -- Added test 'xmllint' to check XML markup files
[0.830s] -- Configuring done
[0.872s] -- Generating done
[0.887s] -- Build files have been written to: /home/ros_workspace/drone/build/px4_ros_com
[0.925s] [35m[1mConsolidate compiler generated dependencies of target offboard_control_srv[0m
[0.929s] [35m[1mConsolidate compiler generated dependencies of target debug_vect_advertiser[0m
[0.932s] [35m[1mConsolidate compiler generated dependencies of target offboard_control[0m
[0.938s] [35m[1mConsolidate compiler generated dependencies of target vehicle_gps_position_listener[0m
[0.940s] [35m[1mConsolidate compiler generated dependencies of target frame_transforms[0m
[0.946s] [  8%] [32mBuilding CXX object CMakeFiles/offboard_control_srv.dir/src/examples/offboard/offboard_control_srv.cpp.o[0m
[0.947s] [35m[1mConsolidate compiler generated dependencies of target sensor_combined_listener[0m
[0.950s] [ 25%] [32mBuilding CXX object CMakeFiles/offboard_control.dir/src/examples/offboard/offboard_control.cpp.o[0m
[0.950s] [ 25%] [32mBuilding CXX object CMakeFiles/debug_vect_advertiser.dir/src/examples/advertisers/debug_vect_advertiser.cpp.o[0m
[0.953s] [ 25%] Built target ament_cmake_python_copy_px4_ros_com
[0.959s] [ 33%] [32mBuilding CXX object CMakeFiles/vehicle_gps_position_listener.dir/src/examples/listeners/vehicle_gps_position_listener.cpp.o[0m
[0.964s] [ 41%] [32mBuilding CXX object CMakeFiles/frame_transforms.dir/src/lib/frame_transforms.cpp.o[0m
[0.967s] [ 50%] [32mBuilding CXX object CMakeFiles/sensor_combined_listener.dir/src/examples/listeners/sensor_combined_listener.cpp.o[0m
[1.212s] running egg_info
[1.212s] writing px4_ros_com.egg-info/PKG-INFO
[1.213s] writing dependency_links to px4_ros_com.egg-info/dependency_links.txt
[1.213s] writing top-level names to px4_ros_com.egg-info/top_level.txt
[1.215s] reading manifest file 'px4_ros_com.egg-info/SOURCES.txt'
[1.216s] writing manifest file 'px4_ros_com.egg-info/SOURCES.txt'
[1.261s] [ 50%] Built target ament_cmake_python_build_px4_ros_com_egg
[5.307s] [ 58%] [32m[1mLinking CXX executable debug_vect_advertiser[0m
[5.564s] [ 58%] Built target debug_vect_advertiser
[6.206s] [ 66%] [32m[1mLinking CXX executable offboard_control[0m
[6.483s] [ 66%] Built target offboard_control
[6.860s] [ 75%] [32m[1mLinking CXX executable offboard_control_srv[0m
[7.141s] [ 75%] Built target offboard_control_srv
[8.046s] [ 83%] [32m[1mLinking CXX shared library libframe_transforms.so[0m
[8.343s] [ 83%] Built target frame_transforms
[9.231s] [ 91%] [32m[1mLinking CXX executable sensor_combined_listener[0m
[9.358s] [100%] [32m[1mLinking CXX executable vehicle_gps_position_listener[0m
[9.637s] [100%] Built target sensor_combined_listener
[9.763s] [100%] Built target vehicle_gps_position_listener
[9.786s] Invoked command in '/home/ros_workspace/drone/build/px4_ros_com' returned '0': AMENT_PREFIX_PATH=/home/ros_workspace/drone/install/px4_msgs:${AMENT_PREFIX_PATH} CMAKE_PREFIX_PATH=/home/ros_workspace/drone/install/px4_msgs:/opt/ros/humble LD_LIBRARY_PATH=/home/ros_workspace/drone/install/px4_msgs/lib:${LD_LIBRARY_PATH} PYTHONPATH=/home/ros_workspace/drone/install/px4_msgs/local/lib/python3.10/dist-packages:${PYTHONPATH} /usr/bin/cmake --build /home/ros_workspace/drone/build/px4_ros_com -- -j16 -l16
[9.800s] Invoking command in '/home/ros_workspace/drone/build/px4_ros_com': AMENT_PREFIX_PATH=/home/ros_workspace/drone/install/px4_msgs:${AMENT_PREFIX_PATH} CMAKE_PREFIX_PATH=/home/ros_workspace/drone/install/px4_msgs:/opt/ros/humble LD_LIBRARY_PATH=/home/ros_workspace/drone/install/px4_msgs/lib:${LD_LIBRARY_PATH} PYTHONPATH=/home/ros_workspace/drone/install/px4_msgs/local/lib/python3.10/dist-packages:${PYTHONPATH} /usr/bin/cmake --install /home/ros_workspace/drone/build/px4_ros_com
[9.815s] -- Install configuration: ""
[9.834s] -- Installing: /home/ros_workspace/drone/install/px4_ros_com/lib/px4_ros_com/sensor_combined_listener
[9.838s] -- Set runtime path of "/home/ros_workspace/drone/install/px4_ros_com/lib/px4_ros_com/sensor_combined_listener" to ""
[9.857s] -- Installing: /home/ros_workspace/drone/install/px4_ros_com/lib/px4_ros_com/vehicle_gps_position_listener
[9.861s] -- Set runtime path of "/home/ros_workspace/drone/install/px4_ros_com/lib/px4_ros_com/vehicle_gps_position_listener" to ""
[9.875s] -- Installing: /home/ros_workspace/drone/install/px4_ros_com/lib/px4_ros_com/debug_vect_advertiser
[9.876s] -- Set runtime path of "/home/ros_workspace/drone/install/px4_ros_com/lib/px4_ros_com/debug_vect_advertiser" to ""
[9.903s] -- Installing: /home/ros_workspace/drone/install/px4_ros_com/lib/px4_ros_com/offboard_control
[9.905s] -- Set runtime path of "/home/ros_workspace/drone/install/px4_ros_com/lib/px4_ros_com/offboard_control" to ""
[9.922s] -- Installing: /home/ros_workspace/drone/install/px4_ros_com/lib/px4_ros_com/offboard_control_srv
[9.925s] -- Set runtime path of "/home/ros_workspace/drone/install/px4_ros_com/lib/px4_ros_com/offboard_control_srv" to ""
[9.925s] -- Up-to-date: /home/ros_workspace/drone/install/px4_ros_com/share/px4_ros_com/environment/library_path.sh
[9.925s] -- Installing: /home/ros_workspace/drone/install/px4_ros_com/share/px4_ros_com/environment/library_path.dsv
[9.925s] -- Up-to-date: /home/ros_workspace/drone/install/px4_ros_com/include/px4_ros_com
[9.925s] -- Installing: /home/ros_workspace/drone/install/px4_ros_com/include/px4_ros_com/frame_transforms.h
[9.948s] -- Installing: /home/ros_workspace/drone/install/px4_ros_com/lib/libframe_transforms.so
[9.957s] -- Set runtime path of "/home/ros_workspace/drone/install/px4_ros_com/lib/libframe_transforms.so" to ""
[9.957s] -- Up-to-date: /home/ros_workspace/drone/install/px4_ros_com/share/px4_ros_com//launch
[9.957s] -- Installing: /home/ros_workspace/drone/install/px4_ros_com/share/px4_ros_com//launch/offboard_control_launch.yaml
[9.967s] -- Installing: /home/ros_workspace/drone/install/px4_ros_com/share/px4_ros_com//launch/sensor_combined_listener.launch.py
[9.968s] -- Up-to-date: /home/ros_workspace/drone/install/px4_ros_com/share/px4_ros_com//test
[9.968s] -- Installing: /home/ros_workspace/drone/install/px4_ros_com/share/px4_ros_com//test/pipeline_io_test.py
[9.969s] -- Installing: /home/ros_workspace/drone/install/px4_ros_com/share/px4_ros_com//test/__init__.py
[9.969s] -- Installing: /home/ros_workspace/drone/install/px4_ros_com/share/px4_ros_com//test/test_input.py
[9.969s] -- Installing: /home/ros_workspace/drone/install/px4_ros_com/share/px4_ros_com//test/test_output.py
[9.970s] -- Up-to-date: /home/ros_workspace/drone/install/px4_ros_com/share/px4_ros_com/environment/pythonpath.sh
[9.970s] -- Installing: /home/ros_workspace/drone/install/px4_ros_com/share/px4_ros_com/environment/pythonpath.dsv
[9.970s] -- Up-to-date: /home/ros_workspace/drone/install/px4_ros_com/local/lib/python3.10/dist-packages/px4_ros_com-0.1.0-py3.10.egg-info
[9.971s] -- Installing: /home/ros_workspace/drone/install/px4_ros_com/local/lib/python3.10/dist-packages/px4_ros_com-0.1.0-py3.10.egg-info/PKG-INFO
[9.971s] -- Installing: /home/ros_workspace/drone/install/px4_ros_com/local/lib/python3.10/dist-packages/px4_ros_com-0.1.0-py3.10.egg-info/SOURCES.txt
[9.971s] -- Installing: /home/ros_workspace/drone/install/px4_ros_com/local/lib/python3.10/dist-packages/px4_ros_com-0.1.0-py3.10.egg-info/dependency_links.txt
[9.971s] -- Installing: /home/ros_workspace/drone/install/px4_ros_com/local/lib/python3.10/dist-packages/px4_ros_com-0.1.0-py3.10.egg-info/top_level.txt
[9.972s] -- Up-to-date: /home/ros_workspace/drone/install/px4_ros_com/local/lib/python3.10/dist-packages/px4_ros_com
[9.972s] -- Installing: /home/ros_workspace/drone/install/px4_ros_com/local/lib/python3.10/dist-packages/px4_ros_com/module_to_import.py
[9.972s] -- Installing: /home/ros_workspace/drone/install/px4_ros_com/local/lib/python3.10/dist-packages/px4_ros_com/__init__.py
[10.020s] Listing '/home/ros_workspace/drone/install/px4_ros_com/local/lib/python3.10/dist-packages/px4_ros_com'...
[10.020s] Compiling '/home/ros_workspace/drone/install/px4_ros_com/local/lib/python3.10/dist-packages/px4_ros_com/__init__.py'...
[10.020s] Compiling '/home/ros_workspace/drone/install/px4_ros_com/local/lib/python3.10/dist-packages/px4_ros_com/module_to_import.py'...
[10.024s] -- Up-to-date: /home/ros_workspace/drone/install/px4_ros_com/lib/px4_ros_com/offboard_control.py
[10.025s] -- Up-to-date: /home/ros_workspace/drone/install/px4_ros_com/share/ament_index/resource_index/package_run_dependencies/px4_ros_com
[10.025s] -- Installing: /home/ros_workspace/drone/install/px4_ros_com/share/ament_index/resource_index/parent_prefix_path/px4_ros_com
[10.025s] -- Up-to-date: /home/ros_workspace/drone/install/px4_ros_com/share/px4_ros_com/environment/ament_prefix_path.sh
[10.025s] -- Installing: /home/ros_workspace/drone/install/px4_ros_com/share/px4_ros_com/environment/ament_prefix_path.dsv
[10.026s] -- Up-to-date: /home/ros_workspace/drone/install/px4_ros_com/share/px4_ros_com/environment/path.sh
[10.026s] -- Installing: /home/ros_workspace/drone/install/px4_ros_com/share/px4_ros_com/environment/path.dsv
[10.026s] -- Up-to-date: /home/ros_workspace/drone/install/px4_ros_com/share/px4_ros_com/local_setup.bash
[10.026s] -- Up-to-date: /home/ros_workspace/drone/install/px4_ros_com/share/px4_ros_com/local_setup.sh
[10.026s] -- Up-to-date: /home/ros_workspace/drone/install/px4_ros_com/share/px4_ros_com/local_setup.zsh
[10.026s] -- Installing: /home/ros_workspace/drone/install/px4_ros_com/share/px4_ros_com/local_setup.dsv
[10.027s] -- Installing: /home/ros_workspace/drone/install/px4_ros_com/share/px4_ros_com/package.dsv
[10.027s] -- Up-to-date: /home/ros_workspace/drone/install/px4_ros_com/share/ament_index/resource_index/packages/px4_ros_com
[10.028s] -- Up-to-date: /home/ros_workspace/drone/install/px4_ros_com/share/px4_ros_com/cmake/export_frame_transformsExport.cmake
[10.028s] -- Up-to-date: /home/ros_workspace/drone/install/px4_ros_com/share/px4_ros_com/cmake/export_frame_transformsExport-noconfig.cmake
[10.028s] -- Up-to-date: /home/ros_workspace/drone/install/px4_ros_com/share/px4_ros_com/cmake/ament_cmake_export_dependencies-extras.cmake
[10.029s] -- Up-to-date: /home/ros_workspace/drone/install/px4_ros_com/share/px4_ros_com/cmake/ament_cmake_export_targets-extras.cmake
[10.029s] -- Up-to-date: /home/ros_workspace/drone/install/px4_ros_com/share/px4_ros_com/cmake/ament_cmake_export_include_directories-extras.cmake
[10.029s] -- Up-to-date: /home/ros_workspace/drone/install/px4_ros_com/share/px4_ros_com/cmake/ament_cmake_export_libraries-extras.cmake
[10.029s] -- Up-to-date: /home/ros_workspace/drone/install/px4_ros_com/share/px4_ros_com/cmake/px4_ros_comConfig.cmake
[10.029s] -- Up-to-date: /home/ros_workspace/drone/install/px4_ros_com/share/px4_ros_com/cmake/px4_ros_comConfig-version.cmake
[10.030s] -- Installing: /home/ros_workspace/drone/install/px4_ros_com/share/px4_ros_com/package.xml
[10.034s] Invoked command in '/home/ros_workspace/drone/build/px4_ros_com' returned '0': AMENT_PREFIX_PATH=/home/ros_workspace/drone/install/px4_msgs:${AMENT_PREFIX_PATH} CMAKE_PREFIX_PATH=/home/ros_workspace/drone/install/px4_msgs:/opt/ros/humble LD_LIBRARY_PATH=/home/ros_workspace/drone/install/px4_msgs/lib:${LD_LIBRARY_PATH} PYTHONPATH=/home/ros_workspace/drone/install/px4_msgs/local/lib/python3.10/dist-packages:${PYTHONPATH} /usr/bin/cmake --install /home/ros_workspace/drone/build/px4_ros_com
