[5.993s] Invoking command in '/home/ros_workspace/drone/src/republisher': PYTHONPATH=/home/ros_workspace/drone/build/republisher/prefix_override:/usr/lib/python3/dist-packages/colcon_core/task/python/colcon_distutils_commands:/home/ros_workspace/drone/install/republisher/lib/python3.10/site-packages: /usr/bin/python3 -W ignore:setup.py install is deprecated -W ignore:easy_install command is deprecated setup.py egg_info --egg-base ../../build/republisher build --build-base /home/ros_workspace/drone/build/republisher/build install --record /home/ros_workspace/drone/build/republisher/install.log --single-version-externally-managed install_data
[6.175s] running egg_info
[6.176s] writing ../../build/republisher/republisher.egg-info/PKG-INFO
[6.176s] writing dependency_links to ../../build/republisher/republisher.egg-info/dependency_links.txt
[6.177s] writing entry points to ../../build/republisher/republisher.egg-info/entry_points.txt
[6.177s] writing requirements to ../../build/republisher/republisher.egg-info/requires.txt
[6.177s] writing top-level names to ../../build/republisher/republisher.egg-info/top_level.txt
[6.178s] reading manifest file '../../build/republisher/republisher.egg-info/SOURCES.txt'
[6.268s] writing manifest file '../../build/republisher/republisher.egg-info/SOURCES.txt'
[6.268s] running build
[6.268s] running build_py
[6.269s] running install
[6.269s] running install_lib
[6.270s] running install_data
[6.270s] running install_egg_info
[6.272s] removing '/home/ros_workspace/drone/install/republisher/lib/python3.10/site-packages/republisher-0.0.0-py3.10.egg-info' (and everything under it)
[6.273s] Copying ../../build/republisher/republisher.egg-info to /home/ros_workspace/drone/install/republisher/lib/python3.10/site-packages/republisher-0.0.0-py3.10.egg-info
[6.349s] running install_scripts
[6.368s] Installing republisher_node script to /home/ros_workspace/drone/install/republisher/lib/republisher
[6.368s] writing list of installed files to '/home/ros_workspace/drone/build/republisher/install.log'
[6.395s] Invoked command in '/home/ros_workspace/drone/src/republisher' returned '0': PYTHONPATH=/home/ros_workspace/drone/build/republisher/prefix_override:/usr/lib/python3/dist-packages/colcon_core/task/python/colcon_distutils_commands:/home/ros_workspace/drone/install/republisher/lib/python3.10/site-packages: /usr/bin/python3 -W ignore:setup.py install is deprecated -W ignore:easy_install command is deprecated setup.py egg_info --egg-base ../../build/republisher build --build-base /home/ros_workspace/drone/build/republisher/build install --record /home/ros_workspace/drone/build/republisher/install.log --single-version-externally-managed install_data
