[0.590s] Invoking command in '/home/ros_workspace/drone/src/republisher': PYTHONPATH=/home/ros_workspace/drone/build/republisher/prefix_override:/usr/lib/python3/dist-packages/colcon_core/task/python/colcon_distutils_commands:/home/ros_workspace/drone/install/republisher/lib/python3.10/site-packages:${PYTHONPATH} /usr/bin/python3 -W ignore:setup.py install is deprecated -W ignore:easy_install command is deprecated setup.py egg_info --egg-base ../../build/republisher build --build-base /home/ros_workspace/drone/build/republisher/build install --record /home/ros_workspace/drone/build/republisher/install.log --single-version-externally-managed install_data
[0.812s] running egg_info
[0.812s] writing ../../build/republisher/republisher.egg-info/PKG-INFO
[0.813s] writing dependency_links to ../../build/republisher/republisher.egg-info/dependency_links.txt
[0.813s] writing entry points to ../../build/republisher/republisher.egg-info/entry_points.txt
[0.813s] writing requirements to ../../build/republisher/republisher.egg-info/requires.txt
[0.813s] writing top-level names to ../../build/republisher/republisher.egg-info/top_level.txt
[0.815s] reading manifest file '../../build/republisher/republisher.egg-info/SOURCES.txt'
[0.816s] writing manifest file '../../build/republisher/republisher.egg-info/SOURCES.txt'
[0.816s] running build
[0.816s] running build_py
[0.816s] running install
[0.817s] running install_lib
[0.818s] running install_data
[0.818s] running install_egg_info
[0.820s] removing '/home/ros_workspace/drone/install/republisher/lib/python3.10/site-packages/republisher-0.0.0-py3.10.egg-info' (and everything under it)
[0.820s] Copying ../../build/republisher/republisher.egg-info to /home/ros_workspace/drone/install/republisher/lib/python3.10/site-packages/republisher-0.0.0-py3.10.egg-info
[0.821s] running install_scripts
[0.841s] Installing republisher_node script to /home/ros_workspace/drone/install/republisher/lib/republisher
[0.841s] writing list of installed files to '/home/ros_workspace/drone/build/republisher/install.log'
[0.869s] Invoked command in '/home/ros_workspace/drone/src/republisher' returned '0': PYTHONPATH=/home/ros_workspace/drone/build/republisher/prefix_override:/usr/lib/python3/dist-packages/colcon_core/task/python/colcon_distutils_commands:/home/ros_workspace/drone/install/republisher/lib/python3.10/site-packages:${PYTHONPATH} /usr/bin/python3 -W ignore:setup.py install is deprecated -W ignore:easy_install command is deprecated setup.py egg_info --egg-base ../../build/republisher build --build-base /home/ros_workspace/drone/build/republisher/build install --record /home/ros_workspace/drone/build/republisher/install.log --single-version-externally-managed install_data
