[0.119s] DEBUG:colcon:Command line arguments: ['/usr/bin/colcon', 'build', '--cmake-args', '-DCMAKE_BUILD_TYPE=Release']
[0.119s] DEBUG:colcon:Parsed command line arguments: Namespace(log_base=None, log_level=None, verb_name='build', build_base='build', install_base='install', merge_install=False, symlink_install=False, test_result_base=None, continue_on_error=False, executor='parallel', parallel_workers=16, event_handlers=None, ignore_user_meta=False, metas=['./colcon.meta'], base_paths=['.'], packages_ignore=None, packages_ignore_regex=None, paths=None, packages_up_to=None, packages_up_to_regex=None, packages_above=None, packages_above_and_dependencies=None, packages_above_depth=None, packages_select_by_dep=None, packages_skip_by_dep=None, packages_skip_up_to=None, packages_select_build_failed=False, packages_skip_build_finished=False, packages_select_test_failures=False, packages_skip_test_passed=False, packages_select=None, packages_skip=None, packages_select_regex=None, packages_skip_regex=None, packages_start=None, packages_end=None, cmake_args=['-DCMAKE_BUILD_TYPE=Release'], cmake_target=None, cmake_target_skip_unavailable=False, cmake_clean_cache=False, cmake_clean_first=False, cmake_force_configure=False, ament_cmake_args=None, catkin_cmake_args=None, catkin_skip_building_tests=False, mixin_files=None, mixin=None, verb_parser=<colcon_mixin.mixin.mixin_argument.MixinArgumentDecorator object at 0x75ae75bf4040>, verb_extension=<colcon_core.verb.build.BuildVerb object at 0x75ae75d04f40>, main=<bound method BuildVerb.main of <colcon_core.verb.build.BuildVerb object at 0x75ae75d04f40>>, mixin_verb=('build',))
[0.276s] Level 1:colcon.colcon_core.package_discovery:discover_packages(colcon_meta) check parameters
[0.277s] INFO:colcon.colcon_metadata.package_discovery.colcon_meta:Using configuration from '/root/.colcon/metadata/default/Gazebo.meta'
[0.277s] INFO:colcon.colcon_metadata.package_discovery.colcon_meta:Using configuration from '/root/.colcon/metadata/default/fastdds.meta'
[0.278s] INFO:colcon.colcon_metadata.package_discovery.colcon_meta:Using configuration from '/root/.colcon/metadata/default/fastrtps.meta'
[0.278s] Level 1:colcon.colcon_core.package_discovery:discover_packages(recursive) check parameters
[0.278s] Level 1:colcon.colcon_core.package_discovery:discover_packages(ignore) check parameters
[0.278s] Level 1:colcon.colcon_core.package_discovery:discover_packages(path) check parameters
[0.278s] Level 1:colcon.colcon_core.package_discovery:discover_packages(colcon_meta) discover
[0.278s] Level 1:colcon.colcon_core.package_discovery:discover_packages(recursive) discover
[0.278s] INFO:colcon.colcon_core.package_discovery:Crawling recursively for packages in '/home/ros_workspace/LI-SLAM'
[0.278s] Level 1:colcon.colcon_core.package_identification:_identify(.) by extensions ['ignore', 'ignore_ament_install']
[0.278s] Level 1:colcon.colcon_core.package_identification:_identify(.) by extension 'ignore'
[0.278s] Level 1:colcon.colcon_core.package_identification:_identify(.) by extension 'ignore_ament_install'
[0.278s] Level 1:colcon.colcon_core.package_identification:_identify(.) by extensions ['colcon_pkg']
[0.278s] Level 1:colcon.colcon_core.package_identification:_identify(.) by extension 'colcon_pkg'
[0.278s] Level 1:colcon.colcon_core.package_identification:_identify(.) by extensions ['colcon_meta']
[0.278s] Level 1:colcon.colcon_core.package_identification:_identify(.) by extension 'colcon_meta'
[0.278s] Level 1:colcon.colcon_core.package_identification:_identify(.) by extensions ['ros']
[0.279s] Level 1:colcon.colcon_core.package_identification:_identify(.) by extension 'ros'
[0.304s] Level 1:colcon.colcon_core.package_identification:_identify(.) by extensions ['cmake', 'python']
[0.304s] Level 1:colcon.colcon_core.package_identification:_identify(.) by extension 'cmake'
[0.304s] Level 1:colcon.colcon_core.package_identification:_identify(.) by extension 'python'
[0.304s] Level 1:colcon.colcon_core.package_identification:_identify(.) by extensions ['python_setup_py']
[0.304s] Level 1:colcon.colcon_core.package_identification:_identify(.) by extension 'python_setup_py'
[0.304s] Level 1:colcon.colcon_core.package_identification:_identify(build) by extensions ['ignore', 'ignore_ament_install']
[0.304s] Level 1:colcon.colcon_core.package_identification:_identify(build) by extension 'ignore'
[0.304s] Level 1:colcon.colcon_core.package_identification:_identify(build) ignored
[0.304s] Level 1:colcon.colcon_core.package_identification:_identify(install) by extensions ['ignore', 'ignore_ament_install']
[0.304s] Level 1:colcon.colcon_core.package_identification:_identify(install) by extension 'ignore'
[0.304s] Level 1:colcon.colcon_core.package_identification:_identify(install) ignored
[0.304s] Level 1:colcon.colcon_core.package_identification:_identify(log) by extensions ['ignore', 'ignore_ament_install']
[0.304s] Level 1:colcon.colcon_core.package_identification:_identify(log) by extension 'ignore'
[0.305s] Level 1:colcon.colcon_core.package_identification:_identify(log) ignored
[0.305s] Level 1:colcon.colcon_core.package_identification:_identify(src) by extensions ['ignore', 'ignore_ament_install']
[0.305s] Level 1:colcon.colcon_core.package_identification:_identify(src) by extension 'ignore'
[0.305s] Level 1:colcon.colcon_core.package_identification:_identify(src) by extension 'ignore_ament_install'
[0.305s] Level 1:colcon.colcon_core.package_identification:_identify(src) by extensions ['colcon_pkg']
[0.305s] Level 1:colcon.colcon_core.package_identification:_identify(src) by extension 'colcon_pkg'
[0.305s] Level 1:colcon.colcon_core.package_identification:_identify(src) by extensions ['colcon_meta']
[0.305s] Level 1:colcon.colcon_core.package_identification:_identify(src) by extension 'colcon_meta'
[0.305s] Level 1:colcon.colcon_core.package_identification:_identify(src) by extensions ['ros']
[0.305s] Level 1:colcon.colcon_core.package_identification:_identify(src) by extension 'ros'
[0.305s] Level 1:colcon.colcon_core.package_identification:_identify(src) by extensions ['cmake', 'python']
[0.305s] Level 1:colcon.colcon_core.package_identification:_identify(src) by extension 'cmake'
[0.305s] Level 1:colcon.colcon_core.package_identification:_identify(src) by extension 'python'
[0.305s] Level 1:colcon.colcon_core.package_identification:_identify(src) by extensions ['python_setup_py']
[0.305s] Level 1:colcon.colcon_core.package_identification:_identify(src) by extension 'python_setup_py'
[0.305s] Level 1:colcon.colcon_core.package_identification:_identify(src/li_slam_ros2) by extensions ['ignore', 'ignore_ament_install']
[0.305s] Level 1:colcon.colcon_core.package_identification:_identify(src/li_slam_ros2) by extension 'ignore'
[0.305s] Level 1:colcon.colcon_core.package_identification:_identify(src/li_slam_ros2) by extension 'ignore_ament_install'
[0.305s] Level 1:colcon.colcon_core.package_identification:_identify(src/li_slam_ros2) by extensions ['colcon_pkg']
[0.306s] Level 1:colcon.colcon_core.package_identification:_identify(src/li_slam_ros2) by extension 'colcon_pkg'
[0.306s] Level 1:colcon.colcon_core.package_identification:_identify(src/li_slam_ros2) by extensions ['colcon_meta']
[0.306s] Level 1:colcon.colcon_core.package_identification:_identify(src/li_slam_ros2) by extension 'colcon_meta'
[0.306s] Level 1:colcon.colcon_core.package_identification:_identify(src/li_slam_ros2) by extensions ['ros']
[0.306s] Level 1:colcon.colcon_core.package_identification:_identify(src/li_slam_ros2) by extension 'ros'
[0.306s] Level 1:colcon.colcon_core.package_identification:_identify(src/li_slam_ros2) by extensions ['cmake', 'python']
[0.306s] Level 1:colcon.colcon_core.package_identification:_identify(src/li_slam_ros2) by extension 'cmake'
[0.306s] Level 1:colcon.colcon_core.package_identification:_identify(src/li_slam_ros2) by extension 'python'
[0.306s] Level 1:colcon.colcon_core.package_identification:_identify(src/li_slam_ros2) by extensions ['python_setup_py']
[0.306s] Level 1:colcon.colcon_core.package_identification:_identify(src/li_slam_ros2) by extension 'python_setup_py'
[0.306s] Level 1:colcon.colcon_core.package_identification:_identify(src/li_slam_ros2/Thirdparty) by extensions ['ignore', 'ignore_ament_install']
[0.306s] Level 1:colcon.colcon_core.package_identification:_identify(src/li_slam_ros2/Thirdparty) by extension 'ignore'
[0.306s] Level 1:colcon.colcon_core.package_identification:_identify(src/li_slam_ros2/Thirdparty) by extension 'ignore_ament_install'
[0.306s] Level 1:colcon.colcon_core.package_identification:_identify(src/li_slam_ros2/Thirdparty) by extensions ['colcon_pkg']
[0.306s] Level 1:colcon.colcon_core.package_identification:_identify(src/li_slam_ros2/Thirdparty) by extension 'colcon_pkg'
[0.306s] Level 1:colcon.colcon_core.package_identification:_identify(src/li_slam_ros2/Thirdparty) by extensions ['colcon_meta']
[0.306s] Level 1:colcon.colcon_core.package_identification:_identify(src/li_slam_ros2/Thirdparty) by extension 'colcon_meta'
[0.306s] Level 1:colcon.colcon_core.package_identification:_identify(src/li_slam_ros2/Thirdparty) by extensions ['ros']
[0.306s] Level 1:colcon.colcon_core.package_identification:_identify(src/li_slam_ros2/Thirdparty) by extension 'ros'
[0.306s] Level 1:colcon.colcon_core.package_identification:_identify(src/li_slam_ros2/Thirdparty) by extensions ['cmake', 'python']
[0.306s] Level 1:colcon.colcon_core.package_identification:_identify(src/li_slam_ros2/Thirdparty) by extension 'cmake'
[0.307s] Level 1:colcon.colcon_core.package_identification:_identify(src/li_slam_ros2/Thirdparty) by extension 'python'
[0.307s] Level 1:colcon.colcon_core.package_identification:_identify(src/li_slam_ros2/Thirdparty) by extensions ['python_setup_py']
[0.307s] Level 1:colcon.colcon_core.package_identification:_identify(src/li_slam_ros2/Thirdparty) by extension 'python_setup_py'
[0.307s] Level 1:colcon.colcon_core.package_identification:_identify(src/li_slam_ros2/Thirdparty/ndt_omp_ros2) by extensions ['ignore', 'ignore_ament_install']
[0.307s] Level 1:colcon.colcon_core.package_identification:_identify(src/li_slam_ros2/Thirdparty/ndt_omp_ros2) by extension 'ignore'
[0.307s] Level 1:colcon.colcon_core.package_identification:_identify(src/li_slam_ros2/Thirdparty/ndt_omp_ros2) by extension 'ignore_ament_install'
[0.307s] Level 1:colcon.colcon_core.package_identification:_identify(src/li_slam_ros2/Thirdparty/ndt_omp_ros2) by extensions ['colcon_pkg']
[0.307s] Level 1:colcon.colcon_core.package_identification:_identify(src/li_slam_ros2/Thirdparty/ndt_omp_ros2) by extension 'colcon_pkg'
[0.307s] Level 1:colcon.colcon_core.package_identification:_identify(src/li_slam_ros2/Thirdparty/ndt_omp_ros2) by extensions ['colcon_meta']
[0.307s] Level 1:colcon.colcon_core.package_identification:_identify(src/li_slam_ros2/Thirdparty/ndt_omp_ros2) by extension 'colcon_meta'
[0.307s] Level 1:colcon.colcon_core.package_identification:_identify(src/li_slam_ros2/Thirdparty/ndt_omp_ros2) by extensions ['ros']
[0.307s] Level 1:colcon.colcon_core.package_identification:_identify(src/li_slam_ros2/Thirdparty/ndt_omp_ros2) by extension 'ros'
[0.309s] DEBUG:colcon.colcon_core.package_identification:Package 'src/li_slam_ros2/Thirdparty/ndt_omp_ros2' with type 'ros.ament_cmake' and name 'ndt_omp_ros2'
[0.309s] Level 1:colcon.colcon_core.package_identification:_identify(src/li_slam_ros2/graph_based_slam) by extensions ['ignore', 'ignore_ament_install']
[0.310s] Level 1:colcon.colcon_core.package_identification:_identify(src/li_slam_ros2/graph_based_slam) by extension 'ignore'
[0.310s] Level 1:colcon.colcon_core.package_identification:_identify(src/li_slam_ros2/graph_based_slam) by extension 'ignore_ament_install'
[0.310s] Level 1:colcon.colcon_core.package_identification:_identify(src/li_slam_ros2/graph_based_slam) by extensions ['colcon_pkg']
[0.310s] Level 1:colcon.colcon_core.package_identification:_identify(src/li_slam_ros2/graph_based_slam) by extension 'colcon_pkg'
[0.310s] Level 1:colcon.colcon_core.package_identification:_identify(src/li_slam_ros2/graph_based_slam) by extensions ['colcon_meta']
[0.310s] Level 1:colcon.colcon_core.package_identification:_identify(src/li_slam_ros2/graph_based_slam) by extension 'colcon_meta'
[0.310s] Level 1:colcon.colcon_core.package_identification:_identify(src/li_slam_ros2/graph_based_slam) by extensions ['ros']
[0.310s] Level 1:colcon.colcon_core.package_identification:_identify(src/li_slam_ros2/graph_based_slam) by extension 'ros'
[0.311s] DEBUG:colcon.colcon_core.package_identification:Package 'src/li_slam_ros2/graph_based_slam' with type 'ros.ament_cmake' and name 'graph_based_slam'
[0.312s] Level 1:colcon.colcon_core.package_identification:_identify(src/li_slam_ros2/lidarslam_msgs) by extensions ['ignore', 'ignore_ament_install']
[0.312s] Level 1:colcon.colcon_core.package_identification:_identify(src/li_slam_ros2/lidarslam_msgs) by extension 'ignore'
[0.312s] Level 1:colcon.colcon_core.package_identification:_identify(src/li_slam_ros2/lidarslam_msgs) by extension 'ignore_ament_install'
[0.312s] Level 1:colcon.colcon_core.package_identification:_identify(src/li_slam_ros2/lidarslam_msgs) by extensions ['colcon_pkg']
[0.312s] Level 1:colcon.colcon_core.package_identification:_identify(src/li_slam_ros2/lidarslam_msgs) by extension 'colcon_pkg'
[0.312s] Level 1:colcon.colcon_core.package_identification:_identify(src/li_slam_ros2/lidarslam_msgs) by extensions ['colcon_meta']
[0.312s] Level 1:colcon.colcon_core.package_identification:_identify(src/li_slam_ros2/lidarslam_msgs) by extension 'colcon_meta'
[0.312s] Level 1:colcon.colcon_core.package_identification:_identify(src/li_slam_ros2/lidarslam_msgs) by extensions ['ros']
[0.312s] Level 1:colcon.colcon_core.package_identification:_identify(src/li_slam_ros2/lidarslam_msgs) by extension 'ros'
[0.313s] DEBUG:colcon.colcon_core.package_identification:Package 'src/li_slam_ros2/lidarslam_msgs' with type 'ros.ament_cmake' and name 'lidarslam_msgs'
[0.313s] Level 1:colcon.colcon_core.package_identification:_identify(src/li_slam_ros2/scanmatcher) by extensions ['ignore', 'ignore_ament_install']
[0.313s] Level 1:colcon.colcon_core.package_identification:_identify(src/li_slam_ros2/scanmatcher) by extension 'ignore'
[0.313s] Level 1:colcon.colcon_core.package_identification:_identify(src/li_slam_ros2/scanmatcher) by extension 'ignore_ament_install'
[0.313s] Level 1:colcon.colcon_core.package_identification:_identify(src/li_slam_ros2/scanmatcher) by extensions ['colcon_pkg']
[0.313s] Level 1:colcon.colcon_core.package_identification:_identify(src/li_slam_ros2/scanmatcher) by extension 'colcon_pkg'
[0.313s] Level 1:colcon.colcon_core.package_identification:_identify(src/li_slam_ros2/scanmatcher) by extensions ['colcon_meta']
[0.313s] Level 1:colcon.colcon_core.package_identification:_identify(src/li_slam_ros2/scanmatcher) by extension 'colcon_meta'
[0.313s] Level 1:colcon.colcon_core.package_identification:_identify(src/li_slam_ros2/scanmatcher) by extensions ['ros']
[0.313s] Level 1:colcon.colcon_core.package_identification:_identify(src/li_slam_ros2/scanmatcher) by extension 'ros'
[0.315s] DEBUG:colcon.colcon_core.package_identification:Package 'src/li_slam_ros2/scanmatcher' with type 'ros.ament_cmake' and name 'scanmatcher'
[0.315s] Level 1:colcon.colcon_core.package_discovery:discover_packages(recursive) using defaults
[0.315s] Level 1:colcon.colcon_core.package_discovery:discover_packages(ignore) discover
[0.315s] Level 1:colcon.colcon_core.package_discovery:discover_packages(ignore) using defaults
[0.315s] Level 1:colcon.colcon_core.package_discovery:discover_packages(path) discover
[0.315s] Level 1:colcon.colcon_core.package_discovery:discover_packages(path) using defaults
[0.347s] Level 5:colcon.colcon_core.verb:set package 'lidarslam_msgs' build argument 'cmake_args' from command line to '['-DCMAKE_BUILD_TYPE=Release']'
[0.347s] Level 5:colcon.colcon_core.verb:set package 'lidarslam_msgs' build argument 'cmake_target' from command line to 'None'
[0.347s] Level 5:colcon.colcon_core.verb:set package 'lidarslam_msgs' build argument 'cmake_target_skip_unavailable' from command line to 'False'
[0.347s] Level 5:colcon.colcon_core.verb:set package 'lidarslam_msgs' build argument 'cmake_clean_cache' from command line to 'False'
[0.347s] Level 5:colcon.colcon_core.verb:set package 'lidarslam_msgs' build argument 'cmake_clean_first' from command line to 'False'
[0.347s] Level 5:colcon.colcon_core.verb:set package 'lidarslam_msgs' build argument 'cmake_force_configure' from command line to 'False'
[0.347s] Level 5:colcon.colcon_core.verb:set package 'lidarslam_msgs' build argument 'ament_cmake_args' from command line to 'None'
[0.348s] Level 5:colcon.colcon_core.verb:set package 'lidarslam_msgs' build argument 'catkin_cmake_args' from command line to 'None'
[0.348s] Level 5:colcon.colcon_core.verb:set package 'lidarslam_msgs' build argument 'catkin_skip_building_tests' from command line to 'False'
[0.348s] DEBUG:colcon.colcon_core.verb:Building package 'lidarslam_msgs' with the following arguments: {'ament_cmake_args': None, 'build_base': '/home/ros_workspace/LI-SLAM/build/lidarslam_msgs', 'catkin_cmake_args': None, 'catkin_skip_building_tests': False, 'cmake_args': ['-DCMAKE_BUILD_TYPE=Release'], 'cmake_clean_cache': False, 'cmake_clean_first': False, 'cmake_force_configure': False, 'cmake_target': None, 'cmake_target_skip_unavailable': False, 'install_base': '/home/ros_workspace/LI-SLAM/install/lidarslam_msgs', 'merge_install': False, 'path': '/home/ros_workspace/LI-SLAM/src/li_slam_ros2/lidarslam_msgs', 'symlink_install': False, 'test_result_base': None}
[0.348s] Level 5:colcon.colcon_core.verb:set package 'ndt_omp_ros2' build argument 'cmake_args' from command line to '['-DCMAKE_BUILD_TYPE=Release']'
[0.348s] Level 5:colcon.colcon_core.verb:set package 'ndt_omp_ros2' build argument 'cmake_target' from command line to 'None'
[0.348s] Level 5:colcon.colcon_core.verb:set package 'ndt_omp_ros2' build argument 'cmake_target_skip_unavailable' from command line to 'False'
[0.348s] Level 5:colcon.colcon_core.verb:set package 'ndt_omp_ros2' build argument 'cmake_clean_cache' from command line to 'False'
[0.348s] Level 5:colcon.colcon_core.verb:set package 'ndt_omp_ros2' build argument 'cmake_clean_first' from command line to 'False'
[0.348s] Level 5:colcon.colcon_core.verb:set package 'ndt_omp_ros2' build argument 'cmake_force_configure' from command line to 'False'
[0.348s] Level 5:colcon.colcon_core.verb:set package 'ndt_omp_ros2' build argument 'ament_cmake_args' from command line to 'None'
[0.348s] Level 5:colcon.colcon_core.verb:set package 'ndt_omp_ros2' build argument 'catkin_cmake_args' from command line to 'None'
[0.348s] Level 5:colcon.colcon_core.verb:set package 'ndt_omp_ros2' build argument 'catkin_skip_building_tests' from command line to 'False'
[0.348s] DEBUG:colcon.colcon_core.verb:Building package 'ndt_omp_ros2' with the following arguments: {'ament_cmake_args': None, 'build_base': '/home/ros_workspace/LI-SLAM/build/ndt_omp_ros2', 'catkin_cmake_args': None, 'catkin_skip_building_tests': False, 'cmake_args': ['-DCMAKE_BUILD_TYPE=Release'], 'cmake_clean_cache': False, 'cmake_clean_first': False, 'cmake_force_configure': False, 'cmake_target': None, 'cmake_target_skip_unavailable': False, 'install_base': '/home/ros_workspace/LI-SLAM/install/ndt_omp_ros2', 'merge_install': False, 'path': '/home/ros_workspace/LI-SLAM/src/li_slam_ros2/Thirdparty/ndt_omp_ros2', 'symlink_install': False, 'test_result_base': None}
[0.349s] Level 5:colcon.colcon_core.verb:set package 'graph_based_slam' build argument 'cmake_args' from command line to '['-DCMAKE_BUILD_TYPE=Release']'
[0.349s] Level 5:colcon.colcon_core.verb:set package 'graph_based_slam' build argument 'cmake_target' from command line to 'None'
[0.349s] Level 5:colcon.colcon_core.verb:set package 'graph_based_slam' build argument 'cmake_target_skip_unavailable' from command line to 'False'
[0.349s] Level 5:colcon.colcon_core.verb:set package 'graph_based_slam' build argument 'cmake_clean_cache' from command line to 'False'
[0.349s] Level 5:colcon.colcon_core.verb:set package 'graph_based_slam' build argument 'cmake_clean_first' from command line to 'False'
[0.349s] Level 5:colcon.colcon_core.verb:set package 'graph_based_slam' build argument 'cmake_force_configure' from command line to 'False'
[0.349s] Level 5:colcon.colcon_core.verb:set package 'graph_based_slam' build argument 'ament_cmake_args' from command line to 'None'
[0.349s] Level 5:colcon.colcon_core.verb:set package 'graph_based_slam' build argument 'catkin_cmake_args' from command line to 'None'
[0.349s] Level 5:colcon.colcon_core.verb:set package 'graph_based_slam' build argument 'catkin_skip_building_tests' from command line to 'False'
[0.349s] DEBUG:colcon.colcon_core.verb:Building package 'graph_based_slam' with the following arguments: {'ament_cmake_args': None, 'build_base': '/home/ros_workspace/LI-SLAM/build/graph_based_slam', 'catkin_cmake_args': None, 'catkin_skip_building_tests': False, 'cmake_args': ['-DCMAKE_BUILD_TYPE=Release'], 'cmake_clean_cache': False, 'cmake_clean_first': False, 'cmake_force_configure': False, 'cmake_target': None, 'cmake_target_skip_unavailable': False, 'install_base': '/home/ros_workspace/LI-SLAM/install/graph_based_slam', 'merge_install': False, 'path': '/home/ros_workspace/LI-SLAM/src/li_slam_ros2/graph_based_slam', 'symlink_install': False, 'test_result_base': None}
[0.349s] Level 5:colcon.colcon_core.verb:set package 'scanmatcher' build argument 'cmake_args' from command line to '['-DCMAKE_BUILD_TYPE=Release']'
[0.349s] Level 5:colcon.colcon_core.verb:set package 'scanmatcher' build argument 'cmake_target' from command line to 'None'
[0.349s] Level 5:colcon.colcon_core.verb:set package 'scanmatcher' build argument 'cmake_target_skip_unavailable' from command line to 'False'
[0.349s] Level 5:colcon.colcon_core.verb:set package 'scanmatcher' build argument 'cmake_clean_cache' from command line to 'False'
[0.349s] Level 5:colcon.colcon_core.verb:set package 'scanmatcher' build argument 'cmake_clean_first' from command line to 'False'
[0.349s] Level 5:colcon.colcon_core.verb:set package 'scanmatcher' build argument 'cmake_force_configure' from command line to 'False'
[0.349s] Level 5:colcon.colcon_core.verb:set package 'scanmatcher' build argument 'ament_cmake_args' from command line to 'None'
[0.349s] Level 5:colcon.colcon_core.verb:set package 'scanmatcher' build argument 'catkin_cmake_args' from command line to 'None'
[0.349s] Level 5:colcon.colcon_core.verb:set package 'scanmatcher' build argument 'catkin_skip_building_tests' from command line to 'False'
[0.349s] DEBUG:colcon.colcon_core.verb:Building package 'scanmatcher' with the following arguments: {'ament_cmake_args': None, 'build_base': '/home/ros_workspace/LI-SLAM/build/scanmatcher', 'catkin_cmake_args': None, 'catkin_skip_building_tests': False, 'cmake_args': ['-DCMAKE_BUILD_TYPE=Release'], 'cmake_clean_cache': False, 'cmake_clean_first': False, 'cmake_force_configure': False, 'cmake_target': None, 'cmake_target_skip_unavailable': False, 'install_base': '/home/ros_workspace/LI-SLAM/install/scanmatcher', 'merge_install': False, 'path': '/home/ros_workspace/LI-SLAM/src/li_slam_ros2/scanmatcher', 'symlink_install': False, 'test_result_base': None}
[0.350s] INFO:colcon.colcon_core.executor:Executing jobs using 'parallel' executor
[0.351s] DEBUG:colcon.colcon_parallel_executor.executor.parallel:run_until_complete
[0.351s] INFO:colcon.colcon_ros.task.ament_cmake.build:Building ROS package in '/home/ros_workspace/LI-SLAM/src/li_slam_ros2/lidarslam_msgs' with build type 'ament_cmake'
[0.351s] INFO:colcon.colcon_cmake.task.cmake.build:Building CMake package in '/home/ros_workspace/LI-SLAM/src/li_slam_ros2/lidarslam_msgs'
[0.354s] INFO:colcon.colcon_core.plugin_system:Skipping extension 'colcon_core.shell.bat': Not used on non-Windows systems
[0.354s] INFO:colcon.colcon_core.shell:Skip shell extension 'powershell' for command environment: Not usable outside of PowerShell
[0.354s] DEBUG:colcon.colcon_core.shell:Skip shell extension 'dsv' for command environment
[0.360s] INFO:colcon.colcon_ros.task.ament_cmake.build:Building ROS package in '/home/ros_workspace/LI-SLAM/src/li_slam_ros2/Thirdparty/ndt_omp_ros2' with build type 'ament_cmake'
[0.360s] INFO:colcon.colcon_cmake.task.cmake.build:Building CMake package in '/home/ros_workspace/LI-SLAM/src/li_slam_ros2/Thirdparty/ndt_omp_ros2'
[0.360s] INFO:colcon.colcon_core.shell:Skip shell extension 'powershell' for command environment: Not usable outside of PowerShell
[0.360s] DEBUG:colcon.colcon_core.shell:Skip shell extension 'dsv' for command environment
[0.368s] DEBUG:colcon.colcon_core.event_handler.log_command:Invoking command in '/home/ros_workspace/LI-SLAM/build/lidarslam_msgs': CMAKE_PREFIX_PATH=${CMAKE_PREFIX_PATH}:/home/ros_workspace/drone/install/republisher:/opt/ros/humble /usr/bin/cmake --build /home/ros_workspace/LI-SLAM/build/lidarslam_msgs -- -j16 -l16
[0.375s] DEBUG:colcon.colcon_core.event_handler.log_command:Invoking command in '/home/ros_workspace/LI-SLAM/build/ndt_omp_ros2': CMAKE_PREFIX_PATH=${CMAKE_PREFIX_PATH}:/home/ros_workspace/drone/install/republisher:/opt/ros/humble /usr/bin/cmake --build /home/ros_workspace/LI-SLAM/build/ndt_omp_ros2 -- -j16 -l16
[0.546s] DEBUG:colcon.colcon_core.event_handler.log_command:Invoked command in '/home/ros_workspace/LI-SLAM/build/ndt_omp_ros2' returned '0': CMAKE_PREFIX_PATH=${CMAKE_PREFIX_PATH}:/home/ros_workspace/drone/install/republisher:/opt/ros/humble /usr/bin/cmake --build /home/ros_workspace/LI-SLAM/build/ndt_omp_ros2 -- -j16 -l16
[0.571s] DEBUG:colcon.colcon_core.event_handler.log_command:Invoking command in '/home/ros_workspace/LI-SLAM/build/ndt_omp_ros2': CMAKE_PREFIX_PATH=${CMAKE_PREFIX_PATH}:/home/ros_workspace/drone/install/republisher:/opt/ros/humble /usr/bin/cmake --install /home/ros_workspace/LI-SLAM/build/ndt_omp_ros2
[0.592s] Level 1:colcon.colcon_core.environment:create_environment_scripts_only(ndt_omp_ros2)
[0.593s] DEBUG:colcon.colcon_core.event_handler.log_command:Invoked command in '/home/ros_workspace/LI-SLAM/build/ndt_omp_ros2' returned '0': CMAKE_PREFIX_PATH=${CMAKE_PREFIX_PATH}:/home/ros_workspace/drone/install/republisher:/opt/ros/humble /usr/bin/cmake --install /home/ros_workspace/LI-SLAM/build/ndt_omp_ros2
[0.598s] Level 1:colcon.colcon_core.environment:checking '/home/ros_workspace/LI-SLAM/install/ndt_omp_ros2' for CMake module files
[0.599s] Level 1:colcon.colcon_core.environment:checking '/home/ros_workspace/LI-SLAM/install/ndt_omp_ros2' for CMake config files
[0.599s] Level 1:colcon.colcon_core.shell:create_environment_hook('ndt_omp_ros2', 'cmake_prefix_path')
[0.599s] INFO:colcon.colcon_core.shell:Creating environment hook '/home/ros_workspace/LI-SLAM/install/ndt_omp_ros2/share/ndt_omp_ros2/hook/cmake_prefix_path.ps1'
[0.600s] INFO:colcon.colcon_core.shell:Creating environment descriptor '/home/ros_workspace/LI-SLAM/install/ndt_omp_ros2/share/ndt_omp_ros2/hook/cmake_prefix_path.dsv'
[0.601s] INFO:colcon.colcon_core.shell:Creating environment hook '/home/ros_workspace/LI-SLAM/install/ndt_omp_ros2/share/ndt_omp_ros2/hook/cmake_prefix_path.sh'
[0.603s] Level 1:colcon.colcon_core.environment:checking '/home/ros_workspace/LI-SLAM/install/ndt_omp_ros2/lib'
[0.603s] Level 1:colcon.colcon_core.environment:checking '/home/ros_workspace/LI-SLAM/install/ndt_omp_ros2/bin'
[0.603s] Level 1:colcon.colcon_core.shell:create_environment_hook('ndt_omp_ros2', 'path')
[0.604s] INFO:colcon.colcon_core.shell:Creating environment hook '/home/ros_workspace/LI-SLAM/install/ndt_omp_ros2/share/ndt_omp_ros2/hook/path.ps1'
[0.604s] INFO:colcon.colcon_core.shell:Creating environment descriptor '/home/ros_workspace/LI-SLAM/install/ndt_omp_ros2/share/ndt_omp_ros2/hook/path.dsv'
[0.605s] INFO:colcon.colcon_core.shell:Creating environment hook '/home/ros_workspace/LI-SLAM/install/ndt_omp_ros2/share/ndt_omp_ros2/hook/path.sh'
[0.606s] Level 1:colcon.colcon_core.environment:checking '/home/ros_workspace/LI-SLAM/install/ndt_omp_ros2/lib/pkgconfig/ndt_omp_ros2.pc'
[0.607s] Level 1:colcon.colcon_core.environment:checking '/home/ros_workspace/LI-SLAM/install/ndt_omp_ros2/lib/python3.10/site-packages'
[0.608s] Level 1:colcon.colcon_core.environment:checking '/home/ros_workspace/LI-SLAM/install/ndt_omp_ros2/bin'
[0.608s] Level 1:colcon.colcon_core.shell:create_environment_hook('ndt_omp_ros2', 'pythonscriptspath')
[0.609s] INFO:colcon.colcon_core.shell:Creating environment hook '/home/ros_workspace/LI-SLAM/install/ndt_omp_ros2/share/ndt_omp_ros2/hook/pythonscriptspath.ps1'
[0.609s] INFO:colcon.colcon_core.shell:Creating environment descriptor '/home/ros_workspace/LI-SLAM/install/ndt_omp_ros2/share/ndt_omp_ros2/hook/pythonscriptspath.dsv'
[0.610s] INFO:colcon.colcon_core.shell:Creating environment hook '/home/ros_workspace/LI-SLAM/install/ndt_omp_ros2/share/ndt_omp_ros2/hook/pythonscriptspath.sh'
[0.611s] INFO:colcon.colcon_core.shell:Creating package script '/home/ros_workspace/LI-SLAM/install/ndt_omp_ros2/share/ndt_omp_ros2/package.ps1'
[0.613s] INFO:colcon.colcon_core.shell:Creating package descriptor '/home/ros_workspace/LI-SLAM/install/ndt_omp_ros2/share/ndt_omp_ros2/package.dsv'
[0.614s] INFO:colcon.colcon_core.shell:Creating package script '/home/ros_workspace/LI-SLAM/install/ndt_omp_ros2/share/ndt_omp_ros2/package.sh'
[0.615s] INFO:colcon.colcon_core.shell:Creating package script '/home/ros_workspace/LI-SLAM/install/ndt_omp_ros2/share/ndt_omp_ros2/package.bash'
[0.617s] INFO:colcon.colcon_core.shell:Creating package script '/home/ros_workspace/LI-SLAM/install/ndt_omp_ros2/share/ndt_omp_ros2/package.zsh'
[0.618s] Level 1:colcon.colcon_core.environment:create_file_with_runtime_dependencies(/home/ros_workspace/LI-SLAM/install/ndt_omp_ros2/share/colcon-core/packages/ndt_omp_ros2)
[0.619s] Level 1:colcon.colcon_core.environment:create_environment_scripts_only(ndt_omp_ros2)
[0.619s] Level 1:colcon.colcon_core.environment:checking '/home/ros_workspace/LI-SLAM/install/ndt_omp_ros2' for CMake module files
[0.620s] Level 1:colcon.colcon_core.environment:checking '/home/ros_workspace/LI-SLAM/install/ndt_omp_ros2' for CMake config files
[0.621s] Level 1:colcon.colcon_core.shell:create_environment_hook('ndt_omp_ros2', 'cmake_prefix_path')
[0.621s] INFO:colcon.colcon_core.shell:Creating environment hook '/home/ros_workspace/LI-SLAM/install/ndt_omp_ros2/share/ndt_omp_ros2/hook/cmake_prefix_path.ps1'
[0.622s] INFO:colcon.colcon_core.shell:Creating environment descriptor '/home/ros_workspace/LI-SLAM/install/ndt_omp_ros2/share/ndt_omp_ros2/hook/cmake_prefix_path.dsv'
[0.623s] INFO:colcon.colcon_core.shell:Creating environment hook '/home/ros_workspace/LI-SLAM/install/ndt_omp_ros2/share/ndt_omp_ros2/hook/cmake_prefix_path.sh'
[0.624s] Level 1:colcon.colcon_core.environment:checking '/home/ros_workspace/LI-SLAM/install/ndt_omp_ros2/lib'
[0.624s] Level 1:colcon.colcon_core.environment:checking '/home/ros_workspace/LI-SLAM/install/ndt_omp_ros2/bin'
[0.624s] Level 1:colcon.colcon_core.shell:create_environment_hook('ndt_omp_ros2', 'path')
[0.624s] INFO:colcon.colcon_core.shell:Creating environment hook '/home/ros_workspace/LI-SLAM/install/ndt_omp_ros2/share/ndt_omp_ros2/hook/path.ps1'
[0.625s] INFO:colcon.colcon_core.shell:Creating environment descriptor '/home/ros_workspace/LI-SLAM/install/ndt_omp_ros2/share/ndt_omp_ros2/hook/path.dsv'
[0.625s] INFO:colcon.colcon_core.shell:Creating environment hook '/home/ros_workspace/LI-SLAM/install/ndt_omp_ros2/share/ndt_omp_ros2/hook/path.sh'
[0.627s] Level 1:colcon.colcon_core.environment:checking '/home/ros_workspace/LI-SLAM/install/ndt_omp_ros2/lib/pkgconfig/ndt_omp_ros2.pc'
[0.627s] Level 1:colcon.colcon_core.environment:checking '/home/ros_workspace/LI-SLAM/install/ndt_omp_ros2/lib/python3.10/site-packages'
[0.628s] Level 1:colcon.colcon_core.environment:checking '/home/ros_workspace/LI-SLAM/install/ndt_omp_ros2/bin'
[0.628s] Level 1:colcon.colcon_core.shell:create_environment_hook('ndt_omp_ros2', 'pythonscriptspath')
[0.628s] INFO:colcon.colcon_core.shell:Creating environment hook '/home/ros_workspace/LI-SLAM/install/ndt_omp_ros2/share/ndt_omp_ros2/hook/pythonscriptspath.ps1'
[0.629s] INFO:colcon.colcon_core.shell:Creating environment descriptor '/home/ros_workspace/LI-SLAM/install/ndt_omp_ros2/share/ndt_omp_ros2/hook/pythonscriptspath.dsv'
[0.630s] INFO:colcon.colcon_core.shell:Creating environment hook '/home/ros_workspace/LI-SLAM/install/ndt_omp_ros2/share/ndt_omp_ros2/hook/pythonscriptspath.sh'
[0.631s] INFO:colcon.colcon_core.shell:Creating package script '/home/ros_workspace/LI-SLAM/install/ndt_omp_ros2/share/ndt_omp_ros2/package.ps1'
[0.632s] INFO:colcon.colcon_core.shell:Creating package descriptor '/home/ros_workspace/LI-SLAM/install/ndt_omp_ros2/share/ndt_omp_ros2/package.dsv'
[0.633s] INFO:colcon.colcon_core.shell:Creating package script '/home/ros_workspace/LI-SLAM/install/ndt_omp_ros2/share/ndt_omp_ros2/package.sh'
[0.634s] INFO:colcon.colcon_core.shell:Creating package script '/home/ros_workspace/LI-SLAM/install/ndt_omp_ros2/share/ndt_omp_ros2/package.bash'
[0.634s] INFO:colcon.colcon_core.shell:Creating package script '/home/ros_workspace/LI-SLAM/install/ndt_omp_ros2/share/ndt_omp_ros2/package.zsh'
[0.635s] Level 1:colcon.colcon_core.environment:create_file_with_runtime_dependencies(/home/ros_workspace/LI-SLAM/install/ndt_omp_ros2/share/colcon-core/packages/ndt_omp_ros2)
[0.772s] DEBUG:colcon.colcon_core.event_handler.log_command:Invoked command in '/home/ros_workspace/LI-SLAM/build/lidarslam_msgs' returned '0': CMAKE_PREFIX_PATH=${CMAKE_PREFIX_PATH}:/home/ros_workspace/drone/install/republisher:/opt/ros/humble /usr/bin/cmake --build /home/ros_workspace/LI-SLAM/build/lidarslam_msgs -- -j16 -l16
[0.774s] DEBUG:colcon.colcon_core.event_handler.log_command:Invoking command in '/home/ros_workspace/LI-SLAM/build/lidarslam_msgs': CMAKE_PREFIX_PATH=${CMAKE_PREFIX_PATH}:/home/ros_workspace/drone/install/republisher:/opt/ros/humble /usr/bin/cmake --install /home/ros_workspace/LI-SLAM/build/lidarslam_msgs
[0.843s] Level 1:colcon.colcon_core.environment:create_environment_scripts_only(lidarslam_msgs)
[0.844s] DEBUG:colcon.colcon_core.event_handler.log_command:Invoked command in '/home/ros_workspace/LI-SLAM/build/lidarslam_msgs' returned '0': CMAKE_PREFIX_PATH=${CMAKE_PREFIX_PATH}:/home/ros_workspace/drone/install/republisher:/opt/ros/humble /usr/bin/cmake --install /home/ros_workspace/LI-SLAM/build/lidarslam_msgs
[0.844s] Level 1:colcon.colcon_core.environment:checking '/home/ros_workspace/LI-SLAM/install/lidarslam_msgs' for CMake module files
[0.846s] Level 1:colcon.colcon_core.environment:checking '/home/ros_workspace/LI-SLAM/install/lidarslam_msgs' for CMake config files
[0.847s] Level 1:colcon.colcon_core.shell:create_environment_hook('lidarslam_msgs', 'cmake_prefix_path')
[0.847s] INFO:colcon.colcon_core.shell:Creating environment hook '/home/ros_workspace/LI-SLAM/install/lidarslam_msgs/share/lidarslam_msgs/hook/cmake_prefix_path.ps1'
[0.848s] INFO:colcon.colcon_core.shell:Creating environment descriptor '/home/ros_workspace/LI-SLAM/install/lidarslam_msgs/share/lidarslam_msgs/hook/cmake_prefix_path.dsv'
[0.849s] INFO:colcon.colcon_core.shell:Creating environment hook '/home/ros_workspace/LI-SLAM/install/lidarslam_msgs/share/lidarslam_msgs/hook/cmake_prefix_path.sh'
[0.850s] Level 1:colcon.colcon_core.environment:checking '/home/ros_workspace/LI-SLAM/install/lidarslam_msgs/lib'
[0.850s] Level 1:colcon.colcon_core.shell:create_environment_hook('lidarslam_msgs', 'ld_library_path_lib')
[0.850s] INFO:colcon.colcon_core.shell:Creating environment hook '/home/ros_workspace/LI-SLAM/install/lidarslam_msgs/share/lidarslam_msgs/hook/ld_library_path_lib.ps1'
[0.851s] INFO:colcon.colcon_core.shell:Creating environment descriptor '/home/ros_workspace/LI-SLAM/install/lidarslam_msgs/share/lidarslam_msgs/hook/ld_library_path_lib.dsv'
[0.852s] INFO:colcon.colcon_core.shell:Creating environment hook '/home/ros_workspace/LI-SLAM/install/lidarslam_msgs/share/lidarslam_msgs/hook/ld_library_path_lib.sh'
[0.852s] Level 1:colcon.colcon_core.environment:checking '/home/ros_workspace/LI-SLAM/install/lidarslam_msgs/bin'
[0.853s] Level 1:colcon.colcon_core.environment:checking '/home/ros_workspace/LI-SLAM/install/lidarslam_msgs/lib/pkgconfig/lidarslam_msgs.pc'
[0.853s] Level 1:colcon.colcon_core.environment:checking '/home/ros_workspace/LI-SLAM/install/lidarslam_msgs/lib/python3.10/site-packages'
[0.854s] Level 1:colcon.colcon_core.environment:checking '/home/ros_workspace/LI-SLAM/install/lidarslam_msgs/bin'
[0.854s] INFO:colcon.colcon_core.shell:Creating package script '/home/ros_workspace/LI-SLAM/install/lidarslam_msgs/share/lidarslam_msgs/package.ps1'
[0.855s] INFO:colcon.colcon_core.shell:Creating package descriptor '/home/ros_workspace/LI-SLAM/install/lidarslam_msgs/share/lidarslam_msgs/package.dsv'
[0.856s] INFO:colcon.colcon_core.shell:Creating package script '/home/ros_workspace/LI-SLAM/install/lidarslam_msgs/share/lidarslam_msgs/package.sh'
[0.856s] INFO:colcon.colcon_core.shell:Creating package script '/home/ros_workspace/LI-SLAM/install/lidarslam_msgs/share/lidarslam_msgs/package.bash'
[0.857s] INFO:colcon.colcon_core.shell:Creating package script '/home/ros_workspace/LI-SLAM/install/lidarslam_msgs/share/lidarslam_msgs/package.zsh'
[0.858s] Level 1:colcon.colcon_core.environment:create_file_with_runtime_dependencies(/home/ros_workspace/LI-SLAM/install/lidarslam_msgs/share/colcon-core/packages/lidarslam_msgs)
[0.859s] Level 1:colcon.colcon_core.environment:create_environment_scripts_only(lidarslam_msgs)
[0.859s] Level 1:colcon.colcon_core.environment:checking '/home/ros_workspace/LI-SLAM/install/lidarslam_msgs' for CMake module files
[0.860s] Level 1:colcon.colcon_core.environment:checking '/home/ros_workspace/LI-SLAM/install/lidarslam_msgs' for CMake config files
[0.861s] Level 1:colcon.colcon_core.shell:create_environment_hook('lidarslam_msgs', 'cmake_prefix_path')
[0.861s] INFO:colcon.colcon_core.shell:Creating environment hook '/home/ros_workspace/LI-SLAM/install/lidarslam_msgs/share/lidarslam_msgs/hook/cmake_prefix_path.ps1'
[0.862s] INFO:colcon.colcon_core.shell:Creating environment descriptor '/home/ros_workspace/LI-SLAM/install/lidarslam_msgs/share/lidarslam_msgs/hook/cmake_prefix_path.dsv'
[0.863s] INFO:colcon.colcon_core.shell:Creating environment hook '/home/ros_workspace/LI-SLAM/install/lidarslam_msgs/share/lidarslam_msgs/hook/cmake_prefix_path.sh'
[0.863s] Level 1:colcon.colcon_core.environment:checking '/home/ros_workspace/LI-SLAM/install/lidarslam_msgs/lib'
[0.864s] Level 1:colcon.colcon_core.shell:create_environment_hook('lidarslam_msgs', 'ld_library_path_lib')
[0.864s] INFO:colcon.colcon_core.shell:Creating environment hook '/home/ros_workspace/LI-SLAM/install/lidarslam_msgs/share/lidarslam_msgs/hook/ld_library_path_lib.ps1'
[0.865s] INFO:colcon.colcon_core.shell:Creating environment descriptor '/home/ros_workspace/LI-SLAM/install/lidarslam_msgs/share/lidarslam_msgs/hook/ld_library_path_lib.dsv'
[0.865s] INFO:colcon.colcon_core.shell:Creating environment hook '/home/ros_workspace/LI-SLAM/install/lidarslam_msgs/share/lidarslam_msgs/hook/ld_library_path_lib.sh'
[0.866s] Level 1:colcon.colcon_core.environment:checking '/home/ros_workspace/LI-SLAM/install/lidarslam_msgs/bin'
[0.866s] Level 1:colcon.colcon_core.environment:checking '/home/ros_workspace/LI-SLAM/install/lidarslam_msgs/lib/pkgconfig/lidarslam_msgs.pc'
[0.866s] Level 1:colcon.colcon_core.environment:checking '/home/ros_workspace/LI-SLAM/install/lidarslam_msgs/lib/python3.10/site-packages'
[0.867s] Level 1:colcon.colcon_core.environment:checking '/home/ros_workspace/LI-SLAM/install/lidarslam_msgs/bin'
[0.868s] INFO:colcon.colcon_core.shell:Creating package script '/home/ros_workspace/LI-SLAM/install/lidarslam_msgs/share/lidarslam_msgs/package.ps1'
[0.868s] INFO:colcon.colcon_core.shell:Creating package descriptor '/home/ros_workspace/LI-SLAM/install/lidarslam_msgs/share/lidarslam_msgs/package.dsv'
[0.869s] INFO:colcon.colcon_core.shell:Creating package script '/home/ros_workspace/LI-SLAM/install/lidarslam_msgs/share/lidarslam_msgs/package.sh'
[0.884s] INFO:colcon.colcon_core.shell:Creating package script '/home/ros_workspace/LI-SLAM/install/lidarslam_msgs/share/lidarslam_msgs/package.bash'
[0.885s] INFO:colcon.colcon_core.shell:Creating package script '/home/ros_workspace/LI-SLAM/install/lidarslam_msgs/share/lidarslam_msgs/package.zsh'
[0.886s] Level 1:colcon.colcon_core.environment:create_file_with_runtime_dependencies(/home/ros_workspace/LI-SLAM/install/lidarslam_msgs/share/colcon-core/packages/lidarslam_msgs)
[0.886s] INFO:colcon.colcon_ros.task.ament_cmake.build:Building ROS package in '/home/ros_workspace/LI-SLAM/src/li_slam_ros2/graph_based_slam' with build type 'ament_cmake'
[0.886s] INFO:colcon.colcon_cmake.task.cmake.build:Building CMake package in '/home/ros_workspace/LI-SLAM/src/li_slam_ros2/graph_based_slam'
[0.887s] INFO:colcon.colcon_core.shell:Skip shell extension 'powershell' for command environment: Not usable outside of PowerShell
[0.887s] DEBUG:colcon.colcon_core.shell:Skip shell extension 'dsv' for command environment
[0.895s] INFO:colcon.colcon_ros.task.ament_cmake.build:Building ROS package in '/home/ros_workspace/LI-SLAM/src/li_slam_ros2/scanmatcher' with build type 'ament_cmake'
[0.895s] INFO:colcon.colcon_cmake.task.cmake.build:Building CMake package in '/home/ros_workspace/LI-SLAM/src/li_slam_ros2/scanmatcher'
[0.896s] INFO:colcon.colcon_core.shell:Skip shell extension 'powershell' for command environment: Not usable outside of PowerShell
[0.896s] DEBUG:colcon.colcon_core.shell:Skip shell extension 'dsv' for command environment
[0.914s] DEBUG:colcon.colcon_core.event_handler.log_command:Invoking command in '/home/ros_workspace/LI-SLAM/build/graph_based_slam': CMAKE_PREFIX_PATH=/home/ros_workspace/LI-SLAM/install/ndt_omp_ros2:/home/ros_workspace/LI-SLAM/install/lidarslam_msgs:/home/ros_workspace/LI-SLAM/install/scanmatcher:/home/ros_workspace/LI-SLAM/install/graph_based_slam:/home/ros_workspace/drone/install/px4_ros_com:/home/ros_workspace/drone/install/px4_msgs:/home/ros_workspace/drone/install/republisher:/opt/ros/humble LD_LIBRARY_PATH=/home/ros_workspace/LI-SLAM/install/lidarslam_msgs/lib:/home/ros_workspace/LI-SLAM/install/scanmatcher/lib:/home/ros_workspace/LI-SLAM/install/graph_based_slam/lib:/home/ros_workspace/drone/install/px4_ros_com/lib:/home/ros_workspace/drone/install/px4_msgs/lib:/opt/ros/humble/opt/rviz_ogre_vendor/lib:/opt/ros/humble/lib/x86_64-linux-gnu:/opt/ros/humble/lib /usr/bin/cmake --build /home/ros_workspace/LI-SLAM/build/graph_based_slam -- -j16 -l16
[0.920s] DEBUG:colcon.colcon_core.event_handler.log_command:Invoking command in '/home/ros_workspace/LI-SLAM/build/scanmatcher': CMAKE_PREFIX_PATH=/home/ros_workspace/LI-SLAM/install/ndt_omp_ros2:/home/ros_workspace/LI-SLAM/install/lidarslam_msgs:/home/ros_workspace/LI-SLAM/install/scanmatcher:/home/ros_workspace/LI-SLAM/install/graph_based_slam:/home/ros_workspace/drone/install/px4_ros_com:/home/ros_workspace/drone/install/px4_msgs:/home/ros_workspace/drone/install/republisher:/opt/ros/humble LD_LIBRARY_PATH=/home/ros_workspace/LI-SLAM/install/lidarslam_msgs/lib:/home/ros_workspace/LI-SLAM/install/scanmatcher/lib:/home/ros_workspace/LI-SLAM/install/graph_based_slam/lib:/home/ros_workspace/drone/install/px4_ros_com/lib:/home/ros_workspace/drone/install/px4_msgs/lib:/opt/ros/humble/opt/rviz_ogre_vendor/lib:/opt/ros/humble/lib/x86_64-linux-gnu:/opt/ros/humble/lib /usr/bin/cmake --build /home/ros_workspace/LI-SLAM/build/scanmatcher -- -j16 -l16
[1.100s] DEBUG:colcon.colcon_core.event_handler.log_command:Invoked command in '/home/ros_workspace/LI-SLAM/build/graph_based_slam' returned '0': CMAKE_PREFIX_PATH=/home/ros_workspace/LI-SLAM/install/ndt_omp_ros2:/home/ros_workspace/LI-SLAM/install/lidarslam_msgs:/home/ros_workspace/LI-SLAM/install/scanmatcher:/home/ros_workspace/LI-SLAM/install/graph_based_slam:/home/ros_workspace/drone/install/px4_ros_com:/home/ros_workspace/drone/install/px4_msgs:/home/ros_workspace/drone/install/republisher:/opt/ros/humble LD_LIBRARY_PATH=/home/ros_workspace/LI-SLAM/install/lidarslam_msgs/lib:/home/ros_workspace/LI-SLAM/install/scanmatcher/lib:/home/ros_workspace/LI-SLAM/install/graph_based_slam/lib:/home/ros_workspace/drone/install/px4_ros_com/lib:/home/ros_workspace/drone/install/px4_msgs/lib:/opt/ros/humble/opt/rviz_ogre_vendor/lib:/opt/ros/humble/lib/x86_64-linux-gnu:/opt/ros/humble/lib /usr/bin/cmake --build /home/ros_workspace/LI-SLAM/build/graph_based_slam -- -j16 -l16
[1.102s] DEBUG:colcon.colcon_core.event_handler.log_command:Invoking command in '/home/ros_workspace/LI-SLAM/build/graph_based_slam': CMAKE_PREFIX_PATH=/home/ros_workspace/LI-SLAM/install/ndt_omp_ros2:/home/ros_workspace/LI-SLAM/install/lidarslam_msgs:/home/ros_workspace/LI-SLAM/install/scanmatcher:/home/ros_workspace/LI-SLAM/install/graph_based_slam:/home/ros_workspace/drone/install/px4_ros_com:/home/ros_workspace/drone/install/px4_msgs:/home/ros_workspace/drone/install/republisher:/opt/ros/humble LD_LIBRARY_PATH=/home/ros_workspace/LI-SLAM/install/lidarslam_msgs/lib:/home/ros_workspace/LI-SLAM/install/scanmatcher/lib:/home/ros_workspace/LI-SLAM/install/graph_based_slam/lib:/home/ros_workspace/drone/install/px4_ros_com/lib:/home/ros_workspace/drone/install/px4_msgs/lib:/opt/ros/humble/opt/rviz_ogre_vendor/lib:/opt/ros/humble/lib/x86_64-linux-gnu:/opt/ros/humble/lib /usr/bin/cmake --install /home/ros_workspace/LI-SLAM/build/graph_based_slam
[1.106s] DEBUG:colcon.colcon_core.event_handler.log_command:Invoked command in '/home/ros_workspace/LI-SLAM/build/scanmatcher' returned '0': CMAKE_PREFIX_PATH=/home/ros_workspace/LI-SLAM/install/ndt_omp_ros2:/home/ros_workspace/LI-SLAM/install/lidarslam_msgs:/home/ros_workspace/LI-SLAM/install/scanmatcher:/home/ros_workspace/LI-SLAM/install/graph_based_slam:/home/ros_workspace/drone/install/px4_ros_com:/home/ros_workspace/drone/install/px4_msgs:/home/ros_workspace/drone/install/republisher:/opt/ros/humble LD_LIBRARY_PATH=/home/ros_workspace/LI-SLAM/install/lidarslam_msgs/lib:/home/ros_workspace/LI-SLAM/install/scanmatcher/lib:/home/ros_workspace/LI-SLAM/install/graph_based_slam/lib:/home/ros_workspace/drone/install/px4_ros_com/lib:/home/ros_workspace/drone/install/px4_msgs/lib:/opt/ros/humble/opt/rviz_ogre_vendor/lib:/opt/ros/humble/lib/x86_64-linux-gnu:/opt/ros/humble/lib /usr/bin/cmake --build /home/ros_workspace/LI-SLAM/build/scanmatcher -- -j16 -l16
[1.109s] DEBUG:colcon.colcon_core.event_handler.log_command:Invoking command in '/home/ros_workspace/LI-SLAM/build/scanmatcher': CMAKE_PREFIX_PATH=/home/ros_workspace/LI-SLAM/install/ndt_omp_ros2:/home/ros_workspace/LI-SLAM/install/lidarslam_msgs:/home/ros_workspace/LI-SLAM/install/scanmatcher:/home/ros_workspace/LI-SLAM/install/graph_based_slam:/home/ros_workspace/drone/install/px4_ros_com:/home/ros_workspace/drone/install/px4_msgs:/home/ros_workspace/drone/install/republisher:/opt/ros/humble LD_LIBRARY_PATH=/home/ros_workspace/LI-SLAM/install/lidarslam_msgs/lib:/home/ros_workspace/LI-SLAM/install/scanmatcher/lib:/home/ros_workspace/LI-SLAM/install/graph_based_slam/lib:/home/ros_workspace/drone/install/px4_ros_com/lib:/home/ros_workspace/drone/install/px4_msgs/lib:/opt/ros/humble/opt/rviz_ogre_vendor/lib:/opt/ros/humble/lib/x86_64-linux-gnu:/opt/ros/humble/lib /usr/bin/cmake --install /home/ros_workspace/LI-SLAM/build/scanmatcher
[1.117s] Level 1:colcon.colcon_core.environment:create_environment_scripts_only(graph_based_slam)
[1.117s] DEBUG:colcon.colcon_core.event_handler.log_command:Invoked command in '/home/ros_workspace/LI-SLAM/build/graph_based_slam' returned '0': CMAKE_PREFIX_PATH=/home/ros_workspace/LI-SLAM/install/ndt_omp_ros2:/home/ros_workspace/LI-SLAM/install/lidarslam_msgs:/home/ros_workspace/LI-SLAM/install/scanmatcher:/home/ros_workspace/LI-SLAM/install/graph_based_slam:/home/ros_workspace/drone/install/px4_ros_com:/home/ros_workspace/drone/install/px4_msgs:/home/ros_workspace/drone/install/republisher:/opt/ros/humble LD_LIBRARY_PATH=/home/ros_workspace/LI-SLAM/install/lidarslam_msgs/lib:/home/ros_workspace/LI-SLAM/install/scanmatcher/lib:/home/ros_workspace/LI-SLAM/install/graph_based_slam/lib:/home/ros_workspace/drone/install/px4_ros_com/lib:/home/ros_workspace/drone/install/px4_msgs/lib:/opt/ros/humble/opt/rviz_ogre_vendor/lib:/opt/ros/humble/lib/x86_64-linux-gnu:/opt/ros/humble/lib /usr/bin/cmake --install /home/ros_workspace/LI-SLAM/build/graph_based_slam
[1.118s] Level 1:colcon.colcon_core.environment:checking '/home/ros_workspace/LI-SLAM/install/graph_based_slam' for CMake module files
[1.122s] Level 1:colcon.colcon_core.environment:checking '/home/ros_workspace/LI-SLAM/install/graph_based_slam' for CMake config files
[1.123s] Level 1:colcon.colcon_core.shell:create_environment_hook('graph_based_slam', 'cmake_prefix_path')
[1.123s] INFO:colcon.colcon_core.shell:Creating environment hook '/home/ros_workspace/LI-SLAM/install/graph_based_slam/share/graph_based_slam/hook/cmake_prefix_path.ps1'
[1.124s] INFO:colcon.colcon_core.shell:Creating environment descriptor '/home/ros_workspace/LI-SLAM/install/graph_based_slam/share/graph_based_slam/hook/cmake_prefix_path.dsv'
[1.124s] INFO:colcon.colcon_core.shell:Creating environment hook '/home/ros_workspace/LI-SLAM/install/graph_based_slam/share/graph_based_slam/hook/cmake_prefix_path.sh'
[1.125s] Level 1:colcon.colcon_core.environment:checking '/home/ros_workspace/LI-SLAM/install/graph_based_slam/lib'
[1.126s] Level 1:colcon.colcon_core.shell:create_environment_hook('graph_based_slam', 'ld_library_path_lib')
[1.126s] INFO:colcon.colcon_core.shell:Creating environment hook '/home/ros_workspace/LI-SLAM/install/graph_based_slam/share/graph_based_slam/hook/ld_library_path_lib.ps1'
[1.126s] INFO:colcon.colcon_core.shell:Creating environment descriptor '/home/ros_workspace/LI-SLAM/install/graph_based_slam/share/graph_based_slam/hook/ld_library_path_lib.dsv'
[1.127s] INFO:colcon.colcon_core.shell:Creating environment hook '/home/ros_workspace/LI-SLAM/install/graph_based_slam/share/graph_based_slam/hook/ld_library_path_lib.sh'
[1.128s] Level 1:colcon.colcon_core.environment:checking '/home/ros_workspace/LI-SLAM/install/graph_based_slam/bin'
[1.128s] Level 1:colcon.colcon_core.environment:checking '/home/ros_workspace/LI-SLAM/install/graph_based_slam/lib/pkgconfig/graph_based_slam.pc'
[1.128s] Level 1:colcon.colcon_core.environment:checking '/home/ros_workspace/LI-SLAM/install/graph_based_slam/lib/python3.10/site-packages'
[1.129s] Level 1:colcon.colcon_core.environment:checking '/home/ros_workspace/LI-SLAM/install/graph_based_slam/bin'
[1.129s] INFO:colcon.colcon_core.shell:Creating package script '/home/ros_workspace/LI-SLAM/install/graph_based_slam/share/graph_based_slam/package.ps1'
[1.130s] INFO:colcon.colcon_core.shell:Creating package descriptor '/home/ros_workspace/LI-SLAM/install/graph_based_slam/share/graph_based_slam/package.dsv'
[1.131s] INFO:colcon.colcon_core.shell:Creating package script '/home/ros_workspace/LI-SLAM/install/graph_based_slam/share/graph_based_slam/package.sh'
[1.132s] INFO:colcon.colcon_core.shell:Creating package script '/home/ros_workspace/LI-SLAM/install/graph_based_slam/share/graph_based_slam/package.bash'
[1.132s] INFO:colcon.colcon_core.shell:Creating package script '/home/ros_workspace/LI-SLAM/install/graph_based_slam/share/graph_based_slam/package.zsh'
[1.133s] Level 1:colcon.colcon_core.environment:create_file_with_runtime_dependencies(/home/ros_workspace/LI-SLAM/install/graph_based_slam/share/colcon-core/packages/graph_based_slam)
[1.134s] Level 1:colcon.colcon_core.environment:create_environment_scripts_only(graph_based_slam)
[1.134s] Level 1:colcon.colcon_core.environment:checking '/home/ros_workspace/LI-SLAM/install/graph_based_slam' for CMake module files
[1.135s] Level 1:colcon.colcon_core.environment:checking '/home/ros_workspace/LI-SLAM/install/graph_based_slam' for CMake config files
[1.135s] Level 1:colcon.colcon_core.shell:create_environment_hook('graph_based_slam', 'cmake_prefix_path')
[1.136s] INFO:colcon.colcon_core.shell:Creating environment hook '/home/ros_workspace/LI-SLAM/install/graph_based_slam/share/graph_based_slam/hook/cmake_prefix_path.ps1'
[1.136s] INFO:colcon.colcon_core.shell:Creating environment descriptor '/home/ros_workspace/LI-SLAM/install/graph_based_slam/share/graph_based_slam/hook/cmake_prefix_path.dsv'
[1.137s] INFO:colcon.colcon_core.shell:Creating environment hook '/home/ros_workspace/LI-SLAM/install/graph_based_slam/share/graph_based_slam/hook/cmake_prefix_path.sh'
[1.138s] Level 1:colcon.colcon_core.environment:checking '/home/ros_workspace/LI-SLAM/install/graph_based_slam/lib'
[1.138s] Level 1:colcon.colcon_core.shell:create_environment_hook('graph_based_slam', 'ld_library_path_lib')
[1.138s] INFO:colcon.colcon_core.shell:Creating environment hook '/home/ros_workspace/LI-SLAM/install/graph_based_slam/share/graph_based_slam/hook/ld_library_path_lib.ps1'
[1.139s] INFO:colcon.colcon_core.shell:Creating environment descriptor '/home/ros_workspace/LI-SLAM/install/graph_based_slam/share/graph_based_slam/hook/ld_library_path_lib.dsv'
[1.139s] INFO:colcon.colcon_core.shell:Creating environment hook '/home/ros_workspace/LI-SLAM/install/graph_based_slam/share/graph_based_slam/hook/ld_library_path_lib.sh'
[1.140s] Level 1:colcon.colcon_core.environment:checking '/home/ros_workspace/LI-SLAM/install/graph_based_slam/bin'
[1.140s] Level 1:colcon.colcon_core.environment:checking '/home/ros_workspace/LI-SLAM/install/graph_based_slam/lib/pkgconfig/graph_based_slam.pc'
[1.140s] Level 1:colcon.colcon_core.environment:checking '/home/ros_workspace/LI-SLAM/install/graph_based_slam/lib/python3.10/site-packages'
[1.141s] Level 1:colcon.colcon_core.environment:checking '/home/ros_workspace/LI-SLAM/install/graph_based_slam/bin'
[1.142s] INFO:colcon.colcon_core.shell:Creating package script '/home/ros_workspace/LI-SLAM/install/graph_based_slam/share/graph_based_slam/package.ps1'
[1.143s] INFO:colcon.colcon_core.shell:Creating package descriptor '/home/ros_workspace/LI-SLAM/install/graph_based_slam/share/graph_based_slam/package.dsv'
[1.144s] INFO:colcon.colcon_core.shell:Creating package script '/home/ros_workspace/LI-SLAM/install/graph_based_slam/share/graph_based_slam/package.sh'
[1.152s] INFO:colcon.colcon_core.shell:Creating package script '/home/ros_workspace/LI-SLAM/install/graph_based_slam/share/graph_based_slam/package.bash'
[1.153s] INFO:colcon.colcon_core.shell:Creating package script '/home/ros_workspace/LI-SLAM/install/graph_based_slam/share/graph_based_slam/package.zsh'
[1.153s] Level 1:colcon.colcon_core.environment:create_file_with_runtime_dependencies(/home/ros_workspace/LI-SLAM/install/graph_based_slam/share/colcon-core/packages/graph_based_slam)
[1.155s] Level 1:colcon.colcon_core.environment:create_environment_scripts_only(scanmatcher)
[1.156s] DEBUG:colcon.colcon_core.event_handler.log_command:Invoked command in '/home/ros_workspace/LI-SLAM/build/scanmatcher' returned '0': CMAKE_PREFIX_PATH=/home/ros_workspace/LI-SLAM/install/ndt_omp_ros2:/home/ros_workspace/LI-SLAM/install/lidarslam_msgs:/home/ros_workspace/LI-SLAM/install/scanmatcher:/home/ros_workspace/LI-SLAM/install/graph_based_slam:/home/ros_workspace/drone/install/px4_ros_com:/home/ros_workspace/drone/install/px4_msgs:/home/ros_workspace/drone/install/republisher:/opt/ros/humble LD_LIBRARY_PATH=/home/ros_workspace/LI-SLAM/install/lidarslam_msgs/lib:/home/ros_workspace/LI-SLAM/install/scanmatcher/lib:/home/ros_workspace/LI-SLAM/install/graph_based_slam/lib:/home/ros_workspace/drone/install/px4_ros_com/lib:/home/ros_workspace/drone/install/px4_msgs/lib:/opt/ros/humble/opt/rviz_ogre_vendor/lib:/opt/ros/humble/lib/x86_64-linux-gnu:/opt/ros/humble/lib /usr/bin/cmake --install /home/ros_workspace/LI-SLAM/build/scanmatcher
[1.156s] Level 1:colcon.colcon_core.environment:checking '/home/ros_workspace/LI-SLAM/install/scanmatcher' for CMake module files
[1.158s] Level 1:colcon.colcon_core.environment:checking '/home/ros_workspace/LI-SLAM/install/scanmatcher' for CMake config files
[1.158s] Level 1:colcon.colcon_core.shell:create_environment_hook('scanmatcher', 'cmake_prefix_path')
[1.159s] INFO:colcon.colcon_core.shell:Creating environment hook '/home/ros_workspace/LI-SLAM/install/scanmatcher/share/scanmatcher/hook/cmake_prefix_path.ps1'
[1.159s] INFO:colcon.colcon_core.shell:Creating environment descriptor '/home/ros_workspace/LI-SLAM/install/scanmatcher/share/scanmatcher/hook/cmake_prefix_path.dsv'
[1.160s] INFO:colcon.colcon_core.shell:Creating environment hook '/home/ros_workspace/LI-SLAM/install/scanmatcher/share/scanmatcher/hook/cmake_prefix_path.sh'
[1.161s] Level 1:colcon.colcon_core.environment:checking '/home/ros_workspace/LI-SLAM/install/scanmatcher/lib'
[1.161s] Level 1:colcon.colcon_core.shell:create_environment_hook('scanmatcher', 'ld_library_path_lib')
[1.162s] INFO:colcon.colcon_core.shell:Creating environment hook '/home/ros_workspace/LI-SLAM/install/scanmatcher/share/scanmatcher/hook/ld_library_path_lib.ps1'
[1.162s] INFO:colcon.colcon_core.shell:Creating environment descriptor '/home/ros_workspace/LI-SLAM/install/scanmatcher/share/scanmatcher/hook/ld_library_path_lib.dsv'
[1.163s] INFO:colcon.colcon_core.shell:Creating environment hook '/home/ros_workspace/LI-SLAM/install/scanmatcher/share/scanmatcher/hook/ld_library_path_lib.sh'
[1.164s] Level 1:colcon.colcon_core.environment:checking '/home/ros_workspace/LI-SLAM/install/scanmatcher/bin'
[1.164s] Level 1:colcon.colcon_core.environment:checking '/home/ros_workspace/LI-SLAM/install/scanmatcher/lib/pkgconfig/scanmatcher.pc'
[1.164s] Level 1:colcon.colcon_core.environment:checking '/home/ros_workspace/LI-SLAM/install/scanmatcher/lib/python3.10/site-packages'
[1.165s] Level 1:colcon.colcon_core.environment:checking '/home/ros_workspace/LI-SLAM/install/scanmatcher/bin'
[1.166s] INFO:colcon.colcon_core.shell:Creating package script '/home/ros_workspace/LI-SLAM/install/scanmatcher/share/scanmatcher/package.ps1'
[1.166s] INFO:colcon.colcon_core.shell:Creating package descriptor '/home/ros_workspace/LI-SLAM/install/scanmatcher/share/scanmatcher/package.dsv'
[1.167s] INFO:colcon.colcon_core.shell:Creating package script '/home/ros_workspace/LI-SLAM/install/scanmatcher/share/scanmatcher/package.sh'
[1.168s] INFO:colcon.colcon_core.shell:Creating package script '/home/ros_workspace/LI-SLAM/install/scanmatcher/share/scanmatcher/package.bash'
[1.169s] INFO:colcon.colcon_core.shell:Creating package script '/home/ros_workspace/LI-SLAM/install/scanmatcher/share/scanmatcher/package.zsh'
[1.169s] Level 1:colcon.colcon_core.environment:create_file_with_runtime_dependencies(/home/ros_workspace/LI-SLAM/install/scanmatcher/share/colcon-core/packages/scanmatcher)
[1.170s] Level 1:colcon.colcon_core.environment:create_environment_scripts_only(scanmatcher)
[1.171s] Level 1:colcon.colcon_core.environment:checking '/home/ros_workspace/LI-SLAM/install/scanmatcher' for CMake module files
[1.172s] Level 1:colcon.colcon_core.environment:checking '/home/ros_workspace/LI-SLAM/install/scanmatcher' for CMake config files
[1.172s] Level 1:colcon.colcon_core.shell:create_environment_hook('scanmatcher', 'cmake_prefix_path')
[1.173s] INFO:colcon.colcon_core.shell:Creating environment hook '/home/ros_workspace/LI-SLAM/install/scanmatcher/share/scanmatcher/hook/cmake_prefix_path.ps1'
[1.173s] INFO:colcon.colcon_core.shell:Creating environment descriptor '/home/ros_workspace/LI-SLAM/install/scanmatcher/share/scanmatcher/hook/cmake_prefix_path.dsv'
[1.174s] INFO:colcon.colcon_core.shell:Creating environment hook '/home/ros_workspace/LI-SLAM/install/scanmatcher/share/scanmatcher/hook/cmake_prefix_path.sh'
[1.175s] Level 1:colcon.colcon_core.environment:checking '/home/ros_workspace/LI-SLAM/install/scanmatcher/lib'
[1.175s] Level 1:colcon.colcon_core.shell:create_environment_hook('scanmatcher', 'ld_library_path_lib')
[1.176s] INFO:colcon.colcon_core.shell:Creating environment hook '/home/ros_workspace/LI-SLAM/install/scanmatcher/share/scanmatcher/hook/ld_library_path_lib.ps1'
[1.176s] INFO:colcon.colcon_core.shell:Creating environment descriptor '/home/ros_workspace/LI-SLAM/install/scanmatcher/share/scanmatcher/hook/ld_library_path_lib.dsv'
[1.177s] INFO:colcon.colcon_core.shell:Creating environment hook '/home/ros_workspace/LI-SLAM/install/scanmatcher/share/scanmatcher/hook/ld_library_path_lib.sh'
[1.178s] Level 1:colcon.colcon_core.environment:checking '/home/ros_workspace/LI-SLAM/install/scanmatcher/bin'
[1.178s] Level 1:colcon.colcon_core.environment:checking '/home/ros_workspace/LI-SLAM/install/scanmatcher/lib/pkgconfig/scanmatcher.pc'
[1.178s] Level 1:colcon.colcon_core.environment:checking '/home/ros_workspace/LI-SLAM/install/scanmatcher/lib/python3.10/site-packages'
[1.179s] Level 1:colcon.colcon_core.environment:checking '/home/ros_workspace/LI-SLAM/install/scanmatcher/bin'
[1.179s] INFO:colcon.colcon_core.shell:Creating package script '/home/ros_workspace/LI-SLAM/install/scanmatcher/share/scanmatcher/package.ps1'
[1.180s] INFO:colcon.colcon_core.shell:Creating package descriptor '/home/ros_workspace/LI-SLAM/install/scanmatcher/share/scanmatcher/package.dsv'
[1.181s] INFO:colcon.colcon_core.shell:Creating package script '/home/ros_workspace/LI-SLAM/install/scanmatcher/share/scanmatcher/package.sh'
[1.182s] INFO:colcon.colcon_core.shell:Creating package script '/home/ros_workspace/LI-SLAM/install/scanmatcher/share/scanmatcher/package.bash'
[1.182s] INFO:colcon.colcon_core.shell:Creating package script '/home/ros_workspace/LI-SLAM/install/scanmatcher/share/scanmatcher/package.zsh'
[1.183s] Level 1:colcon.colcon_core.environment:create_file_with_runtime_dependencies(/home/ros_workspace/LI-SLAM/install/scanmatcher/share/colcon-core/packages/scanmatcher)
[1.183s] DEBUG:colcon.colcon_parallel_executor.executor.parallel:closing loop
[1.183s] DEBUG:colcon.colcon_parallel_executor.executor.parallel:loop closed
[1.183s] DEBUG:colcon.colcon_parallel_executor.executor.parallel:run_until_complete finished with '0'
[1.183s] DEBUG:colcon.colcon_core.event_reactor:joining thread
[1.195s] INFO:colcon.colcon_core.plugin_system:Skipping extension 'colcon_notification.desktop_notification.notify_send': Could not find 'notify-send'
[1.195s] INFO:colcon.colcon_core.plugin_system:Skipping extension 'colcon_notification.desktop_notification.terminal_notifier': Not used on non-Darwin systems
[1.195s] INFO:colcon.colcon_core.plugin_system:Skipping extension 'colcon_notification.desktop_notification.win32': Not used on non-Windows systems
[1.195s] INFO:colcon.colcon_notification.desktop_notification:Sending desktop notification using 'notify2'
[1.202s] DEBUG:colcon.colcon_notification.desktop_notification.notify2:Failed to initialize notify2: org.freedesktop.DBus.Error.Spawn.ExecFailed: /usr/bin/dbus-launch terminated abnormally without any error message
[1.202s] DEBUG:colcon.colcon_core.event_reactor:joined thread
[1.203s] INFO:colcon.colcon_core.shell:Creating prefix script '/home/ros_workspace/LI-SLAM/install/local_setup.ps1'
[1.204s] INFO:colcon.colcon_core.shell:Creating prefix util module '/home/ros_workspace/LI-SLAM/install/_local_setup_util_ps1.py'
[1.205s] INFO:colcon.colcon_core.shell:Creating prefix chain script '/home/ros_workspace/LI-SLAM/install/setup.ps1'
[1.207s] INFO:colcon.colcon_core.shell:Creating prefix script '/home/ros_workspace/LI-SLAM/install/local_setup.sh'
[1.207s] INFO:colcon.colcon_core.shell:Creating prefix util module '/home/ros_workspace/LI-SLAM/install/_local_setup_util_sh.py'
[1.208s] INFO:colcon.colcon_core.shell:Creating prefix chain script '/home/ros_workspace/LI-SLAM/install/setup.sh'
[1.209s] INFO:colcon.colcon_core.shell:Creating prefix script '/home/ros_workspace/LI-SLAM/install/local_setup.bash'
[1.210s] INFO:colcon.colcon_core.shell:Creating prefix chain script '/home/ros_workspace/LI-SLAM/install/setup.bash'
[1.211s] INFO:colcon.colcon_core.shell:Creating prefix script '/home/ros_workspace/LI-SLAM/install/local_setup.zsh'
[1.211s] INFO:colcon.colcon_core.shell:Creating prefix chain script '/home/ros_workspace/LI-SLAM/install/setup.zsh'
