[0.015s] Invoking command in '/home/ros_workspace/drone/build/px4_ros_com': CMAKE_PREFIX_PATH=/home/ros_workspace/drone/install/px4_msgs:/home/ros_workspace/drone/install/px4_ros_com:/home/ros_workspace/drone/install/republisher:/opt/ros/humble LD_LIBRARY_PATH=/home/ros_workspace/drone/install/px4_msgs/lib:/home/ros_workspace/drone/install/px4_ros_com/lib:/opt/ros/humble/opt/rviz_ogre_vendor/lib:/opt/ros/humble/lib/x86_64-linux-gnu:/opt/ros/humble/lib /usr/bin/cmake --build /home/ros_workspace/drone/build/px4_ros_com -- -j16 -l16
[0.090s] [ 50%] Built target frame_transforms
[0.090s] [ 50%] Built target offboard_control
[0.090s] [ 50%] Built target sensor_combined_listener
[0.090s] [ 66%] Built target vehicle_gps_position_listener
[0.094s] [ 83%] Built target debug_vect_advertiser
[0.098s] [ 91%] Built target ament_cmake_python_copy_px4_ros_com
[0.098s] [100%] Built target offboard_control_srv
[0.327s] running egg_info
[0.328s] writing px4_ros_com.egg-info/PKG-INFO
[0.328s] writing dependency_links to px4_ros_com.egg-info/dependency_links.txt
[0.328s] writing top-level names to px4_ros_com.egg-info/top_level.txt
[0.330s] reading manifest file 'px4_ros_com.egg-info/SOURCES.txt'
[0.330s] writing manifest file 'px4_ros_com.egg-info/SOURCES.txt'
[0.359s] [100%] Built target ament_cmake_python_build_px4_ros_com_egg
[0.374s] Invoked command in '/home/ros_workspace/drone/build/px4_ros_com' returned '0': CMAKE_PREFIX_PATH=/home/ros_workspace/drone/install/px4_msgs:/home/ros_workspace/drone/install/px4_ros_com:/home/ros_workspace/drone/install/republisher:/opt/ros/humble LD_LIBRARY_PATH=/home/ros_workspace/drone/install/px4_msgs/lib:/home/ros_workspace/drone/install/px4_ros_com/lib:/opt/ros/humble/opt/rviz_ogre_vendor/lib:/opt/ros/humble/lib/x86_64-linux-gnu:/opt/ros/humble/lib /usr/bin/cmake --build /home/ros_workspace/drone/build/px4_ros_com -- -j16 -l16
[0.376s] Invoking command in '/home/ros_workspace/drone/build/px4_ros_com': CMAKE_PREFIX_PATH=/home/ros_workspace/drone/install/px4_msgs:/home/ros_workspace/drone/install/px4_ros_com:/home/ros_workspace/drone/install/republisher:/opt/ros/humble LD_LIBRARY_PATH=/home/ros_workspace/drone/install/px4_msgs/lib:/home/ros_workspace/drone/install/px4_ros_com/lib:/opt/ros/humble/opt/rviz_ogre_vendor/lib:/opt/ros/humble/lib/x86_64-linux-gnu:/opt/ros/humble/lib /usr/bin/cmake --install /home/ros_workspace/drone/build/px4_ros_com
[0.392s] -- Install configuration: ""
[0.392s] -- Up-to-date: /home/ros_workspace/drone/install/px4_ros_com/lib/px4_ros_com/sensor_combined_listener
[0.392s] -- Up-to-date: /home/ros_workspace/drone/install/px4_ros_com/lib/px4_ros_com/vehicle_gps_position_listener
[0.393s] -- Up-to-date: /home/ros_workspace/drone/install/px4_ros_com/lib/px4_ros_com/debug_vect_advertiser
[0.393s] -- Up-to-date: /home/ros_workspace/drone/install/px4_ros_com/lib/px4_ros_com/offboard_control
[0.393s] -- Up-to-date: /home/ros_workspace/drone/install/px4_ros_com/lib/px4_ros_com/offboard_control_srv
[0.394s] -- Up-to-date: /home/ros_workspace/drone/install/px4_ros_com/share/px4_ros_com/environment/library_path.sh
[0.394s] -- Up-to-date: /home/ros_workspace/drone/install/px4_ros_com/share/px4_ros_com/environment/library_path.dsv
[0.394s] -- Up-to-date: /home/ros_workspace/drone/install/px4_ros_com/include/px4_ros_com
[0.394s] -- Up-to-date: /home/ros_workspace/drone/install/px4_ros_com/include/px4_ros_com/frame_transforms.h
[0.394s] -- Up-to-date: /home/ros_workspace/drone/install/px4_ros_com/lib/libframe_transforms.so
[0.394s] -- Up-to-date: /home/ros_workspace/drone/install/px4_ros_com/share/px4_ros_com//launch
[0.395s] -- Up-to-date: /home/ros_workspace/drone/install/px4_ros_com/share/px4_ros_com//launch/offboard_control_launch.yaml
[0.395s] -- Up-to-date: /home/ros_workspace/drone/install/px4_ros_com/share/px4_ros_com//launch/sensor_combined_listener.launch.py
[0.395s] -- Up-to-date: /home/ros_workspace/drone/install/px4_ros_com/share/px4_ros_com//test
[0.395s] -- Up-to-date: /home/ros_workspace/drone/install/px4_ros_com/share/px4_ros_com//test/pipeline_io_test.py
[0.395s] -- Up-to-date: /home/ros_workspace/drone/install/px4_ros_com/share/px4_ros_com//test/__init__.py
[0.395s] -- Up-to-date: /home/ros_workspace/drone/install/px4_ros_com/share/px4_ros_com//test/test_input.py
[0.395s] -- Up-to-date: /home/ros_workspace/drone/install/px4_ros_com/share/px4_ros_com//test/test_output.py
[0.396s] -- Up-to-date: /home/ros_workspace/drone/install/px4_ros_com/share/px4_ros_com/environment/pythonpath.sh
[0.396s] -- Up-to-date: /home/ros_workspace/drone/install/px4_ros_com/share/px4_ros_com/environment/pythonpath.dsv
[0.396s] -- Up-to-date: /home/ros_workspace/drone/install/px4_ros_com/local/lib/python3.10/dist-packages/px4_ros_com-0.1.0-py3.10.egg-info
[0.396s] -- Installing: /home/ros_workspace/drone/install/px4_ros_com/local/lib/python3.10/dist-packages/px4_ros_com-0.1.0-py3.10.egg-info/PKG-INFO
[0.396s] -- Installing: /home/ros_workspace/drone/install/px4_ros_com/local/lib/python3.10/dist-packages/px4_ros_com-0.1.0-py3.10.egg-info/SOURCES.txt
[0.396s] -- Installing: /home/ros_workspace/drone/install/px4_ros_com/local/lib/python3.10/dist-packages/px4_ros_com-0.1.0-py3.10.egg-info/dependency_links.txt
[0.396s] -- Installing: /home/ros_workspace/drone/install/px4_ros_com/local/lib/python3.10/dist-packages/px4_ros_com-0.1.0-py3.10.egg-info/top_level.txt
[0.396s] -- Up-to-date: /home/ros_workspace/drone/install/px4_ros_com/local/lib/python3.10/dist-packages/px4_ros_com
[0.397s] -- Up-to-date: /home/ros_workspace/drone/install/px4_ros_com/local/lib/python3.10/dist-packages/px4_ros_com/module_to_import.py
[0.397s] -- Up-to-date: /home/ros_workspace/drone/install/px4_ros_com/local/lib/python3.10/dist-packages/px4_ros_com/__init__.py
[0.437s] Listing '/home/ros_workspace/drone/install/px4_ros_com/local/lib/python3.10/dist-packages/px4_ros_com'...
[0.441s] -- Installing: /home/ros_workspace/drone/install/px4_ros_com/lib/px4_ros_com/offboard_control.py
[0.441s] -- Up-to-date: /home/ros_workspace/drone/install/px4_ros_com/share/ament_index/resource_index/package_run_dependencies/px4_ros_com
[0.441s] -- Up-to-date: /home/ros_workspace/drone/install/px4_ros_com/share/ament_index/resource_index/parent_prefix_path/px4_ros_com
[0.442s] -- Up-to-date: /home/ros_workspace/drone/install/px4_ros_com/share/px4_ros_com/environment/ament_prefix_path.sh
[0.442s] -- Up-to-date: /home/ros_workspace/drone/install/px4_ros_com/share/px4_ros_com/environment/ament_prefix_path.dsv
[0.442s] -- Up-to-date: /home/ros_workspace/drone/install/px4_ros_com/share/px4_ros_com/environment/path.sh
[0.442s] -- Up-to-date: /home/ros_workspace/drone/install/px4_ros_com/share/px4_ros_com/environment/path.dsv
[0.442s] -- Up-to-date: /home/ros_workspace/drone/install/px4_ros_com/share/px4_ros_com/local_setup.bash
[0.443s] -- Up-to-date: /home/ros_workspace/drone/install/px4_ros_com/share/px4_ros_com/local_setup.sh
[0.443s] -- Up-to-date: /home/ros_workspace/drone/install/px4_ros_com/share/px4_ros_com/local_setup.zsh
[0.443s] -- Up-to-date: /home/ros_workspace/drone/install/px4_ros_com/share/px4_ros_com/local_setup.dsv
[0.443s] -- Installing: /home/ros_workspace/drone/install/px4_ros_com/share/px4_ros_com/package.dsv
[0.443s] -- Up-to-date: /home/ros_workspace/drone/install/px4_ros_com/share/ament_index/resource_index/packages/px4_ros_com
[0.443s] -- Up-to-date: /home/ros_workspace/drone/install/px4_ros_com/share/px4_ros_com/cmake/export_frame_transformsExport.cmake
[0.443s] -- Up-to-date: /home/ros_workspace/drone/install/px4_ros_com/share/px4_ros_com/cmake/export_frame_transformsExport-noconfig.cmake
[0.443s] -- Up-to-date: /home/ros_workspace/drone/install/px4_ros_com/share/px4_ros_com/cmake/ament_cmake_export_dependencies-extras.cmake
[0.443s] -- Up-to-date: /home/ros_workspace/drone/install/px4_ros_com/share/px4_ros_com/cmake/ament_cmake_export_targets-extras.cmake
[0.444s] -- Up-to-date: /home/ros_workspace/drone/install/px4_ros_com/share/px4_ros_com/cmake/ament_cmake_export_include_directories-extras.cmake
[0.444s] -- Up-to-date: /home/ros_workspace/drone/install/px4_ros_com/share/px4_ros_com/cmake/ament_cmake_export_libraries-extras.cmake
[0.444s] -- Up-to-date: /home/ros_workspace/drone/install/px4_ros_com/share/px4_ros_com/cmake/px4_ros_comConfig.cmake
[0.444s] -- Up-to-date: /home/ros_workspace/drone/install/px4_ros_com/share/px4_ros_com/cmake/px4_ros_comConfig-version.cmake
[0.444s] -- Up-to-date: /home/ros_workspace/drone/install/px4_ros_com/share/px4_ros_com/package.xml
[0.446s] Invoked command in '/home/ros_workspace/drone/build/px4_ros_com' returned '0': CMAKE_PREFIX_PATH=/home/ros_workspace/drone/install/px4_msgs:/home/ros_workspace/drone/install/px4_ros_com:/home/ros_workspace/drone/install/republisher:/opt/ros/humble LD_LIBRARY_PATH=/home/ros_workspace/drone/install/px4_msgs/lib:/home/ros_workspace/drone/install/px4_ros_com/lib:/opt/ros/humble/opt/rviz_ogre_vendor/lib:/opt/ros/humble/lib/x86_64-linux-gnu:/opt/ros/humble/lib /usr/bin/cmake --install /home/ros_workspace/drone/build/px4_ros_com
