[0.015s] Invoking command in '/home/ros_workspace/LI-SLAM/build/ndt_omp_ros2': CMAKE_PREFIX_PATH=/opt/ros/humble /usr/bin/cmake --build /home/ros_workspace/LI-SLAM/build/ndt_omp_ros2 -- -j16 -l16
[0.081s] [35m[1mConsolidate compiler generated dependencies of target ndt_omp[0m
[0.119s] [ 66%] Built target ndt_omp
[0.132s] [35m[1mConsolidate compiler generated dependencies of target align[0m
[0.169s] [100%] Built target align
[0.191s] Invoked command in '/home/ros_workspace/LI-SLAM/build/ndt_omp_ros2' returned '0': CMAKE_PREFIX_PATH=/opt/ros/humble /usr/bin/cmake --build /home/ros_workspace/LI-SLAM/build/ndt_omp_ros2 -- -j16 -l16
[0.210s] Invoking command in '/home/ros_workspace/LI-SLAM/build/ndt_omp_ros2': CMAKE_PREFIX_PATH=/opt/ros/humble /usr/bin/cmake --install /home/ros_workspace/LI-SLAM/build/ndt_omp_ros2
[0.218s] -- Install configuration: "RELEASE"
[0.218s] -- Up-to-date: /home/ros_workspace/LI-SLAM/install/ndt_omp_ros2/lib/ndt_omp_ros2/align
[0.218s] -- Up-to-date: /home/ros_workspace/LI-SLAM/install/ndt_omp_ros2/bin/align
[0.219s] -- Up-to-date: /home/ros_workspace/LI-SLAM/install/ndt_omp_ros2/include
[0.219s] -- Up-to-date: /home/ros_workspace/LI-SLAM/install/ndt_omp_ros2/include/pclomp
[0.219s] -- Up-to-date: /home/ros_workspace/LI-SLAM/install/ndt_omp_ros2/include/pclomp/ndt_omp_impl.hpp
[0.219s] -- Up-to-date: /home/ros_workspace/LI-SLAM/install/ndt_omp_ros2/include/pclomp/voxel_grid_covariance_omp.h
[0.219s] -- Up-to-date: /home/ros_workspace/LI-SLAM/install/ndt_omp_ros2/include/pclomp/gicp_omp_impl.hpp
[0.219s] -- Up-to-date: /home/ros_workspace/LI-SLAM/install/ndt_omp_ros2/include/pclomp/voxel_grid_covariance_omp_impl.hpp
[0.219s] -- Up-to-date: /home/ros_workspace/LI-SLAM/install/ndt_omp_ros2/include/pclomp/gicp_omp.h
[0.220s] -- Up-to-date: /home/ros_workspace/LI-SLAM/install/ndt_omp_ros2/include/pclomp/ndt_omp.h
[0.220s] -- Up-to-date: /home/ros_workspace/LI-SLAM/install/ndt_omp_ros2/share/ament_index/resource_index/package_run_dependencies/ndt_omp_ros2
[0.220s] -- Up-to-date: /home/ros_workspace/LI-SLAM/install/ndt_omp_ros2/share/ament_index/resource_index/parent_prefix_path/ndt_omp_ros2
[0.220s] -- Up-to-date: /home/ros_workspace/LI-SLAM/install/ndt_omp_ros2/share/ndt_omp_ros2/environment/ament_prefix_path.sh
[0.220s] -- Up-to-date: /home/ros_workspace/LI-SLAM/install/ndt_omp_ros2/share/ndt_omp_ros2/environment/ament_prefix_path.dsv
[0.220s] -- Up-to-date: /home/ros_workspace/LI-SLAM/install/ndt_omp_ros2/share/ndt_omp_ros2/environment/path.sh
[0.220s] -- Up-to-date: /home/ros_workspace/LI-SLAM/install/ndt_omp_ros2/share/ndt_omp_ros2/environment/path.dsv
[0.221s] -- Up-to-date: /home/ros_workspace/LI-SLAM/install/ndt_omp_ros2/share/ndt_omp_ros2/local_setup.bash
[0.221s] -- Up-to-date: /home/ros_workspace/LI-SLAM/install/ndt_omp_ros2/share/ndt_omp_ros2/local_setup.sh
[0.221s] -- Up-to-date: /home/ros_workspace/LI-SLAM/install/ndt_omp_ros2/share/ndt_omp_ros2/local_setup.zsh
[0.221s] -- Up-to-date: /home/ros_workspace/LI-SLAM/install/ndt_omp_ros2/share/ndt_omp_ros2/local_setup.dsv
[0.221s] -- Installing: /home/ros_workspace/LI-SLAM/install/ndt_omp_ros2/share/ndt_omp_ros2/package.dsv
[0.221s] -- Up-to-date: /home/ros_workspace/LI-SLAM/install/ndt_omp_ros2/share/ament_index/resource_index/packages/ndt_omp_ros2
[0.221s] -- Up-to-date: /home/ros_workspace/LI-SLAM/install/ndt_omp_ros2/share/ndt_omp_ros2/cmake/ament_cmake_export_dependencies-extras.cmake
[0.221s] -- Up-to-date: /home/ros_workspace/LI-SLAM/install/ndt_omp_ros2/share/ndt_omp_ros2/cmake/ament_cmake_export_include_directories-extras.cmake
[0.222s] -- Up-to-date: /home/ros_workspace/LI-SLAM/install/ndt_omp_ros2/share/ndt_omp_ros2/cmake/ndt_omp_ros2Config.cmake
[0.222s] -- Up-to-date: /home/ros_workspace/LI-SLAM/install/ndt_omp_ros2/share/ndt_omp_ros2/cmake/ndt_omp_ros2Config-version.cmake
[0.222s] -- Up-to-date: /home/ros_workspace/LI-SLAM/install/ndt_omp_ros2/share/ndt_omp_ros2/package.xml
[0.223s] Invoked command in '/home/ros_workspace/LI-SLAM/build/ndt_omp_ros2' returned '0': CMAKE_PREFIX_PATH=/opt/ros/humble /usr/bin/cmake --install /home/ros_workspace/LI-SLAM/build/ndt_omp_ros2
