[3.372s] DEBUG:colcon:Command line arguments: ['/usr/bin/colcon', 'build', '--cmake-args', '-DCMAKE_BUILD_TYPE=Release']
[3.372s] DEBUG:colcon:Parsed command line arguments: Namespace(log_base=None, log_level=None, verb_name='build', build_base='build', install_base='install', merge_install=False, symlink_install=False, test_result_base=None, continue_on_error=False, executor='parallel', parallel_workers=16, event_handlers=None, ignore_user_meta=False, metas=['./colcon.meta'], base_paths=['.'], packages_ignore=None, packages_ignore_regex=None, paths=None, packages_up_to=None, packages_up_to_regex=None, packages_above=None, packages_above_and_dependencies=None, packages_above_depth=None, packages_select_by_dep=None, packages_skip_by_dep=None, packages_skip_up_to=None, packages_select_build_failed=False, packages_skip_build_finished=False, packages_select_test_failures=False, packages_skip_test_passed=False, packages_select=None, packages_skip=None, packages_select_regex=None, packages_skip_regex=None, packages_start=None, packages_end=None, cmake_args=['-DCMAKE_BUILD_TYPE=Release'], cmake_target=None, cmake_target_skip_unavailable=False, cmake_clean_cache=False, cmake_clean_first=False, cmake_force_configure=False, ament_cmake_args=None, catkin_cmake_args=None, catkin_skip_building_tests=False, mixin_files=None, mixin=None, verb_parser=<colcon_mixin.mixin.mixin_argument.MixinArgumentDecorator object at 0x7869a59630a0>, verb_extension=<colcon_core.verb.build.BuildVerb object at 0x7869a5a980a0>, main=<bound method BuildVerb.main of <colcon_core.verb.build.BuildVerb object at 0x7869a5a980a0>>, mixin_verb=('build',))
[5.720s] Level 1:colcon.colcon_core.package_discovery:discover_packages(colcon_meta) check parameters
[5.736s] INFO:colcon.colcon_metadata.package_discovery.colcon_meta:Using configuration from '/root/.colcon/metadata/default/Gazebo.meta'
[5.738s] INFO:colcon.colcon_metadata.package_discovery.colcon_meta:Using configuration from '/root/.colcon/metadata/default/fastdds.meta'
[5.739s] INFO:colcon.colcon_metadata.package_discovery.colcon_meta:Using configuration from '/root/.colcon/metadata/default/fastrtps.meta'
[5.739s] Level 1:colcon.colcon_core.package_discovery:discover_packages(recursive) check parameters
[5.739s] Level 1:colcon.colcon_core.package_discovery:discover_packages(ignore) check parameters
[5.739s] Level 1:colcon.colcon_core.package_discovery:discover_packages(path) check parameters
[5.739s] Level 1:colcon.colcon_core.package_discovery:discover_packages(colcon_meta) discover
[5.739s] Level 1:colcon.colcon_core.package_discovery:discover_packages(recursive) discover
[5.739s] INFO:colcon.colcon_core.package_discovery:Crawling recursively for packages in '/home/ros_workspace/LI-SLAM'
[5.740s] Level 1:colcon.colcon_core.package_identification:_identify(.) by extensions ['ignore', 'ignore_ament_install']
[5.740s] Level 1:colcon.colcon_core.package_identification:_identify(.) by extension 'ignore'
[5.740s] Level 1:colcon.colcon_core.package_identification:_identify(.) by extension 'ignore_ament_install'
[5.740s] Level 1:colcon.colcon_core.package_identification:_identify(.) by extensions ['colcon_pkg']
[5.740s] Level 1:colcon.colcon_core.package_identification:_identify(.) by extension 'colcon_pkg'
[5.740s] Level 1:colcon.colcon_core.package_identification:_identify(.) by extensions ['colcon_meta']
[5.740s] Level 1:colcon.colcon_core.package_identification:_identify(.) by extension 'colcon_meta'
[5.740s] Level 1:colcon.colcon_core.package_identification:_identify(.) by extensions ['ros']
[5.740s] Level 1:colcon.colcon_core.package_identification:_identify(.) by extension 'ros'
[5.889s] Level 1:colcon.colcon_core.package_identification:_identify(.) by extensions ['cmake', 'python']
[5.889s] Level 1:colcon.colcon_core.package_identification:_identify(.) by extension 'cmake'
[5.889s] Level 1:colcon.colcon_core.package_identification:_identify(.) by extension 'python'
[5.889s] Level 1:colcon.colcon_core.package_identification:_identify(.) by extensions ['python_setup_py']
[5.890s] Level 1:colcon.colcon_core.package_identification:_identify(.) by extension 'python_setup_py'
[5.890s] Level 1:colcon.colcon_core.package_identification:_identify(build) by extensions ['ignore', 'ignore_ament_install']
[5.890s] Level 1:colcon.colcon_core.package_identification:_identify(build) by extension 'ignore'
[5.890s] Level 1:colcon.colcon_core.package_identification:_identify(build) ignored
[5.890s] Level 1:colcon.colcon_core.package_identification:_identify(install) by extensions ['ignore', 'ignore_ament_install']
[5.890s] Level 1:colcon.colcon_core.package_identification:_identify(install) by extension 'ignore'
[5.891s] Level 1:colcon.colcon_core.package_identification:_identify(install) ignored
[5.891s] Level 1:colcon.colcon_core.package_identification:_identify(log) by extensions ['ignore', 'ignore_ament_install']
[5.891s] Level 1:colcon.colcon_core.package_identification:_identify(log) by extension 'ignore'
[5.891s] Level 1:colcon.colcon_core.package_identification:_identify(log) ignored
[5.891s] Level 1:colcon.colcon_core.package_identification:_identify(src) by extensions ['ignore', 'ignore_ament_install']
[5.891s] Level 1:colcon.colcon_core.package_identification:_identify(src) by extension 'ignore'
[5.891s] Level 1:colcon.colcon_core.package_identification:_identify(src) by extension 'ignore_ament_install'
[5.891s] Level 1:colcon.colcon_core.package_identification:_identify(src) by extensions ['colcon_pkg']
[5.892s] Level 1:colcon.colcon_core.package_identification:_identify(src) by extension 'colcon_pkg'
[5.892s] Level 1:colcon.colcon_core.package_identification:_identify(src) by extensions ['colcon_meta']
[5.892s] Level 1:colcon.colcon_core.package_identification:_identify(src) by extension 'colcon_meta'
[5.892s] Level 1:colcon.colcon_core.package_identification:_identify(src) by extensions ['ros']
[5.892s] Level 1:colcon.colcon_core.package_identification:_identify(src) by extension 'ros'
[5.892s] Level 1:colcon.colcon_core.package_identification:_identify(src) by extensions ['cmake', 'python']
[5.892s] Level 1:colcon.colcon_core.package_identification:_identify(src) by extension 'cmake'
[5.892s] Level 1:colcon.colcon_core.package_identification:_identify(src) by extension 'python'
[5.892s] Level 1:colcon.colcon_core.package_identification:_identify(src) by extensions ['python_setup_py']
[5.892s] Level 1:colcon.colcon_core.package_identification:_identify(src) by extension 'python_setup_py'
[5.893s] Level 1:colcon.colcon_core.package_identification:_identify(src/li_slam_ros2) by extensions ['ignore', 'ignore_ament_install']
[5.893s] Level 1:colcon.colcon_core.package_identification:_identify(src/li_slam_ros2) by extension 'ignore'
[5.893s] Level 1:colcon.colcon_core.package_identification:_identify(src/li_slam_ros2) by extension 'ignore_ament_install'
[5.893s] Level 1:colcon.colcon_core.package_identification:_identify(src/li_slam_ros2) by extensions ['colcon_pkg']
[5.893s] Level 1:colcon.colcon_core.package_identification:_identify(src/li_slam_ros2) by extension 'colcon_pkg'
[5.893s] Level 1:colcon.colcon_core.package_identification:_identify(src/li_slam_ros2) by extensions ['colcon_meta']
[5.893s] Level 1:colcon.colcon_core.package_identification:_identify(src/li_slam_ros2) by extension 'colcon_meta'
[5.893s] Level 1:colcon.colcon_core.package_identification:_identify(src/li_slam_ros2) by extensions ['ros']
[5.893s] Level 1:colcon.colcon_core.package_identification:_identify(src/li_slam_ros2) by extension 'ros'
[5.893s] Level 1:colcon.colcon_core.package_identification:_identify(src/li_slam_ros2) by extensions ['cmake', 'python']
[5.894s] Level 1:colcon.colcon_core.package_identification:_identify(src/li_slam_ros2) by extension 'cmake'
[5.894s] Level 1:colcon.colcon_core.package_identification:_identify(src/li_slam_ros2) by extension 'python'
[5.894s] Level 1:colcon.colcon_core.package_identification:_identify(src/li_slam_ros2) by extensions ['python_setup_py']
[5.894s] Level 1:colcon.colcon_core.package_identification:_identify(src/li_slam_ros2) by extension 'python_setup_py'
[5.894s] Level 1:colcon.colcon_core.package_identification:_identify(src/li_slam_ros2/Thirdparty) by extensions ['ignore', 'ignore_ament_install']
[5.894s] Level 1:colcon.colcon_core.package_identification:_identify(src/li_slam_ros2/Thirdparty) by extension 'ignore'
[5.894s] Level 1:colcon.colcon_core.package_identification:_identify(src/li_slam_ros2/Thirdparty) by extension 'ignore_ament_install'
[5.894s] Level 1:colcon.colcon_core.package_identification:_identify(src/li_slam_ros2/Thirdparty) by extensions ['colcon_pkg']
[5.894s] Level 1:colcon.colcon_core.package_identification:_identify(src/li_slam_ros2/Thirdparty) by extension 'colcon_pkg'
[5.894s] Level 1:colcon.colcon_core.package_identification:_identify(src/li_slam_ros2/Thirdparty) by extensions ['colcon_meta']
[5.895s] Level 1:colcon.colcon_core.package_identification:_identify(src/li_slam_ros2/Thirdparty) by extension 'colcon_meta'
[5.895s] Level 1:colcon.colcon_core.package_identification:_identify(src/li_slam_ros2/Thirdparty) by extensions ['ros']
[5.895s] Level 1:colcon.colcon_core.package_identification:_identify(src/li_slam_ros2/Thirdparty) by extension 'ros'
[5.895s] Level 1:colcon.colcon_core.package_identification:_identify(src/li_slam_ros2/Thirdparty) by extensions ['cmake', 'python']
[5.895s] Level 1:colcon.colcon_core.package_identification:_identify(src/li_slam_ros2/Thirdparty) by extension 'cmake'
[5.895s] Level 1:colcon.colcon_core.package_identification:_identify(src/li_slam_ros2/Thirdparty) by extension 'python'
[5.895s] Level 1:colcon.colcon_core.package_identification:_identify(src/li_slam_ros2/Thirdparty) by extensions ['python_setup_py']
[5.895s] Level 1:colcon.colcon_core.package_identification:_identify(src/li_slam_ros2/Thirdparty) by extension 'python_setup_py'
[5.895s] Level 1:colcon.colcon_core.package_identification:_identify(src/li_slam_ros2/Thirdparty/ndt_omp_ros2) by extensions ['ignore', 'ignore_ament_install']
[5.896s] Level 1:colcon.colcon_core.package_identification:_identify(src/li_slam_ros2/Thirdparty/ndt_omp_ros2) by extension 'ignore'
[5.896s] Level 1:colcon.colcon_core.package_identification:_identify(src/li_slam_ros2/Thirdparty/ndt_omp_ros2) by extension 'ignore_ament_install'
[5.896s] Level 1:colcon.colcon_core.package_identification:_identify(src/li_slam_ros2/Thirdparty/ndt_omp_ros2) by extensions ['colcon_pkg']
[5.896s] Level 1:colcon.colcon_core.package_identification:_identify(src/li_slam_ros2/Thirdparty/ndt_omp_ros2) by extension 'colcon_pkg'
[5.896s] Level 1:colcon.colcon_core.package_identification:_identify(src/li_slam_ros2/Thirdparty/ndt_omp_ros2) by extensions ['colcon_meta']
[5.896s] Level 1:colcon.colcon_core.package_identification:_identify(src/li_slam_ros2/Thirdparty/ndt_omp_ros2) by extension 'colcon_meta'
[5.896s] Level 1:colcon.colcon_core.package_identification:_identify(src/li_slam_ros2/Thirdparty/ndt_omp_ros2) by extensions ['ros']
[5.896s] Level 1:colcon.colcon_core.package_identification:_identify(src/li_slam_ros2/Thirdparty/ndt_omp_ros2) by extension 'ros'
[5.911s] DEBUG:colcon.colcon_core.package_identification:Package 'src/li_slam_ros2/Thirdparty/ndt_omp_ros2' with type 'ros.ament_cmake' and name 'ndt_omp_ros2'
[5.911s] Level 1:colcon.colcon_core.package_identification:_identify(src/li_slam_ros2/graph_based_slam) by extensions ['ignore', 'ignore_ament_install']
[5.912s] Level 1:colcon.colcon_core.package_identification:_identify(src/li_slam_ros2/graph_based_slam) by extension 'ignore'
[5.912s] Level 1:colcon.colcon_core.package_identification:_identify(src/li_slam_ros2/graph_based_slam) by extension 'ignore_ament_install'
[5.912s] Level 1:colcon.colcon_core.package_identification:_identify(src/li_slam_ros2/graph_based_slam) by extensions ['colcon_pkg']
[5.912s] Level 1:colcon.colcon_core.package_identification:_identify(src/li_slam_ros2/graph_based_slam) by extension 'colcon_pkg'
[5.912s] Level 1:colcon.colcon_core.package_identification:_identify(src/li_slam_ros2/graph_based_slam) by extensions ['colcon_meta']
[5.912s] Level 1:colcon.colcon_core.package_identification:_identify(src/li_slam_ros2/graph_based_slam) by extension 'colcon_meta'
[5.912s] Level 1:colcon.colcon_core.package_identification:_identify(src/li_slam_ros2/graph_based_slam) by extensions ['ros']
[5.912s] Level 1:colcon.colcon_core.package_identification:_identify(src/li_slam_ros2/graph_based_slam) by extension 'ros'
[5.916s] DEBUG:colcon.colcon_core.package_identification:Package 'src/li_slam_ros2/graph_based_slam' with type 'ros.ament_cmake' and name 'graph_based_slam'
[5.916s] Level 1:colcon.colcon_core.package_identification:_identify(src/li_slam_ros2/lidarslam_msgs) by extensions ['ignore', 'ignore_ament_install']
[5.916s] Level 1:colcon.colcon_core.package_identification:_identify(src/li_slam_ros2/lidarslam_msgs) by extension 'ignore'
[5.916s] Level 1:colcon.colcon_core.package_identification:_identify(src/li_slam_ros2/lidarslam_msgs) by extension 'ignore_ament_install'
[5.916s] Level 1:colcon.colcon_core.package_identification:_identify(src/li_slam_ros2/lidarslam_msgs) by extensions ['colcon_pkg']
[5.916s] Level 1:colcon.colcon_core.package_identification:_identify(src/li_slam_ros2/lidarslam_msgs) by extension 'colcon_pkg'
[5.917s] Level 1:colcon.colcon_core.package_identification:_identify(src/li_slam_ros2/lidarslam_msgs) by extensions ['colcon_meta']
[5.917s] Level 1:colcon.colcon_core.package_identification:_identify(src/li_slam_ros2/lidarslam_msgs) by extension 'colcon_meta'
[5.917s] Level 1:colcon.colcon_core.package_identification:_identify(src/li_slam_ros2/lidarslam_msgs) by extensions ['ros']
[5.917s] Level 1:colcon.colcon_core.package_identification:_identify(src/li_slam_ros2/lidarslam_msgs) by extension 'ros'
[5.919s] DEBUG:colcon.colcon_core.package_identification:Package 'src/li_slam_ros2/lidarslam_msgs' with type 'ros.ament_cmake' and name 'lidarslam_msgs'
[5.919s] Level 1:colcon.colcon_core.package_identification:_identify(src/li_slam_ros2/scanmatcher) by extensions ['ignore', 'ignore_ament_install']
[5.919s] Level 1:colcon.colcon_core.package_identification:_identify(src/li_slam_ros2/scanmatcher) by extension 'ignore'
[5.919s] Level 1:colcon.colcon_core.package_identification:_identify(src/li_slam_ros2/scanmatcher) by extension 'ignore_ament_install'
[5.919s] Level 1:colcon.colcon_core.package_identification:_identify(src/li_slam_ros2/scanmatcher) by extensions ['colcon_pkg']
[5.919s] Level 1:colcon.colcon_core.package_identification:_identify(src/li_slam_ros2/scanmatcher) by extension 'colcon_pkg'
[5.919s] Level 1:colcon.colcon_core.package_identification:_identify(src/li_slam_ros2/scanmatcher) by extensions ['colcon_meta']
[5.919s] Level 1:colcon.colcon_core.package_identification:_identify(src/li_slam_ros2/scanmatcher) by extension 'colcon_meta'
[5.919s] Level 1:colcon.colcon_core.package_identification:_identify(src/li_slam_ros2/scanmatcher) by extensions ['ros']
[5.919s] Level 1:colcon.colcon_core.package_identification:_identify(src/li_slam_ros2/scanmatcher) by extension 'ros'
[5.934s] DEBUG:colcon.colcon_core.package_identification:Package 'src/li_slam_ros2/scanmatcher' with type 'ros.ament_cmake' and name 'scanmatcher'
[5.934s] Level 1:colcon.colcon_core.package_discovery:discover_packages(recursive) using defaults
[5.934s] Level 1:colcon.colcon_core.package_discovery:discover_packages(ignore) discover
[5.934s] Level 1:colcon.colcon_core.package_discovery:discover_packages(ignore) using defaults
[5.934s] Level 1:colcon.colcon_core.package_discovery:discover_packages(path) discover
[5.934s] Level 1:colcon.colcon_core.package_discovery:discover_packages(path) using defaults
[6.180s] Level 5:colcon.colcon_core.verb:set package 'lidarslam_msgs' build argument 'cmake_args' from command line to '['-DCMAKE_BUILD_TYPE=Release']'
[6.180s] Level 5:colcon.colcon_core.verb:set package 'lidarslam_msgs' build argument 'cmake_target' from command line to 'None'
[6.180s] Level 5:colcon.colcon_core.verb:set package 'lidarslam_msgs' build argument 'cmake_target_skip_unavailable' from command line to 'False'
[6.180s] Level 5:colcon.colcon_core.verb:set package 'lidarslam_msgs' build argument 'cmake_clean_cache' from command line to 'False'
[6.180s] Level 5:colcon.colcon_core.verb:set package 'lidarslam_msgs' build argument 'cmake_clean_first' from command line to 'False'
[6.180s] Level 5:colcon.colcon_core.verb:set package 'lidarslam_msgs' build argument 'cmake_force_configure' from command line to 'False'
[6.180s] Level 5:colcon.colcon_core.verb:set package 'lidarslam_msgs' build argument 'ament_cmake_args' from command line to 'None'
[6.180s] Level 5:colcon.colcon_core.verb:set package 'lidarslam_msgs' build argument 'catkin_cmake_args' from command line to 'None'
[6.180s] Level 5:colcon.colcon_core.verb:set package 'lidarslam_msgs' build argument 'catkin_skip_building_tests' from command line to 'False'
[6.180s] DEBUG:colcon.colcon_core.verb:Building package 'lidarslam_msgs' with the following arguments: {'ament_cmake_args': None, 'build_base': '/home/ros_workspace/LI-SLAM/build/lidarslam_msgs', 'catkin_cmake_args': None, 'catkin_skip_building_tests': False, 'cmake_args': ['-DCMAKE_BUILD_TYPE=Release'], 'cmake_clean_cache': False, 'cmake_clean_first': False, 'cmake_force_configure': False, 'cmake_target': None, 'cmake_target_skip_unavailable': False, 'install_base': '/home/ros_workspace/LI-SLAM/install/lidarslam_msgs', 'merge_install': False, 'path': '/home/ros_workspace/LI-SLAM/src/li_slam_ros2/lidarslam_msgs', 'symlink_install': False, 'test_result_base': None}
[6.181s] Level 5:colcon.colcon_core.verb:set package 'ndt_omp_ros2' build argument 'cmake_args' from command line to '['-DCMAKE_BUILD_TYPE=Release']'
[6.181s] Level 5:colcon.colcon_core.verb:set package 'ndt_omp_ros2' build argument 'cmake_target' from command line to 'None'
[6.181s] Level 5:colcon.colcon_core.verb:set package 'ndt_omp_ros2' build argument 'cmake_target_skip_unavailable' from command line to 'False'
[6.181s] Level 5:colcon.colcon_core.verb:set package 'ndt_omp_ros2' build argument 'cmake_clean_cache' from command line to 'False'
[6.181s] Level 5:colcon.colcon_core.verb:set package 'ndt_omp_ros2' build argument 'cmake_clean_first' from command line to 'False'
[6.181s] Level 5:colcon.colcon_core.verb:set package 'ndt_omp_ros2' build argument 'cmake_force_configure' from command line to 'False'
[6.181s] Level 5:colcon.colcon_core.verb:set package 'ndt_omp_ros2' build argument 'ament_cmake_args' from command line to 'None'
[6.181s] Level 5:colcon.colcon_core.verb:set package 'ndt_omp_ros2' build argument 'catkin_cmake_args' from command line to 'None'
[6.181s] Level 5:colcon.colcon_core.verb:set package 'ndt_omp_ros2' build argument 'catkin_skip_building_tests' from command line to 'False'
[6.181s] DEBUG:colcon.colcon_core.verb:Building package 'ndt_omp_ros2' with the following arguments: {'ament_cmake_args': None, 'build_base': '/home/ros_workspace/LI-SLAM/build/ndt_omp_ros2', 'catkin_cmake_args': None, 'catkin_skip_building_tests': False, 'cmake_args': ['-DCMAKE_BUILD_TYPE=Release'], 'cmake_clean_cache': False, 'cmake_clean_first': False, 'cmake_force_configure': False, 'cmake_target': None, 'cmake_target_skip_unavailable': False, 'install_base': '/home/ros_workspace/LI-SLAM/install/ndt_omp_ros2', 'merge_install': False, 'path': '/home/ros_workspace/LI-SLAM/src/li_slam_ros2/Thirdparty/ndt_omp_ros2', 'symlink_install': False, 'test_result_base': None}
[6.182s] Level 5:colcon.colcon_core.verb:set package 'graph_based_slam' build argument 'cmake_args' from command line to '['-DCMAKE_BUILD_TYPE=Release']'
[6.182s] Level 5:colcon.colcon_core.verb:set package 'graph_based_slam' build argument 'cmake_target' from command line to 'None'
[6.182s] Level 5:colcon.colcon_core.verb:set package 'graph_based_slam' build argument 'cmake_target_skip_unavailable' from command line to 'False'
[6.182s] Level 5:colcon.colcon_core.verb:set package 'graph_based_slam' build argument 'cmake_clean_cache' from command line to 'False'
[6.182s] Level 5:colcon.colcon_core.verb:set package 'graph_based_slam' build argument 'cmake_clean_first' from command line to 'False'
[6.182s] Level 5:colcon.colcon_core.verb:set package 'graph_based_slam' build argument 'cmake_force_configure' from command line to 'False'
[6.182s] Level 5:colcon.colcon_core.verb:set package 'graph_based_slam' build argument 'ament_cmake_args' from command line to 'None'
[6.182s] Level 5:colcon.colcon_core.verb:set package 'graph_based_slam' build argument 'catkin_cmake_args' from command line to 'None'
[6.182s] Level 5:colcon.colcon_core.verb:set package 'graph_based_slam' build argument 'catkin_skip_building_tests' from command line to 'False'
[6.182s] DEBUG:colcon.colcon_core.verb:Building package 'graph_based_slam' with the following arguments: {'ament_cmake_args': None, 'build_base': '/home/ros_workspace/LI-SLAM/build/graph_based_slam', 'catkin_cmake_args': None, 'catkin_skip_building_tests': False, 'cmake_args': ['-DCMAKE_BUILD_TYPE=Release'], 'cmake_clean_cache': False, 'cmake_clean_first': False, 'cmake_force_configure': False, 'cmake_target': None, 'cmake_target_skip_unavailable': False, 'install_base': '/home/ros_workspace/LI-SLAM/install/graph_based_slam', 'merge_install': False, 'path': '/home/ros_workspace/LI-SLAM/src/li_slam_ros2/graph_based_slam', 'symlink_install': False, 'test_result_base': None}
[6.183s] Level 5:colcon.colcon_core.verb:set package 'scanmatcher' build argument 'cmake_args' from command line to '['-DCMAKE_BUILD_TYPE=Release']'
[6.183s] Level 5:colcon.colcon_core.verb:set package 'scanmatcher' build argument 'cmake_target' from command line to 'None'
[6.183s] Level 5:colcon.colcon_core.verb:set package 'scanmatcher' build argument 'cmake_target_skip_unavailable' from command line to 'False'
[6.183s] Level 5:colcon.colcon_core.verb:set package 'scanmatcher' build argument 'cmake_clean_cache' from command line to 'False'
[6.183s] Level 5:colcon.colcon_core.verb:set package 'scanmatcher' build argument 'cmake_clean_first' from command line to 'False'
[6.183s] Level 5:colcon.colcon_core.verb:set package 'scanmatcher' build argument 'cmake_force_configure' from command line to 'False'
[6.183s] Level 5:colcon.colcon_core.verb:set package 'scanmatcher' build argument 'ament_cmake_args' from command line to 'None'
[6.183s] Level 5:colcon.colcon_core.verb:set package 'scanmatcher' build argument 'catkin_cmake_args' from command line to 'None'
[6.183s] Level 5:colcon.colcon_core.verb:set package 'scanmatcher' build argument 'catkin_skip_building_tests' from command line to 'False'
[6.183s] DEBUG:colcon.colcon_core.verb:Building package 'scanmatcher' with the following arguments: {'ament_cmake_args': None, 'build_base': '/home/ros_workspace/LI-SLAM/build/scanmatcher', 'catkin_cmake_args': None, 'catkin_skip_building_tests': False, 'cmake_args': ['-DCMAKE_BUILD_TYPE=Release'], 'cmake_clean_cache': False, 'cmake_clean_first': False, 'cmake_force_configure': False, 'cmake_target': None, 'cmake_target_skip_unavailable': False, 'install_base': '/home/ros_workspace/LI-SLAM/install/scanmatcher', 'merge_install': False, 'path': '/home/ros_workspace/LI-SLAM/src/li_slam_ros2/scanmatcher', 'symlink_install': False, 'test_result_base': None}
[6.184s] INFO:colcon.colcon_core.executor:Executing jobs using 'parallel' executor
[6.185s] DEBUG:colcon.colcon_parallel_executor.executor.parallel:run_until_complete
[6.186s] INFO:colcon.colcon_ros.task.ament_cmake.build:Building ROS package in '/home/ros_workspace/LI-SLAM/src/li_slam_ros2/lidarslam_msgs' with build type 'ament_cmake'
[6.186s] INFO:colcon.colcon_cmake.task.cmake.build:Building CMake package in '/home/ros_workspace/LI-SLAM/src/li_slam_ros2/lidarslam_msgs'
[6.231s] INFO:colcon.colcon_core.plugin_system:Skipping extension 'colcon_core.shell.bat': Not used on non-Windows systems
[6.231s] INFO:colcon.colcon_core.shell:Skip shell extension 'powershell' for command environment: Not usable outside of PowerShell
[6.231s] DEBUG:colcon.colcon_core.shell:Skip shell extension 'dsv' for command environment
[6.253s] INFO:colcon.colcon_ros.task.ament_cmake.build:Building ROS package in '/home/ros_workspace/LI-SLAM/src/li_slam_ros2/Thirdparty/ndt_omp_ros2' with build type 'ament_cmake'
[6.254s] INFO:colcon.colcon_cmake.task.cmake.build:Building CMake package in '/home/ros_workspace/LI-SLAM/src/li_slam_ros2/Thirdparty/ndt_omp_ros2'
[6.254s] INFO:colcon.colcon_core.shell:Skip shell extension 'powershell' for command environment: Not usable outside of PowerShell
[6.254s] DEBUG:colcon.colcon_core.shell:Skip shell extension 'dsv' for command environment
[6.269s] DEBUG:colcon.colcon_core.event_handler.log_command:Invoking command in '/home/ros_workspace/LI-SLAM/build/lidarslam_msgs': CMAKE_PREFIX_PATH=/opt/ros/humble /usr/bin/cmake /home/ros_workspace/LI-SLAM/src/li_slam_ros2/lidarslam_msgs -DCMAKE_BUILD_TYPE=Release -DCMAKE_INSTALL_PREFIX=/home/ros_workspace/LI-SLAM/install/lidarslam_msgs
[6.313s] DEBUG:colcon.colcon_core.event_handler.log_command:Invoking command in '/home/ros_workspace/LI-SLAM/build/ndt_omp_ros2': CMAKE_PREFIX_PATH=/opt/ros/humble /usr/bin/cmake /home/ros_workspace/LI-SLAM/src/li_slam_ros2/Thirdparty/ndt_omp_ros2 -DCMAKE_BUILD_TYPE=Release -DCMAKE_INSTALL_PREFIX=/home/ros_workspace/LI-SLAM/install/ndt_omp_ros2
[15.126s] DEBUG:colcon.colcon_core.event_handler.log_command:Invoked command in '/home/ros_workspace/LI-SLAM/build/lidarslam_msgs' returned '0': CMAKE_PREFIX_PATH=/opt/ros/humble /usr/bin/cmake /home/ros_workspace/LI-SLAM/src/li_slam_ros2/lidarslam_msgs -DCMAKE_BUILD_TYPE=Release -DCMAKE_INSTALL_PREFIX=/home/ros_workspace/LI-SLAM/install/lidarslam_msgs
[15.129s] DEBUG:colcon.colcon_core.event_handler.log_command:Invoking command in '/home/ros_workspace/LI-SLAM/build/lidarslam_msgs': CMAKE_PREFIX_PATH=/opt/ros/humble /usr/bin/cmake --build /home/ros_workspace/LI-SLAM/build/lidarslam_msgs -- -j16 -l16
[24.265s] DEBUG:colcon.colcon_core.event_handler.log_command:Invoked command in '/home/ros_workspace/LI-SLAM/build/lidarslam_msgs' returned '0': CMAKE_PREFIX_PATH=/opt/ros/humble /usr/bin/cmake --build /home/ros_workspace/LI-SLAM/build/lidarslam_msgs -- -j16 -l16
[24.283s] DEBUG:colcon.colcon_core.event_handler.log_command:Invoking command in '/home/ros_workspace/LI-SLAM/build/lidarslam_msgs': CMAKE_PREFIX_PATH=/opt/ros/humble /usr/bin/cmake --install /home/ros_workspace/LI-SLAM/build/lidarslam_msgs
[24.387s] Level 1:colcon.colcon_core.environment:create_environment_scripts_only(lidarslam_msgs)
[24.388s] DEBUG:colcon.colcon_core.event_handler.log_command:Invoked command in '/home/ros_workspace/LI-SLAM/build/lidarslam_msgs' returned '0': CMAKE_PREFIX_PATH=/opt/ros/humble /usr/bin/cmake --install /home/ros_workspace/LI-SLAM/build/lidarslam_msgs
[24.474s] Level 1:colcon.colcon_core.environment:checking '/home/ros_workspace/LI-SLAM/install/lidarslam_msgs' for CMake module files
[24.474s] Level 1:colcon.colcon_core.environment:checking '/home/ros_workspace/LI-SLAM/install/lidarslam_msgs' for CMake config files
[24.475s] Level 1:colcon.colcon_core.shell:create_environment_hook('lidarslam_msgs', 'cmake_prefix_path')
[24.475s] INFO:colcon.colcon_core.shell:Creating environment hook '/home/ros_workspace/LI-SLAM/install/lidarslam_msgs/share/lidarslam_msgs/hook/cmake_prefix_path.ps1'
[24.477s] INFO:colcon.colcon_core.shell:Creating environment descriptor '/home/ros_workspace/LI-SLAM/install/lidarslam_msgs/share/lidarslam_msgs/hook/cmake_prefix_path.dsv'
[24.494s] INFO:colcon.colcon_core.shell:Creating environment hook '/home/ros_workspace/LI-SLAM/install/lidarslam_msgs/share/lidarslam_msgs/hook/cmake_prefix_path.sh'
[24.496s] Level 1:colcon.colcon_core.environment:checking '/home/ros_workspace/LI-SLAM/install/lidarslam_msgs/lib'
[24.496s] Level 1:colcon.colcon_core.shell:create_environment_hook('lidarslam_msgs', 'ld_library_path_lib')
[24.496s] INFO:colcon.colcon_core.shell:Creating environment hook '/home/ros_workspace/LI-SLAM/install/lidarslam_msgs/share/lidarslam_msgs/hook/ld_library_path_lib.ps1'
[24.497s] INFO:colcon.colcon_core.shell:Creating environment descriptor '/home/ros_workspace/LI-SLAM/install/lidarslam_msgs/share/lidarslam_msgs/hook/ld_library_path_lib.dsv'
[24.497s] INFO:colcon.colcon_core.shell:Creating environment hook '/home/ros_workspace/LI-SLAM/install/lidarslam_msgs/share/lidarslam_msgs/hook/ld_library_path_lib.sh'
[24.497s] Level 1:colcon.colcon_core.environment:checking '/home/ros_workspace/LI-SLAM/install/lidarslam_msgs/bin'
[24.497s] Level 1:colcon.colcon_core.environment:checking '/home/ros_workspace/LI-SLAM/install/lidarslam_msgs/lib/pkgconfig/lidarslam_msgs.pc'
[24.498s] Level 1:colcon.colcon_core.environment:checking '/home/ros_workspace/LI-SLAM/install/lidarslam_msgs/lib/python3.10/site-packages'
[24.498s] Level 1:colcon.colcon_core.environment:checking '/home/ros_workspace/LI-SLAM/install/lidarslam_msgs/bin'
[24.499s] INFO:colcon.colcon_core.shell:Creating package script '/home/ros_workspace/LI-SLAM/install/lidarslam_msgs/share/lidarslam_msgs/package.ps1'
[24.500s] INFO:colcon.colcon_core.shell:Creating package descriptor '/home/ros_workspace/LI-SLAM/install/lidarslam_msgs/share/lidarslam_msgs/package.dsv'
[24.501s] INFO:colcon.colcon_core.shell:Creating package script '/home/ros_workspace/LI-SLAM/install/lidarslam_msgs/share/lidarslam_msgs/package.sh'
[24.502s] INFO:colcon.colcon_core.shell:Creating package script '/home/ros_workspace/LI-SLAM/install/lidarslam_msgs/share/lidarslam_msgs/package.bash'
[24.533s] INFO:colcon.colcon_core.shell:Creating package script '/home/ros_workspace/LI-SLAM/install/lidarslam_msgs/share/lidarslam_msgs/package.zsh'
[24.557s] Level 1:colcon.colcon_core.environment:create_file_with_runtime_dependencies(/home/ros_workspace/LI-SLAM/install/lidarslam_msgs/share/colcon-core/packages/lidarslam_msgs)
[24.557s] Level 1:colcon.colcon_core.environment:create_environment_scripts_only(lidarslam_msgs)
[24.558s] Level 1:colcon.colcon_core.environment:checking '/home/ros_workspace/LI-SLAM/install/lidarslam_msgs' for CMake module files
[24.558s] Level 1:colcon.colcon_core.environment:checking '/home/ros_workspace/LI-SLAM/install/lidarslam_msgs' for CMake config files
[24.559s] Level 1:colcon.colcon_core.shell:create_environment_hook('lidarslam_msgs', 'cmake_prefix_path')
[24.559s] INFO:colcon.colcon_core.shell:Creating environment hook '/home/ros_workspace/LI-SLAM/install/lidarslam_msgs/share/lidarslam_msgs/hook/cmake_prefix_path.ps1'
[24.559s] INFO:colcon.colcon_core.shell:Creating environment descriptor '/home/ros_workspace/LI-SLAM/install/lidarslam_msgs/share/lidarslam_msgs/hook/cmake_prefix_path.dsv'
[24.559s] INFO:colcon.colcon_core.shell:Creating environment hook '/home/ros_workspace/LI-SLAM/install/lidarslam_msgs/share/lidarslam_msgs/hook/cmake_prefix_path.sh'
[24.561s] Level 1:colcon.colcon_core.environment:checking '/home/ros_workspace/LI-SLAM/install/lidarslam_msgs/lib'
[24.561s] Level 1:colcon.colcon_core.shell:create_environment_hook('lidarslam_msgs', 'ld_library_path_lib')
[24.561s] INFO:colcon.colcon_core.shell:Creating environment hook '/home/ros_workspace/LI-SLAM/install/lidarslam_msgs/share/lidarslam_msgs/hook/ld_library_path_lib.ps1'
[24.561s] INFO:colcon.colcon_core.shell:Creating environment descriptor '/home/ros_workspace/LI-SLAM/install/lidarslam_msgs/share/lidarslam_msgs/hook/ld_library_path_lib.dsv'
[24.561s] INFO:colcon.colcon_core.shell:Creating environment hook '/home/ros_workspace/LI-SLAM/install/lidarslam_msgs/share/lidarslam_msgs/hook/ld_library_path_lib.sh'
[24.562s] Level 1:colcon.colcon_core.environment:checking '/home/ros_workspace/LI-SLAM/install/lidarslam_msgs/bin'
[24.562s] Level 1:colcon.colcon_core.environment:checking '/home/ros_workspace/LI-SLAM/install/lidarslam_msgs/lib/pkgconfig/lidarslam_msgs.pc'
[24.562s] Level 1:colcon.colcon_core.environment:checking '/home/ros_workspace/LI-SLAM/install/lidarslam_msgs/lib/python3.10/site-packages'
[24.562s] Level 1:colcon.colcon_core.environment:checking '/home/ros_workspace/LI-SLAM/install/lidarslam_msgs/bin'
[24.563s] INFO:colcon.colcon_core.shell:Creating package script '/home/ros_workspace/LI-SLAM/install/lidarslam_msgs/share/lidarslam_msgs/package.ps1'
[24.563s] INFO:colcon.colcon_core.shell:Creating package descriptor '/home/ros_workspace/LI-SLAM/install/lidarslam_msgs/share/lidarslam_msgs/package.dsv'
[24.564s] INFO:colcon.colcon_core.shell:Creating package script '/home/ros_workspace/LI-SLAM/install/lidarslam_msgs/share/lidarslam_msgs/package.sh'
[24.564s] INFO:colcon.colcon_core.shell:Creating package script '/home/ros_workspace/LI-SLAM/install/lidarslam_msgs/share/lidarslam_msgs/package.bash'
[24.565s] INFO:colcon.colcon_core.shell:Creating package script '/home/ros_workspace/LI-SLAM/install/lidarslam_msgs/share/lidarslam_msgs/package.zsh'
[24.565s] Level 1:colcon.colcon_core.environment:create_file_with_runtime_dependencies(/home/ros_workspace/LI-SLAM/install/lidarslam_msgs/share/colcon-core/packages/lidarslam_msgs)
[24.983s] DEBUG:colcon.colcon_core.event_handler.log_command:Invoked command in '/home/ros_workspace/LI-SLAM/build/ndt_omp_ros2' returned '0': CMAKE_PREFIX_PATH=/opt/ros/humble /usr/bin/cmake /home/ros_workspace/LI-SLAM/src/li_slam_ros2/Thirdparty/ndt_omp_ros2 -DCMAKE_BUILD_TYPE=Release -DCMAKE_INSTALL_PREFIX=/home/ros_workspace/LI-SLAM/install/ndt_omp_ros2
[24.985s] DEBUG:colcon.colcon_core.event_handler.log_command:Invoking command in '/home/ros_workspace/LI-SLAM/build/ndt_omp_ros2': CMAKE_PREFIX_PATH=/opt/ros/humble /usr/bin/cmake --build /home/ros_workspace/LI-SLAM/build/ndt_omp_ros2 -- -j16 -l16
[75.002s] DEBUG:colcon.colcon_core.event_handler.log_command:Invoked command in '/home/ros_workspace/LI-SLAM/build/ndt_omp_ros2' returned '0': CMAKE_PREFIX_PATH=/opt/ros/humble /usr/bin/cmake --build /home/ros_workspace/LI-SLAM/build/ndt_omp_ros2 -- -j16 -l16
[75.005s] DEBUG:colcon.colcon_core.event_handler.log_command:Invoking command in '/home/ros_workspace/LI-SLAM/build/ndt_omp_ros2': CMAKE_PREFIX_PATH=/opt/ros/humble /usr/bin/cmake --install /home/ros_workspace/LI-SLAM/build/ndt_omp_ros2
[75.028s] Level 1:colcon.colcon_core.environment:create_environment_scripts_only(ndt_omp_ros2)
[75.029s] Level 1:colcon.colcon_core.environment:checking '/home/ros_workspace/LI-SLAM/install/ndt_omp_ros2' for CMake module files
[75.029s] DEBUG:colcon.colcon_core.event_handler.log_command:Invoked command in '/home/ros_workspace/LI-SLAM/build/ndt_omp_ros2' returned '0': CMAKE_PREFIX_PATH=/opt/ros/humble /usr/bin/cmake --install /home/ros_workspace/LI-SLAM/build/ndt_omp_ros2
[75.030s] Level 1:colcon.colcon_core.environment:checking '/home/ros_workspace/LI-SLAM/install/ndt_omp_ros2' for CMake config files
[75.030s] Level 1:colcon.colcon_core.shell:create_environment_hook('ndt_omp_ros2', 'cmake_prefix_path')
[75.030s] INFO:colcon.colcon_core.shell:Creating environment hook '/home/ros_workspace/LI-SLAM/install/ndt_omp_ros2/share/ndt_omp_ros2/hook/cmake_prefix_path.ps1'
[75.031s] INFO:colcon.colcon_core.shell:Creating environment descriptor '/home/ros_workspace/LI-SLAM/install/ndt_omp_ros2/share/ndt_omp_ros2/hook/cmake_prefix_path.dsv'
[75.031s] INFO:colcon.colcon_core.shell:Creating environment hook '/home/ros_workspace/LI-SLAM/install/ndt_omp_ros2/share/ndt_omp_ros2/hook/cmake_prefix_path.sh'
[75.032s] Level 1:colcon.colcon_core.environment:checking '/home/ros_workspace/LI-SLAM/install/ndt_omp_ros2/lib'
[75.032s] Level 1:colcon.colcon_core.environment:checking '/home/ros_workspace/LI-SLAM/install/ndt_omp_ros2/bin'
[75.032s] Level 1:colcon.colcon_core.shell:create_environment_hook('ndt_omp_ros2', 'path')
[75.032s] INFO:colcon.colcon_core.shell:Creating environment hook '/home/ros_workspace/LI-SLAM/install/ndt_omp_ros2/share/ndt_omp_ros2/hook/path.ps1'
[75.032s] INFO:colcon.colcon_core.shell:Creating environment descriptor '/home/ros_workspace/LI-SLAM/install/ndt_omp_ros2/share/ndt_omp_ros2/hook/path.dsv'
[75.032s] INFO:colcon.colcon_core.shell:Creating environment hook '/home/ros_workspace/LI-SLAM/install/ndt_omp_ros2/share/ndt_omp_ros2/hook/path.sh'
[75.033s] Level 1:colcon.colcon_core.environment:checking '/home/ros_workspace/LI-SLAM/install/ndt_omp_ros2/lib/pkgconfig/ndt_omp_ros2.pc'
[75.033s] Level 1:colcon.colcon_core.environment:checking '/home/ros_workspace/LI-SLAM/install/ndt_omp_ros2/lib/python3.10/site-packages'
[75.033s] Level 1:colcon.colcon_core.environment:checking '/home/ros_workspace/LI-SLAM/install/ndt_omp_ros2/bin'
[75.033s] Level 1:colcon.colcon_core.shell:create_environment_hook('ndt_omp_ros2', 'pythonscriptspath')
[75.034s] INFO:colcon.colcon_core.shell:Creating environment hook '/home/ros_workspace/LI-SLAM/install/ndt_omp_ros2/share/ndt_omp_ros2/hook/pythonscriptspath.ps1'
[75.034s] INFO:colcon.colcon_core.shell:Creating environment descriptor '/home/ros_workspace/LI-SLAM/install/ndt_omp_ros2/share/ndt_omp_ros2/hook/pythonscriptspath.dsv'
[75.034s] INFO:colcon.colcon_core.shell:Creating environment hook '/home/ros_workspace/LI-SLAM/install/ndt_omp_ros2/share/ndt_omp_ros2/hook/pythonscriptspath.sh'
[75.035s] INFO:colcon.colcon_core.shell:Creating package script '/home/ros_workspace/LI-SLAM/install/ndt_omp_ros2/share/ndt_omp_ros2/package.ps1'
[75.035s] INFO:colcon.colcon_core.shell:Creating package descriptor '/home/ros_workspace/LI-SLAM/install/ndt_omp_ros2/share/ndt_omp_ros2/package.dsv'
[75.036s] INFO:colcon.colcon_core.shell:Creating package script '/home/ros_workspace/LI-SLAM/install/ndt_omp_ros2/share/ndt_omp_ros2/package.sh'
[75.036s] INFO:colcon.colcon_core.shell:Creating package script '/home/ros_workspace/LI-SLAM/install/ndt_omp_ros2/share/ndt_omp_ros2/package.bash'
[75.036s] INFO:colcon.colcon_core.shell:Creating package script '/home/ros_workspace/LI-SLAM/install/ndt_omp_ros2/share/ndt_omp_ros2/package.zsh'
[75.037s] Level 1:colcon.colcon_core.environment:create_file_with_runtime_dependencies(/home/ros_workspace/LI-SLAM/install/ndt_omp_ros2/share/colcon-core/packages/ndt_omp_ros2)
[75.037s] Level 1:colcon.colcon_core.environment:create_environment_scripts_only(ndt_omp_ros2)
[75.037s] Level 1:colcon.colcon_core.environment:checking '/home/ros_workspace/LI-SLAM/install/ndt_omp_ros2' for CMake module files
[75.038s] Level 1:colcon.colcon_core.environment:checking '/home/ros_workspace/LI-SLAM/install/ndt_omp_ros2' for CMake config files
[75.038s] Level 1:colcon.colcon_core.shell:create_environment_hook('ndt_omp_ros2', 'cmake_prefix_path')
[75.038s] INFO:colcon.colcon_core.shell:Creating environment hook '/home/ros_workspace/LI-SLAM/install/ndt_omp_ros2/share/ndt_omp_ros2/hook/cmake_prefix_path.ps1'
[75.039s] INFO:colcon.colcon_core.shell:Creating environment descriptor '/home/ros_workspace/LI-SLAM/install/ndt_omp_ros2/share/ndt_omp_ros2/hook/cmake_prefix_path.dsv'
[75.040s] INFO:colcon.colcon_core.shell:Creating environment hook '/home/ros_workspace/LI-SLAM/install/ndt_omp_ros2/share/ndt_omp_ros2/hook/cmake_prefix_path.sh'
[75.041s] Level 1:colcon.colcon_core.environment:checking '/home/ros_workspace/LI-SLAM/install/ndt_omp_ros2/lib'
[75.041s] Level 1:colcon.colcon_core.environment:checking '/home/ros_workspace/LI-SLAM/install/ndt_omp_ros2/bin'
[75.041s] Level 1:colcon.colcon_core.shell:create_environment_hook('ndt_omp_ros2', 'path')
[75.041s] INFO:colcon.colcon_core.shell:Creating environment hook '/home/ros_workspace/LI-SLAM/install/ndt_omp_ros2/share/ndt_omp_ros2/hook/path.ps1'
[75.042s] INFO:colcon.colcon_core.shell:Creating environment descriptor '/home/ros_workspace/LI-SLAM/install/ndt_omp_ros2/share/ndt_omp_ros2/hook/path.dsv'
[75.042s] INFO:colcon.colcon_core.shell:Creating environment hook '/home/ros_workspace/LI-SLAM/install/ndt_omp_ros2/share/ndt_omp_ros2/hook/path.sh'
[75.043s] Level 1:colcon.colcon_core.environment:checking '/home/ros_workspace/LI-SLAM/install/ndt_omp_ros2/lib/pkgconfig/ndt_omp_ros2.pc'
[75.043s] Level 1:colcon.colcon_core.environment:checking '/home/ros_workspace/LI-SLAM/install/ndt_omp_ros2/lib/python3.10/site-packages'
[75.044s] Level 1:colcon.colcon_core.environment:checking '/home/ros_workspace/LI-SLAM/install/ndt_omp_ros2/bin'
[75.044s] Level 1:colcon.colcon_core.shell:create_environment_hook('ndt_omp_ros2', 'pythonscriptspath')
[75.045s] INFO:colcon.colcon_core.shell:Creating environment hook '/home/ros_workspace/LI-SLAM/install/ndt_omp_ros2/share/ndt_omp_ros2/hook/pythonscriptspath.ps1'
[75.046s] INFO:colcon.colcon_core.shell:Creating environment descriptor '/home/ros_workspace/LI-SLAM/install/ndt_omp_ros2/share/ndt_omp_ros2/hook/pythonscriptspath.dsv'
[75.046s] INFO:colcon.colcon_core.shell:Creating environment hook '/home/ros_workspace/LI-SLAM/install/ndt_omp_ros2/share/ndt_omp_ros2/hook/pythonscriptspath.sh'
[75.048s] INFO:colcon.colcon_core.shell:Creating package script '/home/ros_workspace/LI-SLAM/install/ndt_omp_ros2/share/ndt_omp_ros2/package.ps1'
[75.049s] INFO:colcon.colcon_core.shell:Creating package descriptor '/home/ros_workspace/LI-SLAM/install/ndt_omp_ros2/share/ndt_omp_ros2/package.dsv'
[75.050s] INFO:colcon.colcon_core.shell:Creating package script '/home/ros_workspace/LI-SLAM/install/ndt_omp_ros2/share/ndt_omp_ros2/package.sh'
[75.051s] INFO:colcon.colcon_core.shell:Creating package script '/home/ros_workspace/LI-SLAM/install/ndt_omp_ros2/share/ndt_omp_ros2/package.bash'
[75.052s] INFO:colcon.colcon_core.shell:Creating package script '/home/ros_workspace/LI-SLAM/install/ndt_omp_ros2/share/ndt_omp_ros2/package.zsh'
[75.052s] Level 1:colcon.colcon_core.environment:create_file_with_runtime_dependencies(/home/ros_workspace/LI-SLAM/install/ndt_omp_ros2/share/colcon-core/packages/ndt_omp_ros2)
[75.053s] INFO:colcon.colcon_ros.task.ament_cmake.build:Building ROS package in '/home/ros_workspace/LI-SLAM/src/li_slam_ros2/graph_based_slam' with build type 'ament_cmake'
[75.053s] INFO:colcon.colcon_cmake.task.cmake.build:Building CMake package in '/home/ros_workspace/LI-SLAM/src/li_slam_ros2/graph_based_slam'
[75.053s] INFO:colcon.colcon_core.shell:Skip shell extension 'powershell' for command environment: Not usable outside of PowerShell
[75.054s] DEBUG:colcon.colcon_core.shell:Skip shell extension 'dsv' for command environment
[75.059s] INFO:colcon.colcon_ros.task.ament_cmake.build:Building ROS package in '/home/ros_workspace/LI-SLAM/src/li_slam_ros2/scanmatcher' with build type 'ament_cmake'
[75.060s] INFO:colcon.colcon_cmake.task.cmake.build:Building CMake package in '/home/ros_workspace/LI-SLAM/src/li_slam_ros2/scanmatcher'
[75.060s] INFO:colcon.colcon_core.shell:Skip shell extension 'powershell' for command environment: Not usable outside of PowerShell
[75.060s] DEBUG:colcon.colcon_core.shell:Skip shell extension 'dsv' for command environment
[75.073s] DEBUG:colcon.colcon_core.event_handler.log_command:Invoking command in '/home/ros_workspace/LI-SLAM/build/graph_based_slam': AMENT_PREFIX_PATH=/home/ros_workspace/LI-SLAM/install/ndt_omp_ros2:/home/ros_workspace/LI-SLAM/install/lidarslam_msgs:${AMENT_PREFIX_PATH} CMAKE_PREFIX_PATH=/home/ros_workspace/LI-SLAM/install/ndt_omp_ros2:/home/ros_workspace/LI-SLAM/install/lidarslam_msgs:/opt/ros/humble LD_LIBRARY_PATH=/home/ros_workspace/LI-SLAM/install/lidarslam_msgs/lib:${LD_LIBRARY_PATH} PATH=/home/ros_workspace/LI-SLAM/install/ndt_omp_ros2/bin:${PATH} PYTHONPATH=/home/ros_workspace/LI-SLAM/install/lidarslam_msgs/local/lib/python3.10/dist-packages:${PYTHONPATH} /usr/bin/cmake /home/ros_workspace/LI-SLAM/src/li_slam_ros2/graph_based_slam -DCMAKE_BUILD_TYPE=Release -DCMAKE_INSTALL_PREFIX=/home/ros_workspace/LI-SLAM/install/graph_based_slam
[75.078s] DEBUG:colcon.colcon_core.event_handler.log_command:Invoking command in '/home/ros_workspace/LI-SLAM/build/scanmatcher': AMENT_PREFIX_PATH=/home/ros_workspace/LI-SLAM/install/ndt_omp_ros2:/home/ros_workspace/LI-SLAM/install/lidarslam_msgs:${AMENT_PREFIX_PATH} CMAKE_PREFIX_PATH=/home/ros_workspace/LI-SLAM/install/ndt_omp_ros2:/home/ros_workspace/LI-SLAM/install/lidarslam_msgs:/opt/ros/humble LD_LIBRARY_PATH=/home/ros_workspace/LI-SLAM/install/lidarslam_msgs/lib:${LD_LIBRARY_PATH} PATH=/home/ros_workspace/LI-SLAM/install/ndt_omp_ros2/bin:${PATH} PYTHONPATH=/home/ros_workspace/LI-SLAM/install/lidarslam_msgs/local/lib/python3.10/dist-packages:${PYTHONPATH} /usr/bin/cmake /home/ros_workspace/LI-SLAM/src/li_slam_ros2/scanmatcher -DCMAKE_BUILD_TYPE=Release -DCMAKE_INSTALL_PREFIX=/home/ros_workspace/LI-SLAM/install/scanmatcher
[80.742s] DEBUG:colcon.colcon_core.event_handler.log_command:Invoked command in '/home/ros_workspace/LI-SLAM/build/graph_based_slam' returned '0': AMENT_PREFIX_PATH=/home/ros_workspace/LI-SLAM/install/ndt_omp_ros2:/home/ros_workspace/LI-SLAM/install/lidarslam_msgs:${AMENT_PREFIX_PATH} CMAKE_PREFIX_PATH=/home/ros_workspace/LI-SLAM/install/ndt_omp_ros2:/home/ros_workspace/LI-SLAM/install/lidarslam_msgs:/opt/ros/humble LD_LIBRARY_PATH=/home/ros_workspace/LI-SLAM/install/lidarslam_msgs/lib:${LD_LIBRARY_PATH} PATH=/home/ros_workspace/LI-SLAM/install/ndt_omp_ros2/bin:${PATH} PYTHONPATH=/home/ros_workspace/LI-SLAM/install/lidarslam_msgs/local/lib/python3.10/dist-packages:${PYTHONPATH} /usr/bin/cmake /home/ros_workspace/LI-SLAM/src/li_slam_ros2/graph_based_slam -DCMAKE_BUILD_TYPE=Release -DCMAKE_INSTALL_PREFIX=/home/ros_workspace/LI-SLAM/install/graph_based_slam
[80.745s] DEBUG:colcon.colcon_core.event_handler.log_command:Invoking command in '/home/ros_workspace/LI-SLAM/build/graph_based_slam': AMENT_PREFIX_PATH=/home/ros_workspace/LI-SLAM/install/ndt_omp_ros2:/home/ros_workspace/LI-SLAM/install/lidarslam_msgs:${AMENT_PREFIX_PATH} CMAKE_PREFIX_PATH=/home/ros_workspace/LI-SLAM/install/ndt_omp_ros2:/home/ros_workspace/LI-SLAM/install/lidarslam_msgs:/opt/ros/humble LD_LIBRARY_PATH=/home/ros_workspace/LI-SLAM/install/lidarslam_msgs/lib:${LD_LIBRARY_PATH} PATH=/home/ros_workspace/LI-SLAM/install/ndt_omp_ros2/bin:${PATH} PYTHONPATH=/home/ros_workspace/LI-SLAM/install/lidarslam_msgs/local/lib/python3.10/dist-packages:${PYTHONPATH} /usr/bin/cmake --build /home/ros_workspace/LI-SLAM/build/graph_based_slam -- -j16 -l16
[80.976s] DEBUG:colcon.colcon_core.event_handler.log_command:Invoked command in '/home/ros_workspace/LI-SLAM/build/scanmatcher' returned '0': AMENT_PREFIX_PATH=/home/ros_workspace/LI-SLAM/install/ndt_omp_ros2:/home/ros_workspace/LI-SLAM/install/lidarslam_msgs:${AMENT_PREFIX_PATH} CMAKE_PREFIX_PATH=/home/ros_workspace/LI-SLAM/install/ndt_omp_ros2:/home/ros_workspace/LI-SLAM/install/lidarslam_msgs:/opt/ros/humble LD_LIBRARY_PATH=/home/ros_workspace/LI-SLAM/install/lidarslam_msgs/lib:${LD_LIBRARY_PATH} PATH=/home/ros_workspace/LI-SLAM/install/ndt_omp_ros2/bin:${PATH} PYTHONPATH=/home/ros_workspace/LI-SLAM/install/lidarslam_msgs/local/lib/python3.10/dist-packages:${PYTHONPATH} /usr/bin/cmake /home/ros_workspace/LI-SLAM/src/li_slam_ros2/scanmatcher -DCMAKE_BUILD_TYPE=Release -DCMAKE_INSTALL_PREFIX=/home/ros_workspace/LI-SLAM/install/scanmatcher
[80.979s] DEBUG:colcon.colcon_core.event_handler.log_command:Invoking command in '/home/ros_workspace/LI-SLAM/build/scanmatcher': AMENT_PREFIX_PATH=/home/ros_workspace/LI-SLAM/install/ndt_omp_ros2:/home/ros_workspace/LI-SLAM/install/lidarslam_msgs:${AMENT_PREFIX_PATH} CMAKE_PREFIX_PATH=/home/ros_workspace/LI-SLAM/install/ndt_omp_ros2:/home/ros_workspace/LI-SLAM/install/lidarslam_msgs:/opt/ros/humble LD_LIBRARY_PATH=/home/ros_workspace/LI-SLAM/install/lidarslam_msgs/lib:${LD_LIBRARY_PATH} PATH=/home/ros_workspace/LI-SLAM/install/ndt_omp_ros2/bin:${PATH} PYTHONPATH=/home/ros_workspace/LI-SLAM/install/lidarslam_msgs/local/lib/python3.10/dist-packages:${PYTHONPATH} /usr/bin/cmake --build /home/ros_workspace/LI-SLAM/build/scanmatcher -- -j16 -l16
[170.453s] DEBUG:colcon.colcon_core.event_handler.log_command:Invoked command in '/home/ros_workspace/LI-SLAM/build/scanmatcher' returned '2': AMENT_PREFIX_PATH=/home/ros_workspace/LI-SLAM/install/ndt_omp_ros2:/home/ros_workspace/LI-SLAM/install/lidarslam_msgs:${AMENT_PREFIX_PATH} CMAKE_PREFIX_PATH=/home/ros_workspace/LI-SLAM/install/ndt_omp_ros2:/home/ros_workspace/LI-SLAM/install/lidarslam_msgs:/opt/ros/humble LD_LIBRARY_PATH=/home/ros_workspace/LI-SLAM/install/lidarslam_msgs/lib:${LD_LIBRARY_PATH} PATH=/home/ros_workspace/LI-SLAM/install/ndt_omp_ros2/bin:${PATH} PYTHONPATH=/home/ros_workspace/LI-SLAM/install/lidarslam_msgs/local/lib/python3.10/dist-packages:${PYTHONPATH} /usr/bin/cmake --build /home/ros_workspace/LI-SLAM/build/scanmatcher -- -j16 -l16
[170.454s] Level 1:colcon.colcon_core.environment:create_environment_scripts_only(scanmatcher)
[170.454s] Level 1:colcon.colcon_core.environment:checking '/home/ros_workspace/LI-SLAM/install/scanmatcher' for CMake module files
[170.455s] Level 1:colcon.colcon_core.environment:checking '/home/ros_workspace/LI-SLAM/install/scanmatcher' for CMake config files
[170.455s] Level 1:colcon.colcon_core.environment:checking '/home/ros_workspace/LI-SLAM/install/scanmatcher/bin'
[170.455s] Level 1:colcon.colcon_core.environment:checking '/home/ros_workspace/LI-SLAM/install/scanmatcher/lib/pkgconfig/scanmatcher.pc'
[170.456s] Level 1:colcon.colcon_core.environment:checking '/home/ros_workspace/LI-SLAM/install/scanmatcher/lib/python3.10/site-packages'
[170.456s] Level 1:colcon.colcon_core.environment:checking '/home/ros_workspace/LI-SLAM/install/scanmatcher/bin'
[170.457s] INFO:colcon.colcon_core.shell:Creating package script '/home/ros_workspace/LI-SLAM/install/scanmatcher/share/scanmatcher/package.ps1'
[170.458s] INFO:colcon.colcon_core.shell:Creating package descriptor '/home/ros_workspace/LI-SLAM/install/scanmatcher/share/scanmatcher/package.dsv'
[170.458s] INFO:colcon.colcon_core.shell:Creating package script '/home/ros_workspace/LI-SLAM/install/scanmatcher/share/scanmatcher/package.sh'
[170.459s] INFO:colcon.colcon_core.shell:Creating package script '/home/ros_workspace/LI-SLAM/install/scanmatcher/share/scanmatcher/package.bash'
[170.460s] INFO:colcon.colcon_core.shell:Creating package script '/home/ros_workspace/LI-SLAM/install/scanmatcher/share/scanmatcher/package.zsh'
[170.460s] Level 1:colcon.colcon_core.environment:create_file_with_runtime_dependencies(/home/ros_workspace/LI-SLAM/install/scanmatcher/share/colcon-core/packages/scanmatcher)
[186.943s] DEBUG:colcon.colcon_parallel_executor.executor.parallel:closing loop
[186.943s] DEBUG:colcon.colcon_parallel_executor.executor.parallel:loop closed
[186.943s] DEBUG:colcon.colcon_parallel_executor.executor.parallel:run_until_complete finished with '2'
[186.943s] DEBUG:colcon.colcon_core.event_reactor:joining thread
[187.030s] INFO:colcon.colcon_core.plugin_system:Skipping extension 'colcon_notification.desktop_notification.notify_send': Could not find 'notify-send'
[187.030s] INFO:colcon.colcon_core.plugin_system:Skipping extension 'colcon_notification.desktop_notification.terminal_notifier': Not used on non-Darwin systems
[187.030s] INFO:colcon.colcon_core.plugin_system:Skipping extension 'colcon_notification.desktop_notification.win32': Not used on non-Windows systems
[187.030s] INFO:colcon.colcon_notification.desktop_notification:Sending desktop notification using 'notify2'
[187.143s] DEBUG:colcon.colcon_notification.desktop_notification.notify2:Failed to initialize notify2: org.freedesktop.DBus.Error.Spawn.ExecFailed: /usr/bin/dbus-launch terminated abnormally without any error message
[187.144s] DEBUG:colcon.colcon_core.event_reactor:joined thread
[187.145s] INFO:colcon.colcon_core.shell:Creating prefix script '/home/ros_workspace/LI-SLAM/install/local_setup.ps1'
[187.161s] INFO:colcon.colcon_core.shell:Creating prefix util module '/home/ros_workspace/LI-SLAM/install/_local_setup_util_ps1.py'
[187.169s] INFO:colcon.colcon_core.shell:Creating prefix chain script '/home/ros_workspace/LI-SLAM/install/setup.ps1'
[187.172s] INFO:colcon.colcon_core.shell:Creating prefix script '/home/ros_workspace/LI-SLAM/install/local_setup.sh'
[187.176s] INFO:colcon.colcon_core.shell:Creating prefix util module '/home/ros_workspace/LI-SLAM/install/_local_setup_util_sh.py'
[187.177s] INFO:colcon.colcon_core.shell:Creating prefix chain script '/home/ros_workspace/LI-SLAM/install/setup.sh'
[187.179s] INFO:colcon.colcon_core.shell:Creating prefix script '/home/ros_workspace/LI-SLAM/install/local_setup.bash'
[187.181s] INFO:colcon.colcon_core.shell:Creating prefix chain script '/home/ros_workspace/LI-SLAM/install/setup.bash'
[187.183s] INFO:colcon.colcon_core.shell:Creating prefix script '/home/ros_workspace/LI-SLAM/install/local_setup.zsh'
[187.187s] INFO:colcon.colcon_core.shell:Creating prefix chain script '/home/ros_workspace/LI-SLAM/install/setup.zsh'
