[5.853s] Invoking command in '/home/ros_workspace/drone/src/republisher': PYTHONPATH=/home/ros_workspace/drone/build/republisher/prefix_override:/usr/lib/python3/dist-packages/colcon_core/task/python/colcon_distutils_commands:/home/ros_workspace/drone/install/republisher/lib/python3.10/site-packages:${PYTHONPATH} /usr/bin/python3 -W ignore:setup.py install is deprecated -W ignore:easy_install command is deprecated setup.py egg_info --egg-base ../../build/republisher build --build-base /home/ros_workspace/drone/build/republisher/build install --record /home/ros_workspace/drone/build/republisher/install.log --single-version-externally-managed install_data
[6.261s] running egg_info
[6.262s] writing ../../build/republisher/republisher.egg-info/PKG-INFO
[6.263s] writing dependency_links to ../../build/republisher/republisher.egg-info/dependency_links.txt
[6.263s] writing entry points to ../../build/republisher/republisher.egg-info/entry_points.txt
[6.263s] writing requirements to ../../build/republisher/republisher.egg-info/requires.txt
[6.264s] writing top-level names to ../../build/republisher/republisher.egg-info/top_level.txt
[6.267s] reading manifest file '../../build/republisher/republisher.egg-info/SOURCES.txt'
[6.302s] writing manifest file '../../build/republisher/republisher.egg-info/SOURCES.txt'
[6.302s] running build
[6.303s] running build_py
[6.303s] copying republisher/republisher_node.py -> /home/ros_workspace/drone/build/republisher/build/lib/republisher
[6.304s] running install
[6.305s] running install_lib
[6.307s] copying /home/ros_workspace/drone/build/republisher/build/lib/republisher/republisher_node.py -> /home/ros_workspace/drone/install/republisher/lib/python3.10/site-packages/republisher
[6.307s] byte-compiling /home/ros_workspace/drone/install/republisher/lib/python3.10/site-packages/republisher/republisher_node.py to republisher_node.cpython-310.pyc
[6.310s] running install_data
[6.310s] running install_egg_info
[6.314s] removing '/home/ros_workspace/drone/install/republisher/lib/python3.10/site-packages/republisher-0.0.0-py3.10.egg-info' (and everything under it)
[6.314s] Copying ../../build/republisher/republisher.egg-info to /home/ros_workspace/drone/install/republisher/lib/python3.10/site-packages/republisher-0.0.0-py3.10.egg-info
[6.325s] running install_scripts
[6.365s] Installing republisher_node script to /home/ros_workspace/drone/install/republisher/lib/republisher
[6.365s] writing list of installed files to '/home/ros_workspace/drone/build/republisher/install.log'
[6.480s] Invoked command in '/home/ros_workspace/drone/src/republisher' returned '0': PYTHONPATH=/home/ros_workspace/drone/build/republisher/prefix_override:/usr/lib/python3/dist-packages/colcon_core/task/python/colcon_distutils_commands:/home/ros_workspace/drone/install/republisher/lib/python3.10/site-packages:${PYTHONPATH} /usr/bin/python3 -W ignore:setup.py install is deprecated -W ignore:easy_install command is deprecated setup.py egg_info --egg-base ../../build/republisher build --build-base /home/ros_workspace/drone/build/republisher/build install --record /home/ros_workspace/drone/build/republisher/install.log --single-version-externally-managed install_data
