[4.783s] Invoking command in '/home/ros_workspace/drone/src/republisher': PYTHONPATH=/home/ros_workspace/drone/build/republisher/prefix_override:/usr/lib/python3/dist-packages/colcon_core/task/python/colcon_distutils_commands:/home/ros_workspace/drone/install/republisher/lib/python3.10/site-packages:${PYTHONPATH} /usr/bin/python3 -W ignore:setup.py install is deprecated -W ignore:easy_install command is deprecated setup.py egg_info --egg-base ../../build/republisher build --build-base /home/ros_workspace/drone/build/republisher/build install --record /home/ros_workspace/drone/build/republisher/install.log --single-version-externally-managed install_data
[5.018s] running egg_info
[5.018s] writing ../../build/republisher/republisher.egg-info/PKG-INFO
[5.018s] writing dependency_links to ../../build/republisher/republisher.egg-info/dependency_links.txt
[5.018s] writing entry points to ../../build/republisher/republisher.egg-info/entry_points.txt
[5.019s] writing requirements to ../../build/republisher/republisher.egg-info/requires.txt
[5.019s] writing top-level names to ../../build/republisher/republisher.egg-info/top_level.txt
[5.020s] reading manifest file '../../build/republisher/republisher.egg-info/SOURCES.txt'
[5.031s] writing manifest file '../../build/republisher/republisher.egg-info/SOURCES.txt'
[5.032s] running build
[5.032s] running build_py
[5.032s] running install
[5.032s] running install_lib
[5.033s] running install_data
[5.033s] running install_egg_info
[5.035s] removing '/home/ros_workspace/drone/install/republisher/lib/python3.10/site-packages/republisher-0.0.0-py3.10.egg-info' (and everything under it)
[5.035s] Copying ../../build/republisher/republisher.egg-info to /home/ros_workspace/drone/install/republisher/lib/python3.10/site-packages/republisher-0.0.0-py3.10.egg-info
[5.058s] running install_scripts
[5.080s] Installing republisher_node script to /home/ros_workspace/drone/install/republisher/lib/republisher
[5.081s] writing list of installed files to '/home/ros_workspace/drone/build/republisher/install.log'
[5.112s] Invoked command in '/home/ros_workspace/drone/src/republisher' returned '0': PYTHONPATH=/home/ros_workspace/drone/build/republisher/prefix_override:/usr/lib/python3/dist-packages/colcon_core/task/python/colcon_distutils_commands:/home/ros_workspace/drone/install/republisher/lib/python3.10/site-packages:${PYTHONPATH} /usr/bin/python3 -W ignore:setup.py install is deprecated -W ignore:easy_install command is deprecated setup.py egg_info --egg-base ../../build/republisher build --build-base /home/ros_workspace/drone/build/republisher/build install --record /home/ros_workspace/drone/build/republisher/install.log --single-version-externally-managed install_data
