[0.025s] Invoking command in '/home/ros_workspace/LI-SLAM/build/graph_based_slam': CMAKE_PREFIX_PATH=/home/ros_workspace/LI-SLAM/install/ndt_omp_ros2:/home/ros_workspace/LI-SLAM/install/lidarslam_msgs:/home/ros_workspace/LI-SLAM/install/scanmatcher:/home/ros_workspace/LI-SLAM/install/graph_based_slam:/home/ros_workspace/drone/install/px4_ros_com:/home/ros_workspace/drone/install/px4_msgs:/home/ros_workspace/drone/install/republisher:/opt/ros/humble LD_LIBRARY_PATH=/home/ros_workspace/LI-SLAM/install/lidarslam_msgs/lib:/home/ros_workspace/LI-SLAM/install/scanmatcher/lib:/home/ros_workspace/LI-SLAM/install/graph_based_slam/lib:/home/ros_workspace/drone/install/px4_ros_com/lib:/home/ros_workspace/drone/install/px4_msgs/lib:/opt/ros/humble/opt/rviz_ogre_vendor/lib:/opt/ros/humble/lib/x86_64-linux-gnu:/opt/ros/humble/lib /usr/bin/cmake --build /home/ros_workspace/LI-SLAM/build/graph_based_slam -- -j16 -l16
[0.142s] [ 50%] Built target graph_based_slam_component
[0.194s] [100%] Built target graph_based_slam_node
[0.211s] Invoked command in '/home/ros_workspace/LI-SLAM/build/graph_based_slam' returned '0': CMAKE_PREFIX_PATH=/home/ros_workspace/LI-SLAM/install/ndt_omp_ros2:/home/ros_workspace/LI-SLAM/install/lidarslam_msgs:/home/ros_workspace/LI-SLAM/install/scanmatcher:/home/ros_workspace/LI-SLAM/install/graph_based_slam:/home/ros_workspace/drone/install/px4_ros_com:/home/ros_workspace/drone/install/px4_msgs:/home/ros_workspace/drone/install/republisher:/opt/ros/humble LD_LIBRARY_PATH=/home/ros_workspace/LI-SLAM/install/lidarslam_msgs/lib:/home/ros_workspace/LI-SLAM/install/scanmatcher/lib:/home/ros_workspace/LI-SLAM/install/graph_based_slam/lib:/home/ros_workspace/drone/install/px4_ros_com/lib:/home/ros_workspace/drone/install/px4_msgs/lib:/opt/ros/humble/opt/rviz_ogre_vendor/lib:/opt/ros/humble/lib/x86_64-linux-gnu:/opt/ros/humble/lib /usr/bin/cmake --build /home/ros_workspace/LI-SLAM/build/graph_based_slam -- -j16 -l16
[0.214s] Invoking command in '/home/ros_workspace/LI-SLAM/build/graph_based_slam': CMAKE_PREFIX_PATH=/home/ros_workspace/LI-SLAM/install/ndt_omp_ros2:/home/ros_workspace/LI-SLAM/install/lidarslam_msgs:/home/ros_workspace/LI-SLAM/install/scanmatcher:/home/ros_workspace/LI-SLAM/install/graph_based_slam:/home/ros_workspace/drone/install/px4_ros_com:/home/ros_workspace/drone/install/px4_msgs:/home/ros_workspace/drone/install/republisher:/opt/ros/humble LD_LIBRARY_PATH=/home/ros_workspace/LI-SLAM/install/lidarslam_msgs/lib:/home/ros_workspace/LI-SLAM/install/scanmatcher/lib:/home/ros_workspace/LI-SLAM/install/graph_based_slam/lib:/home/ros_workspace/drone/install/px4_ros_com/lib:/home/ros_workspace/drone/install/px4_msgs/lib:/opt/ros/humble/opt/rviz_ogre_vendor/lib:/opt/ros/humble/lib/x86_64-linux-gnu:/opt/ros/humble/lib /usr/bin/cmake --install /home/ros_workspace/LI-SLAM/build/graph_based_slam
[0.223s] -- Install configuration: "Release"
[0.224s] -- Up-to-date: /home/ros_workspace/LI-SLAM/install/graph_based_slam/share/graph_based_slam/environment/library_path.sh
[0.224s] -- Up-to-date: /home/ros_workspace/LI-SLAM/install/graph_based_slam/share/graph_based_slam/environment/library_path.dsv
[0.224s] -- Up-to-date: /home/ros_workspace/LI-SLAM/install/graph_based_slam/include
[0.224s] -- Up-to-date: /home/ros_workspace/LI-SLAM/install/graph_based_slam/include/graph_based_slam
[0.224s] -- Up-to-date: /home/ros_workspace/LI-SLAM/install/graph_based_slam/include/graph_based_slam/graph_based_slam_component.h
[0.224s] -- Up-to-date: /home/ros_workspace/LI-SLAM/install/graph_based_slam/share/graph_based_slam/launch
[0.224s] -- Up-to-date: /home/ros_workspace/LI-SLAM/install/graph_based_slam/share/graph_based_slam/launch/graphbasedslam.launch.py
[0.224s] -- Up-to-date: /home/ros_workspace/LI-SLAM/install/graph_based_slam/share/graph_based_slam/param
[0.224s] -- Up-to-date: /home/ros_workspace/LI-SLAM/install/graph_based_slam/share/graph_based_slam/param/graphbasedslam.yaml
[0.224s] -- Up-to-date: /home/ros_workspace/LI-SLAM/install/graph_based_slam/lib/libgraph_based_slam_component.so
[0.224s] -- Up-to-date: /home/ros_workspace/LI-SLAM/install/graph_based_slam/lib/graph_based_slam/graph_based_slam_node
[0.225s] -- Up-to-date: /home/ros_workspace/LI-SLAM/install/graph_based_slam/share/ament_index/resource_index/package_run_dependencies/graph_based_slam
[0.225s] -- Up-to-date: /home/ros_workspace/LI-SLAM/install/graph_based_slam/share/ament_index/resource_index/parent_prefix_path/graph_based_slam
[0.225s] -- Up-to-date: /home/ros_workspace/LI-SLAM/install/graph_based_slam/share/graph_based_slam/environment/ament_prefix_path.sh
[0.225s] -- Up-to-date: /home/ros_workspace/LI-SLAM/install/graph_based_slam/share/graph_based_slam/environment/ament_prefix_path.dsv
[0.225s] -- Up-to-date: /home/ros_workspace/LI-SLAM/install/graph_based_slam/share/graph_based_slam/environment/path.sh
[0.225s] -- Up-to-date: /home/ros_workspace/LI-SLAM/install/graph_based_slam/share/graph_based_slam/environment/path.dsv
[0.225s] -- Up-to-date: /home/ros_workspace/LI-SLAM/install/graph_based_slam/share/graph_based_slam/local_setup.bash
[0.225s] -- Up-to-date: /home/ros_workspace/LI-SLAM/install/graph_based_slam/share/graph_based_slam/local_setup.sh
[0.225s] -- Up-to-date: /home/ros_workspace/LI-SLAM/install/graph_based_slam/share/graph_based_slam/local_setup.zsh
[0.225s] -- Up-to-date: /home/ros_workspace/LI-SLAM/install/graph_based_slam/share/graph_based_slam/local_setup.dsv
[0.225s] -- Installing: /home/ros_workspace/LI-SLAM/install/graph_based_slam/share/graph_based_slam/package.dsv
[0.225s] -- Up-to-date: /home/ros_workspace/LI-SLAM/install/graph_based_slam/share/ament_index/resource_index/packages/graph_based_slam
[0.226s] -- Up-to-date: /home/ros_workspace/LI-SLAM/install/graph_based_slam/share/ament_index/resource_index/rclcpp_components/graph_based_slam
[0.226s] -- Up-to-date: /home/ros_workspace/LI-SLAM/install/graph_based_slam/share/graph_based_slam/cmake/ament_cmake_export_libraries-extras.cmake
[0.226s] -- Up-to-date: /home/ros_workspace/LI-SLAM/install/graph_based_slam/share/graph_based_slam/cmake/ament_cmake_export_include_directories-extras.cmake
[0.226s] -- Up-to-date: /home/ros_workspace/LI-SLAM/install/graph_based_slam/share/graph_based_slam/cmake/graph_based_slamConfig.cmake
[0.226s] -- Up-to-date: /home/ros_workspace/LI-SLAM/install/graph_based_slam/share/graph_based_slam/cmake/graph_based_slamConfig-version.cmake
[0.226s] -- Up-to-date: /home/ros_workspace/LI-SLAM/install/graph_based_slam/share/graph_based_slam/package.xml
[0.229s] Invoked command in '/home/ros_workspace/LI-SLAM/build/graph_based_slam' returned '0': CMAKE_PREFIX_PATH=/home/ros_workspace/LI-SLAM/install/ndt_omp_ros2:/home/ros_workspace/LI-SLAM/install/lidarslam_msgs:/home/ros_workspace/LI-SLAM/install/scanmatcher:/home/ros_workspace/LI-SLAM/install/graph_based_slam:/home/ros_workspace/drone/install/px4_ros_com:/home/ros_workspace/drone/install/px4_msgs:/home/ros_workspace/drone/install/republisher:/opt/ros/humble LD_LIBRARY_PATH=/home/ros_workspace/LI-SLAM/install/lidarslam_msgs/lib:/home/ros_workspace/LI-SLAM/install/scanmatcher/lib:/home/ros_workspace/LI-SLAM/install/graph_based_slam/lib:/home/ros_workspace/drone/install/px4_ros_com/lib:/home/ros_workspace/drone/install/px4_msgs/lib:/opt/ros/humble/opt/rviz_ogre_vendor/lib:/opt/ros/humble/lib/x86_64-linux-gnu:/opt/ros/humble/lib /usr/bin/cmake --install /home/ros_workspace/LI-SLAM/build/graph_based_slam
