[0.130s] DEBUG:colcon:Command line arguments: ['/usr/bin/colcon', 'build']
[0.130s] DEBUG:colcon:Parsed command line arguments: Namespace(log_base=None, log_level=None, verb_name='build', build_base='build', install_base='install', merge_install=False, symlink_install=False, test_result_base=None, continue_on_error=False, executor='parallel', parallel_workers=16, event_handlers=None, ignore_user_meta=False, metas=['./colcon.meta'], base_paths=['.'], packages_ignore=None, packages_ignore_regex=None, paths=None, packages_up_to=None, packages_up_to_regex=None, packages_above=None, packages_above_and_dependencies=None, packages_above_depth=None, packages_select_by_dep=None, packages_skip_by_dep=None, packages_skip_up_to=None, packages_select_build_failed=False, packages_skip_build_finished=False, packages_select_test_failures=False, packages_skip_test_passed=False, packages_select=None, packages_skip=None, packages_select_regex=None, packages_skip_regex=None, packages_start=None, packages_end=None, cmake_args=None, cmake_target=None, cmake_target_skip_unavailable=False, cmake_clean_cache=False, cmake_clean_first=False, cmake_force_configure=False, ament_cmake_args=None, catkin_cmake_args=None, catkin_skip_building_tests=False, mixin_files=None, mixin=None, verb_parser=<colcon_mixin.mixin.mixin_argument.MixinArgumentDecorator object at 0x79bb4b183eb0>, verb_extension=<colcon_core.verb.build.BuildVerb object at 0x79bb4b1838e0>, main=<bound method BuildVerb.main of <colcon_core.verb.build.BuildVerb object at 0x79bb4b1838e0>>, mixin_verb=('build',))
[0.283s] Level 1:colcon.colcon_core.package_discovery:discover_packages(colcon_meta) check parameters
[0.284s] INFO:colcon.colcon_metadata.package_discovery.colcon_meta:Using configuration from '/root/.colcon/metadata/default/Gazebo.meta'
[0.284s] INFO:colcon.colcon_metadata.package_discovery.colcon_meta:Using configuration from '/root/.colcon/metadata/default/fastdds.meta'
[0.285s] INFO:colcon.colcon_metadata.package_discovery.colcon_meta:Using configuration from '/root/.colcon/metadata/default/fastrtps.meta'
[0.285s] Level 1:colcon.colcon_core.package_discovery:discover_packages(recursive) check parameters
[0.285s] Level 1:colcon.colcon_core.package_discovery:discover_packages(ignore) check parameters
[0.285s] Level 1:colcon.colcon_core.package_discovery:discover_packages(path) check parameters
[0.285s] Level 1:colcon.colcon_core.package_discovery:discover_packages(colcon_meta) discover
[0.285s] Level 1:colcon.colcon_core.package_discovery:discover_packages(recursive) discover
[0.285s] INFO:colcon.colcon_core.package_discovery:Crawling recursively for packages in '/home/ros_workspace/drone'
[0.285s] Level 1:colcon.colcon_core.package_identification:_identify(.) by extensions ['ignore', 'ignore_ament_install']
[0.285s] Level 1:colcon.colcon_core.package_identification:_identify(.) by extension 'ignore'
[0.285s] Level 1:colcon.colcon_core.package_identification:_identify(.) by extension 'ignore_ament_install'
[0.285s] Level 1:colcon.colcon_core.package_identification:_identify(.) by extensions ['colcon_pkg']
[0.285s] Level 1:colcon.colcon_core.package_identification:_identify(.) by extension 'colcon_pkg'
[0.285s] Level 1:colcon.colcon_core.package_identification:_identify(.) by extensions ['colcon_meta']
[0.285s] Level 1:colcon.colcon_core.package_identification:_identify(.) by extension 'colcon_meta'
[0.285s] Level 1:colcon.colcon_core.package_identification:_identify(.) by extensions ['ros']
[0.285s] Level 1:colcon.colcon_core.package_identification:_identify(.) by extension 'ros'
[0.312s] Level 1:colcon.colcon_core.package_identification:_identify(.) by extensions ['cmake', 'python']
[0.312s] Level 1:colcon.colcon_core.package_identification:_identify(.) by extension 'cmake'
[0.312s] Level 1:colcon.colcon_core.package_identification:_identify(.) by extension 'python'
[0.312s] Level 1:colcon.colcon_core.package_identification:_identify(.) by extensions ['python_setup_py']
[0.312s] Level 1:colcon.colcon_core.package_identification:_identify(.) by extension 'python_setup_py'
[0.312s] Level 1:colcon.colcon_core.package_identification:_identify(build) by extensions ['ignore', 'ignore_ament_install']
[0.312s] Level 1:colcon.colcon_core.package_identification:_identify(build) by extension 'ignore'
[0.313s] Level 1:colcon.colcon_core.package_identification:_identify(build) ignored
[0.313s] Level 1:colcon.colcon_core.package_identification:_identify(install) by extensions ['ignore', 'ignore_ament_install']
[0.313s] Level 1:colcon.colcon_core.package_identification:_identify(install) by extension 'ignore'
[0.313s] Level 1:colcon.colcon_core.package_identification:_identify(install) ignored
[0.313s] Level 1:colcon.colcon_core.package_identification:_identify(log) by extensions ['ignore', 'ignore_ament_install']
[0.313s] Level 1:colcon.colcon_core.package_identification:_identify(log) by extension 'ignore'
[0.313s] Level 1:colcon.colcon_core.package_identification:_identify(log) ignored
[0.313s] Level 1:colcon.colcon_core.package_identification:_identify(src) by extensions ['ignore', 'ignore_ament_install']
[0.313s] Level 1:colcon.colcon_core.package_identification:_identify(src) by extension 'ignore'
[0.313s] Level 1:colcon.colcon_core.package_identification:_identify(src) by extension 'ignore_ament_install'
[0.313s] Level 1:colcon.colcon_core.package_identification:_identify(src) by extensions ['colcon_pkg']
[0.313s] Level 1:colcon.colcon_core.package_identification:_identify(src) by extension 'colcon_pkg'
[0.313s] Level 1:colcon.colcon_core.package_identification:_identify(src) by extensions ['colcon_meta']
[0.313s] Level 1:colcon.colcon_core.package_identification:_identify(src) by extension 'colcon_meta'
[0.313s] Level 1:colcon.colcon_core.package_identification:_identify(src) by extensions ['ros']
[0.313s] Level 1:colcon.colcon_core.package_identification:_identify(src) by extension 'ros'
[0.314s] Level 1:colcon.colcon_core.package_identification:_identify(src) by extensions ['cmake', 'python']
[0.314s] Level 1:colcon.colcon_core.package_identification:_identify(src) by extension 'cmake'
[0.314s] Level 1:colcon.colcon_core.package_identification:_identify(src) by extension 'python'
[0.314s] Level 1:colcon.colcon_core.package_identification:_identify(src) by extensions ['python_setup_py']
[0.314s] Level 1:colcon.colcon_core.package_identification:_identify(src) by extension 'python_setup_py'
[0.314s] Level 1:colcon.colcon_core.package_identification:_identify(src/px4_msgs) by extensions ['ignore', 'ignore_ament_install']
[0.314s] Level 1:colcon.colcon_core.package_identification:_identify(src/px4_msgs) by extension 'ignore'
[0.314s] Level 1:colcon.colcon_core.package_identification:_identify(src/px4_msgs) by extension 'ignore_ament_install'
[0.314s] Level 1:colcon.colcon_core.package_identification:_identify(src/px4_msgs) by extensions ['colcon_pkg']
[0.314s] Level 1:colcon.colcon_core.package_identification:_identify(src/px4_msgs) by extension 'colcon_pkg'
[0.314s] Level 1:colcon.colcon_core.package_identification:_identify(src/px4_msgs) by extensions ['colcon_meta']
[0.314s] Level 1:colcon.colcon_core.package_identification:_identify(src/px4_msgs) by extension 'colcon_meta'
[0.314s] Level 1:colcon.colcon_core.package_identification:_identify(src/px4_msgs) by extensions ['ros']
[0.314s] Level 1:colcon.colcon_core.package_identification:_identify(src/px4_msgs) by extension 'ros'
[0.317s] DEBUG:colcon.colcon_core.package_identification:Package 'src/px4_msgs' with type 'ros.ament_cmake' and name 'px4_msgs'
[0.317s] Level 1:colcon.colcon_core.package_identification:_identify(src/px4_ros_com) by extensions ['ignore', 'ignore_ament_install']
[0.317s] Level 1:colcon.colcon_core.package_identification:_identify(src/px4_ros_com) by extension 'ignore'
[0.317s] Level 1:colcon.colcon_core.package_identification:_identify(src/px4_ros_com) by extension 'ignore_ament_install'
[0.317s] Level 1:colcon.colcon_core.package_identification:_identify(src/px4_ros_com) by extensions ['colcon_pkg']
[0.317s] Level 1:colcon.colcon_core.package_identification:_identify(src/px4_ros_com) by extension 'colcon_pkg'
[0.317s] Level 1:colcon.colcon_core.package_identification:_identify(src/px4_ros_com) by extensions ['colcon_meta']
[0.317s] Level 1:colcon.colcon_core.package_identification:_identify(src/px4_ros_com) by extension 'colcon_meta'
[0.317s] Level 1:colcon.colcon_core.package_identification:_identify(src/px4_ros_com) by extensions ['ros']
[0.317s] Level 1:colcon.colcon_core.package_identification:_identify(src/px4_ros_com) by extension 'ros'
[0.319s] DEBUG:colcon.colcon_core.package_identification:Package 'src/px4_ros_com' with type 'ros.ament_cmake' and name 'px4_ros_com'
[0.319s] Level 1:colcon.colcon_core.package_identification:_identify(src/republisher) by extensions ['ignore', 'ignore_ament_install']
[0.319s] Level 1:colcon.colcon_core.package_identification:_identify(src/republisher) by extension 'ignore'
[0.319s] Level 1:colcon.colcon_core.package_identification:_identify(src/republisher) by extension 'ignore_ament_install'
[0.319s] Level 1:colcon.colcon_core.package_identification:_identify(src/republisher) by extensions ['colcon_pkg']
[0.319s] Level 1:colcon.colcon_core.package_identification:_identify(src/republisher) by extension 'colcon_pkg'
[0.319s] Level 1:colcon.colcon_core.package_identification:_identify(src/republisher) by extensions ['colcon_meta']
[0.319s] Level 1:colcon.colcon_core.package_identification:_identify(src/republisher) by extension 'colcon_meta'
[0.319s] Level 1:colcon.colcon_core.package_identification:_identify(src/republisher) by extensions ['ros']
[0.319s] Level 1:colcon.colcon_core.package_identification:_identify(src/republisher) by extension 'ros'
[0.319s] DEBUG:colcon.colcon_core.package_identification:Package 'src/republisher' with type 'ros.ament_python' and name 'republisher'
[0.320s] Level 1:colcon.colcon_core.package_discovery:discover_packages(recursive) using defaults
[0.320s] Level 1:colcon.colcon_core.package_discovery:discover_packages(ignore) discover
[0.320s] Level 1:colcon.colcon_core.package_discovery:discover_packages(ignore) using defaults
[0.320s] Level 1:colcon.colcon_core.package_discovery:discover_packages(path) discover
[0.320s] Level 1:colcon.colcon_core.package_discovery:discover_packages(path) using defaults
[0.355s] Level 5:colcon.colcon_core.verb:set package 'px4_msgs' build argument 'cmake_args' from command line to 'None'
[0.355s] Level 5:colcon.colcon_core.verb:set package 'px4_msgs' build argument 'cmake_target' from command line to 'None'
[0.355s] Level 5:colcon.colcon_core.verb:set package 'px4_msgs' build argument 'cmake_target_skip_unavailable' from command line to 'False'
[0.355s] Level 5:colcon.colcon_core.verb:set package 'px4_msgs' build argument 'cmake_clean_cache' from command line to 'False'
[0.355s] Level 5:colcon.colcon_core.verb:set package 'px4_msgs' build argument 'cmake_clean_first' from command line to 'False'
[0.355s] Level 5:colcon.colcon_core.verb:set package 'px4_msgs' build argument 'cmake_force_configure' from command line to 'False'
[0.355s] Level 5:colcon.colcon_core.verb:set package 'px4_msgs' build argument 'ament_cmake_args' from command line to 'None'
[0.355s] Level 5:colcon.colcon_core.verb:set package 'px4_msgs' build argument 'catkin_cmake_args' from command line to 'None'
[0.356s] Level 5:colcon.colcon_core.verb:set package 'px4_msgs' build argument 'catkin_skip_building_tests' from command line to 'False'
[0.356s] DEBUG:colcon.colcon_core.verb:Building package 'px4_msgs' with the following arguments: {'ament_cmake_args': None, 'build_base': '/home/ros_workspace/drone/build/px4_msgs', 'catkin_cmake_args': None, 'catkin_skip_building_tests': False, 'cmake_args': None, 'cmake_clean_cache': False, 'cmake_clean_first': False, 'cmake_force_configure': False, 'cmake_target': None, 'cmake_target_skip_unavailable': False, 'install_base': '/home/ros_workspace/drone/install/px4_msgs', 'merge_install': False, 'path': '/home/ros_workspace/drone/src/px4_msgs', 'symlink_install': False, 'test_result_base': None}
[0.356s] Level 5:colcon.colcon_core.verb:set package 'republisher' build argument 'cmake_args' from command line to 'None'
[0.356s] Level 5:colcon.colcon_core.verb:set package 'republisher' build argument 'cmake_target' from command line to 'None'
[0.356s] Level 5:colcon.colcon_core.verb:set package 'republisher' build argument 'cmake_target_skip_unavailable' from command line to 'False'
[0.356s] Level 5:colcon.colcon_core.verb:set package 'republisher' build argument 'cmake_clean_cache' from command line to 'False'
[0.356s] Level 5:colcon.colcon_core.verb:set package 'republisher' build argument 'cmake_clean_first' from command line to 'False'
[0.356s] Level 5:colcon.colcon_core.verb:set package 'republisher' build argument 'cmake_force_configure' from command line to 'False'
[0.356s] Level 5:colcon.colcon_core.verb:set package 'republisher' build argument 'ament_cmake_args' from command line to 'None'
[0.356s] Level 5:colcon.colcon_core.verb:set package 'republisher' build argument 'catkin_cmake_args' from command line to 'None'
[0.356s] Level 5:colcon.colcon_core.verb:set package 'republisher' build argument 'catkin_skip_building_tests' from command line to 'False'
[0.356s] DEBUG:colcon.colcon_core.verb:Building package 'republisher' with the following arguments: {'ament_cmake_args': None, 'build_base': '/home/ros_workspace/drone/build/republisher', 'catkin_cmake_args': None, 'catkin_skip_building_tests': False, 'cmake_args': None, 'cmake_clean_cache': False, 'cmake_clean_first': False, 'cmake_force_configure': False, 'cmake_target': None, 'cmake_target_skip_unavailable': False, 'install_base': '/home/ros_workspace/drone/install/republisher', 'merge_install': False, 'path': '/home/ros_workspace/drone/src/republisher', 'symlink_install': False, 'test_result_base': None}
[0.357s] Level 5:colcon.colcon_core.verb:set package 'px4_ros_com' build argument 'cmake_args' from command line to 'None'
[0.357s] Level 5:colcon.colcon_core.verb:set package 'px4_ros_com' build argument 'cmake_target' from command line to 'None'
[0.357s] Level 5:colcon.colcon_core.verb:set package 'px4_ros_com' build argument 'cmake_target_skip_unavailable' from command line to 'False'
[0.357s] Level 5:colcon.colcon_core.verb:set package 'px4_ros_com' build argument 'cmake_clean_cache' from command line to 'False'
[0.357s] Level 5:colcon.colcon_core.verb:set package 'px4_ros_com' build argument 'cmake_clean_first' from command line to 'False'
[0.357s] Level 5:colcon.colcon_core.verb:set package 'px4_ros_com' build argument 'cmake_force_configure' from command line to 'False'
[0.357s] Level 5:colcon.colcon_core.verb:set package 'px4_ros_com' build argument 'ament_cmake_args' from command line to 'None'
[0.357s] Level 5:colcon.colcon_core.verb:set package 'px4_ros_com' build argument 'catkin_cmake_args' from command line to 'None'
[0.357s] Level 5:colcon.colcon_core.verb:set package 'px4_ros_com' build argument 'catkin_skip_building_tests' from command line to 'False'
[0.357s] DEBUG:colcon.colcon_core.verb:Building package 'px4_ros_com' with the following arguments: {'ament_cmake_args': None, 'build_base': '/home/ros_workspace/drone/build/px4_ros_com', 'catkin_cmake_args': None, 'catkin_skip_building_tests': False, 'cmake_args': None, 'cmake_clean_cache': False, 'cmake_clean_first': False, 'cmake_force_configure': False, 'cmake_target': None, 'cmake_target_skip_unavailable': False, 'install_base': '/home/ros_workspace/drone/install/px4_ros_com', 'merge_install': False, 'path': '/home/ros_workspace/drone/src/px4_ros_com', 'symlink_install': False, 'test_result_base': None}
[0.357s] INFO:colcon.colcon_core.executor:Executing jobs using 'parallel' executor
[0.358s] DEBUG:colcon.colcon_parallel_executor.executor.parallel:run_until_complete
[0.358s] INFO:colcon.colcon_ros.task.ament_cmake.build:Building ROS package in '/home/ros_workspace/drone/src/px4_msgs' with build type 'ament_cmake'
[0.358s] INFO:colcon.colcon_cmake.task.cmake.build:Building CMake package in '/home/ros_workspace/drone/src/px4_msgs'
[0.361s] INFO:colcon.colcon_core.plugin_system:Skipping extension 'colcon_core.shell.bat': Not used on non-Windows systems
[0.361s] INFO:colcon.colcon_core.shell:Skip shell extension 'powershell' for command environment: Not usable outside of PowerShell
[0.361s] DEBUG:colcon.colcon_core.shell:Skip shell extension 'dsv' for command environment
[0.367s] INFO:colcon.colcon_ros.task.ament_python.build:Building ROS package in '/home/ros_workspace/drone/src/republisher' with build type 'ament_python'
[0.367s] Level 1:colcon.colcon_core.shell:create_environment_hook('republisher', 'ament_prefix_path')
[0.367s] INFO:colcon.colcon_core.shell:Creating environment hook '/home/ros_workspace/drone/install/republisher/share/republisher/hook/ament_prefix_path.ps1'
[0.369s] INFO:colcon.colcon_core.shell:Creating environment descriptor '/home/ros_workspace/drone/install/republisher/share/republisher/hook/ament_prefix_path.dsv'
[0.370s] INFO:colcon.colcon_core.shell:Creating environment hook '/home/ros_workspace/drone/install/republisher/share/republisher/hook/ament_prefix_path.sh'
[0.371s] INFO:colcon.colcon_core.shell:Skip shell extension 'powershell' for command environment: Not usable outside of PowerShell
[0.371s] DEBUG:colcon.colcon_core.shell:Skip shell extension 'dsv' for command environment
[0.382s] DEBUG:colcon.colcon_core.event_handler.log_command:Invoking command in '/home/ros_workspace/drone/build/px4_msgs': CMAKE_PREFIX_PATH=${CMAKE_PREFIX_PATH}:/home/ros_workspace/drone/install/republisher:/opt/ros/humble /usr/bin/cmake --build /home/ros_workspace/drone/build/px4_msgs -- -j16 -l16
[0.629s] INFO:colcon.colcon_core.task.python.build:Building Python package in '/home/ros_workspace/drone/src/republisher'
[0.630s] INFO:colcon.colcon_core.shell:Skip shell extension 'powershell' for command environment: Not usable outside of PowerShell
[0.630s] DEBUG:colcon.colcon_core.shell:Skip shell extension 'dsv' for command environment
[0.973s] DEBUG:colcon.colcon_core.event_handler.log_command:Invoking command in '/home/ros_workspace/drone/src/republisher': PYTHONPATH=/home/ros_workspace/drone/build/republisher/prefix_override:/usr/lib/python3/dist-packages/colcon_core/task/python/colcon_distutils_commands:/home/ros_workspace/drone/install/republisher/lib/python3.10/site-packages:${PYTHONPATH} /usr/bin/python3 -W ignore:setup.py install is deprecated -W ignore:easy_install command is deprecated setup.py egg_info --egg-base ../../build/republisher build --build-base /home/ros_workspace/drone/build/republisher/build install --record /home/ros_workspace/drone/build/republisher/install.log --single-version-externally-managed install_data
[1.303s] DEBUG:colcon.colcon_core.event_handler.log_command:Invoked command in '/home/ros_workspace/drone/src/republisher' returned '0': PYTHONPATH=/home/ros_workspace/drone/build/republisher/prefix_override:/usr/lib/python3/dist-packages/colcon_core/task/python/colcon_distutils_commands:/home/ros_workspace/drone/install/republisher/lib/python3.10/site-packages:${PYTHONPATH} /usr/bin/python3 -W ignore:setup.py install is deprecated -W ignore:easy_install command is deprecated setup.py egg_info --egg-base ../../build/republisher build --build-base /home/ros_workspace/drone/build/republisher/build install --record /home/ros_workspace/drone/build/republisher/install.log --single-version-externally-managed install_data
[1.306s] Level 1:colcon.colcon_core.environment:checking '/home/ros_workspace/drone/install/republisher' for CMake module files
[1.306s] Level 1:colcon.colcon_core.environment:checking '/home/ros_workspace/drone/install/republisher' for CMake config files
[1.307s] Level 1:colcon.colcon_core.environment:checking '/home/ros_workspace/drone/install/republisher/lib'
[1.307s] Level 1:colcon.colcon_core.environment:checking '/home/ros_workspace/drone/install/republisher/bin'
[1.307s] Level 1:colcon.colcon_core.environment:checking '/home/ros_workspace/drone/install/republisher/lib/pkgconfig/republisher.pc'
[1.308s] Level 1:colcon.colcon_core.environment:checking '/home/ros_workspace/drone/install/republisher/lib/python3.10/site-packages'
[1.308s] Level 1:colcon.colcon_core.shell:create_environment_hook('republisher', 'pythonpath')
[1.308s] INFO:colcon.colcon_core.shell:Creating environment hook '/home/ros_workspace/drone/install/republisher/share/republisher/hook/pythonpath.ps1'
[1.309s] INFO:colcon.colcon_core.shell:Creating environment descriptor '/home/ros_workspace/drone/install/republisher/share/republisher/hook/pythonpath.dsv'
[1.309s] INFO:colcon.colcon_core.shell:Creating environment hook '/home/ros_workspace/drone/install/republisher/share/republisher/hook/pythonpath.sh'
[1.310s] Level 1:colcon.colcon_core.environment:checking '/home/ros_workspace/drone/install/republisher/bin'
[1.310s] Level 1:colcon.colcon_core.environment:create_environment_scripts_only(republisher)
[1.310s] INFO:colcon.colcon_core.shell:Creating package script '/home/ros_workspace/drone/install/republisher/share/republisher/package.ps1'
[1.311s] INFO:colcon.colcon_core.shell:Creating package descriptor '/home/ros_workspace/drone/install/republisher/share/republisher/package.dsv'
[1.313s] INFO:colcon.colcon_core.shell:Creating package script '/home/ros_workspace/drone/install/republisher/share/republisher/package.sh'
[1.314s] INFO:colcon.colcon_core.shell:Creating package script '/home/ros_workspace/drone/install/republisher/share/republisher/package.bash'
[1.315s] INFO:colcon.colcon_core.shell:Creating package script '/home/ros_workspace/drone/install/republisher/share/republisher/package.zsh'
[1.317s] Level 1:colcon.colcon_core.environment:create_file_with_runtime_dependencies(/home/ros_workspace/drone/install/republisher/share/colcon-core/packages/republisher)
[1.373s] DEBUG:colcon.colcon_core.event_handler.log_command:Invoked command in '/home/ros_workspace/drone/build/px4_msgs' returned '0': CMAKE_PREFIX_PATH=${CMAKE_PREFIX_PATH}:/home/ros_workspace/drone/install/republisher:/opt/ros/humble /usr/bin/cmake --build /home/ros_workspace/drone/build/px4_msgs -- -j16 -l16
[1.394s] DEBUG:colcon.colcon_core.event_handler.log_command:Invoking command in '/home/ros_workspace/drone/build/px4_msgs': CMAKE_PREFIX_PATH=${CMAKE_PREFIX_PATH}:/home/ros_workspace/drone/install/republisher:/opt/ros/humble /usr/bin/cmake --install /home/ros_workspace/drone/build/px4_msgs
[1.948s] Level 1:colcon.colcon_core.environment:create_environment_scripts_only(px4_msgs)
[1.949s] Level 1:colcon.colcon_core.environment:checking '/home/ros_workspace/drone/install/px4_msgs' for CMake module files
[1.949s] DEBUG:colcon.colcon_core.event_handler.log_command:Invoked command in '/home/ros_workspace/drone/build/px4_msgs' returned '0': CMAKE_PREFIX_PATH=${CMAKE_PREFIX_PATH}:/home/ros_workspace/drone/install/republisher:/opt/ros/humble /usr/bin/cmake --install /home/ros_workspace/drone/build/px4_msgs
[1.950s] Level 1:colcon.colcon_core.environment:checking '/home/ros_workspace/drone/install/px4_msgs' for CMake config files
[1.951s] Level 1:colcon.colcon_core.shell:create_environment_hook('px4_msgs', 'cmake_prefix_path')
[1.951s] INFO:colcon.colcon_core.shell:Creating environment hook '/home/ros_workspace/drone/install/px4_msgs/share/px4_msgs/hook/cmake_prefix_path.ps1'
[1.952s] INFO:colcon.colcon_core.shell:Creating environment descriptor '/home/ros_workspace/drone/install/px4_msgs/share/px4_msgs/hook/cmake_prefix_path.dsv'
[1.952s] INFO:colcon.colcon_core.shell:Creating environment hook '/home/ros_workspace/drone/install/px4_msgs/share/px4_msgs/hook/cmake_prefix_path.sh'
[1.953s] Level 1:colcon.colcon_core.environment:checking '/home/ros_workspace/drone/install/px4_msgs/lib'
[1.953s] Level 1:colcon.colcon_core.shell:create_environment_hook('px4_msgs', 'ld_library_path_lib')
[1.953s] INFO:colcon.colcon_core.shell:Creating environment hook '/home/ros_workspace/drone/install/px4_msgs/share/px4_msgs/hook/ld_library_path_lib.ps1'
[1.954s] INFO:colcon.colcon_core.shell:Creating environment descriptor '/home/ros_workspace/drone/install/px4_msgs/share/px4_msgs/hook/ld_library_path_lib.dsv'
[1.954s] INFO:colcon.colcon_core.shell:Creating environment hook '/home/ros_workspace/drone/install/px4_msgs/share/px4_msgs/hook/ld_library_path_lib.sh'
[1.955s] Level 1:colcon.colcon_core.environment:checking '/home/ros_workspace/drone/install/px4_msgs/bin'
[1.955s] Level 1:colcon.colcon_core.environment:checking '/home/ros_workspace/drone/install/px4_msgs/lib/pkgconfig/px4_msgs.pc'
[1.955s] Level 1:colcon.colcon_core.environment:checking '/home/ros_workspace/drone/install/px4_msgs/lib/python3.10/site-packages'
[1.955s] Level 1:colcon.colcon_core.environment:checking '/home/ros_workspace/drone/install/px4_msgs/bin'
[1.956s] INFO:colcon.colcon_core.shell:Creating package script '/home/ros_workspace/drone/install/px4_msgs/share/px4_msgs/package.ps1'
[1.957s] INFO:colcon.colcon_core.shell:Creating package descriptor '/home/ros_workspace/drone/install/px4_msgs/share/px4_msgs/package.dsv'
[1.957s] INFO:colcon.colcon_core.shell:Creating package script '/home/ros_workspace/drone/install/px4_msgs/share/px4_msgs/package.sh'
[1.958s] INFO:colcon.colcon_core.shell:Creating package script '/home/ros_workspace/drone/install/px4_msgs/share/px4_msgs/package.bash'
[1.958s] INFO:colcon.colcon_core.shell:Creating package script '/home/ros_workspace/drone/install/px4_msgs/share/px4_msgs/package.zsh'
[1.959s] Level 1:colcon.colcon_core.environment:create_file_with_runtime_dependencies(/home/ros_workspace/drone/install/px4_msgs/share/colcon-core/packages/px4_msgs)
[1.960s] Level 1:colcon.colcon_core.environment:create_environment_scripts_only(px4_msgs)
[1.960s] Level 1:colcon.colcon_core.environment:checking '/home/ros_workspace/drone/install/px4_msgs' for CMake module files
[1.961s] Level 1:colcon.colcon_core.environment:checking '/home/ros_workspace/drone/install/px4_msgs' for CMake config files
[1.962s] Level 1:colcon.colcon_core.shell:create_environment_hook('px4_msgs', 'cmake_prefix_path')
[1.962s] INFO:colcon.colcon_core.shell:Creating environment hook '/home/ros_workspace/drone/install/px4_msgs/share/px4_msgs/hook/cmake_prefix_path.ps1'
[1.963s] INFO:colcon.colcon_core.shell:Creating environment descriptor '/home/ros_workspace/drone/install/px4_msgs/share/px4_msgs/hook/cmake_prefix_path.dsv'
[1.963s] INFO:colcon.colcon_core.shell:Creating environment hook '/home/ros_workspace/drone/install/px4_msgs/share/px4_msgs/hook/cmake_prefix_path.sh'
[1.964s] Level 1:colcon.colcon_core.environment:checking '/home/ros_workspace/drone/install/px4_msgs/lib'
[1.964s] Level 1:colcon.colcon_core.shell:create_environment_hook('px4_msgs', 'ld_library_path_lib')
[1.965s] INFO:colcon.colcon_core.shell:Creating environment hook '/home/ros_workspace/drone/install/px4_msgs/share/px4_msgs/hook/ld_library_path_lib.ps1'
[1.965s] INFO:colcon.colcon_core.shell:Creating environment descriptor '/home/ros_workspace/drone/install/px4_msgs/share/px4_msgs/hook/ld_library_path_lib.dsv'
[1.966s] INFO:colcon.colcon_core.shell:Creating environment hook '/home/ros_workspace/drone/install/px4_msgs/share/px4_msgs/hook/ld_library_path_lib.sh'
[1.967s] Level 1:colcon.colcon_core.environment:checking '/home/ros_workspace/drone/install/px4_msgs/bin'
[1.967s] Level 1:colcon.colcon_core.environment:checking '/home/ros_workspace/drone/install/px4_msgs/lib/pkgconfig/px4_msgs.pc'
[1.967s] Level 1:colcon.colcon_core.environment:checking '/home/ros_workspace/drone/install/px4_msgs/lib/python3.10/site-packages'
[1.967s] Level 1:colcon.colcon_core.environment:checking '/home/ros_workspace/drone/install/px4_msgs/bin'
[1.968s] INFO:colcon.colcon_core.shell:Creating package script '/home/ros_workspace/drone/install/px4_msgs/share/px4_msgs/package.ps1'
[1.969s] INFO:colcon.colcon_core.shell:Creating package descriptor '/home/ros_workspace/drone/install/px4_msgs/share/px4_msgs/package.dsv'
[1.970s] INFO:colcon.colcon_core.shell:Creating package script '/home/ros_workspace/drone/install/px4_msgs/share/px4_msgs/package.sh'
[1.978s] INFO:colcon.colcon_core.shell:Creating package script '/home/ros_workspace/drone/install/px4_msgs/share/px4_msgs/package.bash'
[1.979s] INFO:colcon.colcon_core.shell:Creating package script '/home/ros_workspace/drone/install/px4_msgs/share/px4_msgs/package.zsh'
[1.980s] Level 1:colcon.colcon_core.environment:create_file_with_runtime_dependencies(/home/ros_workspace/drone/install/px4_msgs/share/colcon-core/packages/px4_msgs)
[1.981s] INFO:colcon.colcon_ros.task.ament_cmake.build:Building ROS package in '/home/ros_workspace/drone/src/px4_ros_com' with build type 'ament_cmake'
[1.982s] INFO:colcon.colcon_cmake.task.cmake.build:Building CMake package in '/home/ros_workspace/drone/src/px4_ros_com'
[1.982s] INFO:colcon.colcon_core.shell:Skip shell extension 'powershell' for command environment: Not usable outside of PowerShell
[1.982s] DEBUG:colcon.colcon_core.shell:Skip shell extension 'dsv' for command environment
[1.999s] DEBUG:colcon.colcon_core.event_handler.log_command:Invoking command in '/home/ros_workspace/drone/build/px4_ros_com': CMAKE_PREFIX_PATH=/home/ros_workspace/drone/install/px4_msgs:/home/ros_workspace/drone/install/px4_ros_com:/home/ros_workspace/drone/install/republisher:/opt/ros/humble LD_LIBRARY_PATH=/home/ros_workspace/drone/install/px4_msgs/lib:/home/ros_workspace/drone/install/px4_ros_com/lib:/opt/ros/humble/opt/rviz_ogre_vendor/lib:/opt/ros/humble/lib/x86_64-linux-gnu:/opt/ros/humble/lib /usr/bin/cmake --build /home/ros_workspace/drone/build/px4_ros_com -- -j16 -l16
[2.385s] DEBUG:colcon.colcon_core.event_handler.log_command:Invoked command in '/home/ros_workspace/drone/build/px4_ros_com' returned '0': CMAKE_PREFIX_PATH=/home/ros_workspace/drone/install/px4_msgs:/home/ros_workspace/drone/install/px4_ros_com:/home/ros_workspace/drone/install/republisher:/opt/ros/humble LD_LIBRARY_PATH=/home/ros_workspace/drone/install/px4_msgs/lib:/home/ros_workspace/drone/install/px4_ros_com/lib:/opt/ros/humble/opt/rviz_ogre_vendor/lib:/opt/ros/humble/lib/x86_64-linux-gnu:/opt/ros/humble/lib /usr/bin/cmake --build /home/ros_workspace/drone/build/px4_ros_com -- -j16 -l16
[2.386s] DEBUG:colcon.colcon_core.event_handler.log_command:Invoking command in '/home/ros_workspace/drone/build/px4_ros_com': CMAKE_PREFIX_PATH=/home/ros_workspace/drone/install/px4_msgs:/home/ros_workspace/drone/install/px4_ros_com:/home/ros_workspace/drone/install/republisher:/opt/ros/humble LD_LIBRARY_PATH=/home/ros_workspace/drone/install/px4_msgs/lib:/home/ros_workspace/drone/install/px4_ros_com/lib:/opt/ros/humble/opt/rviz_ogre_vendor/lib:/opt/ros/humble/lib/x86_64-linux-gnu:/opt/ros/humble/lib /usr/bin/cmake --install /home/ros_workspace/drone/build/px4_ros_com
[2.453s] Level 1:colcon.colcon_core.environment:create_environment_scripts_only(px4_ros_com)
[2.454s] Level 1:colcon.colcon_core.environment:checking '/home/ros_workspace/drone/install/px4_ros_com' for CMake module files
[2.455s] DEBUG:colcon.colcon_core.event_handler.log_command:Invoked command in '/home/ros_workspace/drone/build/px4_ros_com' returned '0': CMAKE_PREFIX_PATH=/home/ros_workspace/drone/install/px4_msgs:/home/ros_workspace/drone/install/px4_ros_com:/home/ros_workspace/drone/install/republisher:/opt/ros/humble LD_LIBRARY_PATH=/home/ros_workspace/drone/install/px4_msgs/lib:/home/ros_workspace/drone/install/px4_ros_com/lib:/opt/ros/humble/opt/rviz_ogre_vendor/lib:/opt/ros/humble/lib/x86_64-linux-gnu:/opt/ros/humble/lib /usr/bin/cmake --install /home/ros_workspace/drone/build/px4_ros_com
[2.456s] Level 1:colcon.colcon_core.environment:checking '/home/ros_workspace/drone/install/px4_ros_com' for CMake config files
[2.457s] Level 1:colcon.colcon_core.shell:create_environment_hook('px4_ros_com', 'cmake_prefix_path')
[2.458s] INFO:colcon.colcon_core.shell:Creating environment hook '/home/ros_workspace/drone/install/px4_ros_com/share/px4_ros_com/hook/cmake_prefix_path.ps1'
[2.459s] INFO:colcon.colcon_core.shell:Creating environment descriptor '/home/ros_workspace/drone/install/px4_ros_com/share/px4_ros_com/hook/cmake_prefix_path.dsv'
[2.459s] INFO:colcon.colcon_core.shell:Creating environment hook '/home/ros_workspace/drone/install/px4_ros_com/share/px4_ros_com/hook/cmake_prefix_path.sh'
[2.460s] Level 1:colcon.colcon_core.environment:checking '/home/ros_workspace/drone/install/px4_ros_com/lib'
[2.460s] Level 1:colcon.colcon_core.shell:create_environment_hook('px4_ros_com', 'ld_library_path_lib')
[2.461s] INFO:colcon.colcon_core.shell:Creating environment hook '/home/ros_workspace/drone/install/px4_ros_com/share/px4_ros_com/hook/ld_library_path_lib.ps1'
[2.462s] INFO:colcon.colcon_core.shell:Creating environment descriptor '/home/ros_workspace/drone/install/px4_ros_com/share/px4_ros_com/hook/ld_library_path_lib.dsv'
[2.462s] INFO:colcon.colcon_core.shell:Creating environment hook '/home/ros_workspace/drone/install/px4_ros_com/share/px4_ros_com/hook/ld_library_path_lib.sh'
[2.463s] Level 1:colcon.colcon_core.environment:checking '/home/ros_workspace/drone/install/px4_ros_com/bin'
[2.463s] Level 1:colcon.colcon_core.environment:checking '/home/ros_workspace/drone/install/px4_ros_com/lib/pkgconfig/px4_ros_com.pc'
[2.463s] Level 1:colcon.colcon_core.environment:checking '/home/ros_workspace/drone/install/px4_ros_com/lib/python3.10/site-packages'
[2.464s] Level 1:colcon.colcon_core.environment:checking '/home/ros_workspace/drone/install/px4_ros_com/bin'
[2.464s] INFO:colcon.colcon_core.shell:Creating package script '/home/ros_workspace/drone/install/px4_ros_com/share/px4_ros_com/package.ps1'
[2.465s] INFO:colcon.colcon_core.shell:Creating package descriptor '/home/ros_workspace/drone/install/px4_ros_com/share/px4_ros_com/package.dsv'
[2.466s] INFO:colcon.colcon_core.shell:Creating package script '/home/ros_workspace/drone/install/px4_ros_com/share/px4_ros_com/package.sh'
[2.466s] INFO:colcon.colcon_core.shell:Creating package script '/home/ros_workspace/drone/install/px4_ros_com/share/px4_ros_com/package.bash'
[2.467s] INFO:colcon.colcon_core.shell:Creating package script '/home/ros_workspace/drone/install/px4_ros_com/share/px4_ros_com/package.zsh'
[2.467s] Level 1:colcon.colcon_core.environment:create_file_with_runtime_dependencies(/home/ros_workspace/drone/install/px4_ros_com/share/colcon-core/packages/px4_ros_com)
[2.468s] Level 1:colcon.colcon_core.environment:create_environment_scripts_only(px4_ros_com)
[2.468s] Level 1:colcon.colcon_core.environment:checking '/home/ros_workspace/drone/install/px4_ros_com' for CMake module files
[2.469s] Level 1:colcon.colcon_core.environment:checking '/home/ros_workspace/drone/install/px4_ros_com' for CMake config files
[2.470s] Level 1:colcon.colcon_core.shell:create_environment_hook('px4_ros_com', 'cmake_prefix_path')
[2.470s] INFO:colcon.colcon_core.shell:Creating environment hook '/home/ros_workspace/drone/install/px4_ros_com/share/px4_ros_com/hook/cmake_prefix_path.ps1'
[2.471s] INFO:colcon.colcon_core.shell:Creating environment descriptor '/home/ros_workspace/drone/install/px4_ros_com/share/px4_ros_com/hook/cmake_prefix_path.dsv'
[2.472s] INFO:colcon.colcon_core.shell:Creating environment hook '/home/ros_workspace/drone/install/px4_ros_com/share/px4_ros_com/hook/cmake_prefix_path.sh'
[2.472s] Level 1:colcon.colcon_core.environment:checking '/home/ros_workspace/drone/install/px4_ros_com/lib'
[2.472s] Level 1:colcon.colcon_core.shell:create_environment_hook('px4_ros_com', 'ld_library_path_lib')
[2.473s] INFO:colcon.colcon_core.shell:Creating environment hook '/home/ros_workspace/drone/install/px4_ros_com/share/px4_ros_com/hook/ld_library_path_lib.ps1'
[2.473s] INFO:colcon.colcon_core.shell:Creating environment descriptor '/home/ros_workspace/drone/install/px4_ros_com/share/px4_ros_com/hook/ld_library_path_lib.dsv'
[2.474s] INFO:colcon.colcon_core.shell:Creating environment hook '/home/ros_workspace/drone/install/px4_ros_com/share/px4_ros_com/hook/ld_library_path_lib.sh'
[2.474s] Level 1:colcon.colcon_core.environment:checking '/home/ros_workspace/drone/install/px4_ros_com/bin'
[2.474s] Level 1:colcon.colcon_core.environment:checking '/home/ros_workspace/drone/install/px4_ros_com/lib/pkgconfig/px4_ros_com.pc'
[2.475s] Level 1:colcon.colcon_core.environment:checking '/home/ros_workspace/drone/install/px4_ros_com/lib/python3.10/site-packages'
[2.475s] Level 1:colcon.colcon_core.environment:checking '/home/ros_workspace/drone/install/px4_ros_com/bin'
[2.475s] INFO:colcon.colcon_core.shell:Creating package script '/home/ros_workspace/drone/install/px4_ros_com/share/px4_ros_com/package.ps1'
[2.477s] INFO:colcon.colcon_core.shell:Creating package descriptor '/home/ros_workspace/drone/install/px4_ros_com/share/px4_ros_com/package.dsv'
[2.477s] INFO:colcon.colcon_core.shell:Creating package script '/home/ros_workspace/drone/install/px4_ros_com/share/px4_ros_com/package.sh'
[2.478s] INFO:colcon.colcon_core.shell:Creating package script '/home/ros_workspace/drone/install/px4_ros_com/share/px4_ros_com/package.bash'
[2.479s] INFO:colcon.colcon_core.shell:Creating package script '/home/ros_workspace/drone/install/px4_ros_com/share/px4_ros_com/package.zsh'
[2.479s] Level 1:colcon.colcon_core.environment:create_file_with_runtime_dependencies(/home/ros_workspace/drone/install/px4_ros_com/share/colcon-core/packages/px4_ros_com)
[2.480s] DEBUG:colcon.colcon_parallel_executor.executor.parallel:closing loop
[2.480s] DEBUG:colcon.colcon_parallel_executor.executor.parallel:loop closed
[2.480s] DEBUG:colcon.colcon_parallel_executor.executor.parallel:run_until_complete finished with '0'
[2.481s] DEBUG:colcon.colcon_core.event_reactor:joining thread
[2.491s] INFO:colcon.colcon_core.plugin_system:Skipping extension 'colcon_notification.desktop_notification.notify_send': Could not find 'notify-send'
[2.491s] INFO:colcon.colcon_core.plugin_system:Skipping extension 'colcon_notification.desktop_notification.terminal_notifier': Not used on non-Darwin systems
[2.491s] INFO:colcon.colcon_core.plugin_system:Skipping extension 'colcon_notification.desktop_notification.win32': Not used on non-Windows systems
[2.491s] INFO:colcon.colcon_notification.desktop_notification:Sending desktop notification using 'notify2'
[2.495s] DEBUG:colcon.colcon_notification.desktop_notification.notify2:Failed to initialize notify2: org.freedesktop.DBus.Error.Spawn.ExecFailed: /usr/bin/dbus-launch terminated abnormally without any error message
[2.496s] DEBUG:colcon.colcon_core.event_reactor:joined thread
[2.497s] INFO:colcon.colcon_core.shell:Creating prefix script '/home/ros_workspace/drone/install/local_setup.ps1'
[2.499s] INFO:colcon.colcon_core.shell:Creating prefix util module '/home/ros_workspace/drone/install/_local_setup_util_ps1.py'
[2.501s] INFO:colcon.colcon_core.shell:Creating prefix chain script '/home/ros_workspace/drone/install/setup.ps1'
[2.503s] INFO:colcon.colcon_core.shell:Creating prefix script '/home/ros_workspace/drone/install/local_setup.sh'
[2.504s] INFO:colcon.colcon_core.shell:Creating prefix util module '/home/ros_workspace/drone/install/_local_setup_util_sh.py'
[2.505s] INFO:colcon.colcon_core.shell:Creating prefix chain script '/home/ros_workspace/drone/install/setup.sh'
[2.507s] INFO:colcon.colcon_core.shell:Creating prefix script '/home/ros_workspace/drone/install/local_setup.bash'
[2.507s] INFO:colcon.colcon_core.shell:Creating prefix chain script '/home/ros_workspace/drone/install/setup.bash'
[2.509s] INFO:colcon.colcon_core.shell:Creating prefix script '/home/ros_workspace/drone/install/local_setup.zsh'
[2.510s] INFO:colcon.colcon_core.shell:Creating prefix chain script '/home/ros_workspace/drone/install/setup.zsh'
