[35m[1mConsolidate compiler generated dependencies of target imu_preintegration[0m
[35m[1mConsolidate compiler generated dependencies of target image_projection[0m
[ 12%] [32mBuilding CXX object CMakeFiles/scanmatcher_component.dir/src/scanmatcher_component.cpp.o[0m
[ 25%] [32mBuilding CXX object CMakeFiles/image_projection.dir/src/image_projection.cpp.o[0m
[ 37%] [32mBuilding CXX object CMakeFiles/imu_preintegration.dir/src/imu_preintegration.cpp.o[0m
[ 50%] [32m[1mLinking CXX executable image_projection[0m
[ 50%] Built target image_projection
[ 62%] [32m[1mLinking CXX executable imu_preintegration[0m
[ 62%] Built target imu_preintegration
[ 75%] [32m[1mLinking CXX shared library libscanmatcher_component.so[0m
[ 75%] Built target scanmatcher_component
[ 87%] [32mBuilding CXX object CMakeFiles/scanmatcher_node.dir/src/scanmatcher_node.cpp.o[0m
[100%] [32m[1mLinking CXX executable scanmatcher_node[0m
[100%] Built target scanmatcher_node
-- Install configuration: "Release"
-- Up-to-date: /home/ros_workspace/LI-SLAM/install/scanmatcher/share/scanmatcher/environment/library_path.sh
-- Up-to-date: /home/ros_workspace/LI-SLAM/install/scanmatcher/share/scanmatcher/environment/library_path.dsv
-- Up-to-date: /home/ros_workspace/LI-SLAM/install/scanmatcher/include
-- Up-to-date: /home/ros_workspace/LI-SLAM/install/scanmatcher/include/scanmatcher
-- Installing: /home/ros_workspace/LI-SLAM/install/scanmatcher/include/scanmatcher/utility.h
-- Up-to-date: /home/ros_workspace/LI-SLAM/install/scanmatcher/include/scanmatcher/scanmatcher_component.h
-- Up-to-date: /home/ros_workspace/LI-SLAM/install/scanmatcher/share/scanmatcher/launch
-- Up-to-date: /home/ros_workspace/LI-SLAM/install/scanmatcher/share/scanmatcher/launch/lio_bigloop.launch.py
-- Up-to-date: /home/ros_workspace/LI-SLAM/install/scanmatcher/share/scanmatcher/launch/lio.launch.py
-- Up-to-date: /home/ros_workspace/LI-SLAM/install/scanmatcher/share/scanmatcher/param
-- Up-to-date: /home/ros_workspace/LI-SLAM/install/scanmatcher/share/scanmatcher/param/lio_bigloop.yaml
-- Up-to-date: /home/ros_workspace/LI-SLAM/install/scanmatcher/share/scanmatcher/param/lio.yaml
-- Installing: /home/ros_workspace/LI-SLAM/install/scanmatcher/lib/libscanmatcher_component.so
-- Set runtime path of "/home/ros_workspace/LI-SLAM/install/scanmatcher/lib/libscanmatcher_component.so" to ""
-- Installing: /home/ros_workspace/LI-SLAM/install/scanmatcher/lib/scanmatcher/scanmatcher_node
-- Set runtime path of "/home/ros_workspace/LI-SLAM/install/scanmatcher/lib/scanmatcher/scanmatcher_node" to ""
-- Installing: /home/ros_workspace/LI-SLAM/install/scanmatcher/lib/scanmatcher/imu_preintegration
-- Set runtime path of "/home/ros_workspace/LI-SLAM/install/scanmatcher/lib/scanmatcher/imu_preintegration" to ""
-- Installing: /home/ros_workspace/LI-SLAM/install/scanmatcher/lib/scanmatcher/image_projection
-- Set runtime path of "/home/ros_workspace/LI-SLAM/install/scanmatcher/lib/scanmatcher/image_projection" to ""
-- Up-to-date: /home/ros_workspace/LI-SLAM/install/scanmatcher/share/ament_index/resource_index/package_run_dependencies/scanmatcher
-- Up-to-date: /home/ros_workspace/LI-SLAM/install/scanmatcher/share/ament_index/resource_index/parent_prefix_path/scanmatcher
-- Up-to-date: /home/ros_workspace/LI-SLAM/install/scanmatcher/share/scanmatcher/environment/ament_prefix_path.sh
-- Up-to-date: /home/ros_workspace/LI-SLAM/install/scanmatcher/share/scanmatcher/environment/ament_prefix_path.dsv
-- Up-to-date: /home/ros_workspace/LI-SLAM/install/scanmatcher/share/scanmatcher/environment/path.sh
-- Up-to-date: /home/ros_workspace/LI-SLAM/install/scanmatcher/share/scanmatcher/environment/path.dsv
-- Up-to-date: /home/ros_workspace/LI-SLAM/install/scanmatcher/share/scanmatcher/local_setup.bash
-- Up-to-date: /home/ros_workspace/LI-SLAM/install/scanmatcher/share/scanmatcher/local_setup.sh
-- Up-to-date: /home/ros_workspace/LI-SLAM/install/scanmatcher/share/scanmatcher/local_setup.zsh
-- Up-to-date: /home/ros_workspace/LI-SLAM/install/scanmatcher/share/scanmatcher/local_setup.dsv
-- Installing: /home/ros_workspace/LI-SLAM/install/scanmatcher/share/scanmatcher/package.dsv
-- Up-to-date: /home/ros_workspace/LI-SLAM/install/scanmatcher/share/ament_index/resource_index/packages/scanmatcher
-- Up-to-date: /home/ros_workspace/LI-SLAM/install/scanmatcher/share/ament_index/resource_index/rclcpp_components/scanmatcher
-- Up-to-date: /home/ros_workspace/LI-SLAM/install/scanmatcher/share/scanmatcher/cmake/ament_cmake_export_libraries-extras.cmake
-- Up-to-date: /home/ros_workspace/LI-SLAM/install/scanmatcher/share/scanmatcher/cmake/ament_cmake_export_include_directories-extras.cmake
-- Up-to-date: /home/ros_workspace/LI-SLAM/install/scanmatcher/share/scanmatcher/cmake/scanmatcherConfig.cmake
-- Up-to-date: /home/ros_workspace/LI-SLAM/install/scanmatcher/share/scanmatcher/cmake/scanmatcherConfig-version.cmake
-- Up-to-date: /home/ros_workspace/LI-SLAM/install/scanmatcher/share/scanmatcher/package.xml
