[35m[1mConsolidate compiler generated dependencies of target imu_preintegration[0m
[35m[1mConsolidate compiler generated dependencies of target image_projection[0m
[ 12%] [32mBuilding CXX object CMakeFiles/scanmatcher_component.dir/src/scanmatcher_component.cpp.o[0m
[ 25%] [32mBuilding CXX object CMakeFiles/image_projection.dir/src/image_projection.cpp.o[0m
[ 37%] [32mBuilding CXX object CMakeFiles/imu_preintegration.dir/src/imu_preintegration.cpp.o[0m
[01m[K/home/ros_workspace/LI-SLAM/src/li_slam_ros2/scanmatcher/src/image_projection.cpp:189:65:[m[K [01;35m[Kwarning: [m[K‘[01m[Ksensor_msgs::msg::Imu_<std::allocator<void> >::ConstPtr[m[K’ is deprecated [[01;35m[K-Wdeprecated-declarations[m[K]
  189 |   void imuHandler(const sensor_msgs::msg::Imu::ConstPtr & imuMsg[01;35m[K)[m[K
      |                                                                 [01;35m[K^[m[K
In file included from [01m[K/opt/ros/humble/include/sensor_msgs/sensor_msgs/msg/imu.hpp:7[m[K,
                 from [01m[K/home/ros_workspace/LI-SLAM/src/li_slam_ros2/scanmatcher/include/scanmatcher/utility.h:39[m[K,
                 from [01m[K/home/ros_workspace/LI-SLAM/src/li_slam_ros2/scanmatcher/src/image_projection.cpp:31[m[K:
[01m[K/opt/ros/humble/include/sensor_msgs/sensor_msgs/msg/detail/imu__struct.hpp:182:5:[m[K [01;36m[Knote: [m[Kdeclared here
  182 |     [01;36m[KConstPtr[m[K;
      |     [01;36m[K^~~~~~~~[m[K
[01m[K/home/ros_workspace/LI-SLAM/src/li_slam_ros2/scanmatcher/src/image_projection.cpp:214:77:[m[K [01;35m[Kwarning: [m[K‘[01m[Knav_msgs::msg::Odometry_<std::allocator<void> >::ConstPtr[m[K’ is deprecated [[01;35m[K-Wdeprecated-declarations[m[K]
  214 |   void odometryHandler(const nav_msgs::msg::Odometry::ConstPtr & odometryMsg[01;35m[K)[m[K
      |                                                                             [01;35m[K^[m[K
In file included from [01m[K/opt/ros/humble/include/nav_msgs/nav_msgs/msg/odometry.hpp:7[m[K,
                 from [01m[K/home/ros_workspace/LI-SLAM/src/li_slam_ros2/scanmatcher/include/scanmatcher/utility.h:42[m[K,
                 from [01m[K/home/ros_workspace/LI-SLAM/src/li_slam_ros2/scanmatcher/src/image_projection.cpp:31[m[K:
[01m[K/opt/ros/humble/include/nav_msgs/nav_msgs/msg/detail/odometry__struct.hpp:146:5:[m[K [01;36m[Knote: [m[Kdeclared here
  146 |     [01;36m[KConstPtr[m[K;
      |     [01;36m[K^~~~~~~~[m[K
[01m[K/home/ros_workspace/LI-SLAM/src/li_slam_ros2/scanmatcher/src/image_projection.cpp:220:82:[m[K [01;35m[Kwarning: [m[K‘[01m[Ksensor_msgs::msg::PointCloud2_<std::allocator<void> >::ConstPtr[m[K’ is deprecated [[01;35m[K-Wdeprecated-declarations[m[K]
  220 |   void cloudHandler(const sensor_msgs::msg::PointCloud2::ConstPtr & laserCloudMsg[01;35m[K)[m[K
      |                                                                                  [01;35m[K^[m[K
In file included from [01m[K/opt/ros/humble/include/sensor_msgs/sensor_msgs/msg/point_cloud2.hpp:7[m[K,
                 from [01m[K/home/ros_workspace/LI-SLAM/src/li_slam_ros2/scanmatcher/include/scanmatcher/utility.h:40[m[K,
                 from [01m[K/home/ros_workspace/LI-SLAM/src/li_slam_ros2/scanmatcher/src/image_projection.cpp:31[m[K:
[01m[K/opt/ros/humble/include/sensor_msgs/sensor_msgs/msg/detail/point_cloud2__struct.hpp:194:5:[m[K [01;36m[Knote: [m[Kdeclared here
  194 |     [01;36m[KConstPtr[m[K;
      |     [01;36m[K^~~~~~~~[m[K
[01m[K/home/ros_workspace/LI-SLAM/src/li_slam_ros2/scanmatcher/src/image_projection.cpp:239:85:[m[K [01;35m[Kwarning: [m[K‘[01m[Ksensor_msgs::msg::PointCloud2_<std::allocator<void> >::ConstPtr[m[K’ is deprecated [[01;35m[K-Wdeprecated-declarations[m[K]
  239 |   bool cachePointCloud(const sensor_msgs::msg::PointCloud2::ConstPtr & laserCloudMsg[01;35m[K)[m[K
      |                                                                                     [01;35m[K^[m[K
In file included from [01m[K/opt/ros/humble/include/sensor_msgs/sensor_msgs/msg/point_cloud2.hpp:7[m[K,
                 from [01m[K/home/ros_workspace/LI-SLAM/src/li_slam_ros2/scanmatcher/include/scanmatcher/utility.h:40[m[K,
                 from [01m[K/home/ros_workspace/LI-SLAM/src/li_slam_ros2/scanmatcher/src/image_projection.cpp:31[m[K:
[01m[K/opt/ros/humble/include/sensor_msgs/sensor_msgs/msg/detail/point_cloud2__struct.hpp:194:5:[m[K [01;36m[Knote: [m[Kdeclared here
  194 |     [01;36m[KConstPtr[m[K;
      |     [01;36m[K^~~~~~~~[m[K
[01m[K/home/ros_workspace/LI-SLAM/src/li_slam_ros2/scanmatcher/src/image_projection.cpp:[m[K In constructor ‘[01m[KImageProjection::ImageProjection(const rclcpp::NodeOptions&)[m[K’:
[01m[K/home/ros_workspace/LI-SLAM/src/li_slam_ros2/scanmatcher/src/image_projection.cpp:127:60:[m[K [01;35m[Kwarning: [m[K‘[01m[Ksensor_msgs::msg::Imu_<std::allocator<void> >::ConstPtr[m[K’ is deprecated [[01;35m[K-Wdeprecated-declarations[m[K]
  127 |       [this](const sensor_msgs::msg::Imu::ConstPtr msg) -> [01;35m[Kvoid[m[K
      |                                                            [01;35m[K^~~~[m[K
In file included from [01m[K/opt/ros/humble/include/sensor_msgs/sensor_msgs/msg/imu.hpp:7[m[K,
                 from [01m[K/home/ros_workspace/LI-SLAM/src/li_slam_ros2/scanmatcher/include/scanmatcher/utility.h:39[m[K,
                 from [01m[K/home/ros_workspace/LI-SLAM/src/li_slam_ros2/scanmatcher/src/image_projection.cpp:31[m[K:
[01m[K/opt/ros/humble/include/sensor_msgs/sensor_msgs/msg/detail/imu__struct.hpp:182:5:[m[K [01;36m[Knote: [m[Kdeclared here
  182 |     [01;36m[KConstPtr[m[K;
      |     [01;36m[K^~~~~~~~[m[K
[01m[K/home/ros_workspace/LI-SLAM/src/li_slam_ros2/scanmatcher/src/image_projection.cpp:134:62:[m[K [01;35m[Kwarning: [m[K‘[01m[Knav_msgs::msg::Odometry_<std::allocator<void> >::ConstPtr[m[K’ is deprecated [[01;35m[K-Wdeprecated-declarations[m[K]
  134 |       [this](const nav_msgs::msg::Odometry::ConstPtr msg) -> [01;35m[Kvoid[m[K
      |                                                              [01;35m[K^~~~[m[K
In file included from [01m[K/opt/ros/humble/include/nav_msgs/nav_msgs/msg/odometry.hpp:7[m[K,
                 from [01m[K/home/ros_workspace/LI-SLAM/src/li_slam_ros2/scanmatcher/include/scanmatcher/utility.h:42[m[K,
                 from [01m[K/home/ros_workspace/LI-SLAM/src/li_slam_ros2/scanmatcher/src/image_projection.cpp:31[m[K:
[01m[K/opt/ros/humble/include/nav_msgs/nav_msgs/msg/detail/odometry__struct.hpp:146:5:[m[K [01;36m[Knote: [m[Kdeclared here
  146 |     [01;36m[KConstPtr[m[K;
      |     [01;36m[K^~~~~~~~[m[K
[01m[K/home/ros_workspace/LI-SLAM/src/li_slam_ros2/scanmatcher/src/image_projection.cpp:141:68:[m[K [01;35m[Kwarning: [m[K‘[01m[Ksensor_msgs::msg::PointCloud2_<std::allocator<void> >::ConstPtr[m[K’ is deprecated [[01;35m[K-Wdeprecated-declarations[m[K]
  141 |       [this](const sensor_msgs::msg::PointCloud2::ConstPtr msg) -> [01;35m[Kvoid[m[K
      |                                                                    [01;35m[K^~~~[m[K
In file included from [01m[K/opt/ros/humble/include/sensor_msgs/sensor_msgs/msg/point_cloud2.hpp:7[m[K,
                 from [01m[K/home/ros_workspace/LI-SLAM/src/li_slam_ros2/scanmatcher/include/scanmatcher/utility.h:40[m[K,
                 from [01m[K/home/ros_workspace/LI-SLAM/src/li_slam_ros2/scanmatcher/src/image_projection.cpp:31[m[K:
[01m[K/opt/ros/humble/include/sensor_msgs/sensor_msgs/msg/detail/point_cloud2__struct.hpp:194:5:[m[K [01;36m[Knote: [m[Kdeclared here
  194 |     [01;36m[KConstPtr[m[K;
      |     [01;36m[K^~~~~~~~[m[K
[01m[K/home/ros_workspace/LI-SLAM/src/li_slam_ros2/scanmatcher/src/imu_preintegration.cpp:196:73:[m[K [01;35m[Kwarning: [m[K‘[01m[Knav_msgs::msg::Odometry_<std::allocator<void> >::ConstPtr[m[K’ is deprecated [[01;35m[K-Wdeprecated-declarations[m[K]
  196 |   void odometryHandler(const nav_msgs::msg::Odometry::ConstPtr & odomMsg[01;35m[K)[m[K
      |                                                                         [01;35m[K^[m[K
In file included from [01m[K/opt/ros/humble/include/nav_msgs/nav_msgs/msg/odometry.hpp:7[m[K,
                 from [01m[K/home/ros_workspace/LI-SLAM/src/li_slam_ros2/scanmatcher/include/scanmatcher/utility.h:42[m[K,
                 from [01m[K/home/ros_workspace/LI-SLAM/src/li_slam_ros2/scanmatcher/src/imu_preintegration.cpp:31[m[K:
[01m[K/opt/ros/humble/include/nav_msgs/nav_msgs/msg/detail/odometry__struct.hpp:146:5:[m[K [01;36m[Knote: [m[Kdeclared here
  146 |     [01;36m[KConstPtr[m[K;
      |     [01;36m[K^~~~~~~~[m[K
[01m[K/home/ros_workspace/LI-SLAM/src/li_slam_ros2/scanmatcher/src/imu_preintegration.cpp:415:66:[m[K [01;35m[Kwarning: [m[K‘[01m[Ksensor_msgs::msg::Imu_<std::allocator<void> >::ConstPtr[m[K’ is deprecated [[01;35m[K-Wdeprecated-declarations[m[K]
  415 |   void imuHandler(const sensor_msgs::msg::Imu::ConstPtr & imu_raw[01;35m[K)[m[K
      |                                                                  [01;35m[K^[m[K
In file included from [01m[K/opt/ros/humble/include/sensor_msgs/sensor_msgs/msg/imu.hpp:7[m[K,
                 from [01m[K/home/ros_workspace/LI-SLAM/src/li_slam_ros2/scanmatcher/include/scanmatcher/utility.h:39[m[K,
                 from [01m[K/home/ros_workspace/LI-SLAM/src/li_slam_ros2/scanmatcher/src/imu_preintegration.cpp:31[m[K:
[01m[K/opt/ros/humble/include/sensor_msgs/sensor_msgs/msg/detail/imu__struct.hpp:182:5:[m[K [01;36m[Knote: [m[Kdeclared here
  182 |     [01;36m[KConstPtr[m[K;
      |     [01;36m[K^~~~~~~~[m[K
[01m[K/home/ros_workspace/LI-SLAM/src/li_slam_ros2/scanmatcher/src/imu_preintegration.cpp:[m[K In constructor ‘[01m[KIMUPreintegration::IMUPreintegration(const rclcpp::NodeOptions&)[m[K’:
[01m[K/home/ros_workspace/LI-SLAM/src/li_slam_ros2/scanmatcher/src/imu_preintegration.cpp:125:60:[m[K [01;35m[Kwarning: [m[K‘[01m[Ksensor_msgs::msg::Imu_<std::allocator<void> >::ConstPtr[m[K’ is deprecated [[01;35m[K-Wdeprecated-declarations[m[K]
  125 |       [this](const sensor_msgs::msg::Imu::ConstPtr msg) -> [01;35m[Kvoid[m[K
      |                                                            [01;35m[K^~~~[m[K
In file included from [01m[K/opt/ros/humble/include/sensor_msgs/sensor_msgs/msg/imu.hpp:7[m[K,
                 from [01m[K/home/ros_workspace/LI-SLAM/src/li_slam_ros2/scanmatcher/include/scanmatcher/utility.h:39[m[K,
                 from [01m[K/home/ros_workspace/LI-SLAM/src/li_slam_ros2/scanmatcher/src/imu_preintegration.cpp:31[m[K:
[01m[K/opt/ros/humble/include/sensor_msgs/sensor_msgs/msg/detail/imu__struct.hpp:182:5:[m[K [01;36m[Knote: [m[Kdeclared here
  182 |     [01;36m[KConstPtr[m[K;
      |     [01;36m[K^~~~~~~~[m[K
[01m[K/home/ros_workspace/LI-SLAM/src/li_slam_ros2/scanmatcher/src/imu_preintegration.cpp:130:62:[m[K [01;35m[Kwarning: [m[K‘[01m[Knav_msgs::msg::Odometry_<std::allocator<void> >::ConstPtr[m[K’ is deprecated [[01;35m[K-Wdeprecated-declarations[m[K]
  130 |       [this](const nav_msgs::msg::Odometry::ConstPtr msg) -> [01;35m[Kvoid[m[K
      |                                                              [01;35m[K^~~~[m[K
In file included from [01m[K/opt/ros/humble/include/nav_msgs/nav_msgs/msg/odometry.hpp:7[m[K,
                 from [01m[K/home/ros_workspace/LI-SLAM/src/li_slam_ros2/scanmatcher/include/scanmatcher/utility.h:42[m[K,
                 from [01m[K/home/ros_workspace/LI-SLAM/src/li_slam_ros2/scanmatcher/src/imu_preintegration.cpp:31[m[K:
[01m[K/opt/ros/humble/include/nav_msgs/nav_msgs/msg/detail/odometry__struct.hpp:146:5:[m[K [01;36m[Knote: [m[Kdeclared here
  146 |     [01;36m[KConstPtr[m[K;
      |     [01;36m[K^~~~~~~~[m[K
[ 50%] [32m[1mLinking CXX executable image_projection[0m
[ 50%] Built target image_projection
[ 62%] [32m[1mLinking CXX executable imu_preintegration[0m
[ 62%] Built target imu_preintegration
[ 75%] [32m[1mLinking CXX shared library libscanmatcher_component.so[0m
[ 75%] Built target scanmatcher_component
[ 87%] [32mBuilding CXX object CMakeFiles/scanmatcher_node.dir/src/scanmatcher_node.cpp.o[0m
[100%] [32m[1mLinking CXX executable scanmatcher_node[0m
[100%] Built target scanmatcher_node
-- Install configuration: "Release"
-- Up-to-date: /home/ros_workspace/LI-SLAM/install/scanmatcher/share/scanmatcher/environment/library_path.sh
-- Up-to-date: /home/ros_workspace/LI-SLAM/install/scanmatcher/share/scanmatcher/environment/library_path.dsv
-- Up-to-date: /home/ros_workspace/LI-SLAM/install/scanmatcher/include
-- Up-to-date: /home/ros_workspace/LI-SLAM/install/scanmatcher/include/scanmatcher
-- Installing: /home/ros_workspace/LI-SLAM/install/scanmatcher/include/scanmatcher/utility.h
-- Up-to-date: /home/ros_workspace/LI-SLAM/install/scanmatcher/include/scanmatcher/scanmatcher_component.h
-- Up-to-date: /home/ros_workspace/LI-SLAM/install/scanmatcher/share/scanmatcher/launch
-- Up-to-date: /home/ros_workspace/LI-SLAM/install/scanmatcher/share/scanmatcher/launch/lio_bigloop.launch.py
-- Up-to-date: /home/ros_workspace/LI-SLAM/install/scanmatcher/share/scanmatcher/launch/lio.launch.py
-- Up-to-date: /home/ros_workspace/LI-SLAM/install/scanmatcher/share/scanmatcher/param
-- Up-to-date: /home/ros_workspace/LI-SLAM/install/scanmatcher/share/scanmatcher/param/lio_bigloop.yaml
-- Up-to-date: /home/ros_workspace/LI-SLAM/install/scanmatcher/share/scanmatcher/param/lio.yaml
-- Installing: /home/ros_workspace/LI-SLAM/install/scanmatcher/lib/libscanmatcher_component.so
-- Set runtime path of "/home/ros_workspace/LI-SLAM/install/scanmatcher/lib/libscanmatcher_component.so" to ""
-- Installing: /home/ros_workspace/LI-SLAM/install/scanmatcher/lib/scanmatcher/scanmatcher_node
-- Set runtime path of "/home/ros_workspace/LI-SLAM/install/scanmatcher/lib/scanmatcher/scanmatcher_node" to ""
-- Installing: /home/ros_workspace/LI-SLAM/install/scanmatcher/lib/scanmatcher/imu_preintegration
-- Set runtime path of "/home/ros_workspace/LI-SLAM/install/scanmatcher/lib/scanmatcher/imu_preintegration" to ""
-- Installing: /home/ros_workspace/LI-SLAM/install/scanmatcher/lib/scanmatcher/image_projection
-- Set runtime path of "/home/ros_workspace/LI-SLAM/install/scanmatcher/lib/scanmatcher/image_projection" to ""
-- Up-to-date: /home/ros_workspace/LI-SLAM/install/scanmatcher/share/ament_index/resource_index/package_run_dependencies/scanmatcher
-- Up-to-date: /home/ros_workspace/LI-SLAM/install/scanmatcher/share/ament_index/resource_index/parent_prefix_path/scanmatcher
-- Up-to-date: /home/ros_workspace/LI-SLAM/install/scanmatcher/share/scanmatcher/environment/ament_prefix_path.sh
-- Up-to-date: /home/ros_workspace/LI-SLAM/install/scanmatcher/share/scanmatcher/environment/ament_prefix_path.dsv
-- Up-to-date: /home/ros_workspace/LI-SLAM/install/scanmatcher/share/scanmatcher/environment/path.sh
-- Up-to-date: /home/ros_workspace/LI-SLAM/install/scanmatcher/share/scanmatcher/environment/path.dsv
-- Up-to-date: /home/ros_workspace/LI-SLAM/install/scanmatcher/share/scanmatcher/local_setup.bash
-- Up-to-date: /home/ros_workspace/LI-SLAM/install/scanmatcher/share/scanmatcher/local_setup.sh
-- Up-to-date: /home/ros_workspace/LI-SLAM/install/scanmatcher/share/scanmatcher/local_setup.zsh
-- Up-to-date: /home/ros_workspace/LI-SLAM/install/scanmatcher/share/scanmatcher/local_setup.dsv
-- Installing: /home/ros_workspace/LI-SLAM/install/scanmatcher/share/scanmatcher/package.dsv
-- Up-to-date: /home/ros_workspace/LI-SLAM/install/scanmatcher/share/ament_index/resource_index/packages/scanmatcher
-- Up-to-date: /home/ros_workspace/LI-SLAM/install/scanmatcher/share/ament_index/resource_index/rclcpp_components/scanmatcher
-- Up-to-date: /home/ros_workspace/LI-SLAM/install/scanmatcher/share/scanmatcher/cmake/ament_cmake_export_libraries-extras.cmake
-- Up-to-date: /home/ros_workspace/LI-SLAM/install/scanmatcher/share/scanmatcher/cmake/ament_cmake_export_include_directories-extras.cmake
-- Up-to-date: /home/ros_workspace/LI-SLAM/install/scanmatcher/share/scanmatcher/cmake/scanmatcherConfig.cmake
-- Up-to-date: /home/ros_workspace/LI-SLAM/install/scanmatcher/share/scanmatcher/cmake/scanmatcherConfig-version.cmake
-- Up-to-date: /home/ros_workspace/LI-SLAM/install/scanmatcher/share/scanmatcher/package.xml
