[0.018s] Invoking command in '/home/ros_workspace/LI-SLAM/build/scanmatcher': AMENT_PREFIX_PATH=/home/ros_workspace/LI-SLAM/install/ndt_omp_ros2:/home/ros_workspace/LI-SLAM/install/lidarslam_msgs:${AMENT_PREFIX_PATH} CMAKE_PREFIX_PATH=/home/ros_workspace/LI-SLAM/install/ndt_omp_ros2:/home/ros_workspace/LI-SLAM/install/lidarslam_msgs:/opt/ros/humble LD_LIBRARY_PATH=/home/ros_workspace/LI-SLAM/install/lidarslam_msgs/lib:${LD_LIBRARY_PATH} PATH=/home/ros_workspace/LI-SLAM/install/ndt_omp_ros2/bin:${PATH} PYTHONPATH=/home/ros_workspace/LI-SLAM/install/lidarslam_msgs/local/lib/python3.10/dist-packages:${PYTHONPATH} /usr/bin/cmake --build /home/ros_workspace/LI-SLAM/build/scanmatcher -- -j16 -l16
[0.080s] [35m[1mConsolidate compiler generated dependencies of target imu_preintegration[0m
[0.081s] [35m[1mConsolidate compiler generated dependencies of target image_projection[0m
[0.115s] [ 12%] [32mBuilding CXX object CMakeFiles/scanmatcher_component.dir/src/scanmatcher_component.cpp.o[0m
[0.120s] [ 25%] [32mBuilding CXX object CMakeFiles/image_projection.dir/src/image_projection.cpp.o[0m
[0.130s] [ 37%] [32mBuilding CXX object CMakeFiles/imu_preintegration.dir/src/imu_preintegration.cpp.o[0m
[9.267s] [01m[K/home/ros_workspace/LI-SLAM/src/li_slam_ros2/scanmatcher/src/image_projection.cpp:189:65:[m[K [01;35m[Kwarning: [m[K‘[01m[Ksensor_msgs::msg::Imu_<std::allocator<void> >::ConstPtr[m[K’ is deprecated [[01;35m[K-Wdeprecated-declarations[m[K]
[9.267s]   189 |   void imuHandler(const sensor_msgs::msg::Imu::ConstPtr & imuMsg[01;35m[K)[m[K
[9.267s]       |                                                                 [01;35m[K^[m[K
[9.268s] In file included from [01m[K/opt/ros/humble/include/sensor_msgs/sensor_msgs/msg/imu.hpp:7[m[K,
[9.268s]                  from [01m[K/home/ros_workspace/LI-SLAM/src/li_slam_ros2/scanmatcher/include/scanmatcher/utility.h:39[m[K,
[9.268s]                  from [01m[K/home/ros_workspace/LI-SLAM/src/li_slam_ros2/scanmatcher/src/image_projection.cpp:31[m[K:
[9.268s] [01m[K/opt/ros/humble/include/sensor_msgs/sensor_msgs/msg/detail/imu__struct.hpp:182:5:[m[K [01;36m[Knote: [m[Kdeclared here
[9.268s]   182 |     [01;36m[KConstPtr[m[K;
[9.268s]       |     [01;36m[K^~~~~~~~[m[K
[9.269s] [01m[K/home/ros_workspace/LI-SLAM/src/li_slam_ros2/scanmatcher/src/image_projection.cpp:214:77:[m[K [01;35m[Kwarning: [m[K‘[01m[Knav_msgs::msg::Odometry_<std::allocator<void> >::ConstPtr[m[K’ is deprecated [[01;35m[K-Wdeprecated-declarations[m[K]
[9.269s]   214 |   void odometryHandler(const nav_msgs::msg::Odometry::ConstPtr & odometryMsg[01;35m[K)[m[K
[9.269s]       |                                                                             [01;35m[K^[m[K
[9.269s] In file included from [01m[K/opt/ros/humble/include/nav_msgs/nav_msgs/msg/odometry.hpp:7[m[K,
[9.269s]                  from [01m[K/home/ros_workspace/LI-SLAM/src/li_slam_ros2/scanmatcher/include/scanmatcher/utility.h:42[m[K,
[9.269s]                  from [01m[K/home/ros_workspace/LI-SLAM/src/li_slam_ros2/scanmatcher/src/image_projection.cpp:31[m[K:
[9.269s] [01m[K/opt/ros/humble/include/nav_msgs/nav_msgs/msg/detail/odometry__struct.hpp:146:5:[m[K [01;36m[Knote: [m[Kdeclared here
[9.269s]   146 |     [01;36m[KConstPtr[m[K;
[9.270s]       |     [01;36m[K^~~~~~~~[m[K
[9.270s] [01m[K/home/ros_workspace/LI-SLAM/src/li_slam_ros2/scanmatcher/src/image_projection.cpp:220:82:[m[K [01;35m[Kwarning: [m[K‘[01m[Ksensor_msgs::msg::PointCloud2_<std::allocator<void> >::ConstPtr[m[K’ is deprecated [[01;35m[K-Wdeprecated-declarations[m[K]
[9.270s]   220 |   void cloudHandler(const sensor_msgs::msg::PointCloud2::ConstPtr & laserCloudMsg[01;35m[K)[m[K
[9.270s]       |                                                                                  [01;35m[K^[m[K
[9.270s] In file included from [01m[K/opt/ros/humble/include/sensor_msgs/sensor_msgs/msg/point_cloud2.hpp:7[m[K,
[9.270s]                  from [01m[K/home/ros_workspace/LI-SLAM/src/li_slam_ros2/scanmatcher/include/scanmatcher/utility.h:40[m[K,
[9.270s]                  from [01m[K/home/ros_workspace/LI-SLAM/src/li_slam_ros2/scanmatcher/src/image_projection.cpp:31[m[K:
[9.270s] [01m[K/opt/ros/humble/include/sensor_msgs/sensor_msgs/msg/detail/point_cloud2__struct.hpp:194:5:[m[K [01;36m[Knote: [m[Kdeclared here
[9.270s]   194 |     [01;36m[KConstPtr[m[K;
[9.271s]       |     [01;36m[K^~~~~~~~[m[K
[9.271s] [01m[K/home/ros_workspace/LI-SLAM/src/li_slam_ros2/scanmatcher/src/image_projection.cpp:239:85:[m[K [01;35m[Kwarning: [m[K‘[01m[Ksensor_msgs::msg::PointCloud2_<std::allocator<void> >::ConstPtr[m[K’ is deprecated [[01;35m[K-Wdeprecated-declarations[m[K]
[9.271s]   239 |   bool cachePointCloud(const sensor_msgs::msg::PointCloud2::ConstPtr & laserCloudMsg[01;35m[K)[m[K
[9.271s]       |                                                                                     [01;35m[K^[m[K
[9.271s] In file included from [01m[K/opt/ros/humble/include/sensor_msgs/sensor_msgs/msg/point_cloud2.hpp:7[m[K,
[9.271s]                  from [01m[K/home/ros_workspace/LI-SLAM/src/li_slam_ros2/scanmatcher/include/scanmatcher/utility.h:40[m[K,
[9.271s]                  from [01m[K/home/ros_workspace/LI-SLAM/src/li_slam_ros2/scanmatcher/src/image_projection.cpp:31[m[K:
[9.271s] [01m[K/opt/ros/humble/include/sensor_msgs/sensor_msgs/msg/detail/point_cloud2__struct.hpp:194:5:[m[K [01;36m[Knote: [m[Kdeclared here
[9.272s]   194 |     [01;36m[KConstPtr[m[K;
[9.272s]       |     [01;36m[K^~~~~~~~[m[K
[9.272s] [01m[K/home/ros_workspace/LI-SLAM/src/li_slam_ros2/scanmatcher/src/image_projection.cpp:[m[K In constructor ‘[01m[KImageProjection::ImageProjection(const rclcpp::NodeOptions&)[m[K’:
[9.272s] [01m[K/home/ros_workspace/LI-SLAM/src/li_slam_ros2/scanmatcher/src/image_projection.cpp:127:60:[m[K [01;35m[Kwarning: [m[K‘[01m[Ksensor_msgs::msg::Imu_<std::allocator<void> >::ConstPtr[m[K’ is deprecated [[01;35m[K-Wdeprecated-declarations[m[K]
[9.272s]   127 |       [this](const sensor_msgs::msg::Imu::ConstPtr msg) -> [01;35m[Kvoid[m[K
[9.272s]       |                                                            [01;35m[K^~~~[m[K
[9.272s] In file included from [01m[K/opt/ros/humble/include/sensor_msgs/sensor_msgs/msg/imu.hpp:7[m[K,
[9.272s]                  from [01m[K/home/ros_workspace/LI-SLAM/src/li_slam_ros2/scanmatcher/include/scanmatcher/utility.h:39[m[K,
[9.273s]                  from [01m[K/home/ros_workspace/LI-SLAM/src/li_slam_ros2/scanmatcher/src/image_projection.cpp:31[m[K:
[9.273s] [01m[K/opt/ros/humble/include/sensor_msgs/sensor_msgs/msg/detail/imu__struct.hpp:182:5:[m[K [01;36m[Knote: [m[Kdeclared here
[9.273s]   182 |     [01;36m[KConstPtr[m[K;
[9.273s]       |     [01;36m[K^~~~~~~~[m[K
[9.276s] [01m[K/home/ros_workspace/LI-SLAM/src/li_slam_ros2/scanmatcher/src/image_projection.cpp:134:62:[m[K [01;35m[Kwarning: [m[K‘[01m[Knav_msgs::msg::Odometry_<std::allocator<void> >::ConstPtr[m[K’ is deprecated [[01;35m[K-Wdeprecated-declarations[m[K]
[9.276s]   134 |       [this](const nav_msgs::msg::Odometry::ConstPtr msg) -> [01;35m[Kvoid[m[K
[9.276s]       |                                                              [01;35m[K^~~~[m[K
[9.276s] In file included from [01m[K/opt/ros/humble/include/nav_msgs/nav_msgs/msg/odometry.hpp:7[m[K,
[9.276s]                  from [01m[K/home/ros_workspace/LI-SLAM/src/li_slam_ros2/scanmatcher/include/scanmatcher/utility.h:42[m[K,
[9.276s]                  from [01m[K/home/ros_workspace/LI-SLAM/src/li_slam_ros2/scanmatcher/src/image_projection.cpp:31[m[K:
[9.277s] [01m[K/opt/ros/humble/include/nav_msgs/nav_msgs/msg/detail/odometry__struct.hpp:146:5:[m[K [01;36m[Knote: [m[Kdeclared here
[9.277s]   146 |     [01;36m[KConstPtr[m[K;
[9.277s]       |     [01;36m[K^~~~~~~~[m[K
[9.279s] [01m[K/home/ros_workspace/LI-SLAM/src/li_slam_ros2/scanmatcher/src/image_projection.cpp:141:68:[m[K [01;35m[Kwarning: [m[K‘[01m[Ksensor_msgs::msg::PointCloud2_<std::allocator<void> >::ConstPtr[m[K’ is deprecated [[01;35m[K-Wdeprecated-declarations[m[K]
[9.279s]   141 |       [this](const sensor_msgs::msg::PointCloud2::ConstPtr msg) -> [01;35m[Kvoid[m[K
[9.279s]       |                                                                    [01;35m[K^~~~[m[K
[9.280s] In file included from [01m[K/opt/ros/humble/include/sensor_msgs/sensor_msgs/msg/point_cloud2.hpp:7[m[K,
[9.280s]                  from [01m[K/home/ros_workspace/LI-SLAM/src/li_slam_ros2/scanmatcher/include/scanmatcher/utility.h:40[m[K,
[9.280s]                  from [01m[K/home/ros_workspace/LI-SLAM/src/li_slam_ros2/scanmatcher/src/image_projection.cpp:31[m[K:
[9.280s] [01m[K/opt/ros/humble/include/sensor_msgs/sensor_msgs/msg/detail/point_cloud2__struct.hpp:194:5:[m[K [01;36m[Knote: [m[Kdeclared here
[9.280s]   194 |     [01;36m[KConstPtr[m[K;
[9.280s]       |     [01;36m[K^~~~~~~~[m[K
[14.337s] [01m[K/home/ros_workspace/LI-SLAM/src/li_slam_ros2/scanmatcher/src/imu_preintegration.cpp:196:73:[m[K [01;35m[Kwarning: [m[K‘[01m[Knav_msgs::msg::Odometry_<std::allocator<void> >::ConstPtr[m[K’ is deprecated [[01;35m[K-Wdeprecated-declarations[m[K]
[14.338s]   196 |   void odometryHandler(const nav_msgs::msg::Odometry::ConstPtr & odomMsg[01;35m[K)[m[K
[14.338s]       |                                                                         [01;35m[K^[m[K
[14.338s] In file included from [01m[K/opt/ros/humble/include/nav_msgs/nav_msgs/msg/odometry.hpp:7[m[K,
[14.338s]                  from [01m[K/home/ros_workspace/LI-SLAM/src/li_slam_ros2/scanmatcher/include/scanmatcher/utility.h:42[m[K,
[14.338s]                  from [01m[K/home/ros_workspace/LI-SLAM/src/li_slam_ros2/scanmatcher/src/imu_preintegration.cpp:31[m[K:
[14.338s] [01m[K/opt/ros/humble/include/nav_msgs/nav_msgs/msg/detail/odometry__struct.hpp:146:5:[m[K [01;36m[Knote: [m[Kdeclared here
[14.338s]   146 |     [01;36m[KConstPtr[m[K;
[14.338s]       |     [01;36m[K^~~~~~~~[m[K
[14.339s] [01m[K/home/ros_workspace/LI-SLAM/src/li_slam_ros2/scanmatcher/src/imu_preintegration.cpp:415:66:[m[K [01;35m[Kwarning: [m[K‘[01m[Ksensor_msgs::msg::Imu_<std::allocator<void> >::ConstPtr[m[K’ is deprecated [[01;35m[K-Wdeprecated-declarations[m[K]
[14.339s]   415 |   void imuHandler(const sensor_msgs::msg::Imu::ConstPtr & imu_raw[01;35m[K)[m[K
[14.339s]       |                                                                  [01;35m[K^[m[K
[14.339s] In file included from [01m[K/opt/ros/humble/include/sensor_msgs/sensor_msgs/msg/imu.hpp:7[m[K,
[14.339s]                  from [01m[K/home/ros_workspace/LI-SLAM/src/li_slam_ros2/scanmatcher/include/scanmatcher/utility.h:39[m[K,
[14.339s]                  from [01m[K/home/ros_workspace/LI-SLAM/src/li_slam_ros2/scanmatcher/src/imu_preintegration.cpp:31[m[K:
[14.339s] [01m[K/opt/ros/humble/include/sensor_msgs/sensor_msgs/msg/detail/imu__struct.hpp:182:5:[m[K [01;36m[Knote: [m[Kdeclared here
[14.339s]   182 |     [01;36m[KConstPtr[m[K;
[14.339s]       |     [01;36m[K^~~~~~~~[m[K
[14.340s] [01m[K/home/ros_workspace/LI-SLAM/src/li_slam_ros2/scanmatcher/src/imu_preintegration.cpp:[m[K In constructor ‘[01m[KIMUPreintegration::IMUPreintegration(const rclcpp::NodeOptions&)[m[K’:
[14.340s] [01m[K/home/ros_workspace/LI-SLAM/src/li_slam_ros2/scanmatcher/src/imu_preintegration.cpp:125:60:[m[K [01;35m[Kwarning: [m[K‘[01m[Ksensor_msgs::msg::Imu_<std::allocator<void> >::ConstPtr[m[K’ is deprecated [[01;35m[K-Wdeprecated-declarations[m[K]
[14.340s]   125 |       [this](const sensor_msgs::msg::Imu::ConstPtr msg) -> [01;35m[Kvoid[m[K
[14.340s]       |                                                            [01;35m[K^~~~[m[K
[14.340s] In file included from [01m[K/opt/ros/humble/include/sensor_msgs/sensor_msgs/msg/imu.hpp:7[m[K,
[14.340s]                  from [01m[K/home/ros_workspace/LI-SLAM/src/li_slam_ros2/scanmatcher/include/scanmatcher/utility.h:39[m[K,
[14.340s]                  from [01m[K/home/ros_workspace/LI-SLAM/src/li_slam_ros2/scanmatcher/src/imu_preintegration.cpp:31[m[K:
[14.341s] [01m[K/opt/ros/humble/include/sensor_msgs/sensor_msgs/msg/detail/imu__struct.hpp:182:5:[m[K [01;36m[Knote: [m[Kdeclared here
[14.341s]   182 |     [01;36m[KConstPtr[m[K;
[14.341s]       |     [01;36m[K^~~~~~~~[m[K
[14.343s] [01m[K/home/ros_workspace/LI-SLAM/src/li_slam_ros2/scanmatcher/src/imu_preintegration.cpp:130:62:[m[K [01;35m[Kwarning: [m[K‘[01m[Knav_msgs::msg::Odometry_<std::allocator<void> >::ConstPtr[m[K’ is deprecated [[01;35m[K-Wdeprecated-declarations[m[K]
[14.343s]   130 |       [this](const nav_msgs::msg::Odometry::ConstPtr msg) -> [01;35m[Kvoid[m[K
[14.343s]       |                                                              [01;35m[K^~~~[m[K
[14.343s] In file included from [01m[K/opt/ros/humble/include/nav_msgs/nav_msgs/msg/odometry.hpp:7[m[K,
[14.343s]                  from [01m[K/home/ros_workspace/LI-SLAM/src/li_slam_ros2/scanmatcher/include/scanmatcher/utility.h:42[m[K,
[14.343s]                  from [01m[K/home/ros_workspace/LI-SLAM/src/li_slam_ros2/scanmatcher/src/imu_preintegration.cpp:31[m[K:
[14.343s] [01m[K/opt/ros/humble/include/nav_msgs/nav_msgs/msg/detail/odometry__struct.hpp:146:5:[m[K [01;36m[Knote: [m[Kdeclared here
[14.344s]   146 |     [01;36m[KConstPtr[m[K;
[14.344s]       |     [01;36m[K^~~~~~~~[m[K
[49.652s] [ 50%] [32m[1mLinking CXX executable image_projection[0m
[50.805s] [ 50%] Built target image_projection
[61.082s] [ 62%] [32m[1mLinking CXX executable imu_preintegration[0m
[62.222s] [ 62%] Built target imu_preintegration
[89.917s] [ 75%] [32m[1mLinking CXX shared library libscanmatcher_component.so[0m
[92.099s] [ 75%] Built target scanmatcher_component
[92.167s] [ 87%] [32mBuilding CXX object CMakeFiles/scanmatcher_node.dir/src/scanmatcher_node.cpp.o[0m
[110.764s] [100%] [32m[1mLinking CXX executable scanmatcher_node[0m
[111.471s] [100%] Built target scanmatcher_node
[111.487s] Invoked command in '/home/ros_workspace/LI-SLAM/build/scanmatcher' returned '0': AMENT_PREFIX_PATH=/home/ros_workspace/LI-SLAM/install/ndt_omp_ros2:/home/ros_workspace/LI-SLAM/install/lidarslam_msgs:${AMENT_PREFIX_PATH} CMAKE_PREFIX_PATH=/home/ros_workspace/LI-SLAM/install/ndt_omp_ros2:/home/ros_workspace/LI-SLAM/install/lidarslam_msgs:/opt/ros/humble LD_LIBRARY_PATH=/home/ros_workspace/LI-SLAM/install/lidarslam_msgs/lib:${LD_LIBRARY_PATH} PATH=/home/ros_workspace/LI-SLAM/install/ndt_omp_ros2/bin:${PATH} PYTHONPATH=/home/ros_workspace/LI-SLAM/install/lidarslam_msgs/local/lib/python3.10/dist-packages:${PYTHONPATH} /usr/bin/cmake --build /home/ros_workspace/LI-SLAM/build/scanmatcher -- -j16 -l16
[111.490s] Invoking command in '/home/ros_workspace/LI-SLAM/build/scanmatcher': AMENT_PREFIX_PATH=/home/ros_workspace/LI-SLAM/install/ndt_omp_ros2:/home/ros_workspace/LI-SLAM/install/lidarslam_msgs:${AMENT_PREFIX_PATH} CMAKE_PREFIX_PATH=/home/ros_workspace/LI-SLAM/install/ndt_omp_ros2:/home/ros_workspace/LI-SLAM/install/lidarslam_msgs:/opt/ros/humble LD_LIBRARY_PATH=/home/ros_workspace/LI-SLAM/install/lidarslam_msgs/lib:${LD_LIBRARY_PATH} PATH=/home/ros_workspace/LI-SLAM/install/ndt_omp_ros2/bin:${PATH} PYTHONPATH=/home/ros_workspace/LI-SLAM/install/lidarslam_msgs/local/lib/python3.10/dist-packages:${PYTHONPATH} /usr/bin/cmake --install /home/ros_workspace/LI-SLAM/build/scanmatcher
[111.499s] -- Install configuration: "Release"
[111.499s] -- Up-to-date: /home/ros_workspace/LI-SLAM/install/scanmatcher/share/scanmatcher/environment/library_path.sh
[111.499s] -- Up-to-date: /home/ros_workspace/LI-SLAM/install/scanmatcher/share/scanmatcher/environment/library_path.dsv
[111.500s] -- Up-to-date: /home/ros_workspace/LI-SLAM/install/scanmatcher/include
[111.500s] -- Up-to-date: /home/ros_workspace/LI-SLAM/install/scanmatcher/include/scanmatcher
[111.500s] -- Installing: /home/ros_workspace/LI-SLAM/install/scanmatcher/include/scanmatcher/utility.h
[111.500s] -- Up-to-date: /home/ros_workspace/LI-SLAM/install/scanmatcher/include/scanmatcher/scanmatcher_component.h
[111.500s] -- Up-to-date: /home/ros_workspace/LI-SLAM/install/scanmatcher/share/scanmatcher/launch
[111.500s] -- Up-to-date: /home/ros_workspace/LI-SLAM/install/scanmatcher/share/scanmatcher/launch/lio_bigloop.launch.py
[111.500s] -- Up-to-date: /home/ros_workspace/LI-SLAM/install/scanmatcher/share/scanmatcher/launch/lio.launch.py
[111.501s] -- Up-to-date: /home/ros_workspace/LI-SLAM/install/scanmatcher/share/scanmatcher/param
[111.501s] -- Up-to-date: /home/ros_workspace/LI-SLAM/install/scanmatcher/share/scanmatcher/param/lio_bigloop.yaml
[111.501s] -- Up-to-date: /home/ros_workspace/LI-SLAM/install/scanmatcher/share/scanmatcher/param/lio.yaml
[111.501s] -- Installing: /home/ros_workspace/LI-SLAM/install/scanmatcher/lib/libscanmatcher_component.so
[111.603s] -- Set runtime path of "/home/ros_workspace/LI-SLAM/install/scanmatcher/lib/libscanmatcher_component.so" to ""
[111.603s] -- Installing: /home/ros_workspace/LI-SLAM/install/scanmatcher/lib/scanmatcher/scanmatcher_node
[111.618s] -- Set runtime path of "/home/ros_workspace/LI-SLAM/install/scanmatcher/lib/scanmatcher/scanmatcher_node" to ""
[111.619s] -- Installing: /home/ros_workspace/LI-SLAM/install/scanmatcher/lib/scanmatcher/imu_preintegration
[111.676s] -- Set runtime path of "/home/ros_workspace/LI-SLAM/install/scanmatcher/lib/scanmatcher/imu_preintegration" to ""
[111.677s] -- Installing: /home/ros_workspace/LI-SLAM/install/scanmatcher/lib/scanmatcher/image_projection
[111.730s] -- Set runtime path of "/home/ros_workspace/LI-SLAM/install/scanmatcher/lib/scanmatcher/image_projection" to ""
[111.730s] -- Up-to-date: /home/ros_workspace/LI-SLAM/install/scanmatcher/share/ament_index/resource_index/package_run_dependencies/scanmatcher
[111.731s] -- Up-to-date: /home/ros_workspace/LI-SLAM/install/scanmatcher/share/ament_index/resource_index/parent_prefix_path/scanmatcher
[111.731s] -- Up-to-date: /home/ros_workspace/LI-SLAM/install/scanmatcher/share/scanmatcher/environment/ament_prefix_path.sh
[111.731s] -- Up-to-date: /home/ros_workspace/LI-SLAM/install/scanmatcher/share/scanmatcher/environment/ament_prefix_path.dsv
[111.731s] -- Up-to-date: /home/ros_workspace/LI-SLAM/install/scanmatcher/share/scanmatcher/environment/path.sh
[111.731s] -- Up-to-date: /home/ros_workspace/LI-SLAM/install/scanmatcher/share/scanmatcher/environment/path.dsv
[111.731s] -- Up-to-date: /home/ros_workspace/LI-SLAM/install/scanmatcher/share/scanmatcher/local_setup.bash
[111.731s] -- Up-to-date: /home/ros_workspace/LI-SLAM/install/scanmatcher/share/scanmatcher/local_setup.sh
[111.731s] -- Up-to-date: /home/ros_workspace/LI-SLAM/install/scanmatcher/share/scanmatcher/local_setup.zsh
[111.732s] -- Up-to-date: /home/ros_workspace/LI-SLAM/install/scanmatcher/share/scanmatcher/local_setup.dsv
[111.732s] -- Installing: /home/ros_workspace/LI-SLAM/install/scanmatcher/share/scanmatcher/package.dsv
[111.732s] -- Up-to-date: /home/ros_workspace/LI-SLAM/install/scanmatcher/share/ament_index/resource_index/packages/scanmatcher
[111.732s] -- Up-to-date: /home/ros_workspace/LI-SLAM/install/scanmatcher/share/ament_index/resource_index/rclcpp_components/scanmatcher
[111.732s] -- Up-to-date: /home/ros_workspace/LI-SLAM/install/scanmatcher/share/scanmatcher/cmake/ament_cmake_export_libraries-extras.cmake
[111.732s] -- Up-to-date: /home/ros_workspace/LI-SLAM/install/scanmatcher/share/scanmatcher/cmake/ament_cmake_export_include_directories-extras.cmake
[111.732s] -- Up-to-date: /home/ros_workspace/LI-SLAM/install/scanmatcher/share/scanmatcher/cmake/scanmatcherConfig.cmake
[111.732s] -- Up-to-date: /home/ros_workspace/LI-SLAM/install/scanmatcher/share/scanmatcher/cmake/scanmatcherConfig-version.cmake
[111.733s] -- Up-to-date: /home/ros_workspace/LI-SLAM/install/scanmatcher/share/scanmatcher/package.xml
[111.735s] Invoked command in '/home/ros_workspace/LI-SLAM/build/scanmatcher' returned '0': AMENT_PREFIX_PATH=/home/ros_workspace/LI-SLAM/install/ndt_omp_ros2:/home/ros_workspace/LI-SLAM/install/lidarslam_msgs:${AMENT_PREFIX_PATH} CMAKE_PREFIX_PATH=/home/ros_workspace/LI-SLAM/install/ndt_omp_ros2:/home/ros_workspace/LI-SLAM/install/lidarslam_msgs:/opt/ros/humble LD_LIBRARY_PATH=/home/ros_workspace/LI-SLAM/install/lidarslam_msgs/lib:${LD_LIBRARY_PATH} PATH=/home/ros_workspace/LI-SLAM/install/ndt_omp_ros2/bin:${PATH} PYTHONPATH=/home/ros_workspace/LI-SLAM/install/lidarslam_msgs/local/lib/python3.10/dist-packages:${PYTHONPATH} /usr/bin/cmake --install /home/ros_workspace/LI-SLAM/build/scanmatcher
