[0.016s] Invoking command in '/home/ros_workspace/drone/build/px4_ros_com': CMAKE_PREFIX_PATH=/home/ros_workspace/drone/install/px4_msgs:/home/ros_workspace/drone/install/px4_ros_com:/home/ros_workspace/drone/install/republisher:/opt/ros/humble LD_LIBRARY_PATH=/home/ros_workspace/drone/install/px4_msgs/lib:/home/ros_workspace/drone/install/px4_ros_com/lib:/opt/ros/humble/opt/rviz_ogre_vendor/lib:/opt/ros/humble/lib/x86_64-linux-gnu:/opt/ros/humble/lib /usr/bin/cmake /home/ros_workspace/drone/src/px4_ros_com -DCMAKE_INSTALL_PREFIX=/home/ros_workspace/drone/install/px4_ros_com
[0.099s] -- The C compiler identification is GNU 11.4.0
[0.183s] -- The CXX compiler identification is GNU 11.4.0
[0.198s] -- Detecting C compiler ABI info
[0.296s] -- Detecting C compiler ABI info - done
[0.303s] -- Check for working C compiler: /usr/bin/cc - skipped
[0.304s] -- Detecting C compile features
[0.304s] -- Detecting C compile features - done
[0.307s] -- Detecting CXX compiler ABI info
[0.401s] -- Detecting CXX compiler ABI info - done
[0.418s] -- Check for working CXX compiler: /usr/bin/c++ - skipped
[0.419s] -- Detecting CXX compile features
[0.420s] -- Detecting CXX compile features - done
[0.426s] -- Found ament_cmake: 1.3.12 (/opt/ros/humble/share/ament_cmake/cmake)
[0.601s] -- Found Python3: /usr/bin/python3 (found version "3.10.12") found components: Interpreter 
[0.726s] -- Found builtin_interfaces: 1.2.2 (/opt/ros/humble/share/builtin_interfaces/cmake)
[0.766s] -- Found rosidl_generator_c: 3.1.7 (/opt/ros/humble/share/rosidl_generator_c/cmake)
[0.772s] -- Found rosidl_adapter: 3.1.7 (/opt/ros/humble/share/rosidl_adapter/cmake)
[0.782s] -- Found rosidl_generator_cpp: 3.1.7 (/opt/ros/humble/share/rosidl_generator_cpp/cmake)
[0.796s] -- Using all available rosidl_typesupport_c: rosidl_typesupport_fastrtps_c;rosidl_typesupport_introspection_c
[0.815s] -- Using all available rosidl_typesupport_cpp: rosidl_typesupport_fastrtps_cpp;rosidl_typesupport_introspection_cpp
[0.849s] -- Found eigen3_cmake_module: 0.1.1 (/opt/ros/humble/share/eigen3_cmake_module/cmake)
[0.912s] -- Found Eigen3: TRUE (found version "3.4.0") 
[0.935s] -- Found geometry_msgs: 4.9.0 (/opt/ros/humble/share/geometry_msgs/cmake)
[1.054s] -- Found px4_msgs: 2.0.1 (/home/ros_workspace/drone/install/px4_msgs/share/px4_msgs/cmake)
[1.090s] -- Found rclcpp: 16.0.15 (/opt/ros/humble/share/rclcpp/cmake)
[1.214s] -- Found rmw_implementation_cmake: 6.1.2 (/opt/ros/humble/share/rmw_implementation_cmake/cmake)
[1.220s] -- Found rmw_fastrtps_cpp: 6.2.8 (/opt/ros/humble/share/rmw_fastrtps_cpp/cmake)
[1.745s] -- Found OpenSSL: /usr/lib/x86_64-linux-gnu/libcrypto.so (found version "3.0.2")  
[1.809s] -- Found FastRTPS: /opt/ros/humble/include  
[1.879s] -- Using RMW implementation 'rmw_fastrtps_cpp' as default
[1.955s] -- Looking for pthread.h
[2.070s] -- Looking for pthread.h - found
[2.070s] -- Performing Test CMAKE_HAVE_LIBC_PTHREAD
[2.190s] -- Performing Test CMAKE_HAVE_LIBC_PTHREAD - Success
[2.192s] -- Found Threads: TRUE  
[2.362s] -- Found sensor_msgs: 4.9.0 (/opt/ros/humble/share/sensor_msgs/cmake)
[2.401s] -- Found rclpy: 3.3.17 (/opt/ros/humble/share/rclpy/cmake)
[2.433s] -- Found ament_lint_auto: 0.12.14 (/opt/ros/humble/share/ament_lint_auto/cmake)
[2.681s] -- Added test 'copyright' to check source files copyright and LICENSE
[2.694s] -- Added test 'cppcheck' to perform static code analysis on C / C++ code
[2.695s] -- Configured cppcheck include dirs: /home/ros_workspace/drone/src/px4_ros_com/include;$<BUILD_INTERFACE:/home/ros_workspace/drone/src/px4_ros_com/include/px4_ros_com>
[2.695s] -- Configured cppcheck exclude dirs and/or files: 
[2.709s] -- Added test 'cpplint' to check C / C++ code against the Google style
[2.709s] -- Configured cpplint exclude dirs and/or files: 
[2.737s] -- Added test 'flake8' to check Python code syntax and style conventions
[2.739s] -- Added test 'lint_cmake' to check CMake code style
[2.740s] -- Added test 'pep257' to check Python code against some of the docstring style conventions in PEP 257
[2.747s] -- Added test 'uncrustify' to check C / C++ code style
[2.747s] -- Configured uncrustify additional arguments: 
[2.749s] -- Added test 'xmllint' to check XML markup files
[2.751s] -- Configuring done
[2.816s] -- Generating done
[2.826s] -- Build files have been written to: /home/ros_workspace/drone/build/px4_ros_com
[2.836s] Invoked command in '/home/ros_workspace/drone/build/px4_ros_com' returned '0': CMAKE_PREFIX_PATH=/home/ros_workspace/drone/install/px4_msgs:/home/ros_workspace/drone/install/px4_ros_com:/home/ros_workspace/drone/install/republisher:/opt/ros/humble LD_LIBRARY_PATH=/home/ros_workspace/drone/install/px4_msgs/lib:/home/ros_workspace/drone/install/px4_ros_com/lib:/opt/ros/humble/opt/rviz_ogre_vendor/lib:/opt/ros/humble/lib/x86_64-linux-gnu:/opt/ros/humble/lib /usr/bin/cmake /home/ros_workspace/drone/src/px4_ros_com -DCMAKE_INSTALL_PREFIX=/home/ros_workspace/drone/install/px4_ros_com
[2.838s] Invoking command in '/home/ros_workspace/drone/build/px4_ros_com': CMAKE_PREFIX_PATH=/home/ros_workspace/drone/install/px4_msgs:/home/ros_workspace/drone/install/px4_ros_com:/home/ros_workspace/drone/install/republisher:/opt/ros/humble LD_LIBRARY_PATH=/home/ros_workspace/drone/install/px4_msgs/lib:/home/ros_workspace/drone/install/px4_ros_com/lib:/opt/ros/humble/opt/rviz_ogre_vendor/lib:/opt/ros/humble/lib/x86_64-linux-gnu:/opt/ros/humble/lib /usr/bin/cmake --build /home/ros_workspace/drone/build/px4_ros_com -- -j16 -l16
[2.917s] [ 16%] [32mBuilding CXX object CMakeFiles/vehicle_gps_position_listener.dir/src/examples/listeners/vehicle_gps_position_listener.cpp.o[0m
[2.917s] [ 16%] [32mBuilding CXX object CMakeFiles/frame_transforms.dir/src/lib/frame_transforms.cpp.o[0m
[2.918s] [ 25%] [32mBuilding CXX object CMakeFiles/offboard_control.dir/src/examples/offboard/offboard_control.cpp.o[0m
[2.920s] [ 33%] [32mBuilding CXX object CMakeFiles/sensor_combined_listener.dir/src/examples/listeners/sensor_combined_listener.cpp.o[0m
[2.922s] [ 50%] [32mBuilding CXX object CMakeFiles/offboard_control_srv.dir/src/examples/offboard/offboard_control_srv.cpp.o[0m
[2.922s] [ 50%] [32mBuilding CXX object CMakeFiles/debug_vect_advertiser.dir/src/examples/advertisers/debug_vect_advertiser.cpp.o[0m
[2.928s] [ 50%] Built target ament_cmake_python_copy_px4_ros_com
[3.152s] running egg_info
[3.153s] creating px4_ros_com.egg-info
[3.153s] writing px4_ros_com.egg-info/PKG-INFO
[3.153s] writing dependency_links to px4_ros_com.egg-info/dependency_links.txt
[3.153s] writing top-level names to px4_ros_com.egg-info/top_level.txt
[3.153s] writing manifest file 'px4_ros_com.egg-info/SOURCES.txt'
[3.155s] reading manifest file 'px4_ros_com.egg-info/SOURCES.txt'
[3.156s] writing manifest file 'px4_ros_com.egg-info/SOURCES.txt'
[3.193s] [ 50%] Built target ament_cmake_python_build_px4_ros_com_egg
[8.544s] [ 58%] [32m[1mLinking CXX executable debug_vect_advertiser[0m
[8.827s] [ 58%] Built target debug_vect_advertiser
[9.205s] [ 66%] [32m[1mLinking CXX executable offboard_control[0m
[9.498s] [ 66%] Built target offboard_control
[10.120s] [ 75%] [32m[1mLinking CXX executable offboard_control_srv[0m
[10.419s] [ 75%] Built target offboard_control_srv
[11.157s] [ 83%] [32m[1mLinking CXX shared library libframe_transforms.so[0m
[11.563s] [ 83%] Built target frame_transforms
[12.444s] [ 91%] [32m[1mLinking CXX executable vehicle_gps_position_listener[0m
[12.451s] [100%] [32m[1mLinking CXX executable sensor_combined_listener[0m
[12.831s] [100%] Built target vehicle_gps_position_listener
[12.867s] [100%] Built target sensor_combined_listener
[12.889s] Invoked command in '/home/ros_workspace/drone/build/px4_ros_com' returned '0': CMAKE_PREFIX_PATH=/home/ros_workspace/drone/install/px4_msgs:/home/ros_workspace/drone/install/px4_ros_com:/home/ros_workspace/drone/install/republisher:/opt/ros/humble LD_LIBRARY_PATH=/home/ros_workspace/drone/install/px4_msgs/lib:/home/ros_workspace/drone/install/px4_ros_com/lib:/opt/ros/humble/opt/rviz_ogre_vendor/lib:/opt/ros/humble/lib/x86_64-linux-gnu:/opt/ros/humble/lib /usr/bin/cmake --build /home/ros_workspace/drone/build/px4_ros_com -- -j16 -l16
[12.891s] Invoking command in '/home/ros_workspace/drone/build/px4_ros_com': CMAKE_PREFIX_PATH=/home/ros_workspace/drone/install/px4_msgs:/home/ros_workspace/drone/install/px4_ros_com:/home/ros_workspace/drone/install/republisher:/opt/ros/humble LD_LIBRARY_PATH=/home/ros_workspace/drone/install/px4_msgs/lib:/home/ros_workspace/drone/install/px4_ros_com/lib:/opt/ros/humble/opt/rviz_ogre_vendor/lib:/opt/ros/humble/lib/x86_64-linux-gnu:/opt/ros/humble/lib /usr/bin/cmake --install /home/ros_workspace/drone/build/px4_ros_com
[12.906s] -- Install configuration: ""
[12.906s] -- Installing: /home/ros_workspace/drone/install/px4_ros_com/lib/px4_ros_com/sensor_combined_listener
[12.910s] -- Set runtime path of "/home/ros_workspace/drone/install/px4_ros_com/lib/px4_ros_com/sensor_combined_listener" to ""
[12.910s] -- Installing: /home/ros_workspace/drone/install/px4_ros_com/lib/px4_ros_com/vehicle_gps_position_listener
[12.914s] -- Set runtime path of "/home/ros_workspace/drone/install/px4_ros_com/lib/px4_ros_com/vehicle_gps_position_listener" to ""
[12.914s] -- Installing: /home/ros_workspace/drone/install/px4_ros_com/lib/px4_ros_com/debug_vect_advertiser
[12.915s] -- Set runtime path of "/home/ros_workspace/drone/install/px4_ros_com/lib/px4_ros_com/debug_vect_advertiser" to ""
[12.915s] -- Installing: /home/ros_workspace/drone/install/px4_ros_com/lib/px4_ros_com/offboard_control
[12.917s] -- Set runtime path of "/home/ros_workspace/drone/install/px4_ros_com/lib/px4_ros_com/offboard_control" to ""
[12.917s] -- Installing: /home/ros_workspace/drone/install/px4_ros_com/lib/px4_ros_com/offboard_control_srv
[12.919s] -- Set runtime path of "/home/ros_workspace/drone/install/px4_ros_com/lib/px4_ros_com/offboard_control_srv" to ""
[12.919s] -- Installing: /home/ros_workspace/drone/install/px4_ros_com/share/px4_ros_com/environment/library_path.sh
[12.920s] -- Installing: /home/ros_workspace/drone/install/px4_ros_com/share/px4_ros_com/environment/library_path.dsv
[12.920s] -- Installing: /home/ros_workspace/drone/install/px4_ros_com/include/px4_ros_com
[12.920s] -- Installing: /home/ros_workspace/drone/install/px4_ros_com/include/px4_ros_com/frame_transforms.h
[12.920s] -- Installing: /home/ros_workspace/drone/install/px4_ros_com/lib/libframe_transforms.so
[12.924s] -- Set runtime path of "/home/ros_workspace/drone/install/px4_ros_com/lib/libframe_transforms.so" to ""
[12.924s] -- Installing: /home/ros_workspace/drone/install/px4_ros_com/share/px4_ros_com//launch
[12.924s] -- Installing: /home/ros_workspace/drone/install/px4_ros_com/share/px4_ros_com//launch/offboard_control_launch.yaml
[12.925s] -- Installing: /home/ros_workspace/drone/install/px4_ros_com/share/px4_ros_com//launch/sensor_combined_listener.launch.py
[12.925s] -- Installing: /home/ros_workspace/drone/install/px4_ros_com/share/px4_ros_com//test
[12.925s] -- Installing: /home/ros_workspace/drone/install/px4_ros_com/share/px4_ros_com//test/pipeline_io_test.py
[12.925s] -- Installing: /home/ros_workspace/drone/install/px4_ros_com/share/px4_ros_com//test/__init__.py
[12.925s] -- Installing: /home/ros_workspace/drone/install/px4_ros_com/share/px4_ros_com//test/test_input.py
[12.925s] -- Installing: /home/ros_workspace/drone/install/px4_ros_com/share/px4_ros_com//test/test_output.py
[12.932s] -- Installing: /home/ros_workspace/drone/install/px4_ros_com/share/px4_ros_com/environment/pythonpath.sh
[12.932s] -- Installing: /home/ros_workspace/drone/install/px4_ros_com/share/px4_ros_com/environment/pythonpath.dsv
[12.932s] -- Installing: /home/ros_workspace/drone/install/px4_ros_com/local/lib/python3.10/dist-packages/px4_ros_com-0.1.0-py3.10.egg-info
[12.932s] -- Installing: /home/ros_workspace/drone/install/px4_ros_com/local/lib/python3.10/dist-packages/px4_ros_com-0.1.0-py3.10.egg-info/PKG-INFO
[12.932s] -- Installing: /home/ros_workspace/drone/install/px4_ros_com/local/lib/python3.10/dist-packages/px4_ros_com-0.1.0-py3.10.egg-info/SOURCES.txt
[12.932s] -- Installing: /home/ros_workspace/drone/install/px4_ros_com/local/lib/python3.10/dist-packages/px4_ros_com-0.1.0-py3.10.egg-info/dependency_links.txt
[12.933s] -- Installing: /home/ros_workspace/drone/install/px4_ros_com/local/lib/python3.10/dist-packages/px4_ros_com-0.1.0-py3.10.egg-info/top_level.txt
[12.933s] -- Installing: /home/ros_workspace/drone/install/px4_ros_com/local/lib/python3.10/dist-packages/px4_ros_com
[12.933s] -- Installing: /home/ros_workspace/drone/install/px4_ros_com/local/lib/python3.10/dist-packages/px4_ros_com/module_to_import.py
[12.933s] -- Installing: /home/ros_workspace/drone/install/px4_ros_com/local/lib/python3.10/dist-packages/px4_ros_com/__init__.py
[12.976s] Listing '/home/ros_workspace/drone/install/px4_ros_com/local/lib/python3.10/dist-packages/px4_ros_com'...
[12.976s] Compiling '/home/ros_workspace/drone/install/px4_ros_com/local/lib/python3.10/dist-packages/px4_ros_com/__init__.py'...
[12.976s] Compiling '/home/ros_workspace/drone/install/px4_ros_com/local/lib/python3.10/dist-packages/px4_ros_com/module_to_import.py'...
[12.980s] -- Installing: /home/ros_workspace/drone/install/px4_ros_com/lib/px4_ros_com/offboard_control.py
[12.981s] -- Installing: /home/ros_workspace/drone/install/px4_ros_com/share/ament_index/resource_index/package_run_dependencies/px4_ros_com
[12.981s] -- Installing: /home/ros_workspace/drone/install/px4_ros_com/share/ament_index/resource_index/parent_prefix_path/px4_ros_com
[12.981s] -- Installing: /home/ros_workspace/drone/install/px4_ros_com/share/px4_ros_com/environment/ament_prefix_path.sh
[12.981s] -- Installing: /home/ros_workspace/drone/install/px4_ros_com/share/px4_ros_com/environment/ament_prefix_path.dsv
[12.981s] -- Installing: /home/ros_workspace/drone/install/px4_ros_com/share/px4_ros_com/environment/path.sh
[12.982s] -- Installing: /home/ros_workspace/drone/install/px4_ros_com/share/px4_ros_com/environment/path.dsv
[12.982s] -- Installing: /home/ros_workspace/drone/install/px4_ros_com/share/px4_ros_com/local_setup.bash
[12.982s] -- Installing: /home/ros_workspace/drone/install/px4_ros_com/share/px4_ros_com/local_setup.sh
[12.982s] -- Installing: /home/ros_workspace/drone/install/px4_ros_com/share/px4_ros_com/local_setup.zsh
[12.982s] -- Installing: /home/ros_workspace/drone/install/px4_ros_com/share/px4_ros_com/local_setup.dsv
[12.983s] -- Installing: /home/ros_workspace/drone/install/px4_ros_com/share/px4_ros_com/package.dsv
[12.983s] -- Installing: /home/ros_workspace/drone/install/px4_ros_com/share/ament_index/resource_index/packages/px4_ros_com
[12.983s] -- Installing: /home/ros_workspace/drone/install/px4_ros_com/share/px4_ros_com/cmake/export_frame_transformsExport.cmake
[12.983s] -- Installing: /home/ros_workspace/drone/install/px4_ros_com/share/px4_ros_com/cmake/export_frame_transformsExport-noconfig.cmake
[12.983s] -- Installing: /home/ros_workspace/drone/install/px4_ros_com/share/px4_ros_com/cmake/ament_cmake_export_dependencies-extras.cmake
[12.984s] -- Installing: /home/ros_workspace/drone/install/px4_ros_com/share/px4_ros_com/cmake/ament_cmake_export_targets-extras.cmake
[12.984s] -- Installing: /home/ros_workspace/drone/install/px4_ros_com/share/px4_ros_com/cmake/ament_cmake_export_include_directories-extras.cmake
[12.984s] -- Installing: /home/ros_workspace/drone/install/px4_ros_com/share/px4_ros_com/cmake/ament_cmake_export_libraries-extras.cmake
[12.984s] -- Installing: /home/ros_workspace/drone/install/px4_ros_com/share/px4_ros_com/cmake/px4_ros_comConfig.cmake
[12.984s] -- Installing: /home/ros_workspace/drone/install/px4_ros_com/share/px4_ros_com/cmake/px4_ros_comConfig-version.cmake
[12.984s] -- Installing: /home/ros_workspace/drone/install/px4_ros_com/share/px4_ros_com/package.xml
[12.987s] Invoked command in '/home/ros_workspace/drone/build/px4_ros_com' returned '0': CMAKE_PREFIX_PATH=/home/ros_workspace/drone/install/px4_msgs:/home/ros_workspace/drone/install/px4_ros_com:/home/ros_workspace/drone/install/republisher:/opt/ros/humble LD_LIBRARY_PATH=/home/ros_workspace/drone/install/px4_msgs/lib:/home/ros_workspace/drone/install/px4_ros_com/lib:/opt/ros/humble/opt/rviz_ogre_vendor/lib:/opt/ros/humble/lib/x86_64-linux-gnu:/opt/ros/humble/lib /usr/bin/cmake --install /home/ros_workspace/drone/build/px4_ros_com
