[0.122s] DEBUG:colcon:Command line arguments: ['/usr/bin/colcon', 'build', '--cmake-args', '-DCMAKE_BUILD_TYPE=Release']
[0.122s] DEBUG:colcon:Parsed command line arguments: Namespace(log_base=None, log_level=None, verb_name='build', build_base='build', install_base='install', merge_install=False, symlink_install=False, test_result_base=None, continue_on_error=False, executor='parallel', parallel_workers=16, event_handlers=None, ignore_user_meta=False, metas=['./colcon.meta'], base_paths=['.'], packages_ignore=None, packages_ignore_regex=None, paths=None, packages_up_to=None, packages_up_to_regex=None, packages_above=None, packages_above_and_dependencies=None, packages_above_depth=None, packages_select_by_dep=None, packages_skip_by_dep=None, packages_skip_up_to=None, packages_select_build_failed=False, packages_skip_build_finished=False, packages_select_test_failures=False, packages_skip_test_passed=False, packages_select=None, packages_skip=None, packages_select_regex=None, packages_skip_regex=None, packages_start=None, packages_end=None, cmake_args=['-DCMAKE_BUILD_TYPE=Release'], cmake_target=None, cmake_target_skip_unavailable=False, cmake_clean_cache=False, cmake_clean_first=False, cmake_force_configure=False, ament_cmake_args=None, catkin_cmake_args=None, catkin_skip_building_tests=False, mixin_files=None, mixin=None, verb_parser=<colcon_mixin.mixin.mixin_argument.MixinArgumentDecorator object at 0x7feff7f870a0>, verb_extension=<colcon_core.verb.build.BuildVerb object at 0x7feff80bc0a0>, main=<bound method BuildVerb.main of <colcon_core.verb.build.BuildVerb object at 0x7feff80bc0a0>>, mixin_verb=('build',))
[0.280s] Level 1:colcon.colcon_core.package_discovery:discover_packages(colcon_meta) check parameters
[0.281s] INFO:colcon.colcon_metadata.package_discovery.colcon_meta:Using configuration from '/root/.colcon/metadata/default/Gazebo.meta'
[0.281s] INFO:colcon.colcon_metadata.package_discovery.colcon_meta:Using configuration from '/root/.colcon/metadata/default/fastdds.meta'
[0.282s] INFO:colcon.colcon_metadata.package_discovery.colcon_meta:Using configuration from '/root/.colcon/metadata/default/fastrtps.meta'
[0.282s] Level 1:colcon.colcon_core.package_discovery:discover_packages(recursive) check parameters
[0.282s] Level 1:colcon.colcon_core.package_discovery:discover_packages(ignore) check parameters
[0.282s] Level 1:colcon.colcon_core.package_discovery:discover_packages(path) check parameters
[0.282s] Level 1:colcon.colcon_core.package_discovery:discover_packages(colcon_meta) discover
[0.282s] Level 1:colcon.colcon_core.package_discovery:discover_packages(recursive) discover
[0.282s] INFO:colcon.colcon_core.package_discovery:Crawling recursively for packages in '/home/ros_workspace/LI-SLAM'
[0.282s] Level 1:colcon.colcon_core.package_identification:_identify(.) by extensions ['ignore', 'ignore_ament_install']
[0.282s] Level 1:colcon.colcon_core.package_identification:_identify(.) by extension 'ignore'
[0.282s] Level 1:colcon.colcon_core.package_identification:_identify(.) by extension 'ignore_ament_install'
[0.282s] Level 1:colcon.colcon_core.package_identification:_identify(.) by extensions ['colcon_pkg']
[0.282s] Level 1:colcon.colcon_core.package_identification:_identify(.) by extension 'colcon_pkg'
[0.282s] Level 1:colcon.colcon_core.package_identification:_identify(.) by extensions ['colcon_meta']
[0.282s] Level 1:colcon.colcon_core.package_identification:_identify(.) by extension 'colcon_meta'
[0.282s] Level 1:colcon.colcon_core.package_identification:_identify(.) by extensions ['ros']
[0.283s] Level 1:colcon.colcon_core.package_identification:_identify(.) by extension 'ros'
[0.307s] Level 1:colcon.colcon_core.package_identification:_identify(.) by extensions ['cmake', 'python']
[0.308s] Level 1:colcon.colcon_core.package_identification:_identify(.) by extension 'cmake'
[0.308s] Level 1:colcon.colcon_core.package_identification:_identify(.) by extension 'python'
[0.308s] Level 1:colcon.colcon_core.package_identification:_identify(.) by extensions ['python_setup_py']
[0.308s] Level 1:colcon.colcon_core.package_identification:_identify(.) by extension 'python_setup_py'
[0.308s] Level 1:colcon.colcon_core.package_identification:_identify(build) by extensions ['ignore', 'ignore_ament_install']
[0.308s] Level 1:colcon.colcon_core.package_identification:_identify(build) by extension 'ignore'
[0.308s] Level 1:colcon.colcon_core.package_identification:_identify(build) ignored
[0.308s] Level 1:colcon.colcon_core.package_identification:_identify(install) by extensions ['ignore', 'ignore_ament_install']
[0.308s] Level 1:colcon.colcon_core.package_identification:_identify(install) by extension 'ignore'
[0.308s] Level 1:colcon.colcon_core.package_identification:_identify(install) ignored
[0.308s] Level 1:colcon.colcon_core.package_identification:_identify(log) by extensions ['ignore', 'ignore_ament_install']
[0.308s] Level 1:colcon.colcon_core.package_identification:_identify(log) by extension 'ignore'
[0.308s] Level 1:colcon.colcon_core.package_identification:_identify(log) ignored
[0.308s] Level 1:colcon.colcon_core.package_identification:_identify(src) by extensions ['ignore', 'ignore_ament_install']
[0.309s] Level 1:colcon.colcon_core.package_identification:_identify(src) by extension 'ignore'
[0.309s] Level 1:colcon.colcon_core.package_identification:_identify(src) by extension 'ignore_ament_install'
[0.309s] Level 1:colcon.colcon_core.package_identification:_identify(src) by extensions ['colcon_pkg']
[0.309s] Level 1:colcon.colcon_core.package_identification:_identify(src) by extension 'colcon_pkg'
[0.309s] Level 1:colcon.colcon_core.package_identification:_identify(src) by extensions ['colcon_meta']
[0.309s] Level 1:colcon.colcon_core.package_identification:_identify(src) by extension 'colcon_meta'
[0.309s] Level 1:colcon.colcon_core.package_identification:_identify(src) by extensions ['ros']
[0.309s] Level 1:colcon.colcon_core.package_identification:_identify(src) by extension 'ros'
[0.309s] Level 1:colcon.colcon_core.package_identification:_identify(src) by extensions ['cmake', 'python']
[0.309s] Level 1:colcon.colcon_core.package_identification:_identify(src) by extension 'cmake'
[0.309s] Level 1:colcon.colcon_core.package_identification:_identify(src) by extension 'python'
[0.309s] Level 1:colcon.colcon_core.package_identification:_identify(src) by extensions ['python_setup_py']
[0.309s] Level 1:colcon.colcon_core.package_identification:_identify(src) by extension 'python_setup_py'
[0.309s] Level 1:colcon.colcon_core.package_identification:_identify(src/li_slam_ros2) by extensions ['ignore', 'ignore_ament_install']
[0.309s] Level 1:colcon.colcon_core.package_identification:_identify(src/li_slam_ros2) by extension 'ignore'
[0.309s] Level 1:colcon.colcon_core.package_identification:_identify(src/li_slam_ros2) by extension 'ignore_ament_install'
[0.309s] Level 1:colcon.colcon_core.package_identification:_identify(src/li_slam_ros2) by extensions ['colcon_pkg']
[0.309s] Level 1:colcon.colcon_core.package_identification:_identify(src/li_slam_ros2) by extension 'colcon_pkg'
[0.309s] Level 1:colcon.colcon_core.package_identification:_identify(src/li_slam_ros2) by extensions ['colcon_meta']
[0.309s] Level 1:colcon.colcon_core.package_identification:_identify(src/li_slam_ros2) by extension 'colcon_meta'
[0.309s] Level 1:colcon.colcon_core.package_identification:_identify(src/li_slam_ros2) by extensions ['ros']
[0.309s] Level 1:colcon.colcon_core.package_identification:_identify(src/li_slam_ros2) by extension 'ros'
[0.309s] Level 1:colcon.colcon_core.package_identification:_identify(src/li_slam_ros2) by extensions ['cmake', 'python']
[0.309s] Level 1:colcon.colcon_core.package_identification:_identify(src/li_slam_ros2) by extension 'cmake'
[0.310s] Level 1:colcon.colcon_core.package_identification:_identify(src/li_slam_ros2) by extension 'python'
[0.310s] Level 1:colcon.colcon_core.package_identification:_identify(src/li_slam_ros2) by extensions ['python_setup_py']
[0.310s] Level 1:colcon.colcon_core.package_identification:_identify(src/li_slam_ros2) by extension 'python_setup_py'
[0.310s] Level 1:colcon.colcon_core.package_identification:_identify(src/li_slam_ros2/Thirdparty) by extensions ['ignore', 'ignore_ament_install']
[0.310s] Level 1:colcon.colcon_core.package_identification:_identify(src/li_slam_ros2/Thirdparty) by extension 'ignore'
[0.310s] Level 1:colcon.colcon_core.package_identification:_identify(src/li_slam_ros2/Thirdparty) by extension 'ignore_ament_install'
[0.310s] Level 1:colcon.colcon_core.package_identification:_identify(src/li_slam_ros2/Thirdparty) by extensions ['colcon_pkg']
[0.310s] Level 1:colcon.colcon_core.package_identification:_identify(src/li_slam_ros2/Thirdparty) by extension 'colcon_pkg'
[0.310s] Level 1:colcon.colcon_core.package_identification:_identify(src/li_slam_ros2/Thirdparty) by extensions ['colcon_meta']
[0.310s] Level 1:colcon.colcon_core.package_identification:_identify(src/li_slam_ros2/Thirdparty) by extension 'colcon_meta'
[0.310s] Level 1:colcon.colcon_core.package_identification:_identify(src/li_slam_ros2/Thirdparty) by extensions ['ros']
[0.310s] Level 1:colcon.colcon_core.package_identification:_identify(src/li_slam_ros2/Thirdparty) by extension 'ros'
[0.310s] Level 1:colcon.colcon_core.package_identification:_identify(src/li_slam_ros2/Thirdparty) by extensions ['cmake', 'python']
[0.310s] Level 1:colcon.colcon_core.package_identification:_identify(src/li_slam_ros2/Thirdparty) by extension 'cmake'
[0.310s] Level 1:colcon.colcon_core.package_identification:_identify(src/li_slam_ros2/Thirdparty) by extension 'python'
[0.310s] Level 1:colcon.colcon_core.package_identification:_identify(src/li_slam_ros2/Thirdparty) by extensions ['python_setup_py']
[0.310s] Level 1:colcon.colcon_core.package_identification:_identify(src/li_slam_ros2/Thirdparty) by extension 'python_setup_py'
[0.310s] Level 1:colcon.colcon_core.package_identification:_identify(src/li_slam_ros2/Thirdparty/ndt_omp_ros2) by extensions ['ignore', 'ignore_ament_install']
[0.310s] Level 1:colcon.colcon_core.package_identification:_identify(src/li_slam_ros2/Thirdparty/ndt_omp_ros2) by extension 'ignore'
[0.311s] Level 1:colcon.colcon_core.package_identification:_identify(src/li_slam_ros2/Thirdparty/ndt_omp_ros2) by extension 'ignore_ament_install'
[0.311s] Level 1:colcon.colcon_core.package_identification:_identify(src/li_slam_ros2/Thirdparty/ndt_omp_ros2) by extensions ['colcon_pkg']
[0.311s] Level 1:colcon.colcon_core.package_identification:_identify(src/li_slam_ros2/Thirdparty/ndt_omp_ros2) by extension 'colcon_pkg'
[0.311s] Level 1:colcon.colcon_core.package_identification:_identify(src/li_slam_ros2/Thirdparty/ndt_omp_ros2) by extensions ['colcon_meta']
[0.311s] Level 1:colcon.colcon_core.package_identification:_identify(src/li_slam_ros2/Thirdparty/ndt_omp_ros2) by extension 'colcon_meta'
[0.311s] Level 1:colcon.colcon_core.package_identification:_identify(src/li_slam_ros2/Thirdparty/ndt_omp_ros2) by extensions ['ros']
[0.311s] Level 1:colcon.colcon_core.package_identification:_identify(src/li_slam_ros2/Thirdparty/ndt_omp_ros2) by extension 'ros'
[0.313s] DEBUG:colcon.colcon_core.package_identification:Package 'src/li_slam_ros2/Thirdparty/ndt_omp_ros2' with type 'ros.ament_cmake' and name 'ndt_omp_ros2'
[0.313s] Level 1:colcon.colcon_core.package_identification:_identify(src/li_slam_ros2/graph_based_slam) by extensions ['ignore', 'ignore_ament_install']
[0.313s] Level 1:colcon.colcon_core.package_identification:_identify(src/li_slam_ros2/graph_based_slam) by extension 'ignore'
[0.313s] Level 1:colcon.colcon_core.package_identification:_identify(src/li_slam_ros2/graph_based_slam) by extension 'ignore_ament_install'
[0.313s] Level 1:colcon.colcon_core.package_identification:_identify(src/li_slam_ros2/graph_based_slam) by extensions ['colcon_pkg']
[0.313s] Level 1:colcon.colcon_core.package_identification:_identify(src/li_slam_ros2/graph_based_slam) by extension 'colcon_pkg'
[0.313s] Level 1:colcon.colcon_core.package_identification:_identify(src/li_slam_ros2/graph_based_slam) by extensions ['colcon_meta']
[0.313s] Level 1:colcon.colcon_core.package_identification:_identify(src/li_slam_ros2/graph_based_slam) by extension 'colcon_meta'
[0.314s] Level 1:colcon.colcon_core.package_identification:_identify(src/li_slam_ros2/graph_based_slam) by extensions ['ros']
[0.314s] Level 1:colcon.colcon_core.package_identification:_identify(src/li_slam_ros2/graph_based_slam) by extension 'ros'
[0.315s] DEBUG:colcon.colcon_core.package_identification:Package 'src/li_slam_ros2/graph_based_slam' with type 'ros.ament_cmake' and name 'graph_based_slam'
[0.315s] Level 1:colcon.colcon_core.package_identification:_identify(src/li_slam_ros2/lidarslam_msgs) by extensions ['ignore', 'ignore_ament_install']
[0.315s] Level 1:colcon.colcon_core.package_identification:_identify(src/li_slam_ros2/lidarslam_msgs) by extension 'ignore'
[0.315s] Level 1:colcon.colcon_core.package_identification:_identify(src/li_slam_ros2/lidarslam_msgs) by extension 'ignore_ament_install'
[0.315s] Level 1:colcon.colcon_core.package_identification:_identify(src/li_slam_ros2/lidarslam_msgs) by extensions ['colcon_pkg']
[0.315s] Level 1:colcon.colcon_core.package_identification:_identify(src/li_slam_ros2/lidarslam_msgs) by extension 'colcon_pkg'
[0.315s] Level 1:colcon.colcon_core.package_identification:_identify(src/li_slam_ros2/lidarslam_msgs) by extensions ['colcon_meta']
[0.315s] Level 1:colcon.colcon_core.package_identification:_identify(src/li_slam_ros2/lidarslam_msgs) by extension 'colcon_meta'
[0.315s] Level 1:colcon.colcon_core.package_identification:_identify(src/li_slam_ros2/lidarslam_msgs) by extensions ['ros']
[0.315s] Level 1:colcon.colcon_core.package_identification:_identify(src/li_slam_ros2/lidarslam_msgs) by extension 'ros'
[0.317s] DEBUG:colcon.colcon_core.package_identification:Package 'src/li_slam_ros2/lidarslam_msgs' with type 'ros.ament_cmake' and name 'lidarslam_msgs'
[0.317s] Level 1:colcon.colcon_core.package_identification:_identify(src/li_slam_ros2/scanmatcher) by extensions ['ignore', 'ignore_ament_install']
[0.317s] Level 1:colcon.colcon_core.package_identification:_identify(src/li_slam_ros2/scanmatcher) by extension 'ignore'
[0.317s] Level 1:colcon.colcon_core.package_identification:_identify(src/li_slam_ros2/scanmatcher) by extension 'ignore_ament_install'
[0.317s] Level 1:colcon.colcon_core.package_identification:_identify(src/li_slam_ros2/scanmatcher) by extensions ['colcon_pkg']
[0.317s] Level 1:colcon.colcon_core.package_identification:_identify(src/li_slam_ros2/scanmatcher) by extension 'colcon_pkg'
[0.317s] Level 1:colcon.colcon_core.package_identification:_identify(src/li_slam_ros2/scanmatcher) by extensions ['colcon_meta']
[0.318s] Level 1:colcon.colcon_core.package_identification:_identify(src/li_slam_ros2/scanmatcher) by extension 'colcon_meta'
[0.318s] Level 1:colcon.colcon_core.package_identification:_identify(src/li_slam_ros2/scanmatcher) by extensions ['ros']
[0.318s] Level 1:colcon.colcon_core.package_identification:_identify(src/li_slam_ros2/scanmatcher) by extension 'ros'
[0.319s] DEBUG:colcon.colcon_core.package_identification:Package 'src/li_slam_ros2/scanmatcher' with type 'ros.ament_cmake' and name 'scanmatcher'
[0.319s] Level 1:colcon.colcon_core.package_discovery:discover_packages(recursive) using defaults
[0.319s] Level 1:colcon.colcon_core.package_discovery:discover_packages(ignore) discover
[0.319s] Level 1:colcon.colcon_core.package_discovery:discover_packages(ignore) using defaults
[0.319s] Level 1:colcon.colcon_core.package_discovery:discover_packages(path) discover
[0.319s] Level 1:colcon.colcon_core.package_discovery:discover_packages(path) using defaults
[0.352s] Level 5:colcon.colcon_core.verb:set package 'lidarslam_msgs' build argument 'cmake_args' from command line to '['-DCMAKE_BUILD_TYPE=Release']'
[0.352s] Level 5:colcon.colcon_core.verb:set package 'lidarslam_msgs' build argument 'cmake_target' from command line to 'None'
[0.352s] Level 5:colcon.colcon_core.verb:set package 'lidarslam_msgs' build argument 'cmake_target_skip_unavailable' from command line to 'False'
[0.352s] Level 5:colcon.colcon_core.verb:set package 'lidarslam_msgs' build argument 'cmake_clean_cache' from command line to 'False'
[0.352s] Level 5:colcon.colcon_core.verb:set package 'lidarslam_msgs' build argument 'cmake_clean_first' from command line to 'False'
[0.352s] Level 5:colcon.colcon_core.verb:set package 'lidarslam_msgs' build argument 'cmake_force_configure' from command line to 'False'
[0.352s] Level 5:colcon.colcon_core.verb:set package 'lidarslam_msgs' build argument 'ament_cmake_args' from command line to 'None'
[0.352s] Level 5:colcon.colcon_core.verb:set package 'lidarslam_msgs' build argument 'catkin_cmake_args' from command line to 'None'
[0.352s] Level 5:colcon.colcon_core.verb:set package 'lidarslam_msgs' build argument 'catkin_skip_building_tests' from command line to 'False'
[0.352s] DEBUG:colcon.colcon_core.verb:Building package 'lidarslam_msgs' with the following arguments: {'ament_cmake_args': None, 'build_base': '/home/ros_workspace/LI-SLAM/build/lidarslam_msgs', 'catkin_cmake_args': None, 'catkin_skip_building_tests': False, 'cmake_args': ['-DCMAKE_BUILD_TYPE=Release'], 'cmake_clean_cache': False, 'cmake_clean_first': False, 'cmake_force_configure': False, 'cmake_target': None, 'cmake_target_skip_unavailable': False, 'install_base': '/home/ros_workspace/LI-SLAM/install/lidarslam_msgs', 'merge_install': False, 'path': '/home/ros_workspace/LI-SLAM/src/li_slam_ros2/lidarslam_msgs', 'symlink_install': False, 'test_result_base': None}
[0.352s] Level 5:colcon.colcon_core.verb:set package 'ndt_omp_ros2' build argument 'cmake_args' from command line to '['-DCMAKE_BUILD_TYPE=Release']'
[0.352s] Level 5:colcon.colcon_core.verb:set package 'ndt_omp_ros2' build argument 'cmake_target' from command line to 'None'
[0.352s] Level 5:colcon.colcon_core.verb:set package 'ndt_omp_ros2' build argument 'cmake_target_skip_unavailable' from command line to 'False'
[0.352s] Level 5:colcon.colcon_core.verb:set package 'ndt_omp_ros2' build argument 'cmake_clean_cache' from command line to 'False'
[0.352s] Level 5:colcon.colcon_core.verb:set package 'ndt_omp_ros2' build argument 'cmake_clean_first' from command line to 'False'
[0.352s] Level 5:colcon.colcon_core.verb:set package 'ndt_omp_ros2' build argument 'cmake_force_configure' from command line to 'False'
[0.352s] Level 5:colcon.colcon_core.verb:set package 'ndt_omp_ros2' build argument 'ament_cmake_args' from command line to 'None'
[0.352s] Level 5:colcon.colcon_core.verb:set package 'ndt_omp_ros2' build argument 'catkin_cmake_args' from command line to 'None'
[0.352s] Level 5:colcon.colcon_core.verb:set package 'ndt_omp_ros2' build argument 'catkin_skip_building_tests' from command line to 'False'
[0.352s] DEBUG:colcon.colcon_core.verb:Building package 'ndt_omp_ros2' with the following arguments: {'ament_cmake_args': None, 'build_base': '/home/ros_workspace/LI-SLAM/build/ndt_omp_ros2', 'catkin_cmake_args': None, 'catkin_skip_building_tests': False, 'cmake_args': ['-DCMAKE_BUILD_TYPE=Release'], 'cmake_clean_cache': False, 'cmake_clean_first': False, 'cmake_force_configure': False, 'cmake_target': None, 'cmake_target_skip_unavailable': False, 'install_base': '/home/ros_workspace/LI-SLAM/install/ndt_omp_ros2', 'merge_install': False, 'path': '/home/ros_workspace/LI-SLAM/src/li_slam_ros2/Thirdparty/ndt_omp_ros2', 'symlink_install': False, 'test_result_base': None}
[0.353s] Level 5:colcon.colcon_core.verb:set package 'graph_based_slam' build argument 'cmake_args' from command line to '['-DCMAKE_BUILD_TYPE=Release']'
[0.353s] Level 5:colcon.colcon_core.verb:set package 'graph_based_slam' build argument 'cmake_target' from command line to 'None'
[0.353s] Level 5:colcon.colcon_core.verb:set package 'graph_based_slam' build argument 'cmake_target_skip_unavailable' from command line to 'False'
[0.353s] Level 5:colcon.colcon_core.verb:set package 'graph_based_slam' build argument 'cmake_clean_cache' from command line to 'False'
[0.353s] Level 5:colcon.colcon_core.verb:set package 'graph_based_slam' build argument 'cmake_clean_first' from command line to 'False'
[0.353s] Level 5:colcon.colcon_core.verb:set package 'graph_based_slam' build argument 'cmake_force_configure' from command line to 'False'
[0.353s] Level 5:colcon.colcon_core.verb:set package 'graph_based_slam' build argument 'ament_cmake_args' from command line to 'None'
[0.353s] Level 5:colcon.colcon_core.verb:set package 'graph_based_slam' build argument 'catkin_cmake_args' from command line to 'None'
[0.353s] Level 5:colcon.colcon_core.verb:set package 'graph_based_slam' build argument 'catkin_skip_building_tests' from command line to 'False'
[0.353s] DEBUG:colcon.colcon_core.verb:Building package 'graph_based_slam' with the following arguments: {'ament_cmake_args': None, 'build_base': '/home/ros_workspace/LI-SLAM/build/graph_based_slam', 'catkin_cmake_args': None, 'catkin_skip_building_tests': False, 'cmake_args': ['-DCMAKE_BUILD_TYPE=Release'], 'cmake_clean_cache': False, 'cmake_clean_first': False, 'cmake_force_configure': False, 'cmake_target': None, 'cmake_target_skip_unavailable': False, 'install_base': '/home/ros_workspace/LI-SLAM/install/graph_based_slam', 'merge_install': False, 'path': '/home/ros_workspace/LI-SLAM/src/li_slam_ros2/graph_based_slam', 'symlink_install': False, 'test_result_base': None}
[0.353s] Level 5:colcon.colcon_core.verb:set package 'scanmatcher' build argument 'cmake_args' from command line to '['-DCMAKE_BUILD_TYPE=Release']'
[0.353s] Level 5:colcon.colcon_core.verb:set package 'scanmatcher' build argument 'cmake_target' from command line to 'None'
[0.353s] Level 5:colcon.colcon_core.verb:set package 'scanmatcher' build argument 'cmake_target_skip_unavailable' from command line to 'False'
[0.353s] Level 5:colcon.colcon_core.verb:set package 'scanmatcher' build argument 'cmake_clean_cache' from command line to 'False'
[0.353s] Level 5:colcon.colcon_core.verb:set package 'scanmatcher' build argument 'cmake_clean_first' from command line to 'False'
[0.353s] Level 5:colcon.colcon_core.verb:set package 'scanmatcher' build argument 'cmake_force_configure' from command line to 'False'
[0.353s] Level 5:colcon.colcon_core.verb:set package 'scanmatcher' build argument 'ament_cmake_args' from command line to 'None'
[0.353s] Level 5:colcon.colcon_core.verb:set package 'scanmatcher' build argument 'catkin_cmake_args' from command line to 'None'
[0.353s] Level 5:colcon.colcon_core.verb:set package 'scanmatcher' build argument 'catkin_skip_building_tests' from command line to 'False'
[0.354s] DEBUG:colcon.colcon_core.verb:Building package 'scanmatcher' with the following arguments: {'ament_cmake_args': None, 'build_base': '/home/ros_workspace/LI-SLAM/build/scanmatcher', 'catkin_cmake_args': None, 'catkin_skip_building_tests': False, 'cmake_args': ['-DCMAKE_BUILD_TYPE=Release'], 'cmake_clean_cache': False, 'cmake_clean_first': False, 'cmake_force_configure': False, 'cmake_target': None, 'cmake_target_skip_unavailable': False, 'install_base': '/home/ros_workspace/LI-SLAM/install/scanmatcher', 'merge_install': False, 'path': '/home/ros_workspace/LI-SLAM/src/li_slam_ros2/scanmatcher', 'symlink_install': False, 'test_result_base': None}
[0.354s] INFO:colcon.colcon_core.executor:Executing jobs using 'parallel' executor
[0.355s] DEBUG:colcon.colcon_parallel_executor.executor.parallel:run_until_complete
[0.355s] INFO:colcon.colcon_ros.task.ament_cmake.build:Building ROS package in '/home/ros_workspace/LI-SLAM/src/li_slam_ros2/lidarslam_msgs' with build type 'ament_cmake'
[0.355s] INFO:colcon.colcon_cmake.task.cmake.build:Building CMake package in '/home/ros_workspace/LI-SLAM/src/li_slam_ros2/lidarslam_msgs'
[0.358s] INFO:colcon.colcon_core.plugin_system:Skipping extension 'colcon_core.shell.bat': Not used on non-Windows systems
[0.358s] INFO:colcon.colcon_core.shell:Skip shell extension 'powershell' for command environment: Not usable outside of PowerShell
[0.358s] DEBUG:colcon.colcon_core.shell:Skip shell extension 'dsv' for command environment
[0.362s] INFO:colcon.colcon_ros.task.ament_cmake.build:Building ROS package in '/home/ros_workspace/LI-SLAM/src/li_slam_ros2/Thirdparty/ndt_omp_ros2' with build type 'ament_cmake'
[0.362s] INFO:colcon.colcon_cmake.task.cmake.build:Building CMake package in '/home/ros_workspace/LI-SLAM/src/li_slam_ros2/Thirdparty/ndt_omp_ros2'
[0.362s] INFO:colcon.colcon_core.shell:Skip shell extension 'powershell' for command environment: Not usable outside of PowerShell
[0.362s] DEBUG:colcon.colcon_core.shell:Skip shell extension 'dsv' for command environment
[0.372s] DEBUG:colcon.colcon_core.event_handler.log_command:Invoking command in '/home/ros_workspace/LI-SLAM/build/lidarslam_msgs': CMAKE_PREFIX_PATH=/opt/ros/humble /usr/bin/cmake --build /home/ros_workspace/LI-SLAM/build/lidarslam_msgs -- -j16 -l16
[0.377s] DEBUG:colcon.colcon_core.event_handler.log_command:Invoking command in '/home/ros_workspace/LI-SLAM/build/ndt_omp_ros2': CMAKE_PREFIX_PATH=/opt/ros/humble /usr/bin/cmake --build /home/ros_workspace/LI-SLAM/build/ndt_omp_ros2 -- -j16 -l16
[0.553s] DEBUG:colcon.colcon_core.event_handler.log_command:Invoked command in '/home/ros_workspace/LI-SLAM/build/ndt_omp_ros2' returned '0': CMAKE_PREFIX_PATH=/opt/ros/humble /usr/bin/cmake --build /home/ros_workspace/LI-SLAM/build/ndt_omp_ros2 -- -j16 -l16
[0.573s] DEBUG:colcon.colcon_core.event_handler.log_command:Invoking command in '/home/ros_workspace/LI-SLAM/build/ndt_omp_ros2': CMAKE_PREFIX_PATH=/opt/ros/humble /usr/bin/cmake --install /home/ros_workspace/LI-SLAM/build/ndt_omp_ros2
[0.585s] Level 1:colcon.colcon_core.environment:create_environment_scripts_only(ndt_omp_ros2)
[0.586s] DEBUG:colcon.colcon_core.event_handler.log_command:Invoked command in '/home/ros_workspace/LI-SLAM/build/ndt_omp_ros2' returned '0': CMAKE_PREFIX_PATH=/opt/ros/humble /usr/bin/cmake --install /home/ros_workspace/LI-SLAM/build/ndt_omp_ros2
[0.589s] Level 1:colcon.colcon_core.environment:checking '/home/ros_workspace/LI-SLAM/install/ndt_omp_ros2' for CMake module files
[0.590s] Level 1:colcon.colcon_core.environment:checking '/home/ros_workspace/LI-SLAM/install/ndt_omp_ros2' for CMake config files
[0.590s] Level 1:colcon.colcon_core.shell:create_environment_hook('ndt_omp_ros2', 'cmake_prefix_path')
[0.591s] INFO:colcon.colcon_core.shell:Creating environment hook '/home/ros_workspace/LI-SLAM/install/ndt_omp_ros2/share/ndt_omp_ros2/hook/cmake_prefix_path.ps1'
[0.592s] INFO:colcon.colcon_core.shell:Creating environment descriptor '/home/ros_workspace/LI-SLAM/install/ndt_omp_ros2/share/ndt_omp_ros2/hook/cmake_prefix_path.dsv'
[0.593s] INFO:colcon.colcon_core.shell:Creating environment hook '/home/ros_workspace/LI-SLAM/install/ndt_omp_ros2/share/ndt_omp_ros2/hook/cmake_prefix_path.sh'
[0.594s] Level 1:colcon.colcon_core.environment:checking '/home/ros_workspace/LI-SLAM/install/ndt_omp_ros2/lib'
[0.595s] Level 1:colcon.colcon_core.environment:checking '/home/ros_workspace/LI-SLAM/install/ndt_omp_ros2/bin'
[0.595s] Level 1:colcon.colcon_core.shell:create_environment_hook('ndt_omp_ros2', 'path')
[0.595s] INFO:colcon.colcon_core.shell:Creating environment hook '/home/ros_workspace/LI-SLAM/install/ndt_omp_ros2/share/ndt_omp_ros2/hook/path.ps1'
[0.596s] INFO:colcon.colcon_core.shell:Creating environment descriptor '/home/ros_workspace/LI-SLAM/install/ndt_omp_ros2/share/ndt_omp_ros2/hook/path.dsv'
[0.596s] INFO:colcon.colcon_core.shell:Creating environment hook '/home/ros_workspace/LI-SLAM/install/ndt_omp_ros2/share/ndt_omp_ros2/hook/path.sh'
[0.597s] Level 1:colcon.colcon_core.environment:checking '/home/ros_workspace/LI-SLAM/install/ndt_omp_ros2/lib/pkgconfig/ndt_omp_ros2.pc'
[0.599s] Level 1:colcon.colcon_core.environment:checking '/home/ros_workspace/LI-SLAM/install/ndt_omp_ros2/lib/python3.10/site-packages'
[0.599s] Level 1:colcon.colcon_core.environment:checking '/home/ros_workspace/LI-SLAM/install/ndt_omp_ros2/bin'
[0.600s] Level 1:colcon.colcon_core.shell:create_environment_hook('ndt_omp_ros2', 'pythonscriptspath')
[0.600s] INFO:colcon.colcon_core.shell:Creating environment hook '/home/ros_workspace/LI-SLAM/install/ndt_omp_ros2/share/ndt_omp_ros2/hook/pythonscriptspath.ps1'
[0.601s] INFO:colcon.colcon_core.shell:Creating environment descriptor '/home/ros_workspace/LI-SLAM/install/ndt_omp_ros2/share/ndt_omp_ros2/hook/pythonscriptspath.dsv'
[0.601s] INFO:colcon.colcon_core.shell:Creating environment hook '/home/ros_workspace/LI-SLAM/install/ndt_omp_ros2/share/ndt_omp_ros2/hook/pythonscriptspath.sh'
[0.603s] INFO:colcon.colcon_core.shell:Creating package script '/home/ros_workspace/LI-SLAM/install/ndt_omp_ros2/share/ndt_omp_ros2/package.ps1'
[0.604s] INFO:colcon.colcon_core.shell:Creating package descriptor '/home/ros_workspace/LI-SLAM/install/ndt_omp_ros2/share/ndt_omp_ros2/package.dsv'
[0.605s] INFO:colcon.colcon_core.shell:Creating package script '/home/ros_workspace/LI-SLAM/install/ndt_omp_ros2/share/ndt_omp_ros2/package.sh'
[0.607s] INFO:colcon.colcon_core.shell:Creating package script '/home/ros_workspace/LI-SLAM/install/ndt_omp_ros2/share/ndt_omp_ros2/package.bash'
[0.608s] INFO:colcon.colcon_core.shell:Creating package script '/home/ros_workspace/LI-SLAM/install/ndt_omp_ros2/share/ndt_omp_ros2/package.zsh'
[0.609s] Level 1:colcon.colcon_core.environment:create_file_with_runtime_dependencies(/home/ros_workspace/LI-SLAM/install/ndt_omp_ros2/share/colcon-core/packages/ndt_omp_ros2)
[0.610s] Level 1:colcon.colcon_core.environment:create_environment_scripts_only(ndt_omp_ros2)
[0.611s] Level 1:colcon.colcon_core.environment:checking '/home/ros_workspace/LI-SLAM/install/ndt_omp_ros2' for CMake module files
[0.612s] Level 1:colcon.colcon_core.environment:checking '/home/ros_workspace/LI-SLAM/install/ndt_omp_ros2' for CMake config files
[0.612s] Level 1:colcon.colcon_core.shell:create_environment_hook('ndt_omp_ros2', 'cmake_prefix_path')
[0.612s] INFO:colcon.colcon_core.shell:Creating environment hook '/home/ros_workspace/LI-SLAM/install/ndt_omp_ros2/share/ndt_omp_ros2/hook/cmake_prefix_path.ps1'
[0.613s] INFO:colcon.colcon_core.shell:Creating environment descriptor '/home/ros_workspace/LI-SLAM/install/ndt_omp_ros2/share/ndt_omp_ros2/hook/cmake_prefix_path.dsv'
[0.614s] INFO:colcon.colcon_core.shell:Creating environment hook '/home/ros_workspace/LI-SLAM/install/ndt_omp_ros2/share/ndt_omp_ros2/hook/cmake_prefix_path.sh'
[0.614s] Level 1:colcon.colcon_core.environment:checking '/home/ros_workspace/LI-SLAM/install/ndt_omp_ros2/lib'
[0.615s] Level 1:colcon.colcon_core.environment:checking '/home/ros_workspace/LI-SLAM/install/ndt_omp_ros2/bin'
[0.615s] Level 1:colcon.colcon_core.shell:create_environment_hook('ndt_omp_ros2', 'path')
[0.615s] INFO:colcon.colcon_core.shell:Creating environment hook '/home/ros_workspace/LI-SLAM/install/ndt_omp_ros2/share/ndt_omp_ros2/hook/path.ps1'
[0.616s] INFO:colcon.colcon_core.shell:Creating environment descriptor '/home/ros_workspace/LI-SLAM/install/ndt_omp_ros2/share/ndt_omp_ros2/hook/path.dsv'
[0.616s] INFO:colcon.colcon_core.shell:Creating environment hook '/home/ros_workspace/LI-SLAM/install/ndt_omp_ros2/share/ndt_omp_ros2/hook/path.sh'
[0.617s] Level 1:colcon.colcon_core.environment:checking '/home/ros_workspace/LI-SLAM/install/ndt_omp_ros2/lib/pkgconfig/ndt_omp_ros2.pc'
[0.617s] Level 1:colcon.colcon_core.environment:checking '/home/ros_workspace/LI-SLAM/install/ndt_omp_ros2/lib/python3.10/site-packages'
[0.618s] Level 1:colcon.colcon_core.environment:checking '/home/ros_workspace/LI-SLAM/install/ndt_omp_ros2/bin'
[0.618s] Level 1:colcon.colcon_core.shell:create_environment_hook('ndt_omp_ros2', 'pythonscriptspath')
[0.619s] INFO:colcon.colcon_core.shell:Creating environment hook '/home/ros_workspace/LI-SLAM/install/ndt_omp_ros2/share/ndt_omp_ros2/hook/pythonscriptspath.ps1'
[0.622s] INFO:colcon.colcon_core.shell:Creating environment descriptor '/home/ros_workspace/LI-SLAM/install/ndt_omp_ros2/share/ndt_omp_ros2/hook/pythonscriptspath.dsv'
[0.622s] INFO:colcon.colcon_core.shell:Creating environment hook '/home/ros_workspace/LI-SLAM/install/ndt_omp_ros2/share/ndt_omp_ros2/hook/pythonscriptspath.sh'
[0.624s] INFO:colcon.colcon_core.shell:Creating package script '/home/ros_workspace/LI-SLAM/install/ndt_omp_ros2/share/ndt_omp_ros2/package.ps1'
[0.625s] INFO:colcon.colcon_core.shell:Creating package descriptor '/home/ros_workspace/LI-SLAM/install/ndt_omp_ros2/share/ndt_omp_ros2/package.dsv'
[0.626s] INFO:colcon.colcon_core.shell:Creating package script '/home/ros_workspace/LI-SLAM/install/ndt_omp_ros2/share/ndt_omp_ros2/package.sh'
[0.626s] INFO:colcon.colcon_core.shell:Creating package script '/home/ros_workspace/LI-SLAM/install/ndt_omp_ros2/share/ndt_omp_ros2/package.bash'
[0.627s] INFO:colcon.colcon_core.shell:Creating package script '/home/ros_workspace/LI-SLAM/install/ndt_omp_ros2/share/ndt_omp_ros2/package.zsh'
[0.628s] Level 1:colcon.colcon_core.environment:create_file_with_runtime_dependencies(/home/ros_workspace/LI-SLAM/install/ndt_omp_ros2/share/colcon-core/packages/ndt_omp_ros2)
[0.760s] DEBUG:colcon.colcon_core.event_handler.log_command:Invoked command in '/home/ros_workspace/LI-SLAM/build/lidarslam_msgs' returned '0': CMAKE_PREFIX_PATH=/opt/ros/humble /usr/bin/cmake --build /home/ros_workspace/LI-SLAM/build/lidarslam_msgs -- -j16 -l16
[0.762s] DEBUG:colcon.colcon_core.event_handler.log_command:Invoking command in '/home/ros_workspace/LI-SLAM/build/lidarslam_msgs': CMAKE_PREFIX_PATH=/opt/ros/humble /usr/bin/cmake --install /home/ros_workspace/LI-SLAM/build/lidarslam_msgs
[0.825s] Level 1:colcon.colcon_core.environment:create_environment_scripts_only(lidarslam_msgs)
[0.826s] Level 1:colcon.colcon_core.environment:checking '/home/ros_workspace/LI-SLAM/install/lidarslam_msgs' for CMake module files
[0.826s] DEBUG:colcon.colcon_core.event_handler.log_command:Invoked command in '/home/ros_workspace/LI-SLAM/build/lidarslam_msgs' returned '0': CMAKE_PREFIX_PATH=/opt/ros/humble /usr/bin/cmake --install /home/ros_workspace/LI-SLAM/build/lidarslam_msgs
[0.827s] Level 1:colcon.colcon_core.environment:checking '/home/ros_workspace/LI-SLAM/install/lidarslam_msgs' for CMake config files
[0.828s] Level 1:colcon.colcon_core.shell:create_environment_hook('lidarslam_msgs', 'cmake_prefix_path')
[0.828s] INFO:colcon.colcon_core.shell:Creating environment hook '/home/ros_workspace/LI-SLAM/install/lidarslam_msgs/share/lidarslam_msgs/hook/cmake_prefix_path.ps1'
[0.829s] INFO:colcon.colcon_core.shell:Creating environment descriptor '/home/ros_workspace/LI-SLAM/install/lidarslam_msgs/share/lidarslam_msgs/hook/cmake_prefix_path.dsv'
[0.829s] INFO:colcon.colcon_core.shell:Creating environment hook '/home/ros_workspace/LI-SLAM/install/lidarslam_msgs/share/lidarslam_msgs/hook/cmake_prefix_path.sh'
[0.830s] Level 1:colcon.colcon_core.environment:checking '/home/ros_workspace/LI-SLAM/install/lidarslam_msgs/lib'
[0.830s] Level 1:colcon.colcon_core.shell:create_environment_hook('lidarslam_msgs', 'ld_library_path_lib')
[0.831s] INFO:colcon.colcon_core.shell:Creating environment hook '/home/ros_workspace/LI-SLAM/install/lidarslam_msgs/share/lidarslam_msgs/hook/ld_library_path_lib.ps1'
[0.831s] INFO:colcon.colcon_core.shell:Creating environment descriptor '/home/ros_workspace/LI-SLAM/install/lidarslam_msgs/share/lidarslam_msgs/hook/ld_library_path_lib.dsv'
[0.832s] INFO:colcon.colcon_core.shell:Creating environment hook '/home/ros_workspace/LI-SLAM/install/lidarslam_msgs/share/lidarslam_msgs/hook/ld_library_path_lib.sh'
[0.832s] Level 1:colcon.colcon_core.environment:checking '/home/ros_workspace/LI-SLAM/install/lidarslam_msgs/bin'
[0.832s] Level 1:colcon.colcon_core.environment:checking '/home/ros_workspace/LI-SLAM/install/lidarslam_msgs/lib/pkgconfig/lidarslam_msgs.pc'
[0.833s] Level 1:colcon.colcon_core.environment:checking '/home/ros_workspace/LI-SLAM/install/lidarslam_msgs/lib/python3.10/site-packages'
[0.833s] Level 1:colcon.colcon_core.environment:checking '/home/ros_workspace/LI-SLAM/install/lidarslam_msgs/bin'
[0.834s] INFO:colcon.colcon_core.shell:Creating package script '/home/ros_workspace/LI-SLAM/install/lidarslam_msgs/share/lidarslam_msgs/package.ps1'
[0.835s] INFO:colcon.colcon_core.shell:Creating package descriptor '/home/ros_workspace/LI-SLAM/install/lidarslam_msgs/share/lidarslam_msgs/package.dsv'
[0.835s] INFO:colcon.colcon_core.shell:Creating package script '/home/ros_workspace/LI-SLAM/install/lidarslam_msgs/share/lidarslam_msgs/package.sh'
[0.836s] INFO:colcon.colcon_core.shell:Creating package script '/home/ros_workspace/LI-SLAM/install/lidarslam_msgs/share/lidarslam_msgs/package.bash'
[0.836s] INFO:colcon.colcon_core.shell:Creating package script '/home/ros_workspace/LI-SLAM/install/lidarslam_msgs/share/lidarslam_msgs/package.zsh'
[0.837s] Level 1:colcon.colcon_core.environment:create_file_with_runtime_dependencies(/home/ros_workspace/LI-SLAM/install/lidarslam_msgs/share/colcon-core/packages/lidarslam_msgs)
[0.838s] Level 1:colcon.colcon_core.environment:create_environment_scripts_only(lidarslam_msgs)
[0.838s] Level 1:colcon.colcon_core.environment:checking '/home/ros_workspace/LI-SLAM/install/lidarslam_msgs' for CMake module files
[0.839s] Level 1:colcon.colcon_core.environment:checking '/home/ros_workspace/LI-SLAM/install/lidarslam_msgs' for CMake config files
[0.840s] Level 1:colcon.colcon_core.shell:create_environment_hook('lidarslam_msgs', 'cmake_prefix_path')
[0.840s] INFO:colcon.colcon_core.shell:Creating environment hook '/home/ros_workspace/LI-SLAM/install/lidarslam_msgs/share/lidarslam_msgs/hook/cmake_prefix_path.ps1'
[0.841s] INFO:colcon.colcon_core.shell:Creating environment descriptor '/home/ros_workspace/LI-SLAM/install/lidarslam_msgs/share/lidarslam_msgs/hook/cmake_prefix_path.dsv'
[0.841s] INFO:colcon.colcon_core.shell:Creating environment hook '/home/ros_workspace/LI-SLAM/install/lidarslam_msgs/share/lidarslam_msgs/hook/cmake_prefix_path.sh'
[0.842s] Level 1:colcon.colcon_core.environment:checking '/home/ros_workspace/LI-SLAM/install/lidarslam_msgs/lib'
[0.842s] Level 1:colcon.colcon_core.shell:create_environment_hook('lidarslam_msgs', 'ld_library_path_lib')
[0.843s] INFO:colcon.colcon_core.shell:Creating environment hook '/home/ros_workspace/LI-SLAM/install/lidarslam_msgs/share/lidarslam_msgs/hook/ld_library_path_lib.ps1'
[0.843s] INFO:colcon.colcon_core.shell:Creating environment descriptor '/home/ros_workspace/LI-SLAM/install/lidarslam_msgs/share/lidarslam_msgs/hook/ld_library_path_lib.dsv'
[0.844s] INFO:colcon.colcon_core.shell:Creating environment hook '/home/ros_workspace/LI-SLAM/install/lidarslam_msgs/share/lidarslam_msgs/hook/ld_library_path_lib.sh'
[0.844s] Level 1:colcon.colcon_core.environment:checking '/home/ros_workspace/LI-SLAM/install/lidarslam_msgs/bin'
[0.845s] Level 1:colcon.colcon_core.environment:checking '/home/ros_workspace/LI-SLAM/install/lidarslam_msgs/lib/pkgconfig/lidarslam_msgs.pc'
[0.845s] Level 1:colcon.colcon_core.environment:checking '/home/ros_workspace/LI-SLAM/install/lidarslam_msgs/lib/python3.10/site-packages'
[0.845s] Level 1:colcon.colcon_core.environment:checking '/home/ros_workspace/LI-SLAM/install/lidarslam_msgs/bin'
[0.846s] INFO:colcon.colcon_core.shell:Creating package script '/home/ros_workspace/LI-SLAM/install/lidarslam_msgs/share/lidarslam_msgs/package.ps1'
[0.847s] INFO:colcon.colcon_core.shell:Creating package descriptor '/home/ros_workspace/LI-SLAM/install/lidarslam_msgs/share/lidarslam_msgs/package.dsv'
[0.847s] INFO:colcon.colcon_core.shell:Creating package script '/home/ros_workspace/LI-SLAM/install/lidarslam_msgs/share/lidarslam_msgs/package.sh'
[0.854s] INFO:colcon.colcon_core.shell:Creating package script '/home/ros_workspace/LI-SLAM/install/lidarslam_msgs/share/lidarslam_msgs/package.bash'
[0.854s] INFO:colcon.colcon_core.shell:Creating package script '/home/ros_workspace/LI-SLAM/install/lidarslam_msgs/share/lidarslam_msgs/package.zsh'
[0.855s] Level 1:colcon.colcon_core.environment:create_file_with_runtime_dependencies(/home/ros_workspace/LI-SLAM/install/lidarslam_msgs/share/colcon-core/packages/lidarslam_msgs)
[0.856s] INFO:colcon.colcon_ros.task.ament_cmake.build:Building ROS package in '/home/ros_workspace/LI-SLAM/src/li_slam_ros2/graph_based_slam' with build type 'ament_cmake'
[0.856s] INFO:colcon.colcon_cmake.task.cmake.build:Building CMake package in '/home/ros_workspace/LI-SLAM/src/li_slam_ros2/graph_based_slam'
[0.857s] INFO:colcon.colcon_core.shell:Skip shell extension 'powershell' for command environment: Not usable outside of PowerShell
[0.857s] DEBUG:colcon.colcon_core.shell:Skip shell extension 'dsv' for command environment
[0.862s] INFO:colcon.colcon_ros.task.ament_cmake.build:Building ROS package in '/home/ros_workspace/LI-SLAM/src/li_slam_ros2/scanmatcher' with build type 'ament_cmake'
[0.862s] INFO:colcon.colcon_cmake.task.cmake.build:Building CMake package in '/home/ros_workspace/LI-SLAM/src/li_slam_ros2/scanmatcher'
[0.863s] INFO:colcon.colcon_core.shell:Skip shell extension 'powershell' for command environment: Not usable outside of PowerShell
[0.863s] DEBUG:colcon.colcon_core.shell:Skip shell extension 'dsv' for command environment
[0.876s] DEBUG:colcon.colcon_core.event_handler.log_command:Invoking command in '/home/ros_workspace/LI-SLAM/build/graph_based_slam': AMENT_PREFIX_PATH=/home/ros_workspace/LI-SLAM/install/ndt_omp_ros2:/home/ros_workspace/LI-SLAM/install/lidarslam_msgs:${AMENT_PREFIX_PATH} CMAKE_PREFIX_PATH=/home/ros_workspace/LI-SLAM/install/ndt_omp_ros2:/home/ros_workspace/LI-SLAM/install/lidarslam_msgs:/opt/ros/humble LD_LIBRARY_PATH=/home/ros_workspace/LI-SLAM/install/lidarslam_msgs/lib:${LD_LIBRARY_PATH} PATH=/home/ros_workspace/LI-SLAM/install/ndt_omp_ros2/bin:${PATH} PYTHONPATH=/home/ros_workspace/LI-SLAM/install/lidarslam_msgs/local/lib/python3.10/dist-packages:${PYTHONPATH} /usr/bin/cmake --build /home/ros_workspace/LI-SLAM/build/graph_based_slam -- -j16 -l16
[0.882s] DEBUG:colcon.colcon_core.event_handler.log_command:Invoking command in '/home/ros_workspace/LI-SLAM/build/scanmatcher': AMENT_PREFIX_PATH=/home/ros_workspace/LI-SLAM/install/ndt_omp_ros2:/home/ros_workspace/LI-SLAM/install/lidarslam_msgs:${AMENT_PREFIX_PATH} CMAKE_PREFIX_PATH=/home/ros_workspace/LI-SLAM/install/ndt_omp_ros2:/home/ros_workspace/LI-SLAM/install/lidarslam_msgs:/opt/ros/humble LD_LIBRARY_PATH=/home/ros_workspace/LI-SLAM/install/lidarslam_msgs/lib:${LD_LIBRARY_PATH} PATH=/home/ros_workspace/LI-SLAM/install/ndt_omp_ros2/bin:${PATH} PYTHONPATH=/home/ros_workspace/LI-SLAM/install/lidarslam_msgs/local/lib/python3.10/dist-packages:${PYTHONPATH} /usr/bin/cmake --build /home/ros_workspace/LI-SLAM/build/scanmatcher -- -j16 -l16
[1.054s] DEBUG:colcon.colcon_core.event_handler.log_command:Invoked command in '/home/ros_workspace/LI-SLAM/build/graph_based_slam' returned '0': AMENT_PREFIX_PATH=/home/ros_workspace/LI-SLAM/install/ndt_omp_ros2:/home/ros_workspace/LI-SLAM/install/lidarslam_msgs:${AMENT_PREFIX_PATH} CMAKE_PREFIX_PATH=/home/ros_workspace/LI-SLAM/install/ndt_omp_ros2:/home/ros_workspace/LI-SLAM/install/lidarslam_msgs:/opt/ros/humble LD_LIBRARY_PATH=/home/ros_workspace/LI-SLAM/install/lidarslam_msgs/lib:${LD_LIBRARY_PATH} PATH=/home/ros_workspace/LI-SLAM/install/ndt_omp_ros2/bin:${PATH} PYTHONPATH=/home/ros_workspace/LI-SLAM/install/lidarslam_msgs/local/lib/python3.10/dist-packages:${PYTHONPATH} /usr/bin/cmake --build /home/ros_workspace/LI-SLAM/build/graph_based_slam -- -j16 -l16
[1.056s] DEBUG:colcon.colcon_core.event_handler.log_command:Invoking command in '/home/ros_workspace/LI-SLAM/build/graph_based_slam': AMENT_PREFIX_PATH=/home/ros_workspace/LI-SLAM/install/ndt_omp_ros2:/home/ros_workspace/LI-SLAM/install/lidarslam_msgs:${AMENT_PREFIX_PATH} CMAKE_PREFIX_PATH=/home/ros_workspace/LI-SLAM/install/ndt_omp_ros2:/home/ros_workspace/LI-SLAM/install/lidarslam_msgs:/opt/ros/humble LD_LIBRARY_PATH=/home/ros_workspace/LI-SLAM/install/lidarslam_msgs/lib:${LD_LIBRARY_PATH} PATH=/home/ros_workspace/LI-SLAM/install/ndt_omp_ros2/bin:${PATH} PYTHONPATH=/home/ros_workspace/LI-SLAM/install/lidarslam_msgs/local/lib/python3.10/dist-packages:${PYTHONPATH} /usr/bin/cmake --install /home/ros_workspace/LI-SLAM/build/graph_based_slam
[1.177s] Level 1:colcon.colcon_core.environment:create_environment_scripts_only(graph_based_slam)
[1.177s] DEBUG:colcon.colcon_core.event_handler.log_command:Invoked command in '/home/ros_workspace/LI-SLAM/build/graph_based_slam' returned '0': AMENT_PREFIX_PATH=/home/ros_workspace/LI-SLAM/install/ndt_omp_ros2:/home/ros_workspace/LI-SLAM/install/lidarslam_msgs:${AMENT_PREFIX_PATH} CMAKE_PREFIX_PATH=/home/ros_workspace/LI-SLAM/install/ndt_omp_ros2:/home/ros_workspace/LI-SLAM/install/lidarslam_msgs:/opt/ros/humble LD_LIBRARY_PATH=/home/ros_workspace/LI-SLAM/install/lidarslam_msgs/lib:${LD_LIBRARY_PATH} PATH=/home/ros_workspace/LI-SLAM/install/ndt_omp_ros2/bin:${PATH} PYTHONPATH=/home/ros_workspace/LI-SLAM/install/lidarslam_msgs/local/lib/python3.10/dist-packages:${PYTHONPATH} /usr/bin/cmake --install /home/ros_workspace/LI-SLAM/build/graph_based_slam
[1.178s] Level 1:colcon.colcon_core.environment:checking '/home/ros_workspace/LI-SLAM/install/graph_based_slam' for CMake module files
[1.179s] Level 1:colcon.colcon_core.environment:checking '/home/ros_workspace/LI-SLAM/install/graph_based_slam' for CMake config files
[1.180s] Level 1:colcon.colcon_core.shell:create_environment_hook('graph_based_slam', 'cmake_prefix_path')
[1.180s] INFO:colcon.colcon_core.shell:Creating environment hook '/home/ros_workspace/LI-SLAM/install/graph_based_slam/share/graph_based_slam/hook/cmake_prefix_path.ps1'
[1.181s] INFO:colcon.colcon_core.shell:Creating environment descriptor '/home/ros_workspace/LI-SLAM/install/graph_based_slam/share/graph_based_slam/hook/cmake_prefix_path.dsv'
[1.181s] INFO:colcon.colcon_core.shell:Creating environment hook '/home/ros_workspace/LI-SLAM/install/graph_based_slam/share/graph_based_slam/hook/cmake_prefix_path.sh'
[1.182s] Level 1:colcon.colcon_core.environment:checking '/home/ros_workspace/LI-SLAM/install/graph_based_slam/lib'
[1.182s] Level 1:colcon.colcon_core.shell:create_environment_hook('graph_based_slam', 'ld_library_path_lib')
[1.183s] INFO:colcon.colcon_core.shell:Creating environment hook '/home/ros_workspace/LI-SLAM/install/graph_based_slam/share/graph_based_slam/hook/ld_library_path_lib.ps1'
[1.183s] INFO:colcon.colcon_core.shell:Creating environment descriptor '/home/ros_workspace/LI-SLAM/install/graph_based_slam/share/graph_based_slam/hook/ld_library_path_lib.dsv'
[1.184s] INFO:colcon.colcon_core.shell:Creating environment hook '/home/ros_workspace/LI-SLAM/install/graph_based_slam/share/graph_based_slam/hook/ld_library_path_lib.sh'
[1.184s] Level 1:colcon.colcon_core.environment:checking '/home/ros_workspace/LI-SLAM/install/graph_based_slam/bin'
[1.184s] Level 1:colcon.colcon_core.environment:checking '/home/ros_workspace/LI-SLAM/install/graph_based_slam/lib/pkgconfig/graph_based_slam.pc'
[1.185s] Level 1:colcon.colcon_core.environment:checking '/home/ros_workspace/LI-SLAM/install/graph_based_slam/lib/python3.10/site-packages'
[1.186s] Level 1:colcon.colcon_core.environment:checking '/home/ros_workspace/LI-SLAM/install/graph_based_slam/bin'
[1.186s] INFO:colcon.colcon_core.shell:Creating package script '/home/ros_workspace/LI-SLAM/install/graph_based_slam/share/graph_based_slam/package.ps1'
[1.187s] INFO:colcon.colcon_core.shell:Creating package descriptor '/home/ros_workspace/LI-SLAM/install/graph_based_slam/share/graph_based_slam/package.dsv'
[1.188s] INFO:colcon.colcon_core.shell:Creating package script '/home/ros_workspace/LI-SLAM/install/graph_based_slam/share/graph_based_slam/package.sh'
[1.189s] INFO:colcon.colcon_core.shell:Creating package script '/home/ros_workspace/LI-SLAM/install/graph_based_slam/share/graph_based_slam/package.bash'
[1.189s] INFO:colcon.colcon_core.shell:Creating package script '/home/ros_workspace/LI-SLAM/install/graph_based_slam/share/graph_based_slam/package.zsh'
[1.190s] Level 1:colcon.colcon_core.environment:create_file_with_runtime_dependencies(/home/ros_workspace/LI-SLAM/install/graph_based_slam/share/colcon-core/packages/graph_based_slam)
[1.191s] Level 1:colcon.colcon_core.environment:create_environment_scripts_only(graph_based_slam)
[1.191s] Level 1:colcon.colcon_core.environment:checking '/home/ros_workspace/LI-SLAM/install/graph_based_slam' for CMake module files
[1.192s] Level 1:colcon.colcon_core.environment:checking '/home/ros_workspace/LI-SLAM/install/graph_based_slam' for CMake config files
[1.193s] Level 1:colcon.colcon_core.shell:create_environment_hook('graph_based_slam', 'cmake_prefix_path')
[1.193s] INFO:colcon.colcon_core.shell:Creating environment hook '/home/ros_workspace/LI-SLAM/install/graph_based_slam/share/graph_based_slam/hook/cmake_prefix_path.ps1'
[1.194s] INFO:colcon.colcon_core.shell:Creating environment descriptor '/home/ros_workspace/LI-SLAM/install/graph_based_slam/share/graph_based_slam/hook/cmake_prefix_path.dsv'
[1.195s] INFO:colcon.colcon_core.shell:Creating environment hook '/home/ros_workspace/LI-SLAM/install/graph_based_slam/share/graph_based_slam/hook/cmake_prefix_path.sh'
[1.196s] Level 1:colcon.colcon_core.environment:checking '/home/ros_workspace/LI-SLAM/install/graph_based_slam/lib'
[1.196s] Level 1:colcon.colcon_core.shell:create_environment_hook('graph_based_slam', 'ld_library_path_lib')
[1.196s] INFO:colcon.colcon_core.shell:Creating environment hook '/home/ros_workspace/LI-SLAM/install/graph_based_slam/share/graph_based_slam/hook/ld_library_path_lib.ps1'
[1.197s] INFO:colcon.colcon_core.shell:Creating environment descriptor '/home/ros_workspace/LI-SLAM/install/graph_based_slam/share/graph_based_slam/hook/ld_library_path_lib.dsv'
[1.197s] INFO:colcon.colcon_core.shell:Creating environment hook '/home/ros_workspace/LI-SLAM/install/graph_based_slam/share/graph_based_slam/hook/ld_library_path_lib.sh'
[1.198s] Level 1:colcon.colcon_core.environment:checking '/home/ros_workspace/LI-SLAM/install/graph_based_slam/bin'
[1.199s] Level 1:colcon.colcon_core.environment:checking '/home/ros_workspace/LI-SLAM/install/graph_based_slam/lib/pkgconfig/graph_based_slam.pc'
[1.199s] Level 1:colcon.colcon_core.environment:checking '/home/ros_workspace/LI-SLAM/install/graph_based_slam/lib/python3.10/site-packages'
[1.200s] Level 1:colcon.colcon_core.environment:checking '/home/ros_workspace/LI-SLAM/install/graph_based_slam/bin'
[1.200s] INFO:colcon.colcon_core.shell:Creating package script '/home/ros_workspace/LI-SLAM/install/graph_based_slam/share/graph_based_slam/package.ps1'
[1.201s] INFO:colcon.colcon_core.shell:Creating package descriptor '/home/ros_workspace/LI-SLAM/install/graph_based_slam/share/graph_based_slam/package.dsv'
[1.202s] INFO:colcon.colcon_core.shell:Creating package script '/home/ros_workspace/LI-SLAM/install/graph_based_slam/share/graph_based_slam/package.sh'
[1.203s] INFO:colcon.colcon_core.shell:Creating package script '/home/ros_workspace/LI-SLAM/install/graph_based_slam/share/graph_based_slam/package.bash'
[1.203s] INFO:colcon.colcon_core.shell:Creating package script '/home/ros_workspace/LI-SLAM/install/graph_based_slam/share/graph_based_slam/package.zsh'
[1.204s] Level 1:colcon.colcon_core.environment:create_file_with_runtime_dependencies(/home/ros_workspace/LI-SLAM/install/graph_based_slam/share/colcon-core/packages/graph_based_slam)
[20.245s] DEBUG:colcon.colcon_core.event_handler.log_command:Invoked command in '/home/ros_workspace/LI-SLAM/build/scanmatcher' returned '2': AMENT_PREFIX_PATH=/home/ros_workspace/LI-SLAM/install/ndt_omp_ros2:/home/ros_workspace/LI-SLAM/install/lidarslam_msgs:${AMENT_PREFIX_PATH} CMAKE_PREFIX_PATH=/home/ros_workspace/LI-SLAM/install/ndt_omp_ros2:/home/ros_workspace/LI-SLAM/install/lidarslam_msgs:/opt/ros/humble LD_LIBRARY_PATH=/home/ros_workspace/LI-SLAM/install/lidarslam_msgs/lib:${LD_LIBRARY_PATH} PATH=/home/ros_workspace/LI-SLAM/install/ndt_omp_ros2/bin:${PATH} PYTHONPATH=/home/ros_workspace/LI-SLAM/install/lidarslam_msgs/local/lib/python3.10/dist-packages:${PYTHONPATH} /usr/bin/cmake --build /home/ros_workspace/LI-SLAM/build/scanmatcher -- -j16 -l16
[20.246s] Level 1:colcon.colcon_core.environment:create_environment_scripts_only(scanmatcher)
[20.246s] Level 1:colcon.colcon_core.environment:checking '/home/ros_workspace/LI-SLAM/install/scanmatcher' for CMake module files
[20.247s] Level 1:colcon.colcon_core.environment:checking '/home/ros_workspace/LI-SLAM/install/scanmatcher' for CMake config files
[20.247s] Level 1:colcon.colcon_core.environment:checking '/home/ros_workspace/LI-SLAM/install/scanmatcher/bin'
[20.248s] Level 1:colcon.colcon_core.environment:checking '/home/ros_workspace/LI-SLAM/install/scanmatcher/lib/pkgconfig/scanmatcher.pc'
[20.248s] Level 1:colcon.colcon_core.environment:checking '/home/ros_workspace/LI-SLAM/install/scanmatcher/lib/python3.10/site-packages'
[20.249s] Level 1:colcon.colcon_core.environment:checking '/home/ros_workspace/LI-SLAM/install/scanmatcher/bin'
[20.249s] INFO:colcon.colcon_core.shell:Creating package script '/home/ros_workspace/LI-SLAM/install/scanmatcher/share/scanmatcher/package.ps1'
[20.250s] INFO:colcon.colcon_core.shell:Creating package descriptor '/home/ros_workspace/LI-SLAM/install/scanmatcher/share/scanmatcher/package.dsv'
[20.251s] INFO:colcon.colcon_core.shell:Creating package script '/home/ros_workspace/LI-SLAM/install/scanmatcher/share/scanmatcher/package.sh'
[20.251s] INFO:colcon.colcon_core.shell:Creating package script '/home/ros_workspace/LI-SLAM/install/scanmatcher/share/scanmatcher/package.bash'
[20.252s] INFO:colcon.colcon_core.shell:Creating package script '/home/ros_workspace/LI-SLAM/install/scanmatcher/share/scanmatcher/package.zsh'
[20.253s] Level 1:colcon.colcon_core.environment:create_file_with_runtime_dependencies(/home/ros_workspace/LI-SLAM/install/scanmatcher/share/colcon-core/packages/scanmatcher)
[20.263s] DEBUG:colcon.colcon_parallel_executor.executor.parallel:closing loop
[20.264s] DEBUG:colcon.colcon_parallel_executor.executor.parallel:loop closed
[20.264s] DEBUG:colcon.colcon_parallel_executor.executor.parallel:run_until_complete finished with '2'
[20.264s] DEBUG:colcon.colcon_core.event_reactor:joining thread
[20.269s] INFO:colcon.colcon_core.plugin_system:Skipping extension 'colcon_notification.desktop_notification.notify_send': Could not find 'notify-send'
[20.269s] INFO:colcon.colcon_core.plugin_system:Skipping extension 'colcon_notification.desktop_notification.terminal_notifier': Not used on non-Darwin systems
[20.269s] INFO:colcon.colcon_core.plugin_system:Skipping extension 'colcon_notification.desktop_notification.win32': Not used on non-Windows systems
[20.269s] INFO:colcon.colcon_notification.desktop_notification:Sending desktop notification using 'notify2'
[20.274s] DEBUG:colcon.colcon_notification.desktop_notification.notify2:Failed to initialize notify2: org.freedesktop.DBus.Error.Spawn.ExecFailed: /usr/bin/dbus-launch terminated abnormally without any error message
[20.274s] DEBUG:colcon.colcon_core.event_reactor:joined thread
[20.275s] INFO:colcon.colcon_core.shell:Creating prefix script '/home/ros_workspace/LI-SLAM/install/local_setup.ps1'
[20.278s] INFO:colcon.colcon_core.shell:Creating prefix util module '/home/ros_workspace/LI-SLAM/install/_local_setup_util_ps1.py'
[20.281s] INFO:colcon.colcon_core.shell:Creating prefix chain script '/home/ros_workspace/LI-SLAM/install/setup.ps1'
[20.283s] INFO:colcon.colcon_core.shell:Creating prefix script '/home/ros_workspace/LI-SLAM/install/local_setup.sh'
[20.284s] INFO:colcon.colcon_core.shell:Creating prefix util module '/home/ros_workspace/LI-SLAM/install/_local_setup_util_sh.py'
[20.285s] INFO:colcon.colcon_core.shell:Creating prefix chain script '/home/ros_workspace/LI-SLAM/install/setup.sh'
[20.287s] INFO:colcon.colcon_core.shell:Creating prefix script '/home/ros_workspace/LI-SLAM/install/local_setup.bash'
[20.287s] INFO:colcon.colcon_core.shell:Creating prefix chain script '/home/ros_workspace/LI-SLAM/install/setup.bash'
[20.291s] INFO:colcon.colcon_core.shell:Creating prefix script '/home/ros_workspace/LI-SLAM/install/local_setup.zsh'
[20.292s] INFO:colcon.colcon_core.shell:Creating prefix chain script '/home/ros_workspace/LI-SLAM/install/setup.zsh'
