[0.175s] DEBUG:colcon:Command line arguments: ['/usr/bin/colcon', 'build']
[0.175s] DEBUG:colcon:Parsed command line arguments: Namespace(log_base=None, log_level=None, verb_name='build', build_base='build', install_base='install', merge_install=False, symlink_install=False, test_result_base=None, continue_on_error=False, executor='parallel', parallel_workers=16, event_handlers=None, ignore_user_meta=False, metas=['./colcon.meta'], base_paths=['.'], packages_ignore=None, packages_ignore_regex=None, paths=None, packages_up_to=None, packages_up_to_regex=None, packages_above=None, packages_above_and_dependencies=None, packages_above_depth=None, packages_select_by_dep=None, packages_skip_by_dep=None, packages_skip_up_to=None, packages_select_build_failed=False, packages_skip_build_finished=False, packages_select_test_failures=False, packages_skip_test_passed=False, packages_select=None, packages_skip=None, packages_select_regex=None, packages_skip_regex=None, packages_start=None, packages_end=None, cmake_args=None, cmake_target=None, cmake_target_skip_unavailable=False, cmake_clean_cache=False, cmake_clean_first=False, cmake_force_configure=False, ament_cmake_args=None, catkin_cmake_args=None, catkin_skip_building_tests=False, mixin_files=None, mixin=None, verb_parser=<colcon_mixin.mixin.mixin_argument.MixinArgumentDecorator object at 0x7e418f500190>, verb_extension=<colcon_core.verb.build.BuildVerb object at 0x7e418f4d3b80>, main=<bound method BuildVerb.main of <colcon_core.verb.build.BuildVerb object at 0x7e418f4d3b80>>, mixin_verb=('build',))
[0.394s] Level 1:colcon.colcon_core.package_discovery:discover_packages(colcon_meta) check parameters
[0.395s] INFO:colcon.colcon_metadata.package_discovery.colcon_meta:Using configuration from '/root/.colcon/metadata/default/Gazebo.meta'
[0.395s] INFO:colcon.colcon_metadata.package_discovery.colcon_meta:Using configuration from '/root/.colcon/metadata/default/fastdds.meta'
[0.396s] INFO:colcon.colcon_metadata.package_discovery.colcon_meta:Using configuration from '/root/.colcon/metadata/default/fastrtps.meta'
[0.396s] Level 1:colcon.colcon_core.package_discovery:discover_packages(recursive) check parameters
[0.396s] Level 1:colcon.colcon_core.package_discovery:discover_packages(ignore) check parameters
[0.396s] Level 1:colcon.colcon_core.package_discovery:discover_packages(path) check parameters
[0.396s] Level 1:colcon.colcon_core.package_discovery:discover_packages(colcon_meta) discover
[0.396s] Level 1:colcon.colcon_core.package_discovery:discover_packages(recursive) discover
[0.396s] INFO:colcon.colcon_core.package_discovery:Crawling recursively for packages in '/home/ros_workspace/drone'
[0.396s] Level 1:colcon.colcon_core.package_identification:_identify(.) by extensions ['ignore', 'ignore_ament_install']
[0.396s] Level 1:colcon.colcon_core.package_identification:_identify(.) by extension 'ignore'
[0.396s] Level 1:colcon.colcon_core.package_identification:_identify(.) by extension 'ignore_ament_install'
[0.396s] Level 1:colcon.colcon_core.package_identification:_identify(.) by extensions ['colcon_pkg']
[0.396s] Level 1:colcon.colcon_core.package_identification:_identify(.) by extension 'colcon_pkg'
[0.397s] Level 1:colcon.colcon_core.package_identification:_identify(.) by extensions ['colcon_meta']
[0.397s] Level 1:colcon.colcon_core.package_identification:_identify(.) by extension 'colcon_meta'
[0.397s] Level 1:colcon.colcon_core.package_identification:_identify(.) by extensions ['ros']
[0.397s] Level 1:colcon.colcon_core.package_identification:_identify(.) by extension 'ros'
[0.430s] Level 1:colcon.colcon_core.package_identification:_identify(.) by extensions ['cmake', 'python']
[0.430s] Level 1:colcon.colcon_core.package_identification:_identify(.) by extension 'cmake'
[0.430s] Level 1:colcon.colcon_core.package_identification:_identify(.) by extension 'python'
[0.430s] Level 1:colcon.colcon_core.package_identification:_identify(.) by extensions ['python_setup_py']
[0.430s] Level 1:colcon.colcon_core.package_identification:_identify(.) by extension 'python_setup_py'
[0.430s] Level 1:colcon.colcon_core.package_identification:_identify(build) by extensions ['ignore', 'ignore_ament_install']
[0.431s] Level 1:colcon.colcon_core.package_identification:_identify(build) by extension 'ignore'
[0.431s] Level 1:colcon.colcon_core.package_identification:_identify(build) ignored
[0.431s] Level 1:colcon.colcon_core.package_identification:_identify(install) by extensions ['ignore', 'ignore_ament_install']
[0.431s] Level 1:colcon.colcon_core.package_identification:_identify(install) by extension 'ignore'
[0.431s] Level 1:colcon.colcon_core.package_identification:_identify(install) ignored
[0.431s] Level 1:colcon.colcon_core.package_identification:_identify(log) by extensions ['ignore', 'ignore_ament_install']
[0.431s] Level 1:colcon.colcon_core.package_identification:_identify(log) by extension 'ignore'
[0.431s] Level 1:colcon.colcon_core.package_identification:_identify(log) ignored
[0.431s] Level 1:colcon.colcon_core.package_identification:_identify(src) by extensions ['ignore', 'ignore_ament_install']
[0.431s] Level 1:colcon.colcon_core.package_identification:_identify(src) by extension 'ignore'
[0.431s] Level 1:colcon.colcon_core.package_identification:_identify(src) by extension 'ignore_ament_install'
[0.431s] Level 1:colcon.colcon_core.package_identification:_identify(src) by extensions ['colcon_pkg']
[0.431s] Level 1:colcon.colcon_core.package_identification:_identify(src) by extension 'colcon_pkg'
[0.432s] Level 1:colcon.colcon_core.package_identification:_identify(src) by extensions ['colcon_meta']
[0.432s] Level 1:colcon.colcon_core.package_identification:_identify(src) by extension 'colcon_meta'
[0.432s] Level 1:colcon.colcon_core.package_identification:_identify(src) by extensions ['ros']
[0.432s] Level 1:colcon.colcon_core.package_identification:_identify(src) by extension 'ros'
[0.432s] Level 1:colcon.colcon_core.package_identification:_identify(src) by extensions ['cmake', 'python']
[0.432s] Level 1:colcon.colcon_core.package_identification:_identify(src) by extension 'cmake'
[0.432s] Level 1:colcon.colcon_core.package_identification:_identify(src) by extension 'python'
[0.432s] Level 1:colcon.colcon_core.package_identification:_identify(src) by extensions ['python_setup_py']
[0.432s] Level 1:colcon.colcon_core.package_identification:_identify(src) by extension 'python_setup_py'
[0.432s] Level 1:colcon.colcon_core.package_identification:_identify(src/px4_msgs) by extensions ['ignore', 'ignore_ament_install']
[0.432s] Level 1:colcon.colcon_core.package_identification:_identify(src/px4_msgs) by extension 'ignore'
[0.432s] Level 1:colcon.colcon_core.package_identification:_identify(src/px4_msgs) by extension 'ignore_ament_install'
[0.433s] Level 1:colcon.colcon_core.package_identification:_identify(src/px4_msgs) by extensions ['colcon_pkg']
[0.433s] Level 1:colcon.colcon_core.package_identification:_identify(src/px4_msgs) by extension 'colcon_pkg'
[0.433s] Level 1:colcon.colcon_core.package_identification:_identify(src/px4_msgs) by extensions ['colcon_meta']
[0.433s] Level 1:colcon.colcon_core.package_identification:_identify(src/px4_msgs) by extension 'colcon_meta'
[0.433s] Level 1:colcon.colcon_core.package_identification:_identify(src/px4_msgs) by extensions ['ros']
[0.433s] Level 1:colcon.colcon_core.package_identification:_identify(src/px4_msgs) by extension 'ros'
[0.436s] DEBUG:colcon.colcon_core.package_identification:Package 'src/px4_msgs' with type 'ros.ament_cmake' and name 'px4_msgs'
[0.436s] Level 1:colcon.colcon_core.package_identification:_identify(src/px4_ros_com) by extensions ['ignore', 'ignore_ament_install']
[0.436s] Level 1:colcon.colcon_core.package_identification:_identify(src/px4_ros_com) by extension 'ignore'
[0.436s] Level 1:colcon.colcon_core.package_identification:_identify(src/px4_ros_com) by extension 'ignore_ament_install'
[0.436s] Level 1:colcon.colcon_core.package_identification:_identify(src/px4_ros_com) by extensions ['colcon_pkg']
[0.437s] Level 1:colcon.colcon_core.package_identification:_identify(src/px4_ros_com) by extension 'colcon_pkg'
[0.437s] Level 1:colcon.colcon_core.package_identification:_identify(src/px4_ros_com) by extensions ['colcon_meta']
[0.437s] Level 1:colcon.colcon_core.package_identification:_identify(src/px4_ros_com) by extension 'colcon_meta'
[0.437s] Level 1:colcon.colcon_core.package_identification:_identify(src/px4_ros_com) by extensions ['ros']
[0.437s] Level 1:colcon.colcon_core.package_identification:_identify(src/px4_ros_com) by extension 'ros'
[0.439s] DEBUG:colcon.colcon_core.package_identification:Package 'src/px4_ros_com' with type 'ros.ament_cmake' and name 'px4_ros_com'
[0.439s] Level 1:colcon.colcon_core.package_identification:_identify(src/republisher) by extensions ['ignore', 'ignore_ament_install']
[0.439s] Level 1:colcon.colcon_core.package_identification:_identify(src/republisher) by extension 'ignore'
[0.439s] Level 1:colcon.colcon_core.package_identification:_identify(src/republisher) by extension 'ignore_ament_install'
[0.439s] Level 1:colcon.colcon_core.package_identification:_identify(src/republisher) by extensions ['colcon_pkg']
[0.439s] Level 1:colcon.colcon_core.package_identification:_identify(src/republisher) by extension 'colcon_pkg'
[0.439s] Level 1:colcon.colcon_core.package_identification:_identify(src/republisher) by extensions ['colcon_meta']
[0.439s] Level 1:colcon.colcon_core.package_identification:_identify(src/republisher) by extension 'colcon_meta'
[0.439s] Level 1:colcon.colcon_core.package_identification:_identify(src/republisher) by extensions ['ros']
[0.439s] Level 1:colcon.colcon_core.package_identification:_identify(src/republisher) by extension 'ros'
[0.440s] DEBUG:colcon.colcon_core.package_identification:Package 'src/republisher' with type 'ros.ament_python' and name 'republisher'
[0.440s] Level 1:colcon.colcon_core.package_discovery:discover_packages(recursive) using defaults
[0.440s] Level 1:colcon.colcon_core.package_discovery:discover_packages(ignore) discover
[0.440s] Level 1:colcon.colcon_core.package_discovery:discover_packages(ignore) using defaults
[0.440s] Level 1:colcon.colcon_core.package_discovery:discover_packages(path) discover
[0.440s] Level 1:colcon.colcon_core.package_discovery:discover_packages(path) using defaults
[0.490s] Level 5:colcon.colcon_core.verb:set package 'px4_msgs' build argument 'cmake_args' from command line to 'None'
[0.490s] Level 5:colcon.colcon_core.verb:set package 'px4_msgs' build argument 'cmake_target' from command line to 'None'
[0.490s] Level 5:colcon.colcon_core.verb:set package 'px4_msgs' build argument 'cmake_target_skip_unavailable' from command line to 'False'
[0.490s] Level 5:colcon.colcon_core.verb:set package 'px4_msgs' build argument 'cmake_clean_cache' from command line to 'False'
[0.490s] Level 5:colcon.colcon_core.verb:set package 'px4_msgs' build argument 'cmake_clean_first' from command line to 'False'
[0.490s] Level 5:colcon.colcon_core.verb:set package 'px4_msgs' build argument 'cmake_force_configure' from command line to 'False'
[0.490s] Level 5:colcon.colcon_core.verb:set package 'px4_msgs' build argument 'ament_cmake_args' from command line to 'None'
[0.490s] Level 5:colcon.colcon_core.verb:set package 'px4_msgs' build argument 'catkin_cmake_args' from command line to 'None'
[0.490s] Level 5:colcon.colcon_core.verb:set package 'px4_msgs' build argument 'catkin_skip_building_tests' from command line to 'False'
[0.490s] DEBUG:colcon.colcon_core.verb:Building package 'px4_msgs' with the following arguments: {'ament_cmake_args': None, 'build_base': '/home/ros_workspace/drone/build/px4_msgs', 'catkin_cmake_args': None, 'catkin_skip_building_tests': False, 'cmake_args': None, 'cmake_clean_cache': False, 'cmake_clean_first': False, 'cmake_force_configure': False, 'cmake_target': None, 'cmake_target_skip_unavailable': False, 'install_base': '/home/ros_workspace/drone/install/px4_msgs', 'merge_install': False, 'path': '/home/ros_workspace/drone/src/px4_msgs', 'symlink_install': False, 'test_result_base': None}
[0.491s] Level 5:colcon.colcon_core.verb:set package 'republisher' build argument 'cmake_args' from command line to 'None'
[0.491s] Level 5:colcon.colcon_core.verb:set package 'republisher' build argument 'cmake_target' from command line to 'None'
[0.491s] Level 5:colcon.colcon_core.verb:set package 'republisher' build argument 'cmake_target_skip_unavailable' from command line to 'False'
[0.491s] Level 5:colcon.colcon_core.verb:set package 'republisher' build argument 'cmake_clean_cache' from command line to 'False'
[0.491s] Level 5:colcon.colcon_core.verb:set package 'republisher' build argument 'cmake_clean_first' from command line to 'False'
[0.491s] Level 5:colcon.colcon_core.verb:set package 'republisher' build argument 'cmake_force_configure' from command line to 'False'
[0.491s] Level 5:colcon.colcon_core.verb:set package 'republisher' build argument 'ament_cmake_args' from command line to 'None'
[0.491s] Level 5:colcon.colcon_core.verb:set package 'republisher' build argument 'catkin_cmake_args' from command line to 'None'
[0.491s] Level 5:colcon.colcon_core.verb:set package 'republisher' build argument 'catkin_skip_building_tests' from command line to 'False'
[0.491s] DEBUG:colcon.colcon_core.verb:Building package 'republisher' with the following arguments: {'ament_cmake_args': None, 'build_base': '/home/ros_workspace/drone/build/republisher', 'catkin_cmake_args': None, 'catkin_skip_building_tests': False, 'cmake_args': None, 'cmake_clean_cache': False, 'cmake_clean_first': False, 'cmake_force_configure': False, 'cmake_target': None, 'cmake_target_skip_unavailable': False, 'install_base': '/home/ros_workspace/drone/install/republisher', 'merge_install': False, 'path': '/home/ros_workspace/drone/src/republisher', 'symlink_install': False, 'test_result_base': None}
[0.491s] Level 5:colcon.colcon_core.verb:set package 'px4_ros_com' build argument 'cmake_args' from command line to 'None'
[0.491s] Level 5:colcon.colcon_core.verb:set package 'px4_ros_com' build argument 'cmake_target' from command line to 'None'
[0.491s] Level 5:colcon.colcon_core.verb:set package 'px4_ros_com' build argument 'cmake_target_skip_unavailable' from command line to 'False'
[0.492s] Level 5:colcon.colcon_core.verb:set package 'px4_ros_com' build argument 'cmake_clean_cache' from command line to 'False'
[0.492s] Level 5:colcon.colcon_core.verb:set package 'px4_ros_com' build argument 'cmake_clean_first' from command line to 'False'
[0.492s] Level 5:colcon.colcon_core.verb:set package 'px4_ros_com' build argument 'cmake_force_configure' from command line to 'False'
[0.492s] Level 5:colcon.colcon_core.verb:set package 'px4_ros_com' build argument 'ament_cmake_args' from command line to 'None'
[0.492s] Level 5:colcon.colcon_core.verb:set package 'px4_ros_com' build argument 'catkin_cmake_args' from command line to 'None'
[0.492s] Level 5:colcon.colcon_core.verb:set package 'px4_ros_com' build argument 'catkin_skip_building_tests' from command line to 'False'
[0.492s] DEBUG:colcon.colcon_core.verb:Building package 'px4_ros_com' with the following arguments: {'ament_cmake_args': None, 'build_base': '/home/ros_workspace/drone/build/px4_ros_com', 'catkin_cmake_args': None, 'catkin_skip_building_tests': False, 'cmake_args': None, 'cmake_clean_cache': False, 'cmake_clean_first': False, 'cmake_force_configure': False, 'cmake_target': None, 'cmake_target_skip_unavailable': False, 'install_base': '/home/ros_workspace/drone/install/px4_ros_com', 'merge_install': False, 'path': '/home/ros_workspace/drone/src/px4_ros_com', 'symlink_install': False, 'test_result_base': None}
[0.492s] INFO:colcon.colcon_core.executor:Executing jobs using 'parallel' executor
[0.494s] DEBUG:colcon.colcon_parallel_executor.executor.parallel:run_until_complete
[0.494s] INFO:colcon.colcon_ros.task.ament_cmake.build:Building ROS package in '/home/ros_workspace/drone/src/px4_msgs' with build type 'ament_cmake'
[0.495s] INFO:colcon.colcon_cmake.task.cmake.build:Building CMake package in '/home/ros_workspace/drone/src/px4_msgs'
[0.499s] INFO:colcon.colcon_core.plugin_system:Skipping extension 'colcon_core.shell.bat': Not used on non-Windows systems
[0.499s] INFO:colcon.colcon_core.shell:Skip shell extension 'powershell' for command environment: Not usable outside of PowerShell
[0.499s] DEBUG:colcon.colcon_core.shell:Skip shell extension 'dsv' for command environment
[0.510s] INFO:colcon.colcon_ros.task.ament_python.build:Building ROS package in '/home/ros_workspace/drone/src/republisher' with build type 'ament_python'
[0.511s] Level 1:colcon.colcon_core.shell:create_environment_hook('republisher', 'ament_prefix_path')
[0.511s] INFO:colcon.colcon_core.shell:Creating environment hook '/home/ros_workspace/drone/install/republisher/share/republisher/hook/ament_prefix_path.ps1'
[0.513s] INFO:colcon.colcon_core.shell:Creating environment descriptor '/home/ros_workspace/drone/install/republisher/share/republisher/hook/ament_prefix_path.dsv'
[0.514s] INFO:colcon.colcon_core.shell:Creating environment hook '/home/ros_workspace/drone/install/republisher/share/republisher/hook/ament_prefix_path.sh'
[0.516s] INFO:colcon.colcon_core.shell:Skip shell extension 'powershell' for command environment: Not usable outside of PowerShell
[0.516s] DEBUG:colcon.colcon_core.shell:Skip shell extension 'dsv' for command environment
[0.532s] DEBUG:colcon.colcon_core.event_handler.log_command:Invoking command in '/home/ros_workspace/drone/build/px4_msgs': CMAKE_PREFIX_PATH=${CMAKE_PREFIX_PATH}:/home/ros_workspace/drone/install/republisher:/opt/ros/humble /usr/bin/cmake --build /home/ros_workspace/drone/build/px4_msgs -- -j16 -l16
[0.926s] INFO:colcon.colcon_core.task.python.build:Building Python package in '/home/ros_workspace/drone/src/republisher'
[0.926s] INFO:colcon.colcon_core.shell:Skip shell extension 'powershell' for command environment: Not usable outside of PowerShell
[0.927s] DEBUG:colcon.colcon_core.shell:Skip shell extension 'dsv' for command environment
[1.435s] DEBUG:colcon.colcon_core.event_handler.log_command:Invoking command in '/home/ros_workspace/drone/src/republisher': PYTHONPATH=/home/ros_workspace/drone/build/republisher/prefix_override:/usr/lib/python3/dist-packages/colcon_core/task/python/colcon_distutils_commands:/home/ros_workspace/drone/install/republisher/lib/python3.10/site-packages:${PYTHONPATH} /usr/bin/python3 -W ignore:setup.py install is deprecated -W ignore:easy_install command is deprecated setup.py egg_info --egg-base ../../build/republisher build --build-base /home/ros_workspace/drone/build/republisher/build install --record /home/ros_workspace/drone/build/republisher/install.log --single-version-externally-managed install_data
[1.852s] DEBUG:colcon.colcon_core.event_handler.log_command:Invoked command in '/home/ros_workspace/drone/build/px4_msgs' returned '0': CMAKE_PREFIX_PATH=${CMAKE_PREFIX_PATH}:/home/ros_workspace/drone/install/republisher:/opt/ros/humble /usr/bin/cmake --build /home/ros_workspace/drone/build/px4_msgs -- -j16 -l16
[1.874s] DEBUG:colcon.colcon_core.event_handler.log_command:Invoking command in '/home/ros_workspace/drone/build/px4_msgs': CMAKE_PREFIX_PATH=${CMAKE_PREFIX_PATH}:/home/ros_workspace/drone/install/republisher:/opt/ros/humble /usr/bin/cmake --install /home/ros_workspace/drone/build/px4_msgs
[1.894s] DEBUG:colcon.colcon_core.event_handler.log_command:Invoked command in '/home/ros_workspace/drone/src/republisher' returned '0': PYTHONPATH=/home/ros_workspace/drone/build/republisher/prefix_override:/usr/lib/python3/dist-packages/colcon_core/task/python/colcon_distutils_commands:/home/ros_workspace/drone/install/republisher/lib/python3.10/site-packages:${PYTHONPATH} /usr/bin/python3 -W ignore:setup.py install is deprecated -W ignore:easy_install command is deprecated setup.py egg_info --egg-base ../../build/republisher build --build-base /home/ros_workspace/drone/build/republisher/build install --record /home/ros_workspace/drone/build/republisher/install.log --single-version-externally-managed install_data
[1.913s] Level 1:colcon.colcon_core.environment:checking '/home/ros_workspace/drone/install/republisher' for CMake module files
[1.919s] Level 1:colcon.colcon_core.environment:checking '/home/ros_workspace/drone/install/republisher' for CMake config files
[1.931s] Level 1:colcon.colcon_core.environment:checking '/home/ros_workspace/drone/install/republisher/lib'
[1.932s] Level 1:colcon.colcon_core.environment:checking '/home/ros_workspace/drone/install/republisher/bin'
[1.932s] Level 1:colcon.colcon_core.environment:checking '/home/ros_workspace/drone/install/republisher/lib/pkgconfig/republisher.pc'
[1.932s] Level 1:colcon.colcon_core.environment:checking '/home/ros_workspace/drone/install/republisher/lib/python3.10/site-packages'
[1.932s] Level 1:colcon.colcon_core.shell:create_environment_hook('republisher', 'pythonpath')
[1.933s] INFO:colcon.colcon_core.shell:Creating environment hook '/home/ros_workspace/drone/install/republisher/share/republisher/hook/pythonpath.ps1'
[1.934s] INFO:colcon.colcon_core.shell:Creating environment descriptor '/home/ros_workspace/drone/install/republisher/share/republisher/hook/pythonpath.dsv'
[1.936s] INFO:colcon.colcon_core.shell:Creating environment hook '/home/ros_workspace/drone/install/republisher/share/republisher/hook/pythonpath.sh'
[1.938s] Level 1:colcon.colcon_core.environment:checking '/home/ros_workspace/drone/install/republisher/bin'
[1.939s] Level 1:colcon.colcon_core.environment:create_environment_scripts_only(republisher)
[1.939s] INFO:colcon.colcon_core.shell:Creating package script '/home/ros_workspace/drone/install/republisher/share/republisher/package.ps1'
[1.945s] INFO:colcon.colcon_core.shell:Creating package descriptor '/home/ros_workspace/drone/install/republisher/share/republisher/package.dsv'
[1.950s] INFO:colcon.colcon_core.shell:Creating package script '/home/ros_workspace/drone/install/republisher/share/republisher/package.sh'
[1.953s] INFO:colcon.colcon_core.shell:Creating package script '/home/ros_workspace/drone/install/republisher/share/republisher/package.bash'
[1.957s] INFO:colcon.colcon_core.shell:Creating package script '/home/ros_workspace/drone/install/republisher/share/republisher/package.zsh'
[1.959s] Level 1:colcon.colcon_core.environment:create_file_with_runtime_dependencies(/home/ros_workspace/drone/install/republisher/share/colcon-core/packages/republisher)
[2.667s] Level 1:colcon.colcon_core.environment:create_environment_scripts_only(px4_msgs)
[2.668s] Level 1:colcon.colcon_core.environment:checking '/home/ros_workspace/drone/install/px4_msgs' for CMake module files
[2.669s] DEBUG:colcon.colcon_core.event_handler.log_command:Invoked command in '/home/ros_workspace/drone/build/px4_msgs' returned '0': CMAKE_PREFIX_PATH=${CMAKE_PREFIX_PATH}:/home/ros_workspace/drone/install/republisher:/opt/ros/humble /usr/bin/cmake --install /home/ros_workspace/drone/build/px4_msgs
[2.670s] Level 1:colcon.colcon_core.environment:checking '/home/ros_workspace/drone/install/px4_msgs' for CMake config files
[2.671s] Level 1:colcon.colcon_core.shell:create_environment_hook('px4_msgs', 'cmake_prefix_path')
[2.672s] INFO:colcon.colcon_core.shell:Creating environment hook '/home/ros_workspace/drone/install/px4_msgs/share/px4_msgs/hook/cmake_prefix_path.ps1'
[2.674s] INFO:colcon.colcon_core.shell:Creating environment descriptor '/home/ros_workspace/drone/install/px4_msgs/share/px4_msgs/hook/cmake_prefix_path.dsv'
[2.675s] INFO:colcon.colcon_core.shell:Creating environment hook '/home/ros_workspace/drone/install/px4_msgs/share/px4_msgs/hook/cmake_prefix_path.sh'
[2.677s] Level 1:colcon.colcon_core.environment:checking '/home/ros_workspace/drone/install/px4_msgs/lib'
[2.678s] Level 1:colcon.colcon_core.shell:create_environment_hook('px4_msgs', 'ld_library_path_lib')
[2.679s] INFO:colcon.colcon_core.shell:Creating environment hook '/home/ros_workspace/drone/install/px4_msgs/share/px4_msgs/hook/ld_library_path_lib.ps1'
[2.681s] INFO:colcon.colcon_core.shell:Creating environment descriptor '/home/ros_workspace/drone/install/px4_msgs/share/px4_msgs/hook/ld_library_path_lib.dsv'
[2.682s] INFO:colcon.colcon_core.shell:Creating environment hook '/home/ros_workspace/drone/install/px4_msgs/share/px4_msgs/hook/ld_library_path_lib.sh'
[2.684s] Level 1:colcon.colcon_core.environment:checking '/home/ros_workspace/drone/install/px4_msgs/bin'
[2.684s] Level 1:colcon.colcon_core.environment:checking '/home/ros_workspace/drone/install/px4_msgs/lib/pkgconfig/px4_msgs.pc'
[2.686s] Level 1:colcon.colcon_core.environment:checking '/home/ros_workspace/drone/install/px4_msgs/lib/python3.10/site-packages'
[2.686s] Level 1:colcon.colcon_core.environment:checking '/home/ros_workspace/drone/install/px4_msgs/bin'
[2.687s] INFO:colcon.colcon_core.shell:Creating package script '/home/ros_workspace/drone/install/px4_msgs/share/px4_msgs/package.ps1'
[2.688s] INFO:colcon.colcon_core.shell:Creating package descriptor '/home/ros_workspace/drone/install/px4_msgs/share/px4_msgs/package.dsv'
[2.689s] INFO:colcon.colcon_core.shell:Creating package script '/home/ros_workspace/drone/install/px4_msgs/share/px4_msgs/package.sh'
[2.689s] INFO:colcon.colcon_core.shell:Creating package script '/home/ros_workspace/drone/install/px4_msgs/share/px4_msgs/package.bash'
[2.690s] INFO:colcon.colcon_core.shell:Creating package script '/home/ros_workspace/drone/install/px4_msgs/share/px4_msgs/package.zsh'
[2.691s] Level 1:colcon.colcon_core.environment:create_file_with_runtime_dependencies(/home/ros_workspace/drone/install/px4_msgs/share/colcon-core/packages/px4_msgs)
[2.692s] Level 1:colcon.colcon_core.environment:create_environment_scripts_only(px4_msgs)
[2.692s] Level 1:colcon.colcon_core.environment:checking '/home/ros_workspace/drone/install/px4_msgs' for CMake module files
[2.693s] Level 1:colcon.colcon_core.environment:checking '/home/ros_workspace/drone/install/px4_msgs' for CMake config files
[2.693s] Level 1:colcon.colcon_core.shell:create_environment_hook('px4_msgs', 'cmake_prefix_path')
[2.694s] INFO:colcon.colcon_core.shell:Creating environment hook '/home/ros_workspace/drone/install/px4_msgs/share/px4_msgs/hook/cmake_prefix_path.ps1'
[2.695s] INFO:colcon.colcon_core.shell:Creating environment descriptor '/home/ros_workspace/drone/install/px4_msgs/share/px4_msgs/hook/cmake_prefix_path.dsv'
[2.696s] INFO:colcon.colcon_core.shell:Creating environment hook '/home/ros_workspace/drone/install/px4_msgs/share/px4_msgs/hook/cmake_prefix_path.sh'
[2.697s] Level 1:colcon.colcon_core.environment:checking '/home/ros_workspace/drone/install/px4_msgs/lib'
[2.697s] Level 1:colcon.colcon_core.shell:create_environment_hook('px4_msgs', 'ld_library_path_lib')
[2.697s] INFO:colcon.colcon_core.shell:Creating environment hook '/home/ros_workspace/drone/install/px4_msgs/share/px4_msgs/hook/ld_library_path_lib.ps1'
[2.698s] INFO:colcon.colcon_core.shell:Creating environment descriptor '/home/ros_workspace/drone/install/px4_msgs/share/px4_msgs/hook/ld_library_path_lib.dsv'
[2.698s] INFO:colcon.colcon_core.shell:Creating environment hook '/home/ros_workspace/drone/install/px4_msgs/share/px4_msgs/hook/ld_library_path_lib.sh'
[2.699s] Level 1:colcon.colcon_core.environment:checking '/home/ros_workspace/drone/install/px4_msgs/bin'
[2.701s] Level 1:colcon.colcon_core.environment:checking '/home/ros_workspace/drone/install/px4_msgs/lib/pkgconfig/px4_msgs.pc'
[2.701s] Level 1:colcon.colcon_core.environment:checking '/home/ros_workspace/drone/install/px4_msgs/lib/python3.10/site-packages'
[2.702s] Level 1:colcon.colcon_core.environment:checking '/home/ros_workspace/drone/install/px4_msgs/bin'
[2.703s] INFO:colcon.colcon_core.shell:Creating package script '/home/ros_workspace/drone/install/px4_msgs/share/px4_msgs/package.ps1'
[2.704s] INFO:colcon.colcon_core.shell:Creating package descriptor '/home/ros_workspace/drone/install/px4_msgs/share/px4_msgs/package.dsv'
[2.705s] INFO:colcon.colcon_core.shell:Creating package script '/home/ros_workspace/drone/install/px4_msgs/share/px4_msgs/package.sh'
[2.706s] INFO:colcon.colcon_core.shell:Creating package script '/home/ros_workspace/drone/install/px4_msgs/share/px4_msgs/package.bash'
[2.707s] INFO:colcon.colcon_core.shell:Creating package script '/home/ros_workspace/drone/install/px4_msgs/share/px4_msgs/package.zsh'
[2.707s] Level 1:colcon.colcon_core.environment:create_file_with_runtime_dependencies(/home/ros_workspace/drone/install/px4_msgs/share/colcon-core/packages/px4_msgs)
[2.708s] INFO:colcon.colcon_ros.task.ament_cmake.build:Building ROS package in '/home/ros_workspace/drone/src/px4_ros_com' with build type 'ament_cmake'
[2.708s] INFO:colcon.colcon_cmake.task.cmake.build:Building CMake package in '/home/ros_workspace/drone/src/px4_ros_com'
[2.709s] INFO:colcon.colcon_core.shell:Skip shell extension 'powershell' for command environment: Not usable outside of PowerShell
[2.709s] DEBUG:colcon.colcon_core.shell:Skip shell extension 'dsv' for command environment
[2.730s] DEBUG:colcon.colcon_core.event_handler.log_command:Invoking command in '/home/ros_workspace/drone/build/px4_ros_com': CMAKE_PREFIX_PATH=/home/ros_workspace/drone/install/px4_msgs:/home/ros_workspace/drone/install/px4_ros_com:/home/ros_workspace/LI-SLAM/install/scanmatcher:/home/ros_workspace/LI-SLAM/install/graph_based_slam:/home/ros_workspace/LI-SLAM/install/ndt_omp_ros2:/home/ros_workspace/LI-SLAM/install/lidarslam_msgs:/home/ros_workspace/drone/install/republisher:/opt/ros/humble LD_LIBRARY_PATH=/home/ros_workspace/drone/install/px4_msgs/lib:/home/ros_workspace/drone/install/px4_ros_com/lib:/home/ros_workspace/LI-SLAM/install/scanmatcher/lib:/home/ros_workspace/LI-SLAM/install/graph_based_slam/lib:/home/ros_workspace/LI-SLAM/install/lidarslam_msgs/lib:/opt/ros/humble/opt/rviz_ogre_vendor/lib:/opt/ros/humble/lib/x86_64-linux-gnu:/opt/ros/humble/lib /usr/bin/cmake --build /home/ros_workspace/drone/build/px4_ros_com -- -j16 -l16
[3.280s] DEBUG:colcon.colcon_core.event_handler.log_command:Invoked command in '/home/ros_workspace/drone/build/px4_ros_com' returned '0': CMAKE_PREFIX_PATH=/home/ros_workspace/drone/install/px4_msgs:/home/ros_workspace/drone/install/px4_ros_com:/home/ros_workspace/LI-SLAM/install/scanmatcher:/home/ros_workspace/LI-SLAM/install/graph_based_slam:/home/ros_workspace/LI-SLAM/install/ndt_omp_ros2:/home/ros_workspace/LI-SLAM/install/lidarslam_msgs:/home/ros_workspace/drone/install/republisher:/opt/ros/humble LD_LIBRARY_PATH=/home/ros_workspace/drone/install/px4_msgs/lib:/home/ros_workspace/drone/install/px4_ros_com/lib:/home/ros_workspace/LI-SLAM/install/scanmatcher/lib:/home/ros_workspace/LI-SLAM/install/graph_based_slam/lib:/home/ros_workspace/LI-SLAM/install/lidarslam_msgs/lib:/opt/ros/humble/opt/rviz_ogre_vendor/lib:/opt/ros/humble/lib/x86_64-linux-gnu:/opt/ros/humble/lib /usr/bin/cmake --build /home/ros_workspace/drone/build/px4_ros_com -- -j16 -l16
[3.283s] DEBUG:colcon.colcon_core.event_handler.log_command:Invoking command in '/home/ros_workspace/drone/build/px4_ros_com': CMAKE_PREFIX_PATH=/home/ros_workspace/drone/install/px4_msgs:/home/ros_workspace/drone/install/px4_ros_com:/home/ros_workspace/LI-SLAM/install/scanmatcher:/home/ros_workspace/LI-SLAM/install/graph_based_slam:/home/ros_workspace/LI-SLAM/install/ndt_omp_ros2:/home/ros_workspace/LI-SLAM/install/lidarslam_msgs:/home/ros_workspace/drone/install/republisher:/opt/ros/humble LD_LIBRARY_PATH=/home/ros_workspace/drone/install/px4_msgs/lib:/home/ros_workspace/drone/install/px4_ros_com/lib:/home/ros_workspace/LI-SLAM/install/scanmatcher/lib:/home/ros_workspace/LI-SLAM/install/graph_based_slam/lib:/home/ros_workspace/LI-SLAM/install/lidarslam_msgs/lib:/opt/ros/humble/opt/rviz_ogre_vendor/lib:/opt/ros/humble/lib/x86_64-linux-gnu:/opt/ros/humble/lib /usr/bin/cmake --install /home/ros_workspace/drone/build/px4_ros_com
[3.370s] Level 1:colcon.colcon_core.environment:create_environment_scripts_only(px4_ros_com)
[3.370s] Level 1:colcon.colcon_core.environment:checking '/home/ros_workspace/drone/install/px4_ros_com' for CMake module files
[3.371s] DEBUG:colcon.colcon_core.event_handler.log_command:Invoked command in '/home/ros_workspace/drone/build/px4_ros_com' returned '0': CMAKE_PREFIX_PATH=/home/ros_workspace/drone/install/px4_msgs:/home/ros_workspace/drone/install/px4_ros_com:/home/ros_workspace/LI-SLAM/install/scanmatcher:/home/ros_workspace/LI-SLAM/install/graph_based_slam:/home/ros_workspace/LI-SLAM/install/ndt_omp_ros2:/home/ros_workspace/LI-SLAM/install/lidarslam_msgs:/home/ros_workspace/drone/install/republisher:/opt/ros/humble LD_LIBRARY_PATH=/home/ros_workspace/drone/install/px4_msgs/lib:/home/ros_workspace/drone/install/px4_ros_com/lib:/home/ros_workspace/LI-SLAM/install/scanmatcher/lib:/home/ros_workspace/LI-SLAM/install/graph_based_slam/lib:/home/ros_workspace/LI-SLAM/install/lidarslam_msgs/lib:/opt/ros/humble/opt/rviz_ogre_vendor/lib:/opt/ros/humble/lib/x86_64-linux-gnu:/opt/ros/humble/lib /usr/bin/cmake --install /home/ros_workspace/drone/build/px4_ros_com
[3.372s] Level 1:colcon.colcon_core.environment:checking '/home/ros_workspace/drone/install/px4_ros_com' for CMake config files
[3.372s] Level 1:colcon.colcon_core.shell:create_environment_hook('px4_ros_com', 'cmake_prefix_path')
[3.373s] INFO:colcon.colcon_core.shell:Creating environment hook '/home/ros_workspace/drone/install/px4_ros_com/share/px4_ros_com/hook/cmake_prefix_path.ps1'
[3.374s] INFO:colcon.colcon_core.shell:Creating environment descriptor '/home/ros_workspace/drone/install/px4_ros_com/share/px4_ros_com/hook/cmake_prefix_path.dsv'
[3.374s] INFO:colcon.colcon_core.shell:Creating environment hook '/home/ros_workspace/drone/install/px4_ros_com/share/px4_ros_com/hook/cmake_prefix_path.sh'
[3.375s] Level 1:colcon.colcon_core.environment:checking '/home/ros_workspace/drone/install/px4_ros_com/lib'
[3.375s] Level 1:colcon.colcon_core.shell:create_environment_hook('px4_ros_com', 'ld_library_path_lib')
[3.375s] INFO:colcon.colcon_core.shell:Creating environment hook '/home/ros_workspace/drone/install/px4_ros_com/share/px4_ros_com/hook/ld_library_path_lib.ps1'
[3.376s] INFO:colcon.colcon_core.shell:Creating environment descriptor '/home/ros_workspace/drone/install/px4_ros_com/share/px4_ros_com/hook/ld_library_path_lib.dsv'
[3.376s] INFO:colcon.colcon_core.shell:Creating environment hook '/home/ros_workspace/drone/install/px4_ros_com/share/px4_ros_com/hook/ld_library_path_lib.sh'
[3.377s] Level 1:colcon.colcon_core.environment:checking '/home/ros_workspace/drone/install/px4_ros_com/bin'
[3.377s] Level 1:colcon.colcon_core.environment:checking '/home/ros_workspace/drone/install/px4_ros_com/lib/pkgconfig/px4_ros_com.pc'
[3.377s] Level 1:colcon.colcon_core.environment:checking '/home/ros_workspace/drone/install/px4_ros_com/lib/python3.10/site-packages'
[3.377s] Level 1:colcon.colcon_core.environment:checking '/home/ros_workspace/drone/install/px4_ros_com/bin'
[3.378s] INFO:colcon.colcon_core.shell:Creating package script '/home/ros_workspace/drone/install/px4_ros_com/share/px4_ros_com/package.ps1'
[3.379s] INFO:colcon.colcon_core.shell:Creating package descriptor '/home/ros_workspace/drone/install/px4_ros_com/share/px4_ros_com/package.dsv'
[3.379s] INFO:colcon.colcon_core.shell:Creating package script '/home/ros_workspace/drone/install/px4_ros_com/share/px4_ros_com/package.sh'
[3.380s] INFO:colcon.colcon_core.shell:Creating package script '/home/ros_workspace/drone/install/px4_ros_com/share/px4_ros_com/package.bash'
[3.380s] INFO:colcon.colcon_core.shell:Creating package script '/home/ros_workspace/drone/install/px4_ros_com/share/px4_ros_com/package.zsh'
[3.381s] Level 1:colcon.colcon_core.environment:create_file_with_runtime_dependencies(/home/ros_workspace/drone/install/px4_ros_com/share/colcon-core/packages/px4_ros_com)
[3.382s] Level 1:colcon.colcon_core.environment:create_environment_scripts_only(px4_ros_com)
[3.382s] Level 1:colcon.colcon_core.environment:checking '/home/ros_workspace/drone/install/px4_ros_com' for CMake module files
[3.383s] Level 1:colcon.colcon_core.environment:checking '/home/ros_workspace/drone/install/px4_ros_com' for CMake config files
[3.383s] Level 1:colcon.colcon_core.shell:create_environment_hook('px4_ros_com', 'cmake_prefix_path')
[3.384s] INFO:colcon.colcon_core.shell:Creating environment hook '/home/ros_workspace/drone/install/px4_ros_com/share/px4_ros_com/hook/cmake_prefix_path.ps1'
[3.384s] INFO:colcon.colcon_core.shell:Creating environment descriptor '/home/ros_workspace/drone/install/px4_ros_com/share/px4_ros_com/hook/cmake_prefix_path.dsv'
[3.385s] INFO:colcon.colcon_core.shell:Creating environment hook '/home/ros_workspace/drone/install/px4_ros_com/share/px4_ros_com/hook/cmake_prefix_path.sh'
[3.386s] Level 1:colcon.colcon_core.environment:checking '/home/ros_workspace/drone/install/px4_ros_com/lib'
[3.386s] Level 1:colcon.colcon_core.shell:create_environment_hook('px4_ros_com', 'ld_library_path_lib')
[3.386s] INFO:colcon.colcon_core.shell:Creating environment hook '/home/ros_workspace/drone/install/px4_ros_com/share/px4_ros_com/hook/ld_library_path_lib.ps1'
[3.387s] INFO:colcon.colcon_core.shell:Creating environment descriptor '/home/ros_workspace/drone/install/px4_ros_com/share/px4_ros_com/hook/ld_library_path_lib.dsv'
[3.388s] INFO:colcon.colcon_core.shell:Creating environment hook '/home/ros_workspace/drone/install/px4_ros_com/share/px4_ros_com/hook/ld_library_path_lib.sh'
[3.389s] Level 1:colcon.colcon_core.environment:checking '/home/ros_workspace/drone/install/px4_ros_com/bin'
[3.389s] Level 1:colcon.colcon_core.environment:checking '/home/ros_workspace/drone/install/px4_ros_com/lib/pkgconfig/px4_ros_com.pc'
[3.389s] Level 1:colcon.colcon_core.environment:checking '/home/ros_workspace/drone/install/px4_ros_com/lib/python3.10/site-packages'
[3.389s] Level 1:colcon.colcon_core.environment:checking '/home/ros_workspace/drone/install/px4_ros_com/bin'
[3.390s] INFO:colcon.colcon_core.shell:Creating package script '/home/ros_workspace/drone/install/px4_ros_com/share/px4_ros_com/package.ps1'
[3.391s] INFO:colcon.colcon_core.shell:Creating package descriptor '/home/ros_workspace/drone/install/px4_ros_com/share/px4_ros_com/package.dsv'
[3.391s] INFO:colcon.colcon_core.shell:Creating package script '/home/ros_workspace/drone/install/px4_ros_com/share/px4_ros_com/package.sh'
[3.395s] INFO:colcon.colcon_core.shell:Creating package script '/home/ros_workspace/drone/install/px4_ros_com/share/px4_ros_com/package.bash'
[3.396s] INFO:colcon.colcon_core.shell:Creating package script '/home/ros_workspace/drone/install/px4_ros_com/share/px4_ros_com/package.zsh'
[3.396s] Level 1:colcon.colcon_core.environment:create_file_with_runtime_dependencies(/home/ros_workspace/drone/install/px4_ros_com/share/colcon-core/packages/px4_ros_com)
[3.397s] DEBUG:colcon.colcon_parallel_executor.executor.parallel:closing loop
[3.398s] DEBUG:colcon.colcon_parallel_executor.executor.parallel:loop closed
[3.398s] DEBUG:colcon.colcon_parallel_executor.executor.parallel:run_until_complete finished with '0'
[3.399s] DEBUG:colcon.colcon_core.event_reactor:joining thread
[3.409s] INFO:colcon.colcon_core.plugin_system:Skipping extension 'colcon_notification.desktop_notification.notify_send': Could not find 'notify-send'
[3.409s] INFO:colcon.colcon_core.plugin_system:Skipping extension 'colcon_notification.desktop_notification.terminal_notifier': Not used on non-Darwin systems
[3.409s] INFO:colcon.colcon_core.plugin_system:Skipping extension 'colcon_notification.desktop_notification.win32': Not used on non-Windows systems
[3.409s] INFO:colcon.colcon_notification.desktop_notification:Sending desktop notification using 'notify2'
[3.416s] DEBUG:colcon.colcon_notification.desktop_notification.notify2:Failed to initialize notify2: org.freedesktop.DBus.Error.Spawn.ExecFailed: /usr/bin/dbus-launch terminated abnormally without any error message
[3.416s] DEBUG:colcon.colcon_core.event_reactor:joined thread
[3.417s] INFO:colcon.colcon_core.shell:Creating prefix script '/home/ros_workspace/drone/install/local_setup.ps1'
[3.419s] INFO:colcon.colcon_core.shell:Creating prefix util module '/home/ros_workspace/drone/install/_local_setup_util_ps1.py'
[3.421s] INFO:colcon.colcon_core.shell:Creating prefix chain script '/home/ros_workspace/drone/install/setup.ps1'
[3.423s] INFO:colcon.colcon_core.shell:Creating prefix script '/home/ros_workspace/drone/install/local_setup.sh'
[3.424s] INFO:colcon.colcon_core.shell:Creating prefix util module '/home/ros_workspace/drone/install/_local_setup_util_sh.py'
[3.425s] INFO:colcon.colcon_core.shell:Creating prefix chain script '/home/ros_workspace/drone/install/setup.sh'
[3.427s] INFO:colcon.colcon_core.shell:Creating prefix script '/home/ros_workspace/drone/install/local_setup.bash'
[3.427s] INFO:colcon.colcon_core.shell:Creating prefix chain script '/home/ros_workspace/drone/install/setup.bash'
[3.429s] INFO:colcon.colcon_core.shell:Creating prefix script '/home/ros_workspace/drone/install/local_setup.zsh'
[3.429s] INFO:colcon.colcon_core.shell:Creating prefix chain script '/home/ros_workspace/drone/install/setup.zsh'
