[0.019s] Invoking command in '/home/ros_workspace/LI-SLAM/build/scanmatcher': AMENT_PREFIX_PATH=/home/ros_workspace/LI-SLAM/install/ndt_omp_ros2:/home/ros_workspace/LI-SLAM/install/lidarslam_msgs:${AMENT_PREFIX_PATH} CMAKE_PREFIX_PATH=/home/ros_workspace/LI-SLAM/install/ndt_omp_ros2:/home/ros_workspace/LI-SLAM/install/lidarslam_msgs:/opt/ros/humble LD_LIBRARY_PATH=/home/ros_workspace/LI-SLAM/install/lidarslam_msgs/lib:${LD_LIBRARY_PATH} PATH=/home/ros_workspace/LI-SLAM/install/ndt_omp_ros2/bin:${PATH} PYTHONPATH=/home/ros_workspace/LI-SLAM/install/lidarslam_msgs/local/lib/python3.10/dist-packages:${PYTHONPATH} /usr/bin/cmake --build /home/ros_workspace/LI-SLAM/build/scanmatcher -- -j16 -l16
[0.080s] [35m[1mConsolidate compiler generated dependencies of target image_projection[0m
[0.083s] [35m[1mConsolidate compiler generated dependencies of target scanmatcher_component[0m
[0.083s] [35m[1mConsolidate compiler generated dependencies of target imu_preintegration[0m
[0.119s] [ 12%] [32mBuilding CXX object CMakeFiles/image_projection.dir/src/image_projection.cpp.o[0m
[0.128s] [ 37%] Built target scanmatcher_component
[0.132s] [ 50%] [32mBuilding CXX object CMakeFiles/imu_preintegration.dir/src/imu_preintegration.cpp.o[0m
[0.153s] [35m[1mConsolidate compiler generated dependencies of target scanmatcher_node[0m
[0.211s] [ 75%] Built target scanmatcher_node
[9.037s] [01m[K/home/ros_workspace/LI-SLAM/src/li_slam_ros2/scanmatcher/src/image_projection.cpp:239:85:[m[K [01;35m[Kwarning: [m[K‘[01m[Ksensor_msgs::msg::PointCloud2_<std::allocator<void> >::ConstPtr[m[K’ is deprecated [[01;35m[K-Wdeprecated-declarations[m[K]
[9.038s]   239 |   bool cachePointCloud(const sensor_msgs::msg::PointCloud2::ConstPtr & laserCloudMsg[01;35m[K)[m[K
[9.038s]       |                                                                                     [01;35m[K^[m[K
[9.038s] In file included from [01m[K/opt/ros/humble/include/sensor_msgs/sensor_msgs/msg/point_cloud2.hpp:7[m[K,
[9.038s]                  from [01m[K/home/ros_workspace/LI-SLAM/src/li_slam_ros2/scanmatcher/include/scanmatcher/utility.h:40[m[K,
[9.038s]                  from [01m[K/home/ros_workspace/LI-SLAM/src/li_slam_ros2/scanmatcher/src/image_projection.cpp:31[m[K:
[9.038s] [01m[K/opt/ros/humble/include/sensor_msgs/sensor_msgs/msg/detail/point_cloud2__struct.hpp:194:5:[m[K [01;36m[Knote: [m[Kdeclared here
[9.038s]   194 |     [01;36m[KConstPtr[m[K;
[9.038s]       |     [01;36m[K^~~~~~~~[m[K
[44.875s] [ 87%] [32m[1mLinking CXX executable image_projection[0m
[45.929s] [ 87%] Built target image_projection
[55.368s] [100%] [32m[1mLinking CXX executable imu_preintegration[0m
[56.489s] [100%] Built target imu_preintegration
[56.510s] Invoked command in '/home/ros_workspace/LI-SLAM/build/scanmatcher' returned '0': AMENT_PREFIX_PATH=/home/ros_workspace/LI-SLAM/install/ndt_omp_ros2:/home/ros_workspace/LI-SLAM/install/lidarslam_msgs:${AMENT_PREFIX_PATH} CMAKE_PREFIX_PATH=/home/ros_workspace/LI-SLAM/install/ndt_omp_ros2:/home/ros_workspace/LI-SLAM/install/lidarslam_msgs:/opt/ros/humble LD_LIBRARY_PATH=/home/ros_workspace/LI-SLAM/install/lidarslam_msgs/lib:${LD_LIBRARY_PATH} PATH=/home/ros_workspace/LI-SLAM/install/ndt_omp_ros2/bin:${PATH} PYTHONPATH=/home/ros_workspace/LI-SLAM/install/lidarslam_msgs/local/lib/python3.10/dist-packages:${PYTHONPATH} /usr/bin/cmake --build /home/ros_workspace/LI-SLAM/build/scanmatcher -- -j16 -l16
[56.513s] Invoking command in '/home/ros_workspace/LI-SLAM/build/scanmatcher': AMENT_PREFIX_PATH=/home/ros_workspace/LI-SLAM/install/ndt_omp_ros2:/home/ros_workspace/LI-SLAM/install/lidarslam_msgs:${AMENT_PREFIX_PATH} CMAKE_PREFIX_PATH=/home/ros_workspace/LI-SLAM/install/ndt_omp_ros2:/home/ros_workspace/LI-SLAM/install/lidarslam_msgs:/opt/ros/humble LD_LIBRARY_PATH=/home/ros_workspace/LI-SLAM/install/lidarslam_msgs/lib:${LD_LIBRARY_PATH} PATH=/home/ros_workspace/LI-SLAM/install/ndt_omp_ros2/bin:${PATH} PYTHONPATH=/home/ros_workspace/LI-SLAM/install/lidarslam_msgs/local/lib/python3.10/dist-packages:${PYTHONPATH} /usr/bin/cmake --install /home/ros_workspace/LI-SLAM/build/scanmatcher
[56.521s] -- Install configuration: "Release"
[56.521s] -- Up-to-date: /home/ros_workspace/LI-SLAM/install/scanmatcher/share/scanmatcher/environment/library_path.sh
[56.522s] -- Up-to-date: /home/ros_workspace/LI-SLAM/install/scanmatcher/share/scanmatcher/environment/library_path.dsv
[56.522s] -- Up-to-date: /home/ros_workspace/LI-SLAM/install/scanmatcher/include
[56.522s] -- Up-to-date: /home/ros_workspace/LI-SLAM/install/scanmatcher/include/scanmatcher
[56.522s] -- Up-to-date: /home/ros_workspace/LI-SLAM/install/scanmatcher/include/scanmatcher/utility.h
[56.522s] -- Up-to-date: /home/ros_workspace/LI-SLAM/install/scanmatcher/include/scanmatcher/scanmatcher_component.h
[56.522s] -- Up-to-date: /home/ros_workspace/LI-SLAM/install/scanmatcher/share/scanmatcher/launch
[56.523s] -- Up-to-date: /home/ros_workspace/LI-SLAM/install/scanmatcher/share/scanmatcher/launch/lio_bigloop.launch.py
[56.523s] -- Up-to-date: /home/ros_workspace/LI-SLAM/install/scanmatcher/share/scanmatcher/launch/lio.launch.py
[56.523s] -- Up-to-date: /home/ros_workspace/LI-SLAM/install/scanmatcher/share/scanmatcher/param
[56.523s] -- Up-to-date: /home/ros_workspace/LI-SLAM/install/scanmatcher/share/scanmatcher/param/lio_bigloop.yaml
[56.523s] -- Up-to-date: /home/ros_workspace/LI-SLAM/install/scanmatcher/share/scanmatcher/param/lio.yaml
[56.523s] -- Up-to-date: /home/ros_workspace/LI-SLAM/install/scanmatcher/lib/libscanmatcher_component.so
[56.523s] -- Up-to-date: /home/ros_workspace/LI-SLAM/install/scanmatcher/lib/scanmatcher/scanmatcher_node
[56.523s] -- Installing: /home/ros_workspace/LI-SLAM/install/scanmatcher/lib/scanmatcher/imu_preintegration
[56.582s] -- Set runtime path of "/home/ros_workspace/LI-SLAM/install/scanmatcher/lib/scanmatcher/imu_preintegration" to ""
[56.582s] -- Installing: /home/ros_workspace/LI-SLAM/install/scanmatcher/lib/scanmatcher/image_projection
[56.635s] -- Set runtime path of "/home/ros_workspace/LI-SLAM/install/scanmatcher/lib/scanmatcher/image_projection" to ""
[56.635s] -- Up-to-date: /home/ros_workspace/LI-SLAM/install/scanmatcher/share/ament_index/resource_index/package_run_dependencies/scanmatcher
[56.635s] -- Up-to-date: /home/ros_workspace/LI-SLAM/install/scanmatcher/share/ament_index/resource_index/parent_prefix_path/scanmatcher
[56.635s] -- Up-to-date: /home/ros_workspace/LI-SLAM/install/scanmatcher/share/scanmatcher/environment/ament_prefix_path.sh
[56.635s] -- Up-to-date: /home/ros_workspace/LI-SLAM/install/scanmatcher/share/scanmatcher/environment/ament_prefix_path.dsv
[56.635s] -- Up-to-date: /home/ros_workspace/LI-SLAM/install/scanmatcher/share/scanmatcher/environment/path.sh
[56.636s] -- Up-to-date: /home/ros_workspace/LI-SLAM/install/scanmatcher/share/scanmatcher/environment/path.dsv
[56.636s] -- Up-to-date: /home/ros_workspace/LI-SLAM/install/scanmatcher/share/scanmatcher/local_setup.bash
[56.636s] -- Up-to-date: /home/ros_workspace/LI-SLAM/install/scanmatcher/share/scanmatcher/local_setup.sh
[56.636s] -- Up-to-date: /home/ros_workspace/LI-SLAM/install/scanmatcher/share/scanmatcher/local_setup.zsh
[56.636s] -- Up-to-date: /home/ros_workspace/LI-SLAM/install/scanmatcher/share/scanmatcher/local_setup.dsv
[56.636s] -- Installing: /home/ros_workspace/LI-SLAM/install/scanmatcher/share/scanmatcher/package.dsv
[56.636s] -- Up-to-date: /home/ros_workspace/LI-SLAM/install/scanmatcher/share/ament_index/resource_index/packages/scanmatcher
[56.637s] -- Up-to-date: /home/ros_workspace/LI-SLAM/install/scanmatcher/share/ament_index/resource_index/rclcpp_components/scanmatcher
[56.637s] -- Up-to-date: /home/ros_workspace/LI-SLAM/install/scanmatcher/share/scanmatcher/cmake/ament_cmake_export_libraries-extras.cmake
[56.637s] -- Up-to-date: /home/ros_workspace/LI-SLAM/install/scanmatcher/share/scanmatcher/cmake/ament_cmake_export_include_directories-extras.cmake
[56.637s] -- Up-to-date: /home/ros_workspace/LI-SLAM/install/scanmatcher/share/scanmatcher/cmake/scanmatcherConfig.cmake
[56.637s] -- Up-to-date: /home/ros_workspace/LI-SLAM/install/scanmatcher/share/scanmatcher/cmake/scanmatcherConfig-version.cmake
[56.637s] -- Up-to-date: /home/ros_workspace/LI-SLAM/install/scanmatcher/share/scanmatcher/package.xml
[56.652s] Invoked command in '/home/ros_workspace/LI-SLAM/build/scanmatcher' returned '0': AMENT_PREFIX_PATH=/home/ros_workspace/LI-SLAM/install/ndt_omp_ros2:/home/ros_workspace/LI-SLAM/install/lidarslam_msgs:${AMENT_PREFIX_PATH} CMAKE_PREFIX_PATH=/home/ros_workspace/LI-SLAM/install/ndt_omp_ros2:/home/ros_workspace/LI-SLAM/install/lidarslam_msgs:/opt/ros/humble LD_LIBRARY_PATH=/home/ros_workspace/LI-SLAM/install/lidarslam_msgs/lib:${LD_LIBRARY_PATH} PATH=/home/ros_workspace/LI-SLAM/install/ndt_omp_ros2/bin:${PATH} PYTHONPATH=/home/ros_workspace/LI-SLAM/install/lidarslam_msgs/local/lib/python3.10/dist-packages:${PYTHONPATH} /usr/bin/cmake --install /home/ros_workspace/LI-SLAM/build/scanmatcher
