[0.017s] Invoking command in '/home/ros_workspace/LI-SLAM/build/lidarslam_msgs': CMAKE_PREFIX_PATH=/opt/ros/humble /usr/bin/cmake --build /home/ros_workspace/LI-SLAM/build/lidarslam_msgs -- -j16 -l16
[0.087s] [  7%] Built target lidarslam_msgs__cpp
[0.087s] [ 12%] Built target lidarslam_msgs__rosidl_generator_c
[0.096s] [ 12%] Built target ament_cmake_python_copy_lidarslam_msgs
[0.116s] [ 43%] Built target lidarslam_msgs__rosidl_typesupport_introspection_c
[0.116s] [ 43%] Built target lidarslam_msgs__rosidl_typesupport_introspection_cpp
[0.116s] [ 48%] Built target lidarslam_msgs__rosidl_typesupport_fastrtps_c
[0.116s] [ 71%] Built target lidarslam_msgs__rosidl_typesupport_cpp
[0.116s] [ 74%] Built target lidarslam_msgs__rosidl_typesupport_fastrtps_cpp
[0.116s] [ 74%] Built target lidarslam_msgs__rosidl_typesupport_c
[0.140s] [ 74%] Built target lidarslam_msgs
[0.169s] [ 76%] Built target lidarslam_msgs__py
[0.206s] [ 84%] Built target lidarslam_msgs__rosidl_generator_py
[0.234s] [ 89%] Built target lidarslam_msgs__rosidl_typesupport_fastrtps_c__pyext
[0.236s] [ 94%] Built target lidarslam_msgs__rosidl_typesupport_introspection_c__pyext
[0.242s] [100%] Built target lidarslam_msgs__rosidl_typesupport_c__pyext
[0.326s] running egg_info
[0.327s] writing lidarslam_msgs.egg-info/PKG-INFO
[0.327s] writing dependency_links to lidarslam_msgs.egg-info/dependency_links.txt
[0.327s] writing top-level names to lidarslam_msgs.egg-info/top_level.txt
[0.329s] reading manifest file 'lidarslam_msgs.egg-info/SOURCES.txt'
[0.329s] writing manifest file 'lidarslam_msgs.egg-info/SOURCES.txt'
[0.361s] [100%] Built target ament_cmake_python_build_lidarslam_msgs_egg
[0.385s] Invoked command in '/home/ros_workspace/LI-SLAM/build/lidarslam_msgs' returned '0': CMAKE_PREFIX_PATH=/opt/ros/humble /usr/bin/cmake --build /home/ros_workspace/LI-SLAM/build/lidarslam_msgs -- -j16 -l16
[0.386s] Invoking command in '/home/ros_workspace/LI-SLAM/build/lidarslam_msgs': CMAKE_PREFIX_PATH=/opt/ros/humble /usr/bin/cmake --install /home/ros_workspace/LI-SLAM/build/lidarslam_msgs
[0.397s] -- Install configuration: "Release"
[0.398s] -- Up-to-date: /home/ros_workspace/LI-SLAM/install/lidarslam_msgs/share/ament_index/resource_index/rosidl_interfaces/lidarslam_msgs
[0.398s] -- Up-to-date: /home/ros_workspace/LI-SLAM/install/lidarslam_msgs/include/lidarslam_msgs/lidarslam_msgs
[0.398s] -- Up-to-date: /home/ros_workspace/LI-SLAM/install/lidarslam_msgs/include/lidarslam_msgs/lidarslam_msgs/msg
[0.398s] -- Up-to-date: /home/ros_workspace/LI-SLAM/install/lidarslam_msgs/include/lidarslam_msgs/lidarslam_msgs/msg/sub_map.h
[0.398s] -- Up-to-date: /home/ros_workspace/LI-SLAM/install/lidarslam_msgs/include/lidarslam_msgs/lidarslam_msgs/msg/detail
[0.398s] -- Up-to-date: /home/ros_workspace/LI-SLAM/install/lidarslam_msgs/include/lidarslam_msgs/lidarslam_msgs/msg/detail/sub_map__struct.h
[0.399s] -- Up-to-date: /home/ros_workspace/LI-SLAM/install/lidarslam_msgs/include/lidarslam_msgs/lidarslam_msgs/msg/detail/sub_map__functions.h
[0.399s] -- Up-to-date: /home/ros_workspace/LI-SLAM/install/lidarslam_msgs/include/lidarslam_msgs/lidarslam_msgs/msg/detail/sub_map__functions.c
[0.399s] -- Up-to-date: /home/ros_workspace/LI-SLAM/install/lidarslam_msgs/include/lidarslam_msgs/lidarslam_msgs/msg/detail/map_array__functions.h
[0.399s] -- Up-to-date: /home/ros_workspace/LI-SLAM/install/lidarslam_msgs/include/lidarslam_msgs/lidarslam_msgs/msg/detail/map_array__type_support.h
[0.400s] -- Up-to-date: /home/ros_workspace/LI-SLAM/install/lidarslam_msgs/include/lidarslam_msgs/lidarslam_msgs/msg/detail/map_array__struct.h
[0.400s] -- Up-to-date: /home/ros_workspace/LI-SLAM/install/lidarslam_msgs/include/lidarslam_msgs/lidarslam_msgs/msg/detail/sub_map__type_support.h
[0.400s] -- Up-to-date: /home/ros_workspace/LI-SLAM/install/lidarslam_msgs/include/lidarslam_msgs/lidarslam_msgs/msg/detail/map_array__functions.c
[0.400s] -- Up-to-date: /home/ros_workspace/LI-SLAM/install/lidarslam_msgs/include/lidarslam_msgs/lidarslam_msgs/msg/rosidl_generator_c__visibility_control.h
[0.400s] -- Up-to-date: /home/ros_workspace/LI-SLAM/install/lidarslam_msgs/include/lidarslam_msgs/lidarslam_msgs/msg/map_array.h
[0.400s] -- Up-to-date: /home/ros_workspace/LI-SLAM/install/lidarslam_msgs/share/lidarslam_msgs/environment/library_path.sh
[0.401s] -- Up-to-date: /home/ros_workspace/LI-SLAM/install/lidarslam_msgs/share/lidarslam_msgs/environment/library_path.dsv
[0.401s] -- Up-to-date: /home/ros_workspace/LI-SLAM/install/lidarslam_msgs/lib/liblidarslam_msgs__rosidl_generator_c.so
[0.401s] -- Up-to-date: /home/ros_workspace/LI-SLAM/install/lidarslam_msgs/include/lidarslam_msgs/lidarslam_msgs
[0.401s] -- Up-to-date: /home/ros_workspace/LI-SLAM/install/lidarslam_msgs/include/lidarslam_msgs/lidarslam_msgs/msg
[0.401s] -- Up-to-date: /home/ros_workspace/LI-SLAM/install/lidarslam_msgs/include/lidarslam_msgs/lidarslam_msgs/msg/rosidl_typesupport_fastrtps_c__visibility_control.h
[0.402s] -- Up-to-date: /home/ros_workspace/LI-SLAM/install/lidarslam_msgs/include/lidarslam_msgs/lidarslam_msgs/msg/detail
[0.402s] -- Up-to-date: /home/ros_workspace/LI-SLAM/install/lidarslam_msgs/include/lidarslam_msgs/lidarslam_msgs/msg/detail/sub_map__rosidl_typesupport_fastrtps_c.h
[0.402s] -- Up-to-date: /home/ros_workspace/LI-SLAM/install/lidarslam_msgs/include/lidarslam_msgs/lidarslam_msgs/msg/detail/map_array__rosidl_typesupport_fastrtps_c.h
[0.402s] -- Up-to-date: /home/ros_workspace/LI-SLAM/install/lidarslam_msgs/lib/liblidarslam_msgs__rosidl_typesupport_fastrtps_c.so
[0.402s] -- Up-to-date: /home/ros_workspace/LI-SLAM/install/lidarslam_msgs/include/lidarslam_msgs/lidarslam_msgs
[0.403s] -- Up-to-date: /home/ros_workspace/LI-SLAM/install/lidarslam_msgs/include/lidarslam_msgs/lidarslam_msgs/msg
[0.403s] -- Up-to-date: /home/ros_workspace/LI-SLAM/install/lidarslam_msgs/include/lidarslam_msgs/lidarslam_msgs/msg/sub_map.hpp
[0.403s] -- Up-to-date: /home/ros_workspace/LI-SLAM/install/lidarslam_msgs/include/lidarslam_msgs/lidarslam_msgs/msg/rosidl_generator_cpp__visibility_control.hpp
[0.403s] -- Up-to-date: /home/ros_workspace/LI-SLAM/install/lidarslam_msgs/include/lidarslam_msgs/lidarslam_msgs/msg/detail
[0.403s] -- Up-to-date: /home/ros_workspace/LI-SLAM/install/lidarslam_msgs/include/lidarslam_msgs/lidarslam_msgs/msg/detail/map_array__traits.hpp
[0.403s] -- Up-to-date: /home/ros_workspace/LI-SLAM/install/lidarslam_msgs/include/lidarslam_msgs/lidarslam_msgs/msg/detail/map_array__type_support.hpp
[0.404s] -- Up-to-date: /home/ros_workspace/LI-SLAM/install/lidarslam_msgs/include/lidarslam_msgs/lidarslam_msgs/msg/detail/map_array__builder.hpp
[0.404s] -- Up-to-date: /home/ros_workspace/LI-SLAM/install/lidarslam_msgs/include/lidarslam_msgs/lidarslam_msgs/msg/detail/sub_map__builder.hpp
[0.404s] -- Up-to-date: /home/ros_workspace/LI-SLAM/install/lidarslam_msgs/include/lidarslam_msgs/lidarslam_msgs/msg/detail/sub_map__struct.hpp
[0.404s] -- Up-to-date: /home/ros_workspace/LI-SLAM/install/lidarslam_msgs/include/lidarslam_msgs/lidarslam_msgs/msg/detail/map_array__struct.hpp
[0.404s] -- Up-to-date: /home/ros_workspace/LI-SLAM/install/lidarslam_msgs/include/lidarslam_msgs/lidarslam_msgs/msg/detail/sub_map__traits.hpp
[0.404s] -- Up-to-date: /home/ros_workspace/LI-SLAM/install/lidarslam_msgs/include/lidarslam_msgs/lidarslam_msgs/msg/detail/sub_map__type_support.hpp
[0.404s] -- Up-to-date: /home/ros_workspace/LI-SLAM/install/lidarslam_msgs/include/lidarslam_msgs/lidarslam_msgs/msg/map_array.hpp
[0.404s] -- Up-to-date: /home/ros_workspace/LI-SLAM/install/lidarslam_msgs/include/lidarslam_msgs/lidarslam_msgs
[0.404s] -- Up-to-date: /home/ros_workspace/LI-SLAM/install/lidarslam_msgs/include/lidarslam_msgs/lidarslam_msgs/msg
[0.405s] -- Up-to-date: /home/ros_workspace/LI-SLAM/install/lidarslam_msgs/include/lidarslam_msgs/lidarslam_msgs/msg/detail
[0.405s] -- Up-to-date: /home/ros_workspace/LI-SLAM/install/lidarslam_msgs/include/lidarslam_msgs/lidarslam_msgs/msg/detail/sub_map__rosidl_typesupport_fastrtps_cpp.hpp
[0.405s] -- Up-to-date: /home/ros_workspace/LI-SLAM/install/lidarslam_msgs/include/lidarslam_msgs/lidarslam_msgs/msg/detail/map_array__rosidl_typesupport_fastrtps_cpp.hpp
[0.405s] -- Up-to-date: /home/ros_workspace/LI-SLAM/install/lidarslam_msgs/include/lidarslam_msgs/lidarslam_msgs/msg/detail/dds_fastrtps
[0.405s] -- Up-to-date: /home/ros_workspace/LI-SLAM/install/lidarslam_msgs/include/lidarslam_msgs/lidarslam_msgs/msg/rosidl_typesupport_fastrtps_cpp__visibility_control.h
[0.405s] -- Up-to-date: /home/ros_workspace/LI-SLAM/install/lidarslam_msgs/lib/liblidarslam_msgs__rosidl_typesupport_fastrtps_cpp.so
[0.405s] -- Up-to-date: /home/ros_workspace/LI-SLAM/install/lidarslam_msgs/include/lidarslam_msgs/lidarslam_msgs
[0.405s] -- Up-to-date: /home/ros_workspace/LI-SLAM/install/lidarslam_msgs/include/lidarslam_msgs/lidarslam_msgs/msg
[0.405s] -- Up-to-date: /home/ros_workspace/LI-SLAM/install/lidarslam_msgs/include/lidarslam_msgs/lidarslam_msgs/msg/rosidl_typesupport_introspection_c__visibility_control.h
[0.406s] -- Up-to-date: /home/ros_workspace/LI-SLAM/install/lidarslam_msgs/include/lidarslam_msgs/lidarslam_msgs/msg/detail
[0.406s] -- Up-to-date: /home/ros_workspace/LI-SLAM/install/lidarslam_msgs/include/lidarslam_msgs/lidarslam_msgs/msg/detail/sub_map__type_support.c
[0.406s] -- Up-to-date: /home/ros_workspace/LI-SLAM/install/lidarslam_msgs/include/lidarslam_msgs/lidarslam_msgs/msg/detail/map_array__rosidl_typesupport_introspection_c.h
[0.406s] -- Up-to-date: /home/ros_workspace/LI-SLAM/install/lidarslam_msgs/include/lidarslam_msgs/lidarslam_msgs/msg/detail/map_array__type_support.c
[0.406s] -- Up-to-date: /home/ros_workspace/LI-SLAM/install/lidarslam_msgs/include/lidarslam_msgs/lidarslam_msgs/msg/detail/sub_map__rosidl_typesupport_introspection_c.h
[0.406s] -- Up-to-date: /home/ros_workspace/LI-SLAM/install/lidarslam_msgs/lib/liblidarslam_msgs__rosidl_typesupport_introspection_c.so
[0.406s] -- Up-to-date: /home/ros_workspace/LI-SLAM/install/lidarslam_msgs/lib/liblidarslam_msgs__rosidl_typesupport_c.so
[0.406s] -- Up-to-date: /home/ros_workspace/LI-SLAM/install/lidarslam_msgs/include/lidarslam_msgs/lidarslam_msgs
[0.407s] -- Up-to-date: /home/ros_workspace/LI-SLAM/install/lidarslam_msgs/include/lidarslam_msgs/lidarslam_msgs/msg
[0.407s] -- Up-to-date: /home/ros_workspace/LI-SLAM/install/lidarslam_msgs/include/lidarslam_msgs/lidarslam_msgs/msg/detail
[0.407s] -- Up-to-date: /home/ros_workspace/LI-SLAM/install/lidarslam_msgs/include/lidarslam_msgs/lidarslam_msgs/msg/detail/map_array__type_support.cpp
[0.407s] -- Up-to-date: /home/ros_workspace/LI-SLAM/install/lidarslam_msgs/include/lidarslam_msgs/lidarslam_msgs/msg/detail/sub_map__type_support.cpp
[0.407s] -- Up-to-date: /home/ros_workspace/LI-SLAM/install/lidarslam_msgs/include/lidarslam_msgs/lidarslam_msgs/msg/detail/map_array__rosidl_typesupport_introspection_cpp.hpp
[0.407s] -- Up-to-date: /home/ros_workspace/LI-SLAM/install/lidarslam_msgs/include/lidarslam_msgs/lidarslam_msgs/msg/detail/sub_map__rosidl_typesupport_introspection_cpp.hpp
[0.407s] -- Up-to-date: /home/ros_workspace/LI-SLAM/install/lidarslam_msgs/lib/liblidarslam_msgs__rosidl_typesupport_introspection_cpp.so
[0.407s] -- Up-to-date: /home/ros_workspace/LI-SLAM/install/lidarslam_msgs/lib/liblidarslam_msgs__rosidl_typesupport_cpp.so
[0.408s] -- Up-to-date: /home/ros_workspace/LI-SLAM/install/lidarslam_msgs/share/lidarslam_msgs/environment/pythonpath.sh
[0.408s] -- Up-to-date: /home/ros_workspace/LI-SLAM/install/lidarslam_msgs/share/lidarslam_msgs/environment/pythonpath.dsv
[0.408s] -- Up-to-date: /home/ros_workspace/LI-SLAM/install/lidarslam_msgs/local/lib/python3.10/dist-packages/lidarslam_msgs-0.0.0-py3.10.egg-info
[0.408s] -- Installing: /home/ros_workspace/LI-SLAM/install/lidarslam_msgs/local/lib/python3.10/dist-packages/lidarslam_msgs-0.0.0-py3.10.egg-info/PKG-INFO
[0.408s] -- Installing: /home/ros_workspace/LI-SLAM/install/lidarslam_msgs/local/lib/python3.10/dist-packages/lidarslam_msgs-0.0.0-py3.10.egg-info/SOURCES.txt
[0.408s] -- Installing: /home/ros_workspace/LI-SLAM/install/lidarslam_msgs/local/lib/python3.10/dist-packages/lidarslam_msgs-0.0.0-py3.10.egg-info/dependency_links.txt
[0.408s] -- Installing: /home/ros_workspace/LI-SLAM/install/lidarslam_msgs/local/lib/python3.10/dist-packages/lidarslam_msgs-0.0.0-py3.10.egg-info/top_level.txt
[0.408s] -- Up-to-date: /home/ros_workspace/LI-SLAM/install/lidarslam_msgs/local/lib/python3.10/dist-packages/lidarslam_msgs
[0.409s] -- Up-to-date: /home/ros_workspace/LI-SLAM/install/lidarslam_msgs/local/lib/python3.10/dist-packages/lidarslam_msgs/_lidarslam_msgs_s.ep.rosidl_typesupport_c.c
[0.409s] -- Up-to-date: /home/ros_workspace/LI-SLAM/install/lidarslam_msgs/local/lib/python3.10/dist-packages/lidarslam_msgs/_lidarslam_msgs_s.ep.rosidl_typesupport_fastrtps_c.c
[0.409s] -- Up-to-date: /home/ros_workspace/LI-SLAM/install/lidarslam_msgs/local/lib/python3.10/dist-packages/lidarslam_msgs/lidarslam_msgs_s__rosidl_typesupport_fastrtps_c.cpython-310-x86_64-linux-gnu.so
[0.409s] -- Up-to-date: /home/ros_workspace/LI-SLAM/install/lidarslam_msgs/local/lib/python3.10/dist-packages/lidarslam_msgs/liblidarslam_msgs__rosidl_generator_py.so
[0.409s] -- Up-to-date: /home/ros_workspace/LI-SLAM/install/lidarslam_msgs/local/lib/python3.10/dist-packages/lidarslam_msgs/_lidarslam_msgs_s.ep.rosidl_typesupport_introspection_c.c
[0.409s] -- Up-to-date: /home/ros_workspace/LI-SLAM/install/lidarslam_msgs/local/lib/python3.10/dist-packages/lidarslam_msgs/msg
[0.409s] -- Up-to-date: /home/ros_workspace/LI-SLAM/install/lidarslam_msgs/local/lib/python3.10/dist-packages/lidarslam_msgs/msg/_sub_map.py
[0.410s] -- Up-to-date: /home/ros_workspace/LI-SLAM/install/lidarslam_msgs/local/lib/python3.10/dist-packages/lidarslam_msgs/msg/__init__.py
[0.410s] -- Up-to-date: /home/ros_workspace/LI-SLAM/install/lidarslam_msgs/local/lib/python3.10/dist-packages/lidarslam_msgs/msg/_map_array_s.c
[0.410s] -- Up-to-date: /home/ros_workspace/LI-SLAM/install/lidarslam_msgs/local/lib/python3.10/dist-packages/lidarslam_msgs/msg/_sub_map_s.c
[0.410s] -- Up-to-date: /home/ros_workspace/LI-SLAM/install/lidarslam_msgs/local/lib/python3.10/dist-packages/lidarslam_msgs/msg/_map_array.py
[0.410s] -- Up-to-date: /home/ros_workspace/LI-SLAM/install/lidarslam_msgs/local/lib/python3.10/dist-packages/lidarslam_msgs/__init__.py
[0.410s] -- Up-to-date: /home/ros_workspace/LI-SLAM/install/lidarslam_msgs/local/lib/python3.10/dist-packages/lidarslam_msgs/lidarslam_msgs_s__rosidl_typesupport_c.cpython-310-x86_64-linux-gnu.so
[0.410s] -- Up-to-date: /home/ros_workspace/LI-SLAM/install/lidarslam_msgs/local/lib/python3.10/dist-packages/lidarslam_msgs/lidarslam_msgs_s__rosidl_typesupport_introspection_c.cpython-310-x86_64-linux-gnu.so
[0.441s] Listing '/home/ros_workspace/LI-SLAM/install/lidarslam_msgs/local/lib/python3.10/dist-packages/lidarslam_msgs'...
[0.441s] Listing '/home/ros_workspace/LI-SLAM/install/lidarslam_msgs/local/lib/python3.10/dist-packages/lidarslam_msgs/msg'...
[0.445s] -- Up-to-date: /home/ros_workspace/LI-SLAM/install/lidarslam_msgs/local/lib/python3.10/dist-packages/lidarslam_msgs/lidarslam_msgs_s__rosidl_typesupport_fastrtps_c.cpython-310-x86_64-linux-gnu.so
[0.445s] -- Up-to-date: /home/ros_workspace/LI-SLAM/install/lidarslam_msgs/local/lib/python3.10/dist-packages/lidarslam_msgs/lidarslam_msgs_s__rosidl_typesupport_introspection_c.cpython-310-x86_64-linux-gnu.so
[0.446s] -- Up-to-date: /home/ros_workspace/LI-SLAM/install/lidarslam_msgs/local/lib/python3.10/dist-packages/lidarslam_msgs/lidarslam_msgs_s__rosidl_typesupport_c.cpython-310-x86_64-linux-gnu.so
[0.447s] -- Up-to-date: /home/ros_workspace/LI-SLAM/install/lidarslam_msgs/lib/liblidarslam_msgs__rosidl_generator_py.so
[0.447s] -- Up-to-date: /home/ros_workspace/LI-SLAM/install/lidarslam_msgs/share/lidarslam_msgs/msg/SubMap.idl
[0.447s] -- Up-to-date: /home/ros_workspace/LI-SLAM/install/lidarslam_msgs/share/lidarslam_msgs/msg/MapArray.idl
[0.448s] -- Up-to-date: /home/ros_workspace/LI-SLAM/install/lidarslam_msgs/share/lidarslam_msgs/msg/SubMap.msg
[0.448s] -- Up-to-date: /home/ros_workspace/LI-SLAM/install/lidarslam_msgs/share/lidarslam_msgs/msg/MapArray.msg
[0.448s] -- Up-to-date: /home/ros_workspace/LI-SLAM/install/lidarslam_msgs/share/ament_index/resource_index/package_run_dependencies/lidarslam_msgs
[0.448s] -- Up-to-date: /home/ros_workspace/LI-SLAM/install/lidarslam_msgs/share/ament_index/resource_index/parent_prefix_path/lidarslam_msgs
[0.448s] -- Up-to-date: /home/ros_workspace/LI-SLAM/install/lidarslam_msgs/share/lidarslam_msgs/environment/ament_prefix_path.sh
[0.449s] -- Up-to-date: /home/ros_workspace/LI-SLAM/install/lidarslam_msgs/share/lidarslam_msgs/environment/ament_prefix_path.dsv
[0.449s] -- Up-to-date: /home/ros_workspace/LI-SLAM/install/lidarslam_msgs/share/lidarslam_msgs/environment/path.sh
[0.449s] -- Up-to-date: /home/ros_workspace/LI-SLAM/install/lidarslam_msgs/share/lidarslam_msgs/environment/path.dsv
[0.449s] -- Up-to-date: /home/ros_workspace/LI-SLAM/install/lidarslam_msgs/share/lidarslam_msgs/local_setup.bash
[0.449s] -- Up-to-date: /home/ros_workspace/LI-SLAM/install/lidarslam_msgs/share/lidarslam_msgs/local_setup.sh
[0.449s] -- Up-to-date: /home/ros_workspace/LI-SLAM/install/lidarslam_msgs/share/lidarslam_msgs/local_setup.zsh
[0.450s] -- Up-to-date: /home/ros_workspace/LI-SLAM/install/lidarslam_msgs/share/lidarslam_msgs/local_setup.dsv
[0.450s] -- Installing: /home/ros_workspace/LI-SLAM/install/lidarslam_msgs/share/lidarslam_msgs/package.dsv
[0.450s] -- Up-to-date: /home/ros_workspace/LI-SLAM/install/lidarslam_msgs/share/ament_index/resource_index/packages/lidarslam_msgs
[0.450s] -- Up-to-date: /home/ros_workspace/LI-SLAM/install/lidarslam_msgs/share/lidarslam_msgs/cmake/export_lidarslam_msgs__rosidl_generator_cExport.cmake
[0.450s] -- Up-to-date: /home/ros_workspace/LI-SLAM/install/lidarslam_msgs/share/lidarslam_msgs/cmake/export_lidarslam_msgs__rosidl_generator_cExport-release.cmake
[0.451s] -- Up-to-date: /home/ros_workspace/LI-SLAM/install/lidarslam_msgs/share/lidarslam_msgs/cmake/export_lidarslam_msgs__rosidl_typesupport_fastrtps_cExport.cmake
[0.451s] -- Up-to-date: /home/ros_workspace/LI-SLAM/install/lidarslam_msgs/share/lidarslam_msgs/cmake/export_lidarslam_msgs__rosidl_typesupport_fastrtps_cExport-release.cmake
[0.451s] -- Up-to-date: /home/ros_workspace/LI-SLAM/install/lidarslam_msgs/share/lidarslam_msgs/cmake/export_lidarslam_msgs__rosidl_generator_cppExport.cmake
[0.451s] -- Up-to-date: /home/ros_workspace/LI-SLAM/install/lidarslam_msgs/share/lidarslam_msgs/cmake/export_lidarslam_msgs__rosidl_typesupport_fastrtps_cppExport.cmake
[0.451s] -- Up-to-date: /home/ros_workspace/LI-SLAM/install/lidarslam_msgs/share/lidarslam_msgs/cmake/export_lidarslam_msgs__rosidl_typesupport_fastrtps_cppExport-release.cmake
[0.451s] -- Up-to-date: /home/ros_workspace/LI-SLAM/install/lidarslam_msgs/share/lidarslam_msgs/cmake/lidarslam_msgs__rosidl_typesupport_introspection_cExport.cmake
[0.452s] -- Up-to-date: /home/ros_workspace/LI-SLAM/install/lidarslam_msgs/share/lidarslam_msgs/cmake/lidarslam_msgs__rosidl_typesupport_introspection_cExport-release.cmake
[0.452s] -- Up-to-date: /home/ros_workspace/LI-SLAM/install/lidarslam_msgs/share/lidarslam_msgs/cmake/lidarslam_msgs__rosidl_typesupport_cExport.cmake
[0.452s] -- Up-to-date: /home/ros_workspace/LI-SLAM/install/lidarslam_msgs/share/lidarslam_msgs/cmake/lidarslam_msgs__rosidl_typesupport_cExport-release.cmake
[0.452s] -- Up-to-date: /home/ros_workspace/LI-SLAM/install/lidarslam_msgs/share/lidarslam_msgs/cmake/lidarslam_msgs__rosidl_typesupport_introspection_cppExport.cmake
[0.452s] -- Up-to-date: /home/ros_workspace/LI-SLAM/install/lidarslam_msgs/share/lidarslam_msgs/cmake/lidarslam_msgs__rosidl_typesupport_introspection_cppExport-release.cmake
[0.452s] -- Up-to-date: /home/ros_workspace/LI-SLAM/install/lidarslam_msgs/share/lidarslam_msgs/cmake/lidarslam_msgs__rosidl_typesupport_cppExport.cmake
[0.453s] -- Up-to-date: /home/ros_workspace/LI-SLAM/install/lidarslam_msgs/share/lidarslam_msgs/cmake/lidarslam_msgs__rosidl_typesupport_cppExport-release.cmake
[0.453s] -- Up-to-date: /home/ros_workspace/LI-SLAM/install/lidarslam_msgs/share/lidarslam_msgs/cmake/export_lidarslam_msgs__rosidl_generator_pyExport.cmake
[0.453s] -- Up-to-date: /home/ros_workspace/LI-SLAM/install/lidarslam_msgs/share/lidarslam_msgs/cmake/export_lidarslam_msgs__rosidl_generator_pyExport-release.cmake
[0.453s] -- Up-to-date: /home/ros_workspace/LI-SLAM/install/lidarslam_msgs/share/lidarslam_msgs/cmake/rosidl_cmake-extras.cmake
[0.453s] -- Up-to-date: /home/ros_workspace/LI-SLAM/install/lidarslam_msgs/share/lidarslam_msgs/cmake/ament_cmake_export_dependencies-extras.cmake
[0.453s] -- Up-to-date: /home/ros_workspace/LI-SLAM/install/lidarslam_msgs/share/lidarslam_msgs/cmake/ament_cmake_export_include_directories-extras.cmake
[0.454s] -- Up-to-date: /home/ros_workspace/LI-SLAM/install/lidarslam_msgs/share/lidarslam_msgs/cmake/ament_cmake_export_libraries-extras.cmake
[0.454s] -- Up-to-date: /home/ros_workspace/LI-SLAM/install/lidarslam_msgs/share/lidarslam_msgs/cmake/ament_cmake_export_targets-extras.cmake
[0.454s] -- Up-to-date: /home/ros_workspace/LI-SLAM/install/lidarslam_msgs/share/lidarslam_msgs/cmake/rosidl_cmake_export_typesupport_targets-extras.cmake
[0.454s] -- Up-to-date: /home/ros_workspace/LI-SLAM/install/lidarslam_msgs/share/lidarslam_msgs/cmake/rosidl_cmake_export_typesupport_libraries-extras.cmake
[0.454s] -- Up-to-date: /home/ros_workspace/LI-SLAM/install/lidarslam_msgs/share/lidarslam_msgs/cmake/lidarslam_msgsConfig.cmake
[0.454s] -- Up-to-date: /home/ros_workspace/LI-SLAM/install/lidarslam_msgs/share/lidarslam_msgs/cmake/lidarslam_msgsConfig-version.cmake
[0.454s] -- Up-to-date: /home/ros_workspace/LI-SLAM/install/lidarslam_msgs/share/lidarslam_msgs/package.xml
[0.459s] Invoked command in '/home/ros_workspace/LI-SLAM/build/lidarslam_msgs' returned '0': CMAKE_PREFIX_PATH=/opt/ros/humble /usr/bin/cmake --install /home/ros_workspace/LI-SLAM/build/lidarslam_msgs
