[0.023s] Invoking command in '/home/ros_workspace/LI-SLAM/build/scanmatcher': CMAKE_PREFIX_PATH=/home/ros_workspace/LI-SLAM/install/ndt_omp_ros2:/home/ros_workspace/LI-SLAM/install/lidarslam_msgs:/home/ros_workspace/LI-SLAM/install/scanmatcher:/home/ros_workspace/LI-SLAM/install/graph_based_slam:/home/ros_workspace/drone/install/px4_ros_com:/home/ros_workspace/drone/install/px4_msgs:/home/ros_workspace/drone/install/republisher:/opt/ros/humble LD_LIBRARY_PATH=/home/ros_workspace/LI-SLAM/install/lidarslam_msgs/lib:/home/ros_workspace/LI-SLAM/install/scanmatcher/lib:/home/ros_workspace/LI-SLAM/install/graph_based_slam/lib:/home/ros_workspace/drone/install/px4_ros_com/lib:/home/ros_workspace/drone/install/px4_msgs/lib:/opt/ros/humble/opt/rviz_ogre_vendor/lib:/opt/ros/humble/lib/x86_64-linux-gnu:/opt/ros/humble/lib /usr/bin/cmake --build /home/ros_workspace/LI-SLAM/build/scanmatcher -- -j16 -l16
[0.102s] [35m[1mConsolidate compiler generated dependencies of target image_projection[0m
[0.136s] [ 25%] Built target scanmatcher_component
[0.138s] [ 75%] Built target image_projection
[0.139s] [ 75%] Built target imu_preintegration
[0.187s] [100%] Built target scanmatcher_node
[0.210s] Invoked command in '/home/ros_workspace/LI-SLAM/build/scanmatcher' returned '0': CMAKE_PREFIX_PATH=/home/ros_workspace/LI-SLAM/install/ndt_omp_ros2:/home/ros_workspace/LI-SLAM/install/lidarslam_msgs:/home/ros_workspace/LI-SLAM/install/scanmatcher:/home/ros_workspace/LI-SLAM/install/graph_based_slam:/home/ros_workspace/drone/install/px4_ros_com:/home/ros_workspace/drone/install/px4_msgs:/home/ros_workspace/drone/install/republisher:/opt/ros/humble LD_LIBRARY_PATH=/home/ros_workspace/LI-SLAM/install/lidarslam_msgs/lib:/home/ros_workspace/LI-SLAM/install/scanmatcher/lib:/home/ros_workspace/LI-SLAM/install/graph_based_slam/lib:/home/ros_workspace/drone/install/px4_ros_com/lib:/home/ros_workspace/drone/install/px4_msgs/lib:/opt/ros/humble/opt/rviz_ogre_vendor/lib:/opt/ros/humble/lib/x86_64-linux-gnu:/opt/ros/humble/lib /usr/bin/cmake --build /home/ros_workspace/LI-SLAM/build/scanmatcher -- -j16 -l16
[0.213s] Invoking command in '/home/ros_workspace/LI-SLAM/build/scanmatcher': CMAKE_PREFIX_PATH=/home/ros_workspace/LI-SLAM/install/ndt_omp_ros2:/home/ros_workspace/LI-SLAM/install/lidarslam_msgs:/home/ros_workspace/LI-SLAM/install/scanmatcher:/home/ros_workspace/LI-SLAM/install/graph_based_slam:/home/ros_workspace/drone/install/px4_ros_com:/home/ros_workspace/drone/install/px4_msgs:/home/ros_workspace/drone/install/republisher:/opt/ros/humble LD_LIBRARY_PATH=/home/ros_workspace/LI-SLAM/install/lidarslam_msgs/lib:/home/ros_workspace/LI-SLAM/install/scanmatcher/lib:/home/ros_workspace/LI-SLAM/install/graph_based_slam/lib:/home/ros_workspace/drone/install/px4_ros_com/lib:/home/ros_workspace/drone/install/px4_msgs/lib:/opt/ros/humble/opt/rviz_ogre_vendor/lib:/opt/ros/humble/lib/x86_64-linux-gnu:/opt/ros/humble/lib /usr/bin/cmake --install /home/ros_workspace/LI-SLAM/build/scanmatcher
[0.222s] -- Install configuration: "Release"
[0.222s] -- Up-to-date: /home/ros_workspace/LI-SLAM/install/scanmatcher/share/scanmatcher/environment/library_path.sh
[0.222s] -- Up-to-date: /home/ros_workspace/LI-SLAM/install/scanmatcher/share/scanmatcher/environment/library_path.dsv
[0.223s] -- Up-to-date: /home/ros_workspace/LI-SLAM/install/scanmatcher/include
[0.223s] -- Up-to-date: /home/ros_workspace/LI-SLAM/install/scanmatcher/include/scanmatcher
[0.223s] -- Up-to-date: /home/ros_workspace/LI-SLAM/install/scanmatcher/include/scanmatcher/utility.h
[0.223s] -- Up-to-date: /home/ros_workspace/LI-SLAM/install/scanmatcher/include/scanmatcher/scanmatcher_component.h
[0.223s] -- Up-to-date: /home/ros_workspace/LI-SLAM/install/scanmatcher/share/scanmatcher/launch
[0.223s] -- Installing: /home/ros_workspace/LI-SLAM/install/scanmatcher/share/scanmatcher/launch/lio.launch.py
[0.223s] -- Up-to-date: /home/ros_workspace/LI-SLAM/install/scanmatcher/share/scanmatcher/param
[0.224s] -- Installing: /home/ros_workspace/LI-SLAM/install/scanmatcher/share/scanmatcher/param/lio.yaml
[0.224s] -- Up-to-date: /home/ros_workspace/LI-SLAM/install/scanmatcher/lib/libscanmatcher_component.so
[0.224s] -- Up-to-date: /home/ros_workspace/LI-SLAM/install/scanmatcher/lib/scanmatcher/scanmatcher_node
[0.224s] -- Up-to-date: /home/ros_workspace/LI-SLAM/install/scanmatcher/lib/scanmatcher/imu_preintegration
[0.224s] -- Up-to-date: /home/ros_workspace/LI-SLAM/install/scanmatcher/lib/scanmatcher/image_projection
[0.224s] -- Up-to-date: /home/ros_workspace/LI-SLAM/install/scanmatcher/share/ament_index/resource_index/package_run_dependencies/scanmatcher
[0.224s] -- Up-to-date: /home/ros_workspace/LI-SLAM/install/scanmatcher/share/ament_index/resource_index/parent_prefix_path/scanmatcher
[0.224s] -- Up-to-date: /home/ros_workspace/LI-SLAM/install/scanmatcher/share/scanmatcher/environment/ament_prefix_path.sh
[0.225s] -- Up-to-date: /home/ros_workspace/LI-SLAM/install/scanmatcher/share/scanmatcher/environment/ament_prefix_path.dsv
[0.225s] -- Up-to-date: /home/ros_workspace/LI-SLAM/install/scanmatcher/share/scanmatcher/environment/path.sh
[0.225s] -- Up-to-date: /home/ros_workspace/LI-SLAM/install/scanmatcher/share/scanmatcher/environment/path.dsv
[0.225s] -- Up-to-date: /home/ros_workspace/LI-SLAM/install/scanmatcher/share/scanmatcher/local_setup.bash
[0.225s] -- Up-to-date: /home/ros_workspace/LI-SLAM/install/scanmatcher/share/scanmatcher/local_setup.sh
[0.225s] -- Up-to-date: /home/ros_workspace/LI-SLAM/install/scanmatcher/share/scanmatcher/local_setup.zsh
[0.225s] -- Up-to-date: /home/ros_workspace/LI-SLAM/install/scanmatcher/share/scanmatcher/local_setup.dsv
[0.225s] -- Installing: /home/ros_workspace/LI-SLAM/install/scanmatcher/share/scanmatcher/package.dsv
[0.225s] -- Up-to-date: /home/ros_workspace/LI-SLAM/install/scanmatcher/share/ament_index/resource_index/packages/scanmatcher
[0.225s] -- Up-to-date: /home/ros_workspace/LI-SLAM/install/scanmatcher/share/ament_index/resource_index/rclcpp_components/scanmatcher
[0.225s] -- Up-to-date: /home/ros_workspace/LI-SLAM/install/scanmatcher/share/scanmatcher/cmake/ament_cmake_export_libraries-extras.cmake
[0.226s] -- Up-to-date: /home/ros_workspace/LI-SLAM/install/scanmatcher/share/scanmatcher/cmake/ament_cmake_export_include_directories-extras.cmake
[0.226s] -- Up-to-date: /home/ros_workspace/LI-SLAM/install/scanmatcher/share/scanmatcher/cmake/scanmatcherConfig.cmake
[0.226s] -- Up-to-date: /home/ros_workspace/LI-SLAM/install/scanmatcher/share/scanmatcher/cmake/scanmatcherConfig-version.cmake
[0.226s] -- Up-to-date: /home/ros_workspace/LI-SLAM/install/scanmatcher/share/scanmatcher/package.xml
[0.260s] Invoked command in '/home/ros_workspace/LI-SLAM/build/scanmatcher' returned '0': CMAKE_PREFIX_PATH=/home/ros_workspace/LI-SLAM/install/ndt_omp_ros2:/home/ros_workspace/LI-SLAM/install/lidarslam_msgs:/home/ros_workspace/LI-SLAM/install/scanmatcher:/home/ros_workspace/LI-SLAM/install/graph_based_slam:/home/ros_workspace/drone/install/px4_ros_com:/home/ros_workspace/drone/install/px4_msgs:/home/ros_workspace/drone/install/republisher:/opt/ros/humble LD_LIBRARY_PATH=/home/ros_workspace/LI-SLAM/install/lidarslam_msgs/lib:/home/ros_workspace/LI-SLAM/install/scanmatcher/lib:/home/ros_workspace/LI-SLAM/install/graph_based_slam/lib:/home/ros_workspace/drone/install/px4_ros_com/lib:/home/ros_workspace/drone/install/px4_msgs/lib:/opt/ros/humble/opt/rviz_ogre_vendor/lib:/opt/ros/humble/lib/x86_64-linux-gnu:/opt/ros/humble/lib /usr/bin/cmake --install /home/ros_workspace/LI-SLAM/build/scanmatcher
